[1.163s] Invoking command in '/home/anthony/Desktop/Assignment8/build/turtlebot3_navigation': PYTHONPATH=/home/anthony/Desktop/Assignment8/build/turtlebot3_navigation/prefix_override:/usr/lib/python3/dist-packages/colcon_core/task/python/colcon_distutils_commands:/home/anthony/Desktop/Assignment8/install/turtlebot3_navigation/lib/python3.10/site-packages:${PYTHONPATH} /usr/bin/python3 -W ignore:setup.py install is deprecated setup.py develop --editable --build-directory /home/anthony/Desktop/Assignment8/build/turtlebot3_navigation/build --no-deps symlink_data
[1.680s] running develop
[1.680s] /usr/lib/python3/dist-packages/setuptools/command/easy_install.py:158: EasyInstallDeprecationWarning: easy_install command is deprecated. Use build and pip and other standards-based tools.
[1.680s]   warnings.warn(
[1.915s] running egg_info
[1.915s] creating turtlebot3_navigation.egg-info
[1.916s] writing turtlebot3_navigation.egg-info/PKG-INFO
[1.916s] writing dependency_links to turtlebot3_navigation.egg-info/dependency_links.txt
[1.917s] writing entry points to turtlebot3_navigation.egg-info/entry_points.txt
[1.917s] writing requirements to turtlebot3_navigation.egg-info/requires.txt
[1.918s] writing top-level names to turtlebot3_navigation.egg-info/top_level.txt
[1.919s] writing manifest file 'turtlebot3_navigation.egg-info/SOURCES.txt'
[1.925s] reading manifest file 'turtlebot3_navigation.egg-info/SOURCES.txt'
[1.928s] writing manifest file 'turtlebot3_navigation.egg-info/SOURCES.txt'
[1.931s] running build_ext
[1.932s] Creating /home/anthony/Desktop/Assignment8/install/turtlebot3_navigation/lib/python3.10/site-packages/turtlebot3-navigation.egg-link (link to .)
[1.934s] Installing robot_driver script to /home/anthony/Desktop/Assignment8/install/turtlebot3_navigation/lib/turtlebot3_navigation
[1.935s] Installing wall_finder_server script to /home/anthony/Desktop/Assignment8/install/turtlebot3_navigation/lib/turtlebot3_navigation
[1.936s] 
[1.937s] Installed /home/anthony/Desktop/Assignment8/build/turtlebot3_navigation
[1.937s] running symlink_data
[1.938s] creating /home/anthony/Desktop/Assignment8/install/turtlebot3_navigation/share/ament_index
[1.938s] creating /home/anthony/Desktop/Assignment8/install/turtlebot3_navigation/share/ament_index/resource_index
[1.938s] creating /home/anthony/Desktop/Assignment8/install/turtlebot3_navigation/share/ament_index/resource_index/packages
[1.938s] symbolically linking /home/anthony/Desktop/Assignment8/build/turtlebot3_navigation/resource/turtlebot3_navigation -> /home/anthony/Desktop/Assignment8/install/turtlebot3_navigation/share/ament_index/resource_index/packages
[1.938s] symbolically linking /home/anthony/Desktop/Assignment8/build/turtlebot3_navigation/package.xml -> /home/anthony/Desktop/Assignment8/install/turtlebot3_navigation/share/turtlebot3_navigation
[1.999s] Invoked command in '/home/anthony/Desktop/Assignment8/build/turtlebot3_navigation' returned '0': PYTHONPATH=/home/anthony/Desktop/Assignment8/build/turtlebot3_navigation/prefix_override:/usr/lib/python3/dist-packages/colcon_core/task/python/colcon_distutils_commands:/home/anthony/Desktop/Assignment8/install/turtlebot3_navigation/lib/python3.10/site-packages:${PYTHONPATH} /usr/bin/python3 -W ignore:setup.py install is deprecated setup.py develop --editable --build-directory /home/anthony/Desktop/Assignment8/build/turtlebot3_navigation/build --no-deps symlink_data
