[0.044s] Invoking command in '/home/anthony/Desktop/Assignment8/build/turtlebot3_interfaces': CMAKE_PREFIX_PATH=${CMAKE_PREFIX_PATH}:/home/anthony/Desktop/Assignment8/install/turtlebot3_navigation /usr/bin/cmake --build /home/anthony/Desktop/Assignment8/build/turtlebot3_interfaces -- -j3 -l3
[0.183s] [  2%] Built target turtlebot3_interfaces__cpp
[0.201s] [  2%] Built target ament_cmake_python_symlink_turtlebot3_interfaces
[0.208s] [ 12%] Built target turtlebot3_interfaces__rosidl_generator_c
[0.253s] [ 23%] Built target turtlebot3_interfaces__rosidl_typesupport_fastrtps_cpp
[0.277s] [ 34%] Built target turtlebot3_interfaces__rosidl_typesupport_cpp
[0.279s] [ 44%] Built target turtlebot3_interfaces__rosidl_typesupport_introspection_cpp
[0.354s] [ 55%] Built target turtlebot3_interfaces__rosidl_typesupport_introspection_c
[0.360s] [ 65%] Built target turtlebot3_interfaces__rosidl_typesupport_fastrtps_c
[0.457s] [ 76%] Built target turtlebot3_interfaces__rosidl_typesupport_c
[0.540s] [ 76%] Built target turtlebot3_interfaces
[0.589s] [ 78%] Built target turtlebot3_interfaces__py
[0.662s] [ 87%] Built target turtlebot3_interfaces__rosidl_generator_py
[0.722s] [ 91%] Built target turtlebot3_interfaces__rosidl_typesupport_fastrtps_c__pyext
[0.779s] [ 95%] Built target turtlebot3_interfaces__rosidl_typesupport_introspection_c__pyext
[0.812s] [100%] Built target turtlebot3_interfaces__rosidl_typesupport_c__pyext
[0.922s] running egg_info
[0.924s] writing turtlebot3_interfaces.egg-info/PKG-INFO
[0.925s] writing dependency_links to turtlebot3_interfaces.egg-info/dependency_links.txt
[0.925s] writing top-level names to turtlebot3_interfaces.egg-info/top_level.txt
[0.930s] reading manifest file 'turtlebot3_interfaces.egg-info/SOURCES.txt'
[0.931s] writing manifest file 'turtlebot3_interfaces.egg-info/SOURCES.txt'
[0.971s] [100%] Built target ament_cmake_python_build_turtlebot3_interfaces_egg
[0.993s] Invoked command in '/home/anthony/Desktop/Assignment8/build/turtlebot3_interfaces' returned '0': CMAKE_PREFIX_PATH=${CMAKE_PREFIX_PATH}:/home/anthony/Desktop/Assignment8/install/turtlebot3_navigation /usr/bin/cmake --build /home/anthony/Desktop/Assignment8/build/turtlebot3_interfaces -- -j3 -l3
[1.635s] Invoking command in '/home/anthony/Desktop/Assignment8/build/turtlebot3_interfaces': CMAKE_PREFIX_PATH=${CMAKE_PREFIX_PATH}:/home/anthony/Desktop/Assignment8/install/turtlebot3_navigation /usr/bin/cmake --install /home/anthony/Desktop/Assignment8/build/turtlebot3_interfaces
[1.651s] -- Install configuration: ""
[1.651s] -- Execute custom install script
[1.652s] -- Up-to-date symlink: /home/anthony/Desktop/Assignment8/install/turtlebot3_interfaces/share/ament_index/resource_index/rosidl_interfaces/turtlebot3_interfaces
[1.652s] -- Up-to-date symlink: /home/anthony/Desktop/Assignment8/install/turtlebot3_interfaces/include/turtlebot3_interfaces/turtlebot3_interfaces/action/detail/measure_lap_time__functions.h
[1.653s] -- Up-to-date symlink: /home/anthony/Desktop/Assignment8/install/turtlebot3_interfaces/include/turtlebot3_interfaces/turtlebot3_interfaces/action/detail/measure_lap_time__struct.h
[1.653s] -- Up-to-date symlink: /home/anthony/Desktop/Assignment8/install/turtlebot3_interfaces/include/turtlebot3_interfaces/turtlebot3_interfaces/action/detail/measure_lap_time__type_support.h
[1.653s] -- Up-to-date symlink: /home/anthony/Desktop/Assignment8/install/turtlebot3_interfaces/include/turtlebot3_interfaces/turtlebot3_interfaces/action/measure_lap_time.h
[1.653s] -- Up-to-date symlink: /home/anthony/Desktop/Assignment8/install/turtlebot3_interfaces/include/turtlebot3_interfaces/turtlebot3_interfaces/msg/rosidl_generator_c__visibility_control.h
[1.653s] -- Up-to-date symlink: /home/anthony/Desktop/Assignment8/install/turtlebot3_interfaces/include/turtlebot3_interfaces/turtlebot3_interfaces/srv/detail/find_closest_wall__functions.h
[1.654s] -- Up-to-date symlink: /home/anthony/Desktop/Assignment8/install/turtlebot3_interfaces/include/turtlebot3_interfaces/turtlebot3_interfaces/srv/detail/find_closest_wall__struct.h
[1.654s] -- Up-to-date symlink: /home/anthony/Desktop/Assignment8/install/turtlebot3_interfaces/include/turtlebot3_interfaces/turtlebot3_interfaces/srv/detail/find_closest_wall__type_support.h
[1.655s] -- Up-to-date symlink: /home/anthony/Desktop/Assignment8/install/turtlebot3_interfaces/include/turtlebot3_interfaces/turtlebot3_interfaces/srv/detail/lap_starting_time__functions.h
[1.656s] -- Up-to-date symlink: /home/anthony/Desktop/Assignment8/install/turtlebot3_interfaces/include/turtlebot3_interfaces/turtlebot3_interfaces/srv/detail/lap_starting_time__struct.h
[1.656s] -- Up-to-date symlink: /home/anthony/Desktop/Assignment8/install/turtlebot3_interfaces/include/turtlebot3_interfaces/turtlebot3_interfaces/srv/detail/lap_starting_time__type_support.h
[1.656s] -- Up-to-date symlink: /home/anthony/Desktop/Assignment8/install/turtlebot3_interfaces/include/turtlebot3_interfaces/turtlebot3_interfaces/srv/find_closest_wall.h
[1.656s] -- Up-to-date symlink: /home/anthony/Desktop/Assignment8/install/turtlebot3_interfaces/include/turtlebot3_interfaces/turtlebot3_interfaces/srv/lap_starting_time.h
[1.657s] -- Up-to-date symlink: /home/anthony/Desktop/Assignment8/install/turtlebot3_interfaces/share/turtlebot3_interfaces/environment/library_path.sh
[1.657s] -- Up-to-date symlink: /home/anthony/Desktop/Assignment8/install/turtlebot3_interfaces/share/turtlebot3_interfaces/environment/library_path.dsv
[1.657s] -- Up-to-date symlink: /home/anthony/Desktop/Assignment8/install/turtlebot3_interfaces/include/turtlebot3_interfaces/turtlebot3_interfaces/action/detail/measure_lap_time__rosidl_typesupport_fastrtps_c.h
[1.657s] -- Up-to-date symlink: /home/anthony/Desktop/Assignment8/install/turtlebot3_interfaces/include/turtlebot3_interfaces/turtlebot3_interfaces/msg/rosidl_typesupport_fastrtps_c__visibility_control.h
[1.658s] -- Up-to-date symlink: /home/anthony/Desktop/Assignment8/install/turtlebot3_interfaces/include/turtlebot3_interfaces/turtlebot3_interfaces/srv/detail/find_closest_wall__rosidl_typesupport_fastrtps_c.h
[1.658s] -- Up-to-date symlink: /home/anthony/Desktop/Assignment8/install/turtlebot3_interfaces/include/turtlebot3_interfaces/turtlebot3_interfaces/srv/detail/lap_starting_time__rosidl_typesupport_fastrtps_c.h
[1.658s] -- Up-to-date symlink: /home/anthony/Desktop/Assignment8/install/turtlebot3_interfaces/include/turtlebot3_interfaces/turtlebot3_interfaces/action/detail/measure_lap_time__rosidl_typesupport_introspection_c.h
[1.659s] -- Up-to-date symlink: /home/anthony/Desktop/Assignment8/install/turtlebot3_interfaces/include/turtlebot3_interfaces/turtlebot3_interfaces/msg/rosidl_typesupport_introspection_c__visibility_control.h
[1.659s] -- Up-to-date symlink: /home/anthony/Desktop/Assignment8/install/turtlebot3_interfaces/include/turtlebot3_interfaces/turtlebot3_interfaces/srv/detail/find_closest_wall__rosidl_typesupport_introspection_c.h
[1.659s] -- Up-to-date symlink: /home/anthony/Desktop/Assignment8/install/turtlebot3_interfaces/include/turtlebot3_interfaces/turtlebot3_interfaces/srv/detail/lap_starting_time__rosidl_typesupport_introspection_c.h
[1.659s] -- Up-to-date symlink: /home/anthony/Desktop/Assignment8/install/turtlebot3_interfaces/include/turtlebot3_interfaces/turtlebot3_interfaces/action/detail/measure_lap_time__builder.hpp
[1.660s] -- Up-to-date symlink: /home/anthony/Desktop/Assignment8/install/turtlebot3_interfaces/include/turtlebot3_interfaces/turtlebot3_interfaces/action/detail/measure_lap_time__struct.hpp
[1.660s] -- Up-to-date symlink: /home/anthony/Desktop/Assignment8/install/turtlebot3_interfaces/include/turtlebot3_interfaces/turtlebot3_interfaces/action/detail/measure_lap_time__traits.hpp
[1.660s] -- Up-to-date symlink: /home/anthony/Desktop/Assignment8/install/turtlebot3_interfaces/include/turtlebot3_interfaces/turtlebot3_interfaces/action/measure_lap_time.hpp
[1.660s] -- Up-to-date symlink: /home/anthony/Desktop/Assignment8/install/turtlebot3_interfaces/include/turtlebot3_interfaces/turtlebot3_interfaces/srv/detail/find_closest_wall__builder.hpp
[1.661s] -- Up-to-date symlink: /home/anthony/Desktop/Assignment8/install/turtlebot3_interfaces/include/turtlebot3_interfaces/turtlebot3_interfaces/srv/detail/find_closest_wall__struct.hpp
[1.661s] -- Up-to-date symlink: /home/anthony/Desktop/Assignment8/install/turtlebot3_interfaces/include/turtlebot3_interfaces/turtlebot3_interfaces/srv/detail/find_closest_wall__traits.hpp
[1.661s] -- Up-to-date symlink: /home/anthony/Desktop/Assignment8/install/turtlebot3_interfaces/include/turtlebot3_interfaces/turtlebot3_interfaces/srv/detail/lap_starting_time__builder.hpp
[1.661s] -- Up-to-date symlink: /home/anthony/Desktop/Assignment8/install/turtlebot3_interfaces/include/turtlebot3_interfaces/turtlebot3_interfaces/srv/detail/lap_starting_time__struct.hpp
[1.661s] -- Up-to-date symlink: /home/anthony/Desktop/Assignment8/install/turtlebot3_interfaces/include/turtlebot3_interfaces/turtlebot3_interfaces/srv/detail/lap_starting_time__traits.hpp
[1.662s] -- Up-to-date symlink: /home/anthony/Desktop/Assignment8/install/turtlebot3_interfaces/include/turtlebot3_interfaces/turtlebot3_interfaces/srv/find_closest_wall.hpp
[1.662s] -- Up-to-date symlink: /home/anthony/Desktop/Assignment8/install/turtlebot3_interfaces/include/turtlebot3_interfaces/turtlebot3_interfaces/srv/lap_starting_time.hpp
[1.662s] -- Up-to-date symlink: /home/anthony/Desktop/Assignment8/install/turtlebot3_interfaces/include/turtlebot3_interfaces/turtlebot3_interfaces/action/detail/measure_lap_time__rosidl_typesupport_fastrtps_cpp.hpp
[1.662s] -- Up-to-date symlink: /home/anthony/Desktop/Assignment8/install/turtlebot3_interfaces/include/turtlebot3_interfaces/turtlebot3_interfaces/msg/rosidl_typesupport_fastrtps_cpp__visibility_control.h
[1.662s] -- Up-to-date symlink: /home/anthony/Desktop/Assignment8/install/turtlebot3_interfaces/include/turtlebot3_interfaces/turtlebot3_interfaces/srv/detail/find_closest_wall__rosidl_typesupport_fastrtps_cpp.hpp
[1.662s] -- Up-to-date symlink: /home/anthony/Desktop/Assignment8/install/turtlebot3_interfaces/include/turtlebot3_interfaces/turtlebot3_interfaces/srv/detail/lap_starting_time__rosidl_typesupport_fastrtps_cpp.hpp
[1.662s] -- Up-to-date symlink: /home/anthony/Desktop/Assignment8/install/turtlebot3_interfaces/include/turtlebot3_interfaces/turtlebot3_interfaces/action/detail/measure_lap_time__rosidl_typesupport_introspection_cpp.hpp
[1.663s] -- Up-to-date symlink: /home/anthony/Desktop/Assignment8/install/turtlebot3_interfaces/include/turtlebot3_interfaces/turtlebot3_interfaces/srv/detail/find_closest_wall__rosidl_typesupport_introspection_cpp.hpp
[1.663s] -- Up-to-date symlink: /home/anthony/Desktop/Assignment8/install/turtlebot3_interfaces/include/turtlebot3_interfaces/turtlebot3_interfaces/srv/detail/lap_starting_time__rosidl_typesupport_introspection_cpp.hpp
[1.663s] -- Up-to-date symlink: /home/anthony/Desktop/Assignment8/install/turtlebot3_interfaces/share/turtlebot3_interfaces/environment/pythonpath.sh
[1.663s] -- Up-to-date symlink: /home/anthony/Desktop/Assignment8/install/turtlebot3_interfaces/share/turtlebot3_interfaces/environment/pythonpath.dsv
[1.663s] -- Up-to-date symlink: /home/anthony/Desktop/Assignment8/install/turtlebot3_interfaces/local/lib/python3.10/dist-packages/turtlebot3_interfaces-0.0.0-py3.10.egg-info/PKG-INFO
[1.663s] -- Up-to-date symlink: /home/anthony/Desktop/Assignment8/install/turtlebot3_interfaces/local/lib/python3.10/dist-packages/turtlebot3_interfaces-0.0.0-py3.10.egg-info/SOURCES.txt
[1.664s] -- Up-to-date symlink: /home/anthony/Desktop/Assignment8/install/turtlebot3_interfaces/local/lib/python3.10/dist-packages/turtlebot3_interfaces-0.0.0-py3.10.egg-info/dependency_links.txt
[1.664s] -- Up-to-date symlink: /home/anthony/Desktop/Assignment8/install/turtlebot3_interfaces/local/lib/python3.10/dist-packages/turtlebot3_interfaces-0.0.0-py3.10.egg-info/top_level.txt
[1.665s] -- Up-to-date symlink: /home/anthony/Desktop/Assignment8/install/turtlebot3_interfaces/local/lib/python3.10/dist-packages/turtlebot3_interfaces/__init__.py
[1.665s] -- Up-to-date symlink: /home/anthony/Desktop/Assignment8/install/turtlebot3_interfaces/local/lib/python3.10/dist-packages/turtlebot3_interfaces/_turtlebot3_interfaces_s.ep.rosidl_typesupport_c.c
[1.665s] -- Up-to-date symlink: /home/anthony/Desktop/Assignment8/install/turtlebot3_interfaces/local/lib/python3.10/dist-packages/turtlebot3_interfaces/_turtlebot3_interfaces_s.ep.rosidl_typesupport_fastrtps_c.c
[1.665s] -- Up-to-date symlink: /home/anthony/Desktop/Assignment8/install/turtlebot3_interfaces/local/lib/python3.10/dist-packages/turtlebot3_interfaces/_turtlebot3_interfaces_s.ep.rosidl_typesupport_introspection_c.c
[1.665s] -- Up-to-date symlink: /home/anthony/Desktop/Assignment8/install/turtlebot3_interfaces/local/lib/python3.10/dist-packages/turtlebot3_interfaces/action/__init__.py
[1.666s] -- Up-to-date symlink: /home/anthony/Desktop/Assignment8/install/turtlebot3_interfaces/local/lib/python3.10/dist-packages/turtlebot3_interfaces/action/_measure_lap_time.py
[1.666s] -- Up-to-date symlink: /home/anthony/Desktop/Assignment8/install/turtlebot3_interfaces/local/lib/python3.10/dist-packages/turtlebot3_interfaces/action/_measure_lap_time_s.c
[1.666s] -- Up-to-date symlink: /home/anthony/Desktop/Assignment8/install/turtlebot3_interfaces/local/lib/python3.10/dist-packages/turtlebot3_interfaces/libturtlebot3_interfaces__rosidl_generator_py.so
[1.667s] -- Up-to-date symlink: /home/anthony/Desktop/Assignment8/install/turtlebot3_interfaces/local/lib/python3.10/dist-packages/turtlebot3_interfaces/srv/__init__.py
[1.667s] -- Up-to-date symlink: /home/anthony/Desktop/Assignment8/install/turtlebot3_interfaces/local/lib/python3.10/dist-packages/turtlebot3_interfaces/srv/_find_closest_wall.py
[1.667s] -- Up-to-date symlink: /home/anthony/Desktop/Assignment8/install/turtlebot3_interfaces/local/lib/python3.10/dist-packages/turtlebot3_interfaces/srv/_find_closest_wall_s.c
[1.667s] -- Up-to-date symlink: /home/anthony/Desktop/Assignment8/install/turtlebot3_interfaces/local/lib/python3.10/dist-packages/turtlebot3_interfaces/srv/_lap_starting_time.py
[1.667s] -- Up-to-date symlink: /home/anthony/Desktop/Assignment8/install/turtlebot3_interfaces/local/lib/python3.10/dist-packages/turtlebot3_interfaces/srv/_lap_starting_time_s.c
[1.667s] -- Up-to-date symlink: /home/anthony/Desktop/Assignment8/install/turtlebot3_interfaces/local/lib/python3.10/dist-packages/turtlebot3_interfaces/turtlebot3_interfaces_s__rosidl_typesupport_c.cpython-310-x86_64-linux-gnu.so
[1.667s] -- Up-to-date symlink: /home/anthony/Desktop/Assignment8/install/turtlebot3_interfaces/local/lib/python3.10/dist-packages/turtlebot3_interfaces/turtlebot3_interfaces_s__rosidl_typesupport_fastrtps_c.cpython-310-x86_64-linux-gnu.so
[1.668s] -- Up-to-date symlink: /home/anthony/Desktop/Assignment8/install/turtlebot3_interfaces/local/lib/python3.10/dist-packages/turtlebot3_interfaces/turtlebot3_interfaces_s__rosidl_typesupport_introspection_c.cpython-310-x86_64-linux-gnu.so
[1.668s] -- Up-to-date symlink: /home/anthony/Desktop/Assignment8/install/turtlebot3_interfaces/local/lib/python3.10/dist-packages/turtlebot3_interfaces/turtlebot3_interfaces_s__rosidl_typesupport_fastrtps_c.cpython-310-x86_64-linux-gnu.so
[1.668s] -- Up-to-date symlink: /home/anthony/Desktop/Assignment8/install/turtlebot3_interfaces/local/lib/python3.10/dist-packages/turtlebot3_interfaces/turtlebot3_interfaces_s__rosidl_typesupport_introspection_c.cpython-310-x86_64-linux-gnu.so
[1.669s] -- Up-to-date symlink: /home/anthony/Desktop/Assignment8/install/turtlebot3_interfaces/local/lib/python3.10/dist-packages/turtlebot3_interfaces/turtlebot3_interfaces_s__rosidl_typesupport_c.cpython-310-x86_64-linux-gnu.so
[1.669s] -- Up-to-date symlink: /home/anthony/Desktop/Assignment8/install/turtlebot3_interfaces/share/turtlebot3_interfaces/action/MeasureLapTime.idl
[1.669s] -- Up-to-date symlink: /home/anthony/Desktop/Assignment8/install/turtlebot3_interfaces/share/turtlebot3_interfaces/srv/FindClosestWall.idl
[1.669s] -- Up-to-date symlink: /home/anthony/Desktop/Assignment8/install/turtlebot3_interfaces/share/turtlebot3_interfaces/srv/LapStartingTime.idl
[1.670s] -- Up-to-date symlink: /home/anthony/Desktop/Assignment8/install/turtlebot3_interfaces/share/turtlebot3_interfaces/action/MeasureLapTime.action
[1.670s] -- Up-to-date symlink: /home/anthony/Desktop/Assignment8/install/turtlebot3_interfaces/share/turtlebot3_interfaces/srv/FindClosestWall.srv
[1.670s] -- Up-to-date symlink: /home/anthony/Desktop/Assignment8/install/turtlebot3_interfaces/share/turtlebot3_interfaces/srv/FindClosestWall_Request.msg
[1.670s] -- Up-to-date symlink: /home/anthony/Desktop/Assignment8/install/turtlebot3_interfaces/share/turtlebot3_interfaces/srv/FindClosestWall_Response.msg
[1.671s] -- Up-to-date symlink: /home/anthony/Desktop/Assignment8/install/turtlebot3_interfaces/share/turtlebot3_interfaces/srv/LapStartingTime.srv
[1.671s] -- Up-to-date symlink: /home/anthony/Desktop/Assignment8/install/turtlebot3_interfaces/share/turtlebot3_interfaces/srv/LapStartingTime_Request.msg
[1.671s] -- Up-to-date symlink: /home/anthony/Desktop/Assignment8/install/turtlebot3_interfaces/share/turtlebot3_interfaces/srv/LapStartingTime_Response.msg
[1.671s] -- Up-to-date symlink: /home/anthony/Desktop/Assignment8/install/turtlebot3_interfaces/share/ament_index/resource_index/package_run_dependencies/turtlebot3_interfaces
[1.672s] -- Up-to-date symlink: /home/anthony/Desktop/Assignment8/install/turtlebot3_interfaces/share/ament_index/resource_index/parent_prefix_path/turtlebot3_interfaces
[1.672s] -- Up-to-date symlink: /home/anthony/Desktop/Assignment8/install/turtlebot3_interfaces/share/turtlebot3_interfaces/environment/ament_prefix_path.sh
[1.672s] -- Up-to-date symlink: /home/anthony/Desktop/Assignment8/install/turtlebot3_interfaces/share/turtlebot3_interfaces/environment/ament_prefix_path.dsv
[1.672s] -- Up-to-date symlink: /home/anthony/Desktop/Assignment8/install/turtlebot3_interfaces/share/turtlebot3_interfaces/environment/path.sh
[1.673s] -- Up-to-date symlink: /home/anthony/Desktop/Assignment8/install/turtlebot3_interfaces/share/turtlebot3_interfaces/environment/path.dsv
[1.673s] -- Up-to-date symlink: /home/anthony/Desktop/Assignment8/install/turtlebot3_interfaces/share/turtlebot3_interfaces/local_setup.bash
[1.673s] -- Up-to-date symlink: /home/anthony/Desktop/Assignment8/install/turtlebot3_interfaces/share/turtlebot3_interfaces/local_setup.sh
[1.673s] -- Up-to-date symlink: /home/anthony/Desktop/Assignment8/install/turtlebot3_interfaces/share/turtlebot3_interfaces/local_setup.zsh
[1.673s] -- Up-to-date symlink: /home/anthony/Desktop/Assignment8/install/turtlebot3_interfaces/share/turtlebot3_interfaces/local_setup.dsv
[1.674s] -- Symlinking: /home/anthony/Desktop/Assignment8/install/turtlebot3_interfaces/share/turtlebot3_interfaces/package.dsv
[1.683s] -- Up-to-date symlink: /home/anthony/Desktop/Assignment8/install/turtlebot3_interfaces/share/ament_index/resource_index/packages/turtlebot3_interfaces
[1.684s] -- Up-to-date symlink: /home/anthony/Desktop/Assignment8/install/turtlebot3_interfaces/share/turtlebot3_interfaces/cmake/rosidl_cmake-extras.cmake
[1.684s] -- Up-to-date symlink: /home/anthony/Desktop/Assignment8/install/turtlebot3_interfaces/share/turtlebot3_interfaces/cmake/ament_cmake_export_dependencies-extras.cmake
[1.684s] -- Up-to-date symlink: /home/anthony/Desktop/Assignment8/install/turtlebot3_interfaces/share/turtlebot3_interfaces/cmake/ament_cmake_export_include_directories-extras.cmake
[1.684s] -- Up-to-date symlink: /home/anthony/Desktop/Assignment8/install/turtlebot3_interfaces/share/turtlebot3_interfaces/cmake/ament_cmake_export_libraries-extras.cmake
[1.685s] -- Up-to-date symlink: /home/anthony/Desktop/Assignment8/install/turtlebot3_interfaces/share/turtlebot3_interfaces/cmake/ament_cmake_export_targets-extras.cmake
[1.685s] -- Up-to-date symlink: /home/anthony/Desktop/Assignment8/install/turtlebot3_interfaces/share/turtlebot3_interfaces/cmake/rosidl_cmake_export_typesupport_targets-extras.cmake
[1.685s] -- Up-to-date symlink: /home/anthony/Desktop/Assignment8/install/turtlebot3_interfaces/share/turtlebot3_interfaces/cmake/rosidl_cmake_export_typesupport_libraries-extras.cmake
[1.685s] -- Up-to-date symlink: /home/anthony/Desktop/Assignment8/install/turtlebot3_interfaces/share/turtlebot3_interfaces/cmake/turtlebot3_interfacesConfig.cmake
[1.685s] -- Up-to-date symlink: /home/anthony/Desktop/Assignment8/install/turtlebot3_interfaces/share/turtlebot3_interfaces/cmake/turtlebot3_interfacesConfig-version.cmake
[1.686s] -- Up-to-date symlink: /home/anthony/Desktop/Assignment8/install/turtlebot3_interfaces/share/turtlebot3_interfaces/package.xml
[1.686s] -- Up-to-date: /home/anthony/Desktop/Assignment8/install/turtlebot3_interfaces/lib/libturtlebot3_interfaces__rosidl_generator_c.so
[1.686s] -- Up-to-date: /home/anthony/Desktop/Assignment8/install/turtlebot3_interfaces/lib/libturtlebot3_interfaces__rosidl_typesupport_fastrtps_c.so
[1.687s] -- Up-to-date: /home/anthony/Desktop/Assignment8/install/turtlebot3_interfaces/lib/libturtlebot3_interfaces__rosidl_typesupport_introspection_c.so
[1.687s] -- Up-to-date: /home/anthony/Desktop/Assignment8/install/turtlebot3_interfaces/lib/libturtlebot3_interfaces__rosidl_typesupport_c.so
[1.687s] -- Up-to-date: /home/anthony/Desktop/Assignment8/install/turtlebot3_interfaces/lib/libturtlebot3_interfaces__rosidl_typesupport_fastrtps_cpp.so
[1.688s] -- Up-to-date: /home/anthony/Desktop/Assignment8/install/turtlebot3_interfaces/lib/libturtlebot3_interfaces__rosidl_typesupport_introspection_cpp.so
[1.688s] -- Up-to-date: /home/anthony/Desktop/Assignment8/install/turtlebot3_interfaces/lib/libturtlebot3_interfaces__rosidl_typesupport_cpp.so
[1.746s] Listing '/home/anthony/Desktop/Assignment8/install/turtlebot3_interfaces/local/lib/python3.10/dist-packages/turtlebot3_interfaces'...
[1.746s] Listing '/home/anthony/Desktop/Assignment8/install/turtlebot3_interfaces/local/lib/python3.10/dist-packages/turtlebot3_interfaces/action'...
[1.746s] Listing '/home/anthony/Desktop/Assignment8/install/turtlebot3_interfaces/local/lib/python3.10/dist-packages/turtlebot3_interfaces/srv'...
[1.753s] -- Up-to-date: /home/anthony/Desktop/Assignment8/install/turtlebot3_interfaces/lib/libturtlebot3_interfaces__rosidl_generator_py.so
[1.753s] -- Up-to-date: /home/anthony/Desktop/Assignment8/install/turtlebot3_interfaces/share/turtlebot3_interfaces/cmake/export_turtlebot3_interfaces__rosidl_generator_cExport.cmake
[1.753s] -- Up-to-date: /home/anthony/Desktop/Assignment8/install/turtlebot3_interfaces/share/turtlebot3_interfaces/cmake/export_turtlebot3_interfaces__rosidl_generator_cExport-noconfig.cmake
[1.754s] -- Up-to-date: /home/anthony/Desktop/Assignment8/install/turtlebot3_interfaces/share/turtlebot3_interfaces/cmake/export_turtlebot3_interfaces__rosidl_typesupport_fastrtps_cExport.cmake
[1.754s] -- Up-to-date: /home/anthony/Desktop/Assignment8/install/turtlebot3_interfaces/share/turtlebot3_interfaces/cmake/export_turtlebot3_interfaces__rosidl_typesupport_fastrtps_cExport-noconfig.cmake
[1.754s] -- Up-to-date: /home/anthony/Desktop/Assignment8/install/turtlebot3_interfaces/share/turtlebot3_interfaces/cmake/turtlebot3_interfaces__rosidl_typesupport_introspection_cExport.cmake
[1.754s] -- Up-to-date: /home/anthony/Desktop/Assignment8/install/turtlebot3_interfaces/share/turtlebot3_interfaces/cmake/turtlebot3_interfaces__rosidl_typesupport_introspection_cExport-noconfig.cmake
[1.754s] -- Up-to-date: /home/anthony/Desktop/Assignment8/install/turtlebot3_interfaces/share/turtlebot3_interfaces/cmake/turtlebot3_interfaces__rosidl_typesupport_cExport.cmake
[1.754s] -- Up-to-date: /home/anthony/Desktop/Assignment8/install/turtlebot3_interfaces/share/turtlebot3_interfaces/cmake/turtlebot3_interfaces__rosidl_typesupport_cExport-noconfig.cmake
[1.754s] -- Up-to-date: /home/anthony/Desktop/Assignment8/install/turtlebot3_interfaces/share/turtlebot3_interfaces/cmake/export_turtlebot3_interfaces__rosidl_generator_cppExport.cmake
[1.755s] -- Up-to-date: /home/anthony/Desktop/Assignment8/install/turtlebot3_interfaces/share/turtlebot3_interfaces/cmake/export_turtlebot3_interfaces__rosidl_typesupport_fastrtps_cppExport.cmake
[1.755s] -- Up-to-date: /home/anthony/Desktop/Assignment8/install/turtlebot3_interfaces/share/turtlebot3_interfaces/cmake/export_turtlebot3_interfaces__rosidl_typesupport_fastrtps_cppExport-noconfig.cmake
[1.755s] -- Up-to-date: /home/anthony/Desktop/Assignment8/install/turtlebot3_interfaces/share/turtlebot3_interfaces/cmake/turtlebot3_interfaces__rosidl_typesupport_introspection_cppExport.cmake
[1.755s] -- Up-to-date: /home/anthony/Desktop/Assignment8/install/turtlebot3_interfaces/share/turtlebot3_interfaces/cmake/turtlebot3_interfaces__rosidl_typesupport_introspection_cppExport-noconfig.cmake
[1.755s] -- Up-to-date: /home/anthony/Desktop/Assignment8/install/turtlebot3_interfaces/share/turtlebot3_interfaces/cmake/turtlebot3_interfaces__rosidl_typesupport_cppExport.cmake
[1.755s] -- Up-to-date: /home/anthony/Desktop/Assignment8/install/turtlebot3_interfaces/share/turtlebot3_interfaces/cmake/turtlebot3_interfaces__rosidl_typesupport_cppExport-noconfig.cmake
[1.755s] -- Up-to-date: /home/anthony/Desktop/Assignment8/install/turtlebot3_interfaces/share/turtlebot3_interfaces/cmake/export_turtlebot3_interfaces__rosidl_generator_pyExport.cmake
[1.755s] -- Up-to-date: /home/anthony/Desktop/Assignment8/install/turtlebot3_interfaces/share/turtlebot3_interfaces/cmake/export_turtlebot3_interfaces__rosidl_generator_pyExport-noconfig.cmake
[1.763s] Invoked command in '/home/anthony/Desktop/Assignment8/build/turtlebot3_interfaces' returned '0': CMAKE_PREFIX_PATH=${CMAKE_PREFIX_PATH}:/home/anthony/Desktop/Assignment8/install/turtlebot3_navigation /usr/bin/cmake --install /home/anthony/Desktop/Assignment8/build/turtlebot3_interfaces
