[0.191s] DEBUG:colcon:Command line arguments: ['/usr/bin/colcon', 'build', '--symlink-install']
[0.191s] DEBUG:colcon:Parsed command line arguments: Namespace(log_base=None, log_level=None, verb_name='build', build_base='build', install_base='install', merge_install=False, symlink_install=True, test_result_base=None, continue_on_error=False, executor='parallel', parallel_workers=3, event_handlers=None, ignore_user_meta=False, metas=['./colcon.meta'], base_paths=['.'], packages_ignore=None, packages_ignore_regex=None, paths=None, packages_up_to=None, packages_up_to_regex=None, packages_above=None, packages_above_and_dependencies=None, packages_above_depth=None, packages_select_by_dep=None, packages_skip_by_dep=None, packages_skip_up_to=None, packages_select_build_failed=False, packages_skip_build_finished=False, packages_select_test_failures=False, packages_skip_test_passed=False, packages_select=None, packages_skip=None, packages_select_regex=None, packages_skip_regex=None, packages_start=None, packages_end=None, allow_overriding=[], cmake_args=None, cmake_target=None, cmake_target_skip_unavailable=False, cmake_clean_cache=False, cmake_clean_first=False, cmake_force_configure=False, ament_cmake_args=None, catkin_cmake_args=None, catkin_skip_building_tests=False, verb_parser=<colcon_defaults.argument_parser.defaults.DefaultArgumentsDecorator object at 0x7ce8545f4550>, verb_extension=<colcon_core.verb.build.BuildVerb object at 0x7ce8547affa0>, main=<bound method BuildVerb.main of <colcon_core.verb.build.BuildVerb object at 0x7ce8547affa0>>)
[0.463s] Level 1:colcon.colcon_core.package_discovery:discover_packages(colcon_meta) check parameters
[0.463s] Level 1:colcon.colcon_core.package_discovery:discover_packages(recursive) check parameters
[0.464s] Level 1:colcon.colcon_core.package_discovery:discover_packages(ignore) check parameters
[0.464s] Level 1:colcon.colcon_core.package_discovery:discover_packages(path) check parameters
[0.464s] Level 1:colcon.colcon_core.package_discovery:discover_packages(colcon_meta) discover
[0.464s] Level 1:colcon.colcon_core.package_discovery:discover_packages(recursive) discover
[0.464s] INFO:colcon.colcon_core.package_discovery:Crawling recursively for packages in '/home/anthony/Desktop/Assignment8'
[0.464s] Level 1:colcon.colcon_core.package_identification:_identify(.) by extensions ['ignore', 'ignore_ament_install']
[0.464s] Level 1:colcon.colcon_core.package_identification:_identify(.) by extension 'ignore'
[0.464s] Level 1:colcon.colcon_core.package_identification:_identify(.) by extension 'ignore_ament_install'
[0.464s] Level 1:colcon.colcon_core.package_identification:_identify(.) by extensions ['colcon_pkg']
[0.464s] Level 1:colcon.colcon_core.package_identification:_identify(.) by extension 'colcon_pkg'
[0.465s] Level 1:colcon.colcon_core.package_identification:_identify(.) by extensions ['colcon_meta']
[0.465s] Level 1:colcon.colcon_core.package_identification:_identify(.) by extension 'colcon_meta'
[0.465s] Level 1:colcon.colcon_core.package_identification:_identify(.) by extensions ['ros']
[0.465s] Level 1:colcon.colcon_core.package_identification:_identify(.) by extension 'ros'
[0.483s] Level 1:colcon.colcon_core.package_identification:_identify(.) by extensions ['cmake', 'python']
[0.484s] Level 1:colcon.colcon_core.package_identification:_identify(.) by extension 'cmake'
[0.484s] Level 1:colcon.colcon_core.package_identification:_identify(.) by extension 'python'
[0.484s] Level 1:colcon.colcon_core.package_identification:_identify(.) by extensions ['python_setup_py']
[0.484s] Level 1:colcon.colcon_core.package_identification:_identify(.) by extension 'python_setup_py'
[0.484s] Level 1:colcon.colcon_core.package_identification:_identify(build) by extensions ['ignore', 'ignore_ament_install']
[0.484s] Level 1:colcon.colcon_core.package_identification:_identify(build) by extension 'ignore'
[0.485s] Level 1:colcon.colcon_core.package_identification:_identify(build) ignored
[0.485s] Level 1:colcon.colcon_core.package_identification:_identify(install) by extensions ['ignore', 'ignore_ament_install']
[0.485s] Level 1:colcon.colcon_core.package_identification:_identify(install) by extension 'ignore'
[0.485s] Level 1:colcon.colcon_core.package_identification:_identify(install) ignored
[0.485s] Level 1:colcon.colcon_core.package_identification:_identify(log) by extensions ['ignore', 'ignore_ament_install']
[0.485s] Level 1:colcon.colcon_core.package_identification:_identify(log) by extension 'ignore'
[0.485s] Level 1:colcon.colcon_core.package_identification:_identify(log) ignored
[0.486s] Level 1:colcon.colcon_core.package_identification:_identify(src) by extensions ['ignore', 'ignore_ament_install']
[0.486s] Level 1:colcon.colcon_core.package_identification:_identify(src) by extension 'ignore'
[0.486s] Level 1:colcon.colcon_core.package_identification:_identify(src) by extension 'ignore_ament_install'
[0.486s] Level 1:colcon.colcon_core.package_identification:_identify(src) by extensions ['colcon_pkg']
[0.486s] Level 1:colcon.colcon_core.package_identification:_identify(src) by extension 'colcon_pkg'
[0.486s] Level 1:colcon.colcon_core.package_identification:_identify(src) by extensions ['colcon_meta']
[0.486s] Level 1:colcon.colcon_core.package_identification:_identify(src) by extension 'colcon_meta'
[0.486s] Level 1:colcon.colcon_core.package_identification:_identify(src) by extensions ['ros']
[0.486s] Level 1:colcon.colcon_core.package_identification:_identify(src) by extension 'ros'
[0.487s] Level 1:colcon.colcon_core.package_identification:_identify(src) by extensions ['cmake', 'python']
[0.487s] Level 1:colcon.colcon_core.package_identification:_identify(src) by extension 'cmake'
[0.487s] Level 1:colcon.colcon_core.package_identification:_identify(src) by extension 'python'
[0.487s] Level 1:colcon.colcon_core.package_identification:_identify(src) by extensions ['python_setup_py']
[0.487s] Level 1:colcon.colcon_core.package_identification:_identify(src) by extension 'python_setup_py'
[0.487s] Level 1:colcon.colcon_core.package_identification:_identify(src/turtlebot3_interfaces) by extensions ['ignore', 'ignore_ament_install']
[0.487s] Level 1:colcon.colcon_core.package_identification:_identify(src/turtlebot3_interfaces) by extension 'ignore'
[0.487s] Level 1:colcon.colcon_core.package_identification:_identify(src/turtlebot3_interfaces) by extension 'ignore_ament_install'
[0.487s] Level 1:colcon.colcon_core.package_identification:_identify(src/turtlebot3_interfaces) by extensions ['colcon_pkg']
[0.487s] Level 1:colcon.colcon_core.package_identification:_identify(src/turtlebot3_interfaces) by extension 'colcon_pkg'
[0.487s] Level 1:colcon.colcon_core.package_identification:_identify(src/turtlebot3_interfaces) by extensions ['colcon_meta']
[0.487s] Level 1:colcon.colcon_core.package_identification:_identify(src/turtlebot3_interfaces) by extension 'colcon_meta'
[0.488s] Level 1:colcon.colcon_core.package_identification:_identify(src/turtlebot3_interfaces) by extensions ['ros']
[0.488s] Level 1:colcon.colcon_core.package_identification:_identify(src/turtlebot3_interfaces) by extension 'ros'
[0.492s] DEBUG:colcon.colcon_core.package_identification:Package 'src/turtlebot3_interfaces' with type 'ros.ament_cmake' and name 'turtlebot3_interfaces'
[0.492s] Level 1:colcon.colcon_core.package_identification:_identify(src/turtlebot3_navigation) by extensions ['ignore', 'ignore_ament_install']
[0.492s] Level 1:colcon.colcon_core.package_identification:_identify(src/turtlebot3_navigation) by extension 'ignore'
[0.492s] Level 1:colcon.colcon_core.package_identification:_identify(src/turtlebot3_navigation) by extension 'ignore_ament_install'
[0.492s] Level 1:colcon.colcon_core.package_identification:_identify(src/turtlebot3_navigation) by extensions ['colcon_pkg']
[0.492s] Level 1:colcon.colcon_core.package_identification:_identify(src/turtlebot3_navigation) by extension 'colcon_pkg'
[0.492s] Level 1:colcon.colcon_core.package_identification:_identify(src/turtlebot3_navigation) by extensions ['colcon_meta']
[0.492s] Level 1:colcon.colcon_core.package_identification:_identify(src/turtlebot3_navigation) by extension 'colcon_meta'
[0.493s] Level 1:colcon.colcon_core.package_identification:_identify(src/turtlebot3_navigation) by extensions ['ros']
[0.493s] Level 1:colcon.colcon_core.package_identification:_identify(src/turtlebot3_navigation) by extension 'ros'
[0.495s] DEBUG:colcon.colcon_core.package_identification:Package 'src/turtlebot3_navigation' with type 'ros.ament_python' and name 'turtlebot3_navigation'
[0.495s] Level 1:colcon.colcon_core.package_identification:_identify(src/turtlebot3_simulations) by extensions ['ignore', 'ignore_ament_install']
[0.495s] Level 1:colcon.colcon_core.package_identification:_identify(src/turtlebot3_simulations) by extension 'ignore'
[0.495s] Level 1:colcon.colcon_core.package_identification:_identify(src/turtlebot3_simulations) by extension 'ignore_ament_install'
[0.495s] Level 1:colcon.colcon_core.package_identification:_identify(src/turtlebot3_simulations) by extensions ['colcon_pkg']
[0.496s] Level 1:colcon.colcon_core.package_identification:_identify(src/turtlebot3_simulations) by extension 'colcon_pkg'
[0.496s] Level 1:colcon.colcon_core.package_identification:_identify(src/turtlebot3_simulations) by extensions ['colcon_meta']
[0.496s] Level 1:colcon.colcon_core.package_identification:_identify(src/turtlebot3_simulations) by extension 'colcon_meta'
[0.496s] Level 1:colcon.colcon_core.package_identification:_identify(src/turtlebot3_simulations) by extensions ['ros']
[0.496s] Level 1:colcon.colcon_core.package_identification:_identify(src/turtlebot3_simulations) by extension 'ros'
[0.496s] Level 1:colcon.colcon_core.package_identification:_identify(src/turtlebot3_simulations) by extensions ['cmake', 'python']
[0.496s] Level 1:colcon.colcon_core.package_identification:_identify(src/turtlebot3_simulations) by extension 'cmake'
[0.496s] Level 1:colcon.colcon_core.package_identification:_identify(src/turtlebot3_simulations) by extension 'python'
[0.496s] Level 1:colcon.colcon_core.package_identification:_identify(src/turtlebot3_simulations) by extensions ['python_setup_py']
[0.496s] Level 1:colcon.colcon_core.package_identification:_identify(src/turtlebot3_simulations) by extension 'python_setup_py'
[0.496s] Level 1:colcon.colcon_core.package_identification:_identify(src/turtlebot3_simulations/turtlebot3_fake_node) by extensions ['ignore', 'ignore_ament_install']
[0.497s] Level 1:colcon.colcon_core.package_identification:_identify(src/turtlebot3_simulations/turtlebot3_fake_node) by extension 'ignore'
[0.497s] Level 1:colcon.colcon_core.package_identification:_identify(src/turtlebot3_simulations/turtlebot3_fake_node) by extension 'ignore_ament_install'
[0.497s] Level 1:colcon.colcon_core.package_identification:_identify(src/turtlebot3_simulations/turtlebot3_fake_node) by extensions ['colcon_pkg']
[0.497s] Level 1:colcon.colcon_core.package_identification:_identify(src/turtlebot3_simulations/turtlebot3_fake_node) by extension 'colcon_pkg'
[0.497s] Level 1:colcon.colcon_core.package_identification:_identify(src/turtlebot3_simulations/turtlebot3_fake_node) by extensions ['colcon_meta']
[0.497s] Level 1:colcon.colcon_core.package_identification:_identify(src/turtlebot3_simulations/turtlebot3_fake_node) by extension 'colcon_meta'
[0.497s] Level 1:colcon.colcon_core.package_identification:_identify(src/turtlebot3_simulations/turtlebot3_fake_node) by extensions ['ros']
[0.497s] Level 1:colcon.colcon_core.package_identification:_identify(src/turtlebot3_simulations/turtlebot3_fake_node) by extension 'ros'
[0.499s] DEBUG:colcon.colcon_core.package_identification:Package 'src/turtlebot3_simulations/turtlebot3_fake_node' with type 'ros.ament_cmake' and name 'turtlebot3_fake_node'
[0.499s] Level 1:colcon.colcon_core.package_identification:_identify(src/turtlebot3_simulations/turtlebot3_gazebo) by extensions ['ignore', 'ignore_ament_install']
[0.499s] Level 1:colcon.colcon_core.package_identification:_identify(src/turtlebot3_simulations/turtlebot3_gazebo) by extension 'ignore'
[0.500s] Level 1:colcon.colcon_core.package_identification:_identify(src/turtlebot3_simulations/turtlebot3_gazebo) by extension 'ignore_ament_install'
[0.500s] Level 1:colcon.colcon_core.package_identification:_identify(src/turtlebot3_simulations/turtlebot3_gazebo) by extensions ['colcon_pkg']
[0.500s] Level 1:colcon.colcon_core.package_identification:_identify(src/turtlebot3_simulations/turtlebot3_gazebo) by extension 'colcon_pkg'
[0.500s] Level 1:colcon.colcon_core.package_identification:_identify(src/turtlebot3_simulations/turtlebot3_gazebo) by extensions ['colcon_meta']
[0.500s] Level 1:colcon.colcon_core.package_identification:_identify(src/turtlebot3_simulations/turtlebot3_gazebo) by extension 'colcon_meta'
[0.500s] Level 1:colcon.colcon_core.package_identification:_identify(src/turtlebot3_simulations/turtlebot3_gazebo) by extensions ['ros']
[0.500s] Level 1:colcon.colcon_core.package_identification:_identify(src/turtlebot3_simulations/turtlebot3_gazebo) by extension 'ros'
[0.501s] DEBUG:colcon.colcon_core.package_identification:Package 'src/turtlebot3_simulations/turtlebot3_gazebo' with type 'ros.ament_cmake' and name 'turtlebot3_gazebo'
[0.501s] Level 1:colcon.colcon_core.package_identification:_identify(src/turtlebot3_simulations/turtlebot3_simulations) by extensions ['ignore', 'ignore_ament_install']
[0.502s] Level 1:colcon.colcon_core.package_identification:_identify(src/turtlebot3_simulations/turtlebot3_simulations) by extension 'ignore'
[0.502s] Level 1:colcon.colcon_core.package_identification:_identify(src/turtlebot3_simulations/turtlebot3_simulations) by extension 'ignore_ament_install'
[0.502s] Level 1:colcon.colcon_core.package_identification:_identify(src/turtlebot3_simulations/turtlebot3_simulations) by extensions ['colcon_pkg']
[0.502s] Level 1:colcon.colcon_core.package_identification:_identify(src/turtlebot3_simulations/turtlebot3_simulations) by extension 'colcon_pkg'
[0.502s] Level 1:colcon.colcon_core.package_identification:_identify(src/turtlebot3_simulations/turtlebot3_simulations) by extensions ['colcon_meta']
[0.502s] Level 1:colcon.colcon_core.package_identification:_identify(src/turtlebot3_simulations/turtlebot3_simulations) by extension 'colcon_meta'
[0.502s] Level 1:colcon.colcon_core.package_identification:_identify(src/turtlebot3_simulations/turtlebot3_simulations) by extensions ['ros']
[0.502s] Level 1:colcon.colcon_core.package_identification:_identify(src/turtlebot3_simulations/turtlebot3_simulations) by extension 'ros'
[0.503s] DEBUG:colcon.colcon_core.package_identification:Package 'src/turtlebot3_simulations/turtlebot3_simulations' with type 'ros.ament_cmake' and name 'turtlebot3_simulations'
[0.503s] Level 1:colcon.colcon_core.package_discovery:discover_packages(recursive) using defaults
[0.503s] Level 1:colcon.colcon_core.package_discovery:discover_packages(ignore) discover
[0.503s] Level 1:colcon.colcon_core.package_discovery:discover_packages(ignore) using defaults
[0.503s] Level 1:colcon.colcon_core.package_discovery:discover_packages(path) discover
[0.503s] Level 1:colcon.colcon_core.package_discovery:discover_packages(path) using defaults
[0.532s] Level 1:colcon.colcon_core.package_discovery:discover_packages(prefix_path) check parameters
[0.532s] Level 1:colcon.colcon_core.package_discovery:discover_packages(prefix_path) discover
[0.536s] DEBUG:colcon.colcon_installed_package_information.package_discovery:Found 349 installed packages in /opt/ros/humble
[0.554s] Level 1:colcon.colcon_core.package_discovery:discover_packages(prefix_path) using defaults
[0.623s] Level 5:colcon.colcon_core.verb:set package 'turtlebot3_fake_node' build argument 'cmake_args' from command line to 'None'
[0.623s] Level 5:colcon.colcon_core.verb:set package 'turtlebot3_fake_node' build argument 'cmake_target' from command line to 'None'
[0.623s] Level 5:colcon.colcon_core.verb:set package 'turtlebot3_fake_node' build argument 'cmake_target_skip_unavailable' from command line to 'False'
[0.623s] Level 5:colcon.colcon_core.verb:set package 'turtlebot3_fake_node' build argument 'cmake_clean_cache' from command line to 'False'
[0.624s] Level 5:colcon.colcon_core.verb:set package 'turtlebot3_fake_node' build argument 'cmake_clean_first' from command line to 'False'
[0.624s] Level 5:colcon.colcon_core.verb:set package 'turtlebot3_fake_node' build argument 'cmake_force_configure' from command line to 'False'
[0.624s] Level 5:colcon.colcon_core.verb:set package 'turtlebot3_fake_node' build argument 'ament_cmake_args' from command line to 'None'
[0.624s] Level 5:colcon.colcon_core.verb:set package 'turtlebot3_fake_node' build argument 'catkin_cmake_args' from command line to 'None'
[0.624s] Level 5:colcon.colcon_core.verb:set package 'turtlebot3_fake_node' build argument 'catkin_skip_building_tests' from command line to 'False'
[0.624s] DEBUG:colcon.colcon_core.verb:Building package 'turtlebot3_fake_node' with the following arguments: {'ament_cmake_args': None, 'build_base': '/home/anthony/Desktop/Assignment8/build/turtlebot3_fake_node', 'catkin_cmake_args': None, 'catkin_skip_building_tests': False, 'cmake_args': None, 'cmake_clean_cache': False, 'cmake_clean_first': False, 'cmake_force_configure': False, 'cmake_target': None, 'cmake_target_skip_unavailable': False, 'install_base': '/home/anthony/Desktop/Assignment8/install/turtlebot3_fake_node', 'merge_install': False, 'path': '/home/anthony/Desktop/Assignment8/src/turtlebot3_simulations/turtlebot3_fake_node', 'symlink_install': True, 'test_result_base': None}
[0.625s] Level 5:colcon.colcon_core.verb:set package 'turtlebot3_gazebo' build argument 'cmake_args' from command line to 'None'
[0.625s] Level 5:colcon.colcon_core.verb:set package 'turtlebot3_gazebo' build argument 'cmake_target' from command line to 'None'
[0.626s] Level 5:colcon.colcon_core.verb:set package 'turtlebot3_gazebo' build argument 'cmake_target_skip_unavailable' from command line to 'False'
[0.626s] Level 5:colcon.colcon_core.verb:set package 'turtlebot3_gazebo' build argument 'cmake_clean_cache' from command line to 'False'
[0.626s] Level 5:colcon.colcon_core.verb:set package 'turtlebot3_gazebo' build argument 'cmake_clean_first' from command line to 'False'
[0.626s] Level 5:colcon.colcon_core.verb:set package 'turtlebot3_gazebo' build argument 'cmake_force_configure' from command line to 'False'
[0.626s] Level 5:colcon.colcon_core.verb:set package 'turtlebot3_gazebo' build argument 'ament_cmake_args' from command line to 'None'
[0.626s] Level 5:colcon.colcon_core.verb:set package 'turtlebot3_gazebo' build argument 'catkin_cmake_args' from command line to 'None'
[0.626s] Level 5:colcon.colcon_core.verb:set package 'turtlebot3_gazebo' build argument 'catkin_skip_building_tests' from command line to 'False'
[0.626s] DEBUG:colcon.colcon_core.verb:Building package 'turtlebot3_gazebo' with the following arguments: {'ament_cmake_args': None, 'build_base': '/home/anthony/Desktop/Assignment8/build/turtlebot3_gazebo', 'catkin_cmake_args': None, 'catkin_skip_building_tests': False, 'cmake_args': None, 'cmake_clean_cache': False, 'cmake_clean_first': False, 'cmake_force_configure': False, 'cmake_target': None, 'cmake_target_skip_unavailable': False, 'install_base': '/home/anthony/Desktop/Assignment8/install/turtlebot3_gazebo', 'merge_install': False, 'path': '/home/anthony/Desktop/Assignment8/src/turtlebot3_simulations/turtlebot3_gazebo', 'symlink_install': True, 'test_result_base': None}
[0.627s] Level 5:colcon.colcon_core.verb:set package 'turtlebot3_interfaces' build argument 'cmake_args' from command line to 'None'
[0.628s] Level 5:colcon.colcon_core.verb:set package 'turtlebot3_interfaces' build argument 'cmake_target' from command line to 'None'
[0.628s] Level 5:colcon.colcon_core.verb:set package 'turtlebot3_interfaces' build argument 'cmake_target_skip_unavailable' from command line to 'False'
[0.628s] Level 5:colcon.colcon_core.verb:set package 'turtlebot3_interfaces' build argument 'cmake_clean_cache' from command line to 'False'
[0.628s] Level 5:colcon.colcon_core.verb:set package 'turtlebot3_interfaces' build argument 'cmake_clean_first' from command line to 'False'
[0.628s] Level 5:colcon.colcon_core.verb:set package 'turtlebot3_interfaces' build argument 'cmake_force_configure' from command line to 'False'
[0.628s] Level 5:colcon.colcon_core.verb:set package 'turtlebot3_interfaces' build argument 'ament_cmake_args' from command line to 'None'
[0.628s] Level 5:colcon.colcon_core.verb:set package 'turtlebot3_interfaces' build argument 'catkin_cmake_args' from command line to 'None'
[0.628s] Level 5:colcon.colcon_core.verb:set package 'turtlebot3_interfaces' build argument 'catkin_skip_building_tests' from command line to 'False'
[0.628s] DEBUG:colcon.colcon_core.verb:Building package 'turtlebot3_interfaces' with the following arguments: {'ament_cmake_args': None, 'build_base': '/home/anthony/Desktop/Assignment8/build/turtlebot3_interfaces', 'catkin_cmake_args': None, 'catkin_skip_building_tests': False, 'cmake_args': None, 'cmake_clean_cache': False, 'cmake_clean_first': False, 'cmake_force_configure': False, 'cmake_target': None, 'cmake_target_skip_unavailable': False, 'install_base': '/home/anthony/Desktop/Assignment8/install/turtlebot3_interfaces', 'merge_install': False, 'path': '/home/anthony/Desktop/Assignment8/src/turtlebot3_interfaces', 'symlink_install': True, 'test_result_base': None}
[0.630s] Level 5:colcon.colcon_core.verb:set package 'turtlebot3_simulations' build argument 'cmake_args' from command line to 'None'
[0.630s] Level 5:colcon.colcon_core.verb:set package 'turtlebot3_simulations' build argument 'cmake_target' from command line to 'None'
[0.630s] Level 5:colcon.colcon_core.verb:set package 'turtlebot3_simulations' build argument 'cmake_target_skip_unavailable' from command line to 'False'
[0.630s] Level 5:colcon.colcon_core.verb:set package 'turtlebot3_simulations' build argument 'cmake_clean_cache' from command line to 'False'
[0.630s] Level 5:colcon.colcon_core.verb:set package 'turtlebot3_simulations' build argument 'cmake_clean_first' from command line to 'False'
[0.630s] Level 5:colcon.colcon_core.verb:set package 'turtlebot3_simulations' build argument 'cmake_force_configure' from command line to 'False'
[0.630s] Level 5:colcon.colcon_core.verb:set package 'turtlebot3_simulations' build argument 'ament_cmake_args' from command line to 'None'
[0.630s] Level 5:colcon.colcon_core.verb:set package 'turtlebot3_simulations' build argument 'catkin_cmake_args' from command line to 'None'
[0.630s] Level 5:colcon.colcon_core.verb:set package 'turtlebot3_simulations' build argument 'catkin_skip_building_tests' from command line to 'False'
[0.630s] DEBUG:colcon.colcon_core.verb:Building package 'turtlebot3_simulations' with the following arguments: {'ament_cmake_args': None, 'build_base': '/home/anthony/Desktop/Assignment8/build/turtlebot3_simulations', 'catkin_cmake_args': None, 'catkin_skip_building_tests': False, 'cmake_args': None, 'cmake_clean_cache': False, 'cmake_clean_first': False, 'cmake_force_configure': False, 'cmake_target': None, 'cmake_target_skip_unavailable': False, 'install_base': '/home/anthony/Desktop/Assignment8/install/turtlebot3_simulations', 'merge_install': False, 'path': '/home/anthony/Desktop/Assignment8/src/turtlebot3_simulations/turtlebot3_simulations', 'symlink_install': True, 'test_result_base': None}
[0.631s] Level 5:colcon.colcon_core.verb:set package 'turtlebot3_navigation' build argument 'cmake_args' from command line to 'None'
[0.632s] Level 5:colcon.colcon_core.verb:set package 'turtlebot3_navigation' build argument 'cmake_target' from command line to 'None'
[0.632s] Level 5:colcon.colcon_core.verb:set package 'turtlebot3_navigation' build argument 'cmake_target_skip_unavailable' from command line to 'False'
[0.632s] Level 5:colcon.colcon_core.verb:set package 'turtlebot3_navigation' build argument 'cmake_clean_cache' from command line to 'False'
[0.632s] Level 5:colcon.colcon_core.verb:set package 'turtlebot3_navigation' build argument 'cmake_clean_first' from command line to 'False'
[0.632s] Level 5:colcon.colcon_core.verb:set package 'turtlebot3_navigation' build argument 'cmake_force_configure' from command line to 'False'
[0.632s] Level 5:colcon.colcon_core.verb:set package 'turtlebot3_navigation' build argument 'ament_cmake_args' from command line to 'None'
[0.632s] Level 5:colcon.colcon_core.verb:set package 'turtlebot3_navigation' build argument 'catkin_cmake_args' from command line to 'None'
[0.632s] Level 5:colcon.colcon_core.verb:set package 'turtlebot3_navigation' build argument 'catkin_skip_building_tests' from command line to 'False'
[0.632s] DEBUG:colcon.colcon_core.verb:Building package 'turtlebot3_navigation' with the following arguments: {'ament_cmake_args': None, 'build_base': '/home/anthony/Desktop/Assignment8/build/turtlebot3_navigation', 'catkin_cmake_args': None, 'catkin_skip_building_tests': False, 'cmake_args': None, 'cmake_clean_cache': False, 'cmake_clean_first': False, 'cmake_force_configure': False, 'cmake_target': None, 'cmake_target_skip_unavailable': False, 'install_base': '/home/anthony/Desktop/Assignment8/install/turtlebot3_navigation', 'merge_install': False, 'path': '/home/anthony/Desktop/Assignment8/src/turtlebot3_navigation', 'symlink_install': True, 'test_result_base': None}
[0.633s] INFO:colcon.colcon_core.executor:Executing jobs using 'parallel' executor
[0.635s] DEBUG:colcon.colcon_parallel_executor.executor.parallel:run_until_complete
[0.636s] INFO:colcon.colcon_ros.task.ament_cmake.build:Building ROS package in '/home/anthony/Desktop/Assignment8/src/turtlebot3_simulations/turtlebot3_fake_node' with build type 'ament_cmake'
[0.637s] INFO:colcon.colcon_cmake.task.cmake.build:Building CMake package in '/home/anthony/Desktop/Assignment8/src/turtlebot3_simulations/turtlebot3_fake_node'
[0.643s] INFO:colcon.colcon_core.plugin_system:Skipping extension 'colcon_core.shell.bat': Not used on non-Windows systems
[0.643s] INFO:colcon.colcon_core.shell:Skip shell extension 'powershell' for command environment: Not usable outside of PowerShell
[0.644s] DEBUG:colcon.colcon_core.shell:Skip shell extension 'dsv' for command environment
[0.654s] INFO:colcon.colcon_ros.task.ament_cmake.build:Building ROS package in '/home/anthony/Desktop/Assignment8/src/turtlebot3_simulations/turtlebot3_gazebo' with build type 'ament_cmake'
[0.654s] INFO:colcon.colcon_cmake.task.cmake.build:Building CMake package in '/home/anthony/Desktop/Assignment8/src/turtlebot3_simulations/turtlebot3_gazebo'
[0.655s] INFO:colcon.colcon_core.shell:Skip shell extension 'powershell' for command environment: Not usable outside of PowerShell
[0.656s] DEBUG:colcon.colcon_core.shell:Skip shell extension 'dsv' for command environment
[0.673s] INFO:colcon.colcon_ros.task.ament_cmake.build:Building ROS package in '/home/anthony/Desktop/Assignment8/src/turtlebot3_interfaces' with build type 'ament_cmake'
[0.673s] INFO:colcon.colcon_cmake.task.cmake.build:Building CMake package in '/home/anthony/Desktop/Assignment8/src/turtlebot3_interfaces'
[0.674s] INFO:colcon.colcon_core.shell:Skip shell extension 'powershell' for command environment: Not usable outside of PowerShell
[0.674s] DEBUG:colcon.colcon_core.shell:Skip shell extension 'dsv' for command environment
[0.714s] DEBUG:colcon.colcon_core.event_handler.log_command:Invoking command in '/home/anthony/Desktop/Assignment8/build/turtlebot3_fake_node': /usr/bin/cmake --build /home/anthony/Desktop/Assignment8/build/turtlebot3_fake_node -- -j3 -l3
[0.724s] DEBUG:colcon.colcon_core.event_handler.log_command:Invoking command in '/home/anthony/Desktop/Assignment8/build/turtlebot3_gazebo': /usr/bin/cmake --build /home/anthony/Desktop/Assignment8/build/turtlebot3_gazebo -- -j3 -l3
[0.748s] DEBUG:colcon.colcon_core.event_handler.log_command:Invoking command in '/home/anthony/Desktop/Assignment8/build/turtlebot3_interfaces': /usr/bin/cmake --build /home/anthony/Desktop/Assignment8/build/turtlebot3_interfaces -- -j3 -l3
[0.928s] DEBUG:colcon.colcon_core.event_handler.log_command:Invoked command in '/home/anthony/Desktop/Assignment8/build/turtlebot3_fake_node' returned '0': /usr/bin/cmake --build /home/anthony/Desktop/Assignment8/build/turtlebot3_fake_node -- -j3 -l3
[1.058s] DEBUG:colcon.colcon_core.event_handler.log_command:Invoking command in '/home/anthony/Desktop/Assignment8/build/turtlebot3_fake_node': /usr/bin/cmake --install /home/anthony/Desktop/Assignment8/build/turtlebot3_fake_node
[1.079s] DEBUG:colcon.colcon_core.event_handler.log_command:Invoked command in '/home/anthony/Desktop/Assignment8/build/turtlebot3_gazebo' returned '0': /usr/bin/cmake --build /home/anthony/Desktop/Assignment8/build/turtlebot3_gazebo -- -j3 -l3
[1.118s] Level 1:colcon.colcon_core.environment:create_environment_scripts_only(turtlebot3_fake_node)
[1.122s] Level 1:colcon.colcon_core.environment:checking '/home/anthony/Desktop/Assignment8/install/turtlebot3_fake_node' for CMake module files
[1.123s] Level 1:colcon.colcon_core.environment:checking '/home/anthony/Desktop/Assignment8/install/turtlebot3_fake_node' for CMake config files
[1.123s] Level 1:colcon.colcon_core.shell:create_environment_hook('turtlebot3_fake_node', 'cmake_prefix_path')
[1.124s] INFO:colcon.colcon_core.shell:Creating environment hook '/home/anthony/Desktop/Assignment8/install/turtlebot3_fake_node/share/turtlebot3_fake_node/hook/cmake_prefix_path.ps1'
[1.125s] DEBUG:colcon.colcon_core.event_handler.log_command:Invoked command in '/home/anthony/Desktop/Assignment8/build/turtlebot3_fake_node' returned '0': /usr/bin/cmake --install /home/anthony/Desktop/Assignment8/build/turtlebot3_fake_node
[1.127s] INFO:colcon.colcon_core.shell:Creating environment descriptor '/home/anthony/Desktop/Assignment8/install/turtlebot3_fake_node/share/turtlebot3_fake_node/hook/cmake_prefix_path.dsv'
[1.128s] INFO:colcon.colcon_core.shell:Creating environment hook '/home/anthony/Desktop/Assignment8/install/turtlebot3_fake_node/share/turtlebot3_fake_node/hook/cmake_prefix_path.sh'
[1.130s] Level 1:colcon.colcon_core.environment:checking '/home/anthony/Desktop/Assignment8/install/turtlebot3_fake_node/lib'
[1.130s] Level 1:colcon.colcon_core.environment:checking '/home/anthony/Desktop/Assignment8/install/turtlebot3_fake_node/bin'
[1.130s] Level 1:colcon.colcon_core.environment:checking '/home/anthony/Desktop/Assignment8/install/turtlebot3_fake_node/lib/pkgconfig/turtlebot3_fake_node.pc'
[1.131s] Level 1:colcon.colcon_core.environment:checking '/home/anthony/Desktop/Assignment8/install/turtlebot3_fake_node/lib/python3.10/site-packages'
[1.131s] Level 1:colcon.colcon_core.environment:checking '/home/anthony/Desktop/Assignment8/install/turtlebot3_fake_node/bin'
[1.132s] INFO:colcon.colcon_core.shell:Creating package script '/home/anthony/Desktop/Assignment8/install/turtlebot3_fake_node/share/turtlebot3_fake_node/package.ps1'
[1.133s] INFO:colcon.colcon_core.shell:Creating package descriptor '/home/anthony/Desktop/Assignment8/install/turtlebot3_fake_node/share/turtlebot3_fake_node/package.dsv'
[1.134s] INFO:colcon.colcon_core.shell:Creating package script '/home/anthony/Desktop/Assignment8/install/turtlebot3_fake_node/share/turtlebot3_fake_node/package.sh'
[1.135s] INFO:colcon.colcon_core.shell:Creating package script '/home/anthony/Desktop/Assignment8/install/turtlebot3_fake_node/share/turtlebot3_fake_node/package.bash'
[1.137s] INFO:colcon.colcon_core.shell:Creating package script '/home/anthony/Desktop/Assignment8/install/turtlebot3_fake_node/share/turtlebot3_fake_node/package.zsh'
[1.138s] Level 1:colcon.colcon_core.environment:create_file_with_runtime_dependencies(/home/anthony/Desktop/Assignment8/install/turtlebot3_fake_node/share/colcon-core/packages/turtlebot3_fake_node)
[1.166s] DEBUG:colcon.colcon_core.event_handler.log_command:Invoking command in '/home/anthony/Desktop/Assignment8/build/turtlebot3_gazebo': /usr/bin/cmake --install /home/anthony/Desktop/Assignment8/build/turtlebot3_gazebo
[1.228s] Level 1:colcon.colcon_core.environment:create_environment_scripts_only(turtlebot3_gazebo)
[1.229s] Level 1:colcon.colcon_core.environment:checking '/home/anthony/Desktop/Assignment8/install/turtlebot3_gazebo' for CMake module files
[1.230s] Level 1:colcon.colcon_core.environment:checking '/home/anthony/Desktop/Assignment8/install/turtlebot3_gazebo' for CMake config files
[1.230s] Level 1:colcon.colcon_core.shell:create_environment_hook('turtlebot3_gazebo', 'cmake_prefix_path')
[1.231s] INFO:colcon.colcon_core.shell:Creating environment hook '/home/anthony/Desktop/Assignment8/install/turtlebot3_gazebo/share/turtlebot3_gazebo/hook/cmake_prefix_path.ps1'
[1.232s] DEBUG:colcon.colcon_core.event_handler.log_command:Invoked command in '/home/anthony/Desktop/Assignment8/build/turtlebot3_gazebo' returned '0': /usr/bin/cmake --install /home/anthony/Desktop/Assignment8/build/turtlebot3_gazebo
[1.233s] INFO:colcon.colcon_core.shell:Creating environment descriptor '/home/anthony/Desktop/Assignment8/install/turtlebot3_gazebo/share/turtlebot3_gazebo/hook/cmake_prefix_path.dsv'
[1.234s] INFO:colcon.colcon_core.shell:Creating environment hook '/home/anthony/Desktop/Assignment8/install/turtlebot3_gazebo/share/turtlebot3_gazebo/hook/cmake_prefix_path.sh'
[1.236s] Level 1:colcon.colcon_core.environment:checking '/home/anthony/Desktop/Assignment8/install/turtlebot3_gazebo/lib'
[1.236s] Level 1:colcon.colcon_core.environment:checking '/home/anthony/Desktop/Assignment8/install/turtlebot3_gazebo/bin'
[1.236s] Level 1:colcon.colcon_core.environment:checking '/home/anthony/Desktop/Assignment8/install/turtlebot3_gazebo/lib/pkgconfig/turtlebot3_gazebo.pc'
[1.241s] Level 1:colcon.colcon_core.environment:checking '/home/anthony/Desktop/Assignment8/install/turtlebot3_gazebo/lib/python3.10/site-packages'
[1.242s] Level 1:colcon.colcon_core.environment:checking '/home/anthony/Desktop/Assignment8/install/turtlebot3_gazebo/bin'
[1.243s] INFO:colcon.colcon_core.shell:Creating package script '/home/anthony/Desktop/Assignment8/install/turtlebot3_gazebo/share/turtlebot3_gazebo/package.ps1'
[1.243s] INFO:colcon.colcon_core.shell:Creating package descriptor '/home/anthony/Desktop/Assignment8/install/turtlebot3_gazebo/share/turtlebot3_gazebo/package.dsv'
[1.244s] INFO:colcon.colcon_core.shell:Creating package script '/home/anthony/Desktop/Assignment8/install/turtlebot3_gazebo/share/turtlebot3_gazebo/package.sh'
[1.244s] INFO:colcon.colcon_core.shell:Creating package script '/home/anthony/Desktop/Assignment8/install/turtlebot3_gazebo/share/turtlebot3_gazebo/package.bash'
[1.245s] INFO:colcon.colcon_core.shell:Creating package script '/home/anthony/Desktop/Assignment8/install/turtlebot3_gazebo/share/turtlebot3_gazebo/package.zsh'
[1.246s] Level 1:colcon.colcon_core.environment:create_file_with_runtime_dependencies(/home/anthony/Desktop/Assignment8/install/turtlebot3_gazebo/share/colcon-core/packages/turtlebot3_gazebo)
[1.257s] Level 1:colcon.colcon_core.environment:create_environment_scripts_only(turtlebot3_fake_node)
[1.257s] Level 1:colcon.colcon_core.environment:checking '/home/anthony/Desktop/Assignment8/install/turtlebot3_fake_node' for CMake module files
[1.258s] Level 1:colcon.colcon_core.environment:checking '/home/anthony/Desktop/Assignment8/install/turtlebot3_fake_node' for CMake config files
[1.258s] Level 1:colcon.colcon_core.shell:create_environment_hook('turtlebot3_fake_node', 'cmake_prefix_path')
[1.259s] INFO:colcon.colcon_core.shell:Creating environment hook '/home/anthony/Desktop/Assignment8/install/turtlebot3_fake_node/share/turtlebot3_fake_node/hook/cmake_prefix_path.ps1'
[1.260s] INFO:colcon.colcon_core.shell:Creating environment descriptor '/home/anthony/Desktop/Assignment8/install/turtlebot3_fake_node/share/turtlebot3_fake_node/hook/cmake_prefix_path.dsv'
[1.260s] INFO:colcon.colcon_core.shell:Creating environment hook '/home/anthony/Desktop/Assignment8/install/turtlebot3_fake_node/share/turtlebot3_fake_node/hook/cmake_prefix_path.sh'
[1.264s] Level 1:colcon.colcon_core.environment:checking '/home/anthony/Desktop/Assignment8/install/turtlebot3_fake_node/lib'
[1.264s] Level 1:colcon.colcon_core.environment:checking '/home/anthony/Desktop/Assignment8/install/turtlebot3_fake_node/bin'
[1.264s] Level 1:colcon.colcon_core.environment:checking '/home/anthony/Desktop/Assignment8/install/turtlebot3_fake_node/lib/pkgconfig/turtlebot3_fake_node.pc'
[1.265s] Level 1:colcon.colcon_core.environment:checking '/home/anthony/Desktop/Assignment8/install/turtlebot3_fake_node/lib/python3.10/site-packages'
[1.265s] Level 1:colcon.colcon_core.environment:checking '/home/anthony/Desktop/Assignment8/install/turtlebot3_fake_node/bin'
[1.266s] INFO:colcon.colcon_core.shell:Creating package script '/home/anthony/Desktop/Assignment8/install/turtlebot3_fake_node/share/turtlebot3_fake_node/package.ps1'
[1.267s] INFO:colcon.colcon_core.shell:Creating package descriptor '/home/anthony/Desktop/Assignment8/install/turtlebot3_fake_node/share/turtlebot3_fake_node/package.dsv'
[1.268s] INFO:colcon.colcon_core.shell:Creating package script '/home/anthony/Desktop/Assignment8/install/turtlebot3_fake_node/share/turtlebot3_fake_node/package.sh'
[1.269s] INFO:colcon.colcon_core.shell:Creating package script '/home/anthony/Desktop/Assignment8/install/turtlebot3_fake_node/share/turtlebot3_fake_node/package.bash'
[1.270s] INFO:colcon.colcon_core.shell:Creating package script '/home/anthony/Desktop/Assignment8/install/turtlebot3_fake_node/share/turtlebot3_fake_node/package.zsh'
[1.270s] Level 1:colcon.colcon_core.environment:create_file_with_runtime_dependencies(/home/anthony/Desktop/Assignment8/install/turtlebot3_fake_node/share/colcon-core/packages/turtlebot3_fake_node)
[1.404s] Level 1:colcon.colcon_core.environment:create_environment_scripts_only(turtlebot3_gazebo)
[1.405s] Level 1:colcon.colcon_core.environment:checking '/home/anthony/Desktop/Assignment8/install/turtlebot3_gazebo' for CMake module files
[1.406s] Level 1:colcon.colcon_core.environment:checking '/home/anthony/Desktop/Assignment8/install/turtlebot3_gazebo' for CMake config files
[1.406s] Level 1:colcon.colcon_core.shell:create_environment_hook('turtlebot3_gazebo', 'cmake_prefix_path')
[1.406s] INFO:colcon.colcon_core.shell:Creating environment hook '/home/anthony/Desktop/Assignment8/install/turtlebot3_gazebo/share/turtlebot3_gazebo/hook/cmake_prefix_path.ps1'
[1.407s] INFO:colcon.colcon_core.shell:Creating environment descriptor '/home/anthony/Desktop/Assignment8/install/turtlebot3_gazebo/share/turtlebot3_gazebo/hook/cmake_prefix_path.dsv'
[1.408s] INFO:colcon.colcon_core.shell:Creating environment hook '/home/anthony/Desktop/Assignment8/install/turtlebot3_gazebo/share/turtlebot3_gazebo/hook/cmake_prefix_path.sh'
[1.409s] Level 1:colcon.colcon_core.environment:checking '/home/anthony/Desktop/Assignment8/install/turtlebot3_gazebo/lib'
[1.409s] Level 1:colcon.colcon_core.environment:checking '/home/anthony/Desktop/Assignment8/install/turtlebot3_gazebo/bin'
[1.409s] Level 1:colcon.colcon_core.environment:checking '/home/anthony/Desktop/Assignment8/install/turtlebot3_gazebo/lib/pkgconfig/turtlebot3_gazebo.pc'
[1.409s] Level 1:colcon.colcon_core.environment:checking '/home/anthony/Desktop/Assignment8/install/turtlebot3_gazebo/lib/python3.10/site-packages'
[1.409s] Level 1:colcon.colcon_core.environment:checking '/home/anthony/Desktop/Assignment8/install/turtlebot3_gazebo/bin'
[1.410s] INFO:colcon.colcon_core.shell:Creating package script '/home/anthony/Desktop/Assignment8/install/turtlebot3_gazebo/share/turtlebot3_gazebo/package.ps1'
[1.411s] INFO:colcon.colcon_core.shell:Creating package descriptor '/home/anthony/Desktop/Assignment8/install/turtlebot3_gazebo/share/turtlebot3_gazebo/package.dsv'
[1.411s] INFO:colcon.colcon_core.shell:Creating package script '/home/anthony/Desktop/Assignment8/install/turtlebot3_gazebo/share/turtlebot3_gazebo/package.sh'
[1.412s] INFO:colcon.colcon_core.shell:Creating package script '/home/anthony/Desktop/Assignment8/install/turtlebot3_gazebo/share/turtlebot3_gazebo/package.bash'
[1.412s] INFO:colcon.colcon_core.shell:Creating package script '/home/anthony/Desktop/Assignment8/install/turtlebot3_gazebo/share/turtlebot3_gazebo/package.zsh'
[1.413s] Level 1:colcon.colcon_core.environment:create_file_with_runtime_dependencies(/home/anthony/Desktop/Assignment8/install/turtlebot3_gazebo/share/colcon-core/packages/turtlebot3_gazebo)
[1.413s] INFO:colcon.colcon_ros.task.ament_cmake.build:Building ROS package in '/home/anthony/Desktop/Assignment8/src/turtlebot3_simulations/turtlebot3_simulations' with build type 'ament_cmake'
[1.414s] INFO:colcon.colcon_cmake.task.cmake.build:Building CMake package in '/home/anthony/Desktop/Assignment8/src/turtlebot3_simulations/turtlebot3_simulations'
[1.414s] INFO:colcon.colcon_core.shell:Skip shell extension 'powershell' for command environment: Not usable outside of PowerShell
[1.414s] DEBUG:colcon.colcon_core.shell:Skip shell extension 'dsv' for command environment
[1.434s] DEBUG:colcon.colcon_core.event_handler.log_command:Invoking command in '/home/anthony/Desktop/Assignment8/build/turtlebot3_simulations': AMENT_PREFIX_PATH=/home/anthony/Desktop/Assignment8/install/turtlebot3_gazebo:/home/anthony/Desktop/Assignment8/install/turtlebot3_fake_node:${AMENT_PREFIX_PATH} CMAKE_PREFIX_PATH=/home/anthony/Desktop/Assignment8/install/turtlebot3_gazebo:/home/anthony/Desktop/Assignment8/install/turtlebot3_fake_node:/opt/ros/humble /usr/bin/cmake --build /home/anthony/Desktop/Assignment8/build/turtlebot3_simulations -- -j3 -l3
[1.510s] DEBUG:colcon.colcon_core.event_handler.log_command:Invoked command in '/home/anthony/Desktop/Assignment8/build/turtlebot3_simulations' returned '0': AMENT_PREFIX_PATH=/home/anthony/Desktop/Assignment8/install/turtlebot3_gazebo:/home/anthony/Desktop/Assignment8/install/turtlebot3_fake_node:${AMENT_PREFIX_PATH} CMAKE_PREFIX_PATH=/home/anthony/Desktop/Assignment8/install/turtlebot3_gazebo:/home/anthony/Desktop/Assignment8/install/turtlebot3_fake_node:/opt/ros/humble /usr/bin/cmake --build /home/anthony/Desktop/Assignment8/build/turtlebot3_simulations -- -j3 -l3
[1.543s] DEBUG:colcon.colcon_core.event_handler.log_command:Invoked command in '/home/anthony/Desktop/Assignment8/build/turtlebot3_interfaces' returned '0': /usr/bin/cmake --build /home/anthony/Desktop/Assignment8/build/turtlebot3_interfaces -- -j3 -l3
[1.568s] DEBUG:colcon.colcon_core.event_handler.log_command:Invoking command in '/home/anthony/Desktop/Assignment8/build/turtlebot3_simulations': AMENT_PREFIX_PATH=/home/anthony/Desktop/Assignment8/install/turtlebot3_gazebo:/home/anthony/Desktop/Assignment8/install/turtlebot3_fake_node:${AMENT_PREFIX_PATH} CMAKE_PREFIX_PATH=/home/anthony/Desktop/Assignment8/install/turtlebot3_gazebo:/home/anthony/Desktop/Assignment8/install/turtlebot3_fake_node:/opt/ros/humble /usr/bin/cmake --install /home/anthony/Desktop/Assignment8/build/turtlebot3_simulations
[1.616s] Level 1:colcon.colcon_core.environment:create_environment_scripts_only(turtlebot3_simulations)
[1.616s] Level 1:colcon.colcon_core.environment:checking '/home/anthony/Desktop/Assignment8/install/turtlebot3_simulations' for CMake module files
[1.617s] Level 1:colcon.colcon_core.environment:checking '/home/anthony/Desktop/Assignment8/install/turtlebot3_simulations' for CMake config files
[1.618s] Level 1:colcon.colcon_core.shell:create_environment_hook('turtlebot3_simulations', 'cmake_prefix_path')
[1.618s] INFO:colcon.colcon_core.shell:Creating environment hook '/home/anthony/Desktop/Assignment8/install/turtlebot3_simulations/share/turtlebot3_simulations/hook/cmake_prefix_path.ps1'
[1.619s] INFO:colcon.colcon_core.shell:Creating environment descriptor '/home/anthony/Desktop/Assignment8/install/turtlebot3_simulations/share/turtlebot3_simulations/hook/cmake_prefix_path.dsv'
[1.619s] DEBUG:colcon.colcon_core.event_handler.log_command:Invoked command in '/home/anthony/Desktop/Assignment8/build/turtlebot3_simulations' returned '0': AMENT_PREFIX_PATH=/home/anthony/Desktop/Assignment8/install/turtlebot3_gazebo:/home/anthony/Desktop/Assignment8/install/turtlebot3_fake_node:${AMENT_PREFIX_PATH} CMAKE_PREFIX_PATH=/home/anthony/Desktop/Assignment8/install/turtlebot3_gazebo:/home/anthony/Desktop/Assignment8/install/turtlebot3_fake_node:/opt/ros/humble /usr/bin/cmake --install /home/anthony/Desktop/Assignment8/build/turtlebot3_simulations
[1.620s] INFO:colcon.colcon_core.shell:Creating environment hook '/home/anthony/Desktop/Assignment8/install/turtlebot3_simulations/share/turtlebot3_simulations/hook/cmake_prefix_path.sh'
[1.622s] Level 1:colcon.colcon_core.environment:checking '/home/anthony/Desktop/Assignment8/install/turtlebot3_simulations/bin'
[1.622s] Level 1:colcon.colcon_core.environment:checking '/home/anthony/Desktop/Assignment8/install/turtlebot3_simulations/lib/pkgconfig/turtlebot3_simulations.pc'
[1.623s] Level 1:colcon.colcon_core.environment:checking '/home/anthony/Desktop/Assignment8/install/turtlebot3_simulations/lib/python3.10/site-packages'
[1.624s] Level 1:colcon.colcon_core.environment:checking '/home/anthony/Desktop/Assignment8/install/turtlebot3_simulations/bin'
[1.625s] INFO:colcon.colcon_core.shell:Creating package script '/home/anthony/Desktop/Assignment8/install/turtlebot3_simulations/share/turtlebot3_simulations/package.ps1'
[1.627s] INFO:colcon.colcon_core.shell:Creating package descriptor '/home/anthony/Desktop/Assignment8/install/turtlebot3_simulations/share/turtlebot3_simulations/package.dsv'
[1.628s] INFO:colcon.colcon_core.shell:Creating package script '/home/anthony/Desktop/Assignment8/install/turtlebot3_simulations/share/turtlebot3_simulations/package.sh'
[1.629s] INFO:colcon.colcon_core.shell:Creating package script '/home/anthony/Desktop/Assignment8/install/turtlebot3_simulations/share/turtlebot3_simulations/package.bash'
[1.630s] INFO:colcon.colcon_core.shell:Creating package script '/home/anthony/Desktop/Assignment8/install/turtlebot3_simulations/share/turtlebot3_simulations/package.zsh'
[1.630s] Level 1:colcon.colcon_core.environment:create_file_with_runtime_dependencies(/home/anthony/Desktop/Assignment8/install/turtlebot3_simulations/share/colcon-core/packages/turtlebot3_simulations)
[1.681s] Level 1:colcon.colcon_core.environment:create_environment_scripts_only(turtlebot3_simulations)
[1.682s] Level 1:colcon.colcon_core.environment:checking '/home/anthony/Desktop/Assignment8/install/turtlebot3_simulations' for CMake module files
[1.683s] Level 1:colcon.colcon_core.environment:checking '/home/anthony/Desktop/Assignment8/install/turtlebot3_simulations' for CMake config files
[1.684s] Level 1:colcon.colcon_core.shell:create_environment_hook('turtlebot3_simulations', 'cmake_prefix_path')
[1.685s] INFO:colcon.colcon_core.shell:Creating environment hook '/home/anthony/Desktop/Assignment8/install/turtlebot3_simulations/share/turtlebot3_simulations/hook/cmake_prefix_path.ps1'
[1.687s] INFO:colcon.colcon_core.shell:Creating environment descriptor '/home/anthony/Desktop/Assignment8/install/turtlebot3_simulations/share/turtlebot3_simulations/hook/cmake_prefix_path.dsv'
[1.689s] INFO:colcon.colcon_core.shell:Creating environment hook '/home/anthony/Desktop/Assignment8/install/turtlebot3_simulations/share/turtlebot3_simulations/hook/cmake_prefix_path.sh'
[1.691s] Level 1:colcon.colcon_core.environment:checking '/home/anthony/Desktop/Assignment8/install/turtlebot3_simulations/bin'
[1.691s] Level 1:colcon.colcon_core.environment:checking '/home/anthony/Desktop/Assignment8/install/turtlebot3_simulations/lib/pkgconfig/turtlebot3_simulations.pc'
[1.691s] Level 1:colcon.colcon_core.environment:checking '/home/anthony/Desktop/Assignment8/install/turtlebot3_simulations/lib/python3.10/site-packages'
[1.692s] Level 1:colcon.colcon_core.environment:checking '/home/anthony/Desktop/Assignment8/install/turtlebot3_simulations/bin'
[1.692s] INFO:colcon.colcon_core.shell:Creating package script '/home/anthony/Desktop/Assignment8/install/turtlebot3_simulations/share/turtlebot3_simulations/package.ps1'
[1.693s] INFO:colcon.colcon_core.shell:Creating package descriptor '/home/anthony/Desktop/Assignment8/install/turtlebot3_simulations/share/turtlebot3_simulations/package.dsv'
[1.694s] INFO:colcon.colcon_core.shell:Creating package script '/home/anthony/Desktop/Assignment8/install/turtlebot3_simulations/share/turtlebot3_simulations/package.sh'
[1.695s] INFO:colcon.colcon_core.shell:Creating package script '/home/anthony/Desktop/Assignment8/install/turtlebot3_simulations/share/turtlebot3_simulations/package.bash'
[1.695s] INFO:colcon.colcon_core.shell:Creating package script '/home/anthony/Desktop/Assignment8/install/turtlebot3_simulations/share/turtlebot3_simulations/package.zsh'
[1.696s] Level 1:colcon.colcon_core.environment:create_file_with_runtime_dependencies(/home/anthony/Desktop/Assignment8/install/turtlebot3_simulations/share/colcon-core/packages/turtlebot3_simulations)
[1.698s] INFO:colcon.colcon_ros.task.ament_python.build:Building ROS package in '/home/anthony/Desktop/Assignment8/src/turtlebot3_navigation' with build type 'ament_python'
[1.698s] Level 1:colcon.colcon_core.shell:create_environment_hook('turtlebot3_navigation', 'ament_prefix_path')
[1.698s] INFO:colcon.colcon_core.shell:Creating environment hook '/home/anthony/Desktop/Assignment8/install/turtlebot3_navigation/share/turtlebot3_navigation/hook/ament_prefix_path.ps1'
[1.699s] INFO:colcon.colcon_core.shell:Creating environment descriptor '/home/anthony/Desktop/Assignment8/install/turtlebot3_navigation/share/turtlebot3_navigation/hook/ament_prefix_path.dsv'
[1.700s] INFO:colcon.colcon_core.shell:Creating environment hook '/home/anthony/Desktop/Assignment8/install/turtlebot3_navigation/share/turtlebot3_navigation/hook/ament_prefix_path.sh'
[1.702s] INFO:colcon.colcon_core.shell:Skip shell extension 'powershell' for command environment: Not usable outside of PowerShell
[1.702s] DEBUG:colcon.colcon_core.shell:Skip shell extension 'dsv' for command environment
[1.726s] DEBUG:colcon.colcon_core.event_handler.log_command:Invoking command in '/home/anthony/Desktop/Assignment8/build/turtlebot3_interfaces': /usr/bin/cmake --install /home/anthony/Desktop/Assignment8/build/turtlebot3_interfaces
[2.352s] INFO:colcon.colcon_core.task.python.build:Building Python package in '/home/anthony/Desktop/Assignment8/src/turtlebot3_navigation'
[2.353s] INFO:colcon.colcon_core.shell:Skip shell extension 'powershell' for command environment: Not usable outside of PowerShell
[2.353s] DEBUG:colcon.colcon_core.shell:Skip shell extension 'dsv' for command environment
[2.368s] Level 1:colcon.colcon_core.environment:create_environment_scripts_only(turtlebot3_interfaces)
[2.369s] Level 1:colcon.colcon_core.environment:checking '/home/anthony/Desktop/Assignment8/install/turtlebot3_interfaces' for CMake module files
[2.371s] DEBUG:colcon.colcon_core.event_handler.log_command:Invoked command in '/home/anthony/Desktop/Assignment8/build/turtlebot3_interfaces' returned '0': /usr/bin/cmake --install /home/anthony/Desktop/Assignment8/build/turtlebot3_interfaces
[2.373s] Level 1:colcon.colcon_core.environment:checking '/home/anthony/Desktop/Assignment8/install/turtlebot3_interfaces' for CMake config files
[2.375s] Level 1:colcon.colcon_core.shell:create_environment_hook('turtlebot3_interfaces', 'cmake_prefix_path')
[2.376s] INFO:colcon.colcon_core.shell:Creating environment hook '/home/anthony/Desktop/Assignment8/install/turtlebot3_interfaces/share/turtlebot3_interfaces/hook/cmake_prefix_path.ps1'
[2.378s] INFO:colcon.colcon_core.shell:Creating environment descriptor '/home/anthony/Desktop/Assignment8/install/turtlebot3_interfaces/share/turtlebot3_interfaces/hook/cmake_prefix_path.dsv'
[2.378s] INFO:colcon.colcon_core.shell:Creating environment hook '/home/anthony/Desktop/Assignment8/install/turtlebot3_interfaces/share/turtlebot3_interfaces/hook/cmake_prefix_path.sh'
[2.379s] Level 1:colcon.colcon_core.environment:checking '/home/anthony/Desktop/Assignment8/install/turtlebot3_interfaces/lib'
[2.379s] Level 1:colcon.colcon_core.shell:create_environment_hook('turtlebot3_interfaces', 'ld_library_path_lib')
[2.380s] INFO:colcon.colcon_core.shell:Creating environment hook '/home/anthony/Desktop/Assignment8/install/turtlebot3_interfaces/share/turtlebot3_interfaces/hook/ld_library_path_lib.ps1'
[2.382s] INFO:colcon.colcon_core.shell:Creating environment descriptor '/home/anthony/Desktop/Assignment8/install/turtlebot3_interfaces/share/turtlebot3_interfaces/hook/ld_library_path_lib.dsv'
[2.383s] INFO:colcon.colcon_core.shell:Creating environment hook '/home/anthony/Desktop/Assignment8/install/turtlebot3_interfaces/share/turtlebot3_interfaces/hook/ld_library_path_lib.sh'
[2.385s] Level 1:colcon.colcon_core.environment:checking '/home/anthony/Desktop/Assignment8/install/turtlebot3_interfaces/bin'
[2.385s] Level 1:colcon.colcon_core.environment:checking '/home/anthony/Desktop/Assignment8/install/turtlebot3_interfaces/lib/pkgconfig/turtlebot3_interfaces.pc'
[2.386s] Level 1:colcon.colcon_core.environment:checking '/home/anthony/Desktop/Assignment8/install/turtlebot3_interfaces/lib/python3.10/site-packages'
[2.386s] Level 1:colcon.colcon_core.environment:checking '/home/anthony/Desktop/Assignment8/install/turtlebot3_interfaces/bin'
[2.388s] INFO:colcon.colcon_core.shell:Creating package script '/home/anthony/Desktop/Assignment8/install/turtlebot3_interfaces/share/turtlebot3_interfaces/package.ps1'
[2.390s] INFO:colcon.colcon_core.shell:Creating package descriptor '/home/anthony/Desktop/Assignment8/install/turtlebot3_interfaces/share/turtlebot3_interfaces/package.dsv'
[2.392s] INFO:colcon.colcon_core.shell:Creating package script '/home/anthony/Desktop/Assignment8/install/turtlebot3_interfaces/share/turtlebot3_interfaces/package.sh'
[2.394s] INFO:colcon.colcon_core.shell:Creating package script '/home/anthony/Desktop/Assignment8/install/turtlebot3_interfaces/share/turtlebot3_interfaces/package.bash'
[2.394s] INFO:colcon.colcon_core.shell:Creating package script '/home/anthony/Desktop/Assignment8/install/turtlebot3_interfaces/share/turtlebot3_interfaces/package.zsh'
[2.395s] Level 1:colcon.colcon_core.environment:create_file_with_runtime_dependencies(/home/anthony/Desktop/Assignment8/install/turtlebot3_interfaces/share/colcon-core/packages/turtlebot3_interfaces)
[2.659s] Level 1:colcon.colcon_core.environment:create_environment_scripts_only(turtlebot3_interfaces)
[2.660s] Level 1:colcon.colcon_core.environment:checking '/home/anthony/Desktop/Assignment8/install/turtlebot3_interfaces' for CMake module files
[2.662s] Level 1:colcon.colcon_core.environment:checking '/home/anthony/Desktop/Assignment8/install/turtlebot3_interfaces' for CMake config files
[2.663s] Level 1:colcon.colcon_core.shell:create_environment_hook('turtlebot3_interfaces', 'cmake_prefix_path')
[2.663s] INFO:colcon.colcon_core.shell:Creating environment hook '/home/anthony/Desktop/Assignment8/install/turtlebot3_interfaces/share/turtlebot3_interfaces/hook/cmake_prefix_path.ps1'
[2.665s] INFO:colcon.colcon_core.shell:Creating environment descriptor '/home/anthony/Desktop/Assignment8/install/turtlebot3_interfaces/share/turtlebot3_interfaces/hook/cmake_prefix_path.dsv'
[2.666s] INFO:colcon.colcon_core.shell:Creating environment hook '/home/anthony/Desktop/Assignment8/install/turtlebot3_interfaces/share/turtlebot3_interfaces/hook/cmake_prefix_path.sh'
[2.668s] Level 1:colcon.colcon_core.environment:checking '/home/anthony/Desktop/Assignment8/install/turtlebot3_interfaces/lib'
[2.668s] Level 1:colcon.colcon_core.shell:create_environment_hook('turtlebot3_interfaces', 'ld_library_path_lib')
[2.669s] INFO:colcon.colcon_core.shell:Creating environment hook '/home/anthony/Desktop/Assignment8/install/turtlebot3_interfaces/share/turtlebot3_interfaces/hook/ld_library_path_lib.ps1'
[2.670s] INFO:colcon.colcon_core.shell:Creating environment descriptor '/home/anthony/Desktop/Assignment8/install/turtlebot3_interfaces/share/turtlebot3_interfaces/hook/ld_library_path_lib.dsv'
[2.671s] INFO:colcon.colcon_core.shell:Creating environment hook '/home/anthony/Desktop/Assignment8/install/turtlebot3_interfaces/share/turtlebot3_interfaces/hook/ld_library_path_lib.sh'
[2.672s] Level 1:colcon.colcon_core.environment:checking '/home/anthony/Desktop/Assignment8/install/turtlebot3_interfaces/bin'
[2.672s] Level 1:colcon.colcon_core.environment:checking '/home/anthony/Desktop/Assignment8/install/turtlebot3_interfaces/lib/pkgconfig/turtlebot3_interfaces.pc'
[2.672s] Level 1:colcon.colcon_core.environment:checking '/home/anthony/Desktop/Assignment8/install/turtlebot3_interfaces/lib/python3.10/site-packages'
[2.673s] Level 1:colcon.colcon_core.environment:checking '/home/anthony/Desktop/Assignment8/install/turtlebot3_interfaces/bin'
[2.673s] INFO:colcon.colcon_core.shell:Creating package script '/home/anthony/Desktop/Assignment8/install/turtlebot3_interfaces/share/turtlebot3_interfaces/package.ps1'
[2.674s] INFO:colcon.colcon_core.shell:Creating package descriptor '/home/anthony/Desktop/Assignment8/install/turtlebot3_interfaces/share/turtlebot3_interfaces/package.dsv'
[2.675s] INFO:colcon.colcon_core.shell:Creating package script '/home/anthony/Desktop/Assignment8/install/turtlebot3_interfaces/share/turtlebot3_interfaces/package.sh'
[2.675s] INFO:colcon.colcon_core.shell:Creating package script '/home/anthony/Desktop/Assignment8/install/turtlebot3_interfaces/share/turtlebot3_interfaces/package.bash'
[2.676s] INFO:colcon.colcon_core.shell:Creating package script '/home/anthony/Desktop/Assignment8/install/turtlebot3_interfaces/share/turtlebot3_interfaces/package.zsh'
[2.677s] Level 1:colcon.colcon_core.environment:create_file_with_runtime_dependencies(/home/anthony/Desktop/Assignment8/install/turtlebot3_interfaces/share/colcon-core/packages/turtlebot3_interfaces)
[3.076s] DEBUG:colcon.colcon_core.event_handler.log_command:Invoking command in '/home/anthony/Desktop/Assignment8/build/turtlebot3_navigation': AMENT_PREFIX_PATH=/home/anthony/Desktop/Assignment8/install/turtlebot3_simulations:/home/anthony/Desktop/Assignment8/install/turtlebot3_gazebo:/home/anthony/Desktop/Assignment8/install/turtlebot3_fake_node:${AMENT_PREFIX_PATH} CMAKE_PREFIX_PATH=/home/anthony/Desktop/Assignment8/install/turtlebot3_simulations:/home/anthony/Desktop/Assignment8/install/turtlebot3_gazebo:/home/anthony/Desktop/Assignment8/install/turtlebot3_fake_node:/opt/ros/humble PYTHONPATH=/home/anthony/Desktop/Assignment8/build/turtlebot3_navigation/prefix_override:/usr/lib/python3/dist-packages/colcon_core/task/python/colcon_distutils_commands:/home/anthony/Desktop/Assignment8/install/turtlebot3_navigation/lib/python3.10/site-packages:${PYTHONPATH} /usr/bin/python3 -W ignore:setup.py install is deprecated setup.py develop --editable --build-directory /home/anthony/Desktop/Assignment8/build/turtlebot3_navigation/build --no-deps symlink_data
[4.162s] DEBUG:colcon.colcon_core.event_handler.log_command:Invoked command in '/home/anthony/Desktop/Assignment8/build/turtlebot3_navigation' returned '1': AMENT_PREFIX_PATH=/home/anthony/Desktop/Assignment8/install/turtlebot3_simulations:/home/anthony/Desktop/Assignment8/install/turtlebot3_gazebo:/home/anthony/Desktop/Assignment8/install/turtlebot3_fake_node:${AMENT_PREFIX_PATH} CMAKE_PREFIX_PATH=/home/anthony/Desktop/Assignment8/install/turtlebot3_simulations:/home/anthony/Desktop/Assignment8/install/turtlebot3_gazebo:/home/anthony/Desktop/Assignment8/install/turtlebot3_fake_node:/opt/ros/humble PYTHONPATH=/home/anthony/Desktop/Assignment8/build/turtlebot3_navigation/prefix_override:/usr/lib/python3/dist-packages/colcon_core/task/python/colcon_distutils_commands:/home/anthony/Desktop/Assignment8/install/turtlebot3_navigation/lib/python3.10/site-packages:${PYTHONPATH} /usr/bin/python3 -W ignore:setup.py install is deprecated setup.py develop --editable --build-directory /home/anthony/Desktop/Assignment8/build/turtlebot3_navigation/build --no-deps symlink_data
[4.172s] DEBUG:colcon.colcon_parallel_executor.executor.parallel:closing loop
[4.172s] DEBUG:colcon.colcon_parallel_executor.executor.parallel:loop closed
[4.173s] DEBUG:colcon.colcon_parallel_executor.executor.parallel:run_until_complete finished with '1'
[4.173s] DEBUG:colcon.colcon_core.event_reactor:joining thread
[4.191s] INFO:colcon.colcon_core.plugin_system:Skipping extension 'colcon_notification.desktop_notification.terminal_notifier': Not used on non-Darwin systems
[4.192s] INFO:colcon.colcon_core.plugin_system:Skipping extension 'colcon_notification.desktop_notification.win32': Not used on non-Windows systems
[4.192s] INFO:colcon.colcon_notification.desktop_notification:Sending desktop notification using 'notify2'
[4.230s] DEBUG:colcon.colcon_core.event_reactor:joined thread
[4.231s] INFO:colcon.colcon_core.shell:Creating prefix script '/home/anthony/Desktop/Assignment8/install/local_setup.ps1'
[4.235s] INFO:colcon.colcon_core.shell:Creating prefix util module '/home/anthony/Desktop/Assignment8/install/_local_setup_util_ps1.py'
[4.242s] INFO:colcon.colcon_core.shell:Creating prefix chain script '/home/anthony/Desktop/Assignment8/install/setup.ps1'
[4.244s] INFO:colcon.colcon_core.shell:Creating prefix script '/home/anthony/Desktop/Assignment8/install/local_setup.sh'
[4.246s] INFO:colcon.colcon_core.shell:Creating prefix util module '/home/anthony/Desktop/Assignment8/install/_local_setup_util_sh.py'
[4.247s] INFO:colcon.colcon_core.shell:Creating prefix chain script '/home/anthony/Desktop/Assignment8/install/setup.sh'
[4.252s] INFO:colcon.colcon_core.shell:Creating prefix script '/home/anthony/Desktop/Assignment8/install/local_setup.bash'
[4.255s] INFO:colcon.colcon_core.shell:Creating prefix chain script '/home/anthony/Desktop/Assignment8/install/setup.bash'
[4.258s] INFO:colcon.colcon_core.shell:Creating prefix script '/home/anthony/Desktop/Assignment8/install/local_setup.zsh'
[4.261s] INFO:colcon.colcon_core.shell:Creating prefix chain script '/home/anthony/Desktop/Assignment8/install/setup.zsh'
