[0.077s] Invoking command in '/home/anthony/Desktop/Assignment8/build/turtlebot3_simulations': CMAKE_PREFIX_PATH=/home/anthony/Desktop/Assignment8/install/turtlebot3_gazebo:/home/anthony/Desktop/Assignment8/install/turtlebot3_fake_node:/home/anthony/Desktop/Assignment8/install/turtlebot3_simulations:/home/anthony/Desktop/Assignment8/install/turtlebot3_interfaces:/opt/ros/humble:/home/anthony/Desktop/Assignment8/install/turtlebot3_navigation /usr/bin/cmake --build /home/anthony/Desktop/Assignment8/build/turtlebot3_simulations -- -j3 -l3
[0.312s] Invoked command in '/home/anthony/Desktop/Assignment8/build/turtlebot3_simulations' returned '0': CMAKE_PREFIX_PATH=/home/anthony/Desktop/Assignment8/install/turtlebot3_gazebo:/home/anthony/Desktop/Assignment8/install/turtlebot3_fake_node:/home/anthony/Desktop/Assignment8/install/turtlebot3_simulations:/home/anthony/Desktop/Assignment8/install/turtlebot3_interfaces:/opt/ros/humble:/home/anthony/Desktop/Assignment8/install/turtlebot3_navigation /usr/bin/cmake --build /home/anthony/Desktop/Assignment8/build/turtlebot3_simulations -- -j3 -l3
[0.461s] Invoking command in '/home/anthony/Desktop/Assignment8/build/turtlebot3_simulations': CMAKE_PREFIX_PATH=/home/anthony/Desktop/Assignment8/install/turtlebot3_gazebo:/home/anthony/Desktop/Assignment8/install/turtlebot3_fake_node:/home/anthony/Desktop/Assignment8/install/turtlebot3_simulations:/home/anthony/Desktop/Assignment8/install/turtlebot3_interfaces:/opt/ros/humble:/home/anthony/Desktop/Assignment8/install/turtlebot3_navigation /usr/bin/cmake --install /home/anthony/Desktop/Assignment8/build/turtlebot3_simulations
[0.503s] -- Install configuration: ""
[0.515s] -- Execute custom install script
[0.517s] -- Up-to-date symlink: /home/anthony/Desktop/Assignment8/install/turtlebot3_simulations/share/ament_index/resource_index/package_run_dependencies/turtlebot3_simulations
[0.517s] -- Up-to-date symlink: /home/anthony/Desktop/Assignment8/install/turtlebot3_simulations/share/ament_index/resource_index/parent_prefix_path/turtlebot3_simulations
[0.519s] -- Up-to-date symlink: /home/anthony/Desktop/Assignment8/install/turtlebot3_simulations/share/turtlebot3_simulations/environment/ament_prefix_path.sh
[0.520s] -- Up-to-date symlink: /home/anthony/Desktop/Assignment8/install/turtlebot3_simulations/share/turtlebot3_simulations/environment/ament_prefix_path.dsv
[0.521s] -- Up-to-date symlink: /home/anthony/Desktop/Assignment8/install/turtlebot3_simulations/share/turtlebot3_simulations/environment/path.sh
[0.522s] -- Up-to-date symlink: /home/anthony/Desktop/Assignment8/install/turtlebot3_simulations/share/turtlebot3_simulations/environment/path.dsv
[0.524s] -- Up-to-date symlink: /home/anthony/Desktop/Assignment8/install/turtlebot3_simulations/share/turtlebot3_simulations/local_setup.bash
[0.527s] -- Up-to-date symlink: /home/anthony/Desktop/Assignment8/install/turtlebot3_simulations/share/turtlebot3_simulations/local_setup.sh
[0.529s] -- Up-to-date symlink: /home/anthony/Desktop/Assignment8/install/turtlebot3_simulations/share/turtlebot3_simulations/local_setup.zsh
[0.533s] -- Up-to-date symlink: /home/anthony/Desktop/Assignment8/install/turtlebot3_simulations/share/turtlebot3_simulations/local_setup.dsv
[0.533s] -- Symlinking: /home/anthony/Desktop/Assignment8/install/turtlebot3_simulations/share/turtlebot3_simulations/package.dsv
[0.573s] -- Up-to-date symlink: /home/anthony/Desktop/Assignment8/install/turtlebot3_simulations/share/ament_index/resource_index/packages/turtlebot3_simulations
[0.575s] -- Up-to-date symlink: /home/anthony/Desktop/Assignment8/install/turtlebot3_simulations/share/turtlebot3_simulations/cmake/turtlebot3_simulationsConfig.cmake
[0.576s] -- Up-to-date symlink: /home/anthony/Desktop/Assignment8/install/turtlebot3_simulations/share/turtlebot3_simulations/cmake/turtlebot3_simulationsConfig-version.cmake
[0.577s] -- Up-to-date symlink: /home/anthony/Desktop/Assignment8/install/turtlebot3_simulations/share/turtlebot3_simulations/package.xml
[0.589s] Invoked command in '/home/anthony/Desktop/Assignment8/build/turtlebot3_simulations' returned '0': CMAKE_PREFIX_PATH=/home/anthony/Desktop/Assignment8/install/turtlebot3_gazebo:/home/anthony/Desktop/Assignment8/install/turtlebot3_fake_node:/home/anthony/Desktop/Assignment8/install/turtlebot3_simulations:/home/anthony/Desktop/Assignment8/install/turtlebot3_interfaces:/opt/ros/humble:/home/anthony/Desktop/Assignment8/install/turtlebot3_navigation /usr/bin/cmake --install /home/anthony/Desktop/Assignment8/build/turtlebot3_simulations
