[0.081s] Invoking command in '/home/anthony/Desktop/Assignment8/build/turtlebot3_gazebo': CMAKE_PREFIX_PATH=${CMAKE_PREFIX_PATH}:/home/anthony/Desktop/Assignment8/install/turtlebot3_navigation /usr/bin/cmake /home/anthony/Desktop/Assignment8/src/turtlebot3_simulations/turtlebot3_gazebo -DCMAKE_INSTALL_PREFIX=/home/anthony/Desktop/Assignment8/install/turtlebot3_gazebo
[0.132s] -- Found ament_cmake: 1.3.9 (/opt/ros/humble/share/ament_cmake/cmake)
[0.327s] -- Override CMake install command with custom implementation using symlinks instead of copying resources
[0.356s] [33mCMake Warning (dev) at /usr/share/cmake-3.22/Modules/FindPackageHandleStandardArgs.cmake:438 (message):
[0.356s]   The package name passed to `find_package_handle_standard_args` (PkgConfig)
[0.356s]   does not match the name of the calling package (gazebo).  This can lead to
[0.356s]   problems in calling code that expects `find_package` result variables
[0.356s]   (e.g., `_FOUND`) to follow a certain pattern.
[0.356s] Call Stack (most recent call first):
[0.357s]   /usr/share/cmake-3.22/Modules/FindPkgConfig.cmake:99 (find_package_handle_standard_args)
[0.357s]   /usr/lib/x86_64-linux-gnu/cmake/gazebo/gazebo-config.cmake:72 (include)
[0.357s]   CMakeLists.txt:23 (find_package)
[0.357s] This warning is for project developers.  Use -Wno-dev to suppress it.
[0.357s] [0m
[0.406s] -- Found DART: /usr/include (Required is at least version "6.6") found components: dart 
[0.502s] -- Found Protobuf: /usr/lib/x86_64-linux-gnu/libprotobuf.so (found version "3.12.4") 
[0.508s] -- Looking for ignition-math6 -- found version 6.15.1
[0.530s] -- Searching for dependencies of ignition-math6
[0.535s] -- Looking for OGRE...
[0.560s] -- Found Ogre Ghadamon (1.9.0)
[0.563s] -- Found OGRE: optimized;/usr/lib/x86_64-linux-gnu/libOgreMain.so;debug;/usr/lib/x86_64-linux-gnu/libOgreMain.so
[0.601s] -- Looking for OGRE_Paging...
[0.602s] -- Found OGRE_Paging: optimized;/usr/lib/x86_64-linux-gnu/libOgrePaging.so;debug;/usr/lib/x86_64-linux-gnu/libOgrePaging.so
[0.602s] -- Looking for OGRE_Terrain...
[0.603s] -- Found OGRE_Terrain: optimized;/usr/lib/x86_64-linux-gnu/libOgreTerrain.so;debug;/usr/lib/x86_64-linux-gnu/libOgreTerrain.so
[0.603s] -- Looking for OGRE_Property...
[0.604s] -- Found OGRE_Property: optimized;/usr/lib/x86_64-linux-gnu/libOgreProperty.so;debug;/usr/lib/x86_64-linux-gnu/libOgreProperty.so
[0.604s] -- Looking for OGRE_RTShaderSystem...
[0.605s] -- Found OGRE_RTShaderSystem: optimized;/usr/lib/x86_64-linux-gnu/libOgreRTShaderSystem.so;debug;/usr/lib/x86_64-linux-gnu/libOgreRTShaderSystem.so
[0.605s] -- Looking for OGRE_Volume...
[0.606s] -- Found OGRE_Volume: optimized;/usr/lib/x86_64-linux-gnu/libOgreVolume.so;debug;/usr/lib/x86_64-linux-gnu/libOgreVolume.so
[0.612s] -- Looking for OGRE_Overlay...
[0.613s] -- Found OGRE_Overlay: optimized;/usr/lib/x86_64-linux-gnu/libOgreOverlay.so;debug;/usr/lib/x86_64-linux-gnu/libOgreOverlay.so
[0.801s] -- Looking for ignition-math6 -- found version 6.15.1
[0.804s] -- Looking for ignition-transport8 -- found version 8.2.1
[0.805s] -- Searching for dependencies of ignition-transport8
[0.854s] -- Found Protobuf: /usr/lib/x86_64-linux-gnu/libprotobuf.so (found suitable version "3.12.4", minimum required is "3") 
[0.874s] -- Config-file not installed for ZeroMQ -- checking for pkg-config
[0.884s] -- Checking for module 'libzmq >= 4'
[0.939s] --   Found libzmq , version 4.3.4
[1.022s] -- Checking for module 'uuid'
[1.060s] --   Found uuid, version 2.37.2
[1.128s] -- Looking for ignition-msgs5 -- found version 5.8.1
[1.129s] -- Searching for dependencies of ignition-msgs5
[1.176s] -- Looking for ignition-math6 -- found version 6.15.1
[1.188s] -- Checking for module 'tinyxml2'
[1.248s] --   Found tinyxml2, version 9.0.0
[1.333s] -- Looking for ignition-msgs5 -- found version 5.8.1
[1.337s] -- Looking for ignition-common3 -- found version 3.14.0
[1.337s] -- Searching for dependencies of ignition-common3
[1.338s] -- Looking for dlfcn.h - found
[1.338s] -- Looking for libdl - found
[1.385s] -- Searching for <ignition-common3> component [graphics]
[1.388s] -- Looking for ignition-common3-graphics -- found version 3.14.0
[1.390s] -- Searching for dependencies of ignition-common3-graphics
[1.392s] -- Looking for ignition-math6 -- found version 6.15.1
[1.398s] -- Looking for ignition-fuel_tools4 -- found version 4.4.0
[1.399s] -- Searching for dependencies of ignition-fuel_tools4
[1.494s] -- Checking for module 'jsoncpp'
[1.566s] --   Found jsoncpp, version 1.9.5
[1.747s] -- Checking for module 'libzip'
[1.777s] --   Found libzip, version 1.7.3
[1.878s] -- Looking for ignition-common3 -- found version 3.14.0
[1.879s] -- Looking for ignition-math6 -- found version 6.15.1
[1.880s] -- Looking for ignition-msgs5 -- found version 5.8.1
[1.888s] -- Found gazebo_ros_pkgs: 3.7.0 (/opt/ros/humble/share/gazebo_ros_pkgs/cmake)
[1.889s] -- Found geometry_msgs: 4.2.4 (/opt/ros/humble/share/geometry_msgs/cmake)
[1.906s] -- Found rosidl_generator_c: 3.1.5 (/opt/ros/humble/share/rosidl_generator_c/cmake)
[1.908s] -- Found rosidl_adapter: 3.1.5 (/opt/ros/humble/share/rosidl_adapter/cmake)
[1.913s] -- Found rosidl_generator_cpp: 3.1.5 (/opt/ros/humble/share/rosidl_generator_cpp/cmake)
[1.924s] -- Using all available rosidl_typesupport_c: rosidl_typesupport_fastrtps_c;rosidl_typesupport_introspection_c
[1.945s] -- Using all available rosidl_typesupport_cpp: rosidl_typesupport_fastrtps_cpp;rosidl_typesupport_introspection_cpp
[2.130s] -- Found nav_msgs: 4.2.4 (/opt/ros/humble/share/nav_msgs/cmake)
[2.239s] -- Found rclcpp: 16.0.9 (/opt/ros/humble/share/rclcpp/cmake)
[2.294s] -- Found rmw_implementation_cmake: 6.1.2 (/opt/ros/humble/share/rmw_implementation_cmake/cmake)
[2.296s] -- Found rmw_fastrtps_cpp: 6.2.6 (/opt/ros/humble/share/rmw_fastrtps_cpp/cmake)
[2.545s] -- Using RMW implementation 'rmw_fastrtps_cpp' as default
[2.797s] -- Found sensor_msgs: 4.2.4 (/opt/ros/humble/share/sensor_msgs/cmake)
[2.949s] -- Found tf2: 0.25.7 (/opt/ros/humble/share/tf2/cmake)
[3.114s] -- Configuring done
[3.192s] -- Generating done
[3.192s] -- Build files have been written to: /home/anthony/Desktop/Assignment8/build/turtlebot3_gazebo
[3.220s] Invoked command in '/home/anthony/Desktop/Assignment8/build/turtlebot3_gazebo' returned '0': CMAKE_PREFIX_PATH=${CMAKE_PREFIX_PATH}:/home/anthony/Desktop/Assignment8/install/turtlebot3_navigation /usr/bin/cmake /home/anthony/Desktop/Assignment8/src/turtlebot3_simulations/turtlebot3_gazebo -DCMAKE_INSTALL_PREFIX=/home/anthony/Desktop/Assignment8/install/turtlebot3_gazebo
[3.221s] Invoking command in '/home/anthony/Desktop/Assignment8/build/turtlebot3_gazebo': CMAKE_PREFIX_PATH=${CMAKE_PREFIX_PATH}:/home/anthony/Desktop/Assignment8/install/turtlebot3_navigation /usr/bin/cmake --build /home/anthony/Desktop/Assignment8/build/turtlebot3_gazebo -- -j3 -l3
[3.345s] [35m[1mConsolidate compiler generated dependencies of target turtlebot3_drive[0m
[3.352s] [35m[1mConsolidate compiler generated dependencies of target obstacle1[0m
[3.371s] [35m[1mConsolidate compiler generated dependencies of target obstacle2[0m
[3.375s] [ 25%] Built target turtlebot3_drive
[3.406s] [35m[1mConsolidate compiler generated dependencies of target obstacles[0m
[3.485s] [ 50%] Built target obstacle1
[3.500s] [ 75%] Built target obstacle2
[3.506s] [100%] Built target obstacles
[3.533s] Invoked command in '/home/anthony/Desktop/Assignment8/build/turtlebot3_gazebo' returned '0': CMAKE_PREFIX_PATH=${CMAKE_PREFIX_PATH}:/home/anthony/Desktop/Assignment8/install/turtlebot3_navigation /usr/bin/cmake --build /home/anthony/Desktop/Assignment8/build/turtlebot3_gazebo -- -j3 -l3
[3.623s] Invoking command in '/home/anthony/Desktop/Assignment8/build/turtlebot3_gazebo': CMAKE_PREFIX_PATH=${CMAKE_PREFIX_PATH}:/home/anthony/Desktop/Assignment8/install/turtlebot3_navigation /usr/bin/cmake --install /home/anthony/Desktop/Assignment8/build/turtlebot3_gazebo
[3.648s] -- Install configuration: ""
[3.648s] -- Execute custom install script
[3.648s] -- Up-to-date symlink: /home/anthony/Desktop/Assignment8/install/turtlebot3_gazebo/lib/turtlebot3_gazebo/turtlebot3_drive
[3.648s] -- Up-to-date symlink: /home/anthony/Desktop/Assignment8/install/turtlebot3_gazebo/share/turtlebot3_gazebo//launch/empty_world.launch.py
[3.648s] -- Up-to-date symlink: /home/anthony/Desktop/Assignment8/install/turtlebot3_gazebo/share/turtlebot3_gazebo//launch/robot_state_publisher.launch.py
[3.648s] -- Up-to-date symlink: /home/anthony/Desktop/Assignment8/install/turtlebot3_gazebo/share/turtlebot3_gazebo//launch/spawn_turtlebot3.launch.py
[3.648s] -- Up-to-date symlink: /home/anthony/Desktop/Assignment8/install/turtlebot3_gazebo/share/turtlebot3_gazebo//launch/turtlebot3_dqn_stage1.launch.py
[3.648s] -- Up-to-date symlink: /home/anthony/Desktop/Assignment8/install/turtlebot3_gazebo/share/turtlebot3_gazebo//launch/turtlebot3_dqn_stage2.launch.py
[3.650s] -- Up-to-date symlink: /home/anthony/Desktop/Assignment8/install/turtlebot3_gazebo/share/turtlebot3_gazebo//launch/turtlebot3_dqn_stage3.launch.py
[3.650s] -- Up-to-date symlink: /home/anthony/Desktop/Assignment8/install/turtlebot3_gazebo/share/turtlebot3_gazebo//launch/turtlebot3_dqn_stage4.launch.py
[3.650s] -- Up-to-date symlink: /home/anthony/Desktop/Assignment8/install/turtlebot3_gazebo/share/turtlebot3_gazebo//launch/turtlebot3_house.launch.py
[3.650s] -- Up-to-date symlink: /home/anthony/Desktop/Assignment8/install/turtlebot3_gazebo/share/turtlebot3_gazebo//launch/turtlebot3_world.launch.py
[3.652s] -- Up-to-date symlink: /home/anthony/Desktop/Assignment8/install/turtlebot3_gazebo/share/turtlebot3_gazebo//models/turtlebot3_burger/model-1_4.sdf
[3.653s] -- Up-to-date symlink: /home/anthony/Desktop/Assignment8/install/turtlebot3_gazebo/share/turtlebot3_gazebo//models/turtlebot3_burger/model.config
[3.653s] -- Up-to-date symlink: /home/anthony/Desktop/Assignment8/install/turtlebot3_gazebo/share/turtlebot3_gazebo//models/turtlebot3_burger/model.sdf
[3.653s] -- Up-to-date symlink: /home/anthony/Desktop/Assignment8/install/turtlebot3_gazebo/share/turtlebot3_gazebo//models/turtlebot3_common/meshes/burger_base.dae
[3.654s] -- Up-to-date symlink: /home/anthony/Desktop/Assignment8/install/turtlebot3_gazebo/share/turtlebot3_gazebo//models/turtlebot3_common/meshes/lds.dae
[3.654s] -- Up-to-date symlink: /home/anthony/Desktop/Assignment8/install/turtlebot3_gazebo/share/turtlebot3_gazebo//models/turtlebot3_common/meshes/r200.dae
[3.655s] -- Up-to-date symlink: /home/anthony/Desktop/Assignment8/install/turtlebot3_gazebo/share/turtlebot3_gazebo//models/turtlebot3_common/meshes/tire.dae
[3.655s] -- Up-to-date symlink: /home/anthony/Desktop/Assignment8/install/turtlebot3_gazebo/share/turtlebot3_gazebo//models/turtlebot3_common/meshes/waffle_base.dae
[3.655s] -- Up-to-date symlink: /home/anthony/Desktop/Assignment8/install/turtlebot3_gazebo/share/turtlebot3_gazebo//models/turtlebot3_common/meshes/waffle_pi_base.dae
[3.655s] -- Up-to-date symlink: /home/anthony/Desktop/Assignment8/install/turtlebot3_gazebo/share/turtlebot3_gazebo//models/turtlebot3_common/model.config
[3.655s] -- Up-to-date symlink: /home/anthony/Desktop/Assignment8/install/turtlebot3_gazebo/share/turtlebot3_gazebo//models/turtlebot3_dqn_world/goal_box/model.config
[3.655s] -- Up-to-date symlink: /home/anthony/Desktop/Assignment8/install/turtlebot3_gazebo/share/turtlebot3_gazebo//models/turtlebot3_dqn_world/goal_box/model.sdf
[3.656s] -- Up-to-date symlink: /home/anthony/Desktop/Assignment8/install/turtlebot3_gazebo/share/turtlebot3_gazebo//models/turtlebot3_dqn_world/inner_walls/model.config
[3.656s] -- Up-to-date symlink: /home/anthony/Desktop/Assignment8/install/turtlebot3_gazebo/share/turtlebot3_gazebo//models/turtlebot3_dqn_world/inner_walls/model.sdf
[3.656s] -- Up-to-date symlink: /home/anthony/Desktop/Assignment8/install/turtlebot3_gazebo/share/turtlebot3_gazebo//models/turtlebot3_dqn_world/model.config
[3.656s] -- Up-to-date symlink: /home/anthony/Desktop/Assignment8/install/turtlebot3_gazebo/share/turtlebot3_gazebo//models/turtlebot3_dqn_world/model.sdf
[3.656s] -- Up-to-date symlink: /home/anthony/Desktop/Assignment8/install/turtlebot3_gazebo/share/turtlebot3_gazebo//models/turtlebot3_dqn_world/obstacle1/model.config
[3.656s] -- Up-to-date symlink: /home/anthony/Desktop/Assignment8/install/turtlebot3_gazebo/share/turtlebot3_gazebo//models/turtlebot3_dqn_world/obstacle1/model.sdf
[3.657s] -- Up-to-date symlink: /home/anthony/Desktop/Assignment8/install/turtlebot3_gazebo/share/turtlebot3_gazebo//models/turtlebot3_dqn_world/obstacle2/model.config
[3.658s] -- Up-to-date symlink: /home/anthony/Desktop/Assignment8/install/turtlebot3_gazebo/share/turtlebot3_gazebo//models/turtlebot3_dqn_world/obstacle2/model.sdf
[3.658s] -- Up-to-date symlink: /home/anthony/Desktop/Assignment8/install/turtlebot3_gazebo/share/turtlebot3_gazebo//models/turtlebot3_dqn_world/obstacle_plugin/CMakeLists.txt
[3.658s] -- Up-to-date symlink: /home/anthony/Desktop/Assignment8/install/turtlebot3_gazebo/share/turtlebot3_gazebo//models/turtlebot3_dqn_world/obstacle_plugin/obstacle1.cc
[3.658s] -- Up-to-date symlink: /home/anthony/Desktop/Assignment8/install/turtlebot3_gazebo/share/turtlebot3_gazebo//models/turtlebot3_dqn_world/obstacle_plugin/obstacle2.cc
[3.658s] -- Up-to-date symlink: /home/anthony/Desktop/Assignment8/install/turtlebot3_gazebo/share/turtlebot3_gazebo//models/turtlebot3_dqn_world/obstacle_plugin/obstacles.cc
[3.659s] -- Up-to-date symlink: /home/anthony/Desktop/Assignment8/install/turtlebot3_gazebo/share/turtlebot3_gazebo//models/turtlebot3_dqn_world/obstacles/model.config
[3.659s] -- Up-to-date symlink: /home/anthony/Desktop/Assignment8/install/turtlebot3_gazebo/share/turtlebot3_gazebo//models/turtlebot3_dqn_world/obstacles/model.sdf
[3.659s] -- Up-to-date symlink: /home/anthony/Desktop/Assignment8/install/turtlebot3_gazebo/share/turtlebot3_gazebo//models/turtlebot3_house/model.config
[3.659s] -- Up-to-date symlink: /home/anthony/Desktop/Assignment8/install/turtlebot3_gazebo/share/turtlebot3_gazebo//models/turtlebot3_house/model.sdf
[3.659s] -- Up-to-date symlink: /home/anthony/Desktop/Assignment8/install/turtlebot3_gazebo/share/turtlebot3_gazebo//models/turtlebot3_waffle/model-1_4.sdf
[3.659s] -- Up-to-date symlink: /home/anthony/Desktop/Assignment8/install/turtlebot3_gazebo/share/turtlebot3_gazebo//models/turtlebot3_waffle/model.config
[3.659s] -- Up-to-date symlink: /home/anthony/Desktop/Assignment8/install/turtlebot3_gazebo/share/turtlebot3_gazebo//models/turtlebot3_waffle/model.sdf
[3.660s] -- Up-to-date symlink: /home/anthony/Desktop/Assignment8/install/turtlebot3_gazebo/share/turtlebot3_gazebo//models/turtlebot3_waffle_pi/model-1_4_.sdf
[3.660s] -- Up-to-date symlink: /home/anthony/Desktop/Assignment8/install/turtlebot3_gazebo/share/turtlebot3_gazebo//models/turtlebot3_waffle_pi/model.config
[3.660s] -- Up-to-date symlink: /home/anthony/Desktop/Assignment8/install/turtlebot3_gazebo/share/turtlebot3_gazebo//models/turtlebot3_waffle_pi/model.sdf
[3.660s] -- Up-to-date symlink: /home/anthony/Desktop/Assignment8/install/turtlebot3_gazebo/share/turtlebot3_gazebo//models/turtlebot3_world/meshes/hexagon.dae
[3.660s] -- Up-to-date symlink: /home/anthony/Desktop/Assignment8/install/turtlebot3_gazebo/share/turtlebot3_gazebo//models/turtlebot3_world/meshes/wall.dae
[3.660s] -- Up-to-date symlink: /home/anthony/Desktop/Assignment8/install/turtlebot3_gazebo/share/turtlebot3_gazebo//models/turtlebot3_world/model-1_4.sdf
[3.660s] -- Up-to-date symlink: /home/anthony/Desktop/Assignment8/install/turtlebot3_gazebo/share/turtlebot3_gazebo//models/turtlebot3_world/model.config
[3.660s] -- Up-to-date symlink: /home/anthony/Desktop/Assignment8/install/turtlebot3_gazebo/share/turtlebot3_gazebo//models/turtlebot3_world/model.sdf
[3.661s] -- Up-to-date symlink: /home/anthony/Desktop/Assignment8/install/turtlebot3_gazebo/share/turtlebot3_gazebo//rviz/tb3_gazebo.rviz
[3.662s] -- Up-to-date symlink: /home/anthony/Desktop/Assignment8/install/turtlebot3_gazebo/share/turtlebot3_gazebo//urdf/common_properties.urdf
[3.662s] -- Up-to-date symlink: /home/anthony/Desktop/Assignment8/install/turtlebot3_gazebo/share/turtlebot3_gazebo//urdf/turtlebot3_burger.urdf
[3.662s] -- Up-to-date symlink: /home/anthony/Desktop/Assignment8/install/turtlebot3_gazebo/share/turtlebot3_gazebo//urdf/turtlebot3_waffle.urdf
[3.663s] -- Up-to-date symlink: /home/anthony/Desktop/Assignment8/install/turtlebot3_gazebo/share/turtlebot3_gazebo//urdf/turtlebot3_waffle_pi.urdf
[3.664s] -- Up-to-date symlink: /home/anthony/Desktop/Assignment8/install/turtlebot3_gazebo/share/turtlebot3_gazebo//worlds/empty_world.world
[3.664s] -- Up-to-date symlink: /home/anthony/Desktop/Assignment8/install/turtlebot3_gazebo/share/turtlebot3_gazebo//worlds/turtlebot3_dqn_stage1.world
[3.664s] -- Up-to-date symlink: /home/anthony/Desktop/Assignment8/install/turtlebot3_gazebo/share/turtlebot3_gazebo//worlds/turtlebot3_dqn_stage2.world
[3.665s] -- Up-to-date symlink: /home/anthony/Desktop/Assignment8/install/turtlebot3_gazebo/share/turtlebot3_gazebo//worlds/turtlebot3_dqn_stage3.world
[3.665s] -- Up-to-date symlink: /home/anthony/Desktop/Assignment8/install/turtlebot3_gazebo/share/turtlebot3_gazebo//worlds/turtlebot3_dqn_stage4.world
[3.666s] -- Up-to-date symlink: /home/anthony/Desktop/Assignment8/install/turtlebot3_gazebo/share/turtlebot3_gazebo//worlds/turtlebot3_house.world
[3.669s] -- Up-to-date symlink: /home/anthony/Desktop/Assignment8/install/turtlebot3_gazebo/share/turtlebot3_gazebo//worlds/turtlebot3_world.world
[3.669s] -- Up-to-date symlink: /home/anthony/Desktop/Assignment8/install/turtlebot3_gazebo/include//turtlebot3_gazebo/turtlebot3_drive.hpp
[3.670s] -- Up-to-date symlink: /home/anthony/Desktop/Assignment8/install/turtlebot3_gazebo/share/ament_index/resource_index/package_run_dependencies/turtlebot3_gazebo
[3.670s] -- Up-to-date symlink: /home/anthony/Desktop/Assignment8/install/turtlebot3_gazebo/share/ament_index/resource_index/parent_prefix_path/turtlebot3_gazebo
[3.672s] -- Up-to-date symlink: /home/anthony/Desktop/Assignment8/install/turtlebot3_gazebo/share/turtlebot3_gazebo/environment/ament_prefix_path.sh
[3.673s] -- Up-to-date symlink: /home/anthony/Desktop/Assignment8/install/turtlebot3_gazebo/share/turtlebot3_gazebo/environment/ament_prefix_path.dsv
[3.673s] -- Up-to-date symlink: /home/anthony/Desktop/Assignment8/install/turtlebot3_gazebo/share/turtlebot3_gazebo/environment/path.sh
[3.673s] -- Up-to-date symlink: /home/anthony/Desktop/Assignment8/install/turtlebot3_gazebo/share/turtlebot3_gazebo/environment/path.dsv
[3.673s] -- Up-to-date symlink: /home/anthony/Desktop/Assignment8/install/turtlebot3_gazebo/share/turtlebot3_gazebo/local_setup.bash
[3.675s] -- Up-to-date symlink: /home/anthony/Desktop/Assignment8/install/turtlebot3_gazebo/share/turtlebot3_gazebo/local_setup.sh
[3.675s] -- Up-to-date symlink: /home/anthony/Desktop/Assignment8/install/turtlebot3_gazebo/share/turtlebot3_gazebo/local_setup.zsh
[3.676s] -- Up-to-date symlink: /home/anthony/Desktop/Assignment8/install/turtlebot3_gazebo/share/turtlebot3_gazebo/local_setup.dsv
[3.676s] -- Symlinking: /home/anthony/Desktop/Assignment8/install/turtlebot3_gazebo/share/turtlebot3_gazebo/package.dsv
[3.696s] -- Up-to-date symlink: /home/anthony/Desktop/Assignment8/install/turtlebot3_gazebo/share/ament_index/resource_index/packages/turtlebot3_gazebo
[3.696s] -- Up-to-date symlink: /home/anthony/Desktop/Assignment8/install/turtlebot3_gazebo/share/turtlebot3_gazebo/cmake/ament_cmake_export_include_directories-extras.cmake
[3.697s] -- Up-to-date symlink: /home/anthony/Desktop/Assignment8/install/turtlebot3_gazebo/share/turtlebot3_gazebo/cmake/ament_cmake_export_dependencies-extras.cmake
[3.697s] -- Up-to-date symlink: /home/anthony/Desktop/Assignment8/install/turtlebot3_gazebo/share/turtlebot3_gazebo/cmake/turtlebot3_gazeboConfig.cmake
[3.697s] -- Up-to-date symlink: /home/anthony/Desktop/Assignment8/install/turtlebot3_gazebo/share/turtlebot3_gazebo/cmake/turtlebot3_gazeboConfig-version.cmake
[3.698s] -- Up-to-date symlink: /home/anthony/Desktop/Assignment8/install/turtlebot3_gazebo/share/turtlebot3_gazebo/package.xml
[3.701s] Invoked command in '/home/anthony/Desktop/Assignment8/build/turtlebot3_gazebo' returned '0': CMAKE_PREFIX_PATH=${CMAKE_PREFIX_PATH}:/home/anthony/Desktop/Assignment8/install/turtlebot3_navigation /usr/bin/cmake --install /home/anthony/Desktop/Assignment8/build/turtlebot3_gazebo
