[0.102s] Invoking command in '/home/anthony/Desktop/Assignment8/build/turtlebot3_fake_node': /usr/bin/cmake /home/anthony/Desktop/Assignment8/src/turtlebot3_simulations/turtlebot3_fake_node -DAMENT_CMAKE_SYMLINK_INSTALL=1 -DCMAKE_INSTALL_PREFIX=/home/anthony/Desktop/Assignment8/install/turtlebot3_fake_node
[0.176s] -- Found ament_cmake: 1.3.9 (/opt/ros/humble/share/ament_cmake/cmake)
[0.934s] -- Override CMake install command with custom implementation using symlinks instead of copying resources
[0.967s] -- Found geometry_msgs: 4.2.4 (/opt/ros/humble/share/geometry_msgs/cmake)
[1.175s] -- Found rosidl_generator_c: 3.1.5 (/opt/ros/humble/share/rosidl_generator_c/cmake)
[1.192s] -- Found rosidl_adapter: 3.1.5 (/opt/ros/humble/share/rosidl_adapter/cmake)
[1.238s] -- Found rosidl_generator_cpp: 3.1.5 (/opt/ros/humble/share/rosidl_generator_cpp/cmake)
[1.330s] -- Using all available rosidl_typesupport_c: rosidl_typesupport_fastrtps_c;rosidl_typesupport_introspection_c
[1.477s] -- Using all available rosidl_typesupport_cpp: rosidl_typesupport_fastrtps_cpp;rosidl_typesupport_introspection_cpp
[2.203s] -- Found nav_msgs: 4.2.4 (/opt/ros/humble/share/nav_msgs/cmake)
[2.806s] -- Found rclcpp: 16.0.9 (/opt/ros/humble/share/rclcpp/cmake)
[3.227s] -- Found rmw_implementation_cmake: 6.1.2 (/opt/ros/humble/share/rmw_implementation_cmake/cmake)
[3.242s] -- Found rmw_fastrtps_cpp: 6.2.6 (/opt/ros/humble/share/rmw_fastrtps_cpp/cmake)
[4.200s] -- Using RMW implementation 'rmw_fastrtps_cpp' as default
[5.279s] -- Found sensor_msgs: 4.2.4 (/opt/ros/humble/share/sensor_msgs/cmake)
[5.858s] -- Found tf2: 0.25.7 (/opt/ros/humble/share/tf2/cmake)
[5.914s] -- Found tf2_msgs: 0.25.7 (/opt/ros/humble/share/tf2_msgs/cmake)
[6.854s] -- Found turtlebot3_msgs: 2.2.3 (/opt/ros/humble/share/turtlebot3_msgs/cmake)
[7.798s] -- Configuring done
[7.888s] -- Generating done
[7.903s] -- Build files have been written to: /home/anthony/Desktop/Assignment8/build/turtlebot3_fake_node
[7.943s] Invoked command in '/home/anthony/Desktop/Assignment8/build/turtlebot3_fake_node' returned '0': /usr/bin/cmake /home/anthony/Desktop/Assignment8/src/turtlebot3_simulations/turtlebot3_fake_node -DAMENT_CMAKE_SYMLINK_INSTALL=1 -DCMAKE_INSTALL_PREFIX=/home/anthony/Desktop/Assignment8/install/turtlebot3_fake_node
[7.945s] Invoking command in '/home/anthony/Desktop/Assignment8/build/turtlebot3_fake_node': /usr/bin/cmake --build /home/anthony/Desktop/Assignment8/build/turtlebot3_fake_node -- -j3 -l3
[8.169s] [35m[1mConsolidate compiler generated dependencies of target turtlebot3_fake_node[0m
[8.275s] [100%] Built target turtlebot3_fake_node
[8.342s] Invoked command in '/home/anthony/Desktop/Assignment8/build/turtlebot3_fake_node' returned '0': /usr/bin/cmake --build /home/anthony/Desktop/Assignment8/build/turtlebot3_fake_node -- -j3 -l3
[8.710s] Invoking command in '/home/anthony/Desktop/Assignment8/build/turtlebot3_fake_node': /usr/bin/cmake --install /home/anthony/Desktop/Assignment8/build/turtlebot3_fake_node
[8.764s] -- Install configuration: ""
[8.767s] -- Execute custom install script
[8.771s] -- Up-to-date symlink: /home/anthony/Desktop/Assignment8/install/turtlebot3_fake_node/lib/turtlebot3_fake_node/turtlebot3_fake_node
[8.773s] -- Up-to-date symlink: /home/anthony/Desktop/Assignment8/install/turtlebot3_fake_node/share/turtlebot3_fake_node/launch/rviz2.launch.py
[8.775s] -- Up-to-date symlink: /home/anthony/Desktop/Assignment8/install/turtlebot3_fake_node/share/turtlebot3_fake_node/launch/turtlebot3_fake_node.launch.py
[8.777s] -- Up-to-date symlink: /home/anthony/Desktop/Assignment8/install/turtlebot3_fake_node/share/turtlebot3_fake_node/param/burger.yaml
[8.779s] -- Up-to-date symlink: /home/anthony/Desktop/Assignment8/install/turtlebot3_fake_node/share/turtlebot3_fake_node/param/waffle.yaml
[8.780s] -- Up-to-date symlink: /home/anthony/Desktop/Assignment8/install/turtlebot3_fake_node/share/turtlebot3_fake_node/param/waffle_pi.yaml
[8.783s] -- Up-to-date symlink: /home/anthony/Desktop/Assignment8/install/turtlebot3_fake_node/include//turtlebot3_fake_node/turtlebot3_fake_node.hpp
[8.784s] -- Up-to-date symlink: /home/anthony/Desktop/Assignment8/install/turtlebot3_fake_node/share/ament_index/resource_index/package_run_dependencies/turtlebot3_fake_node
[8.786s] -- Up-to-date symlink: /home/anthony/Desktop/Assignment8/install/turtlebot3_fake_node/share/ament_index/resource_index/parent_prefix_path/turtlebot3_fake_node
[8.787s] -- Up-to-date symlink: /home/anthony/Desktop/Assignment8/install/turtlebot3_fake_node/share/turtlebot3_fake_node/environment/ament_prefix_path.sh
[8.789s] -- Up-to-date symlink: /home/anthony/Desktop/Assignment8/install/turtlebot3_fake_node/share/turtlebot3_fake_node/environment/ament_prefix_path.dsv
[8.790s] -- Up-to-date symlink: /home/anthony/Desktop/Assignment8/install/turtlebot3_fake_node/share/turtlebot3_fake_node/environment/path.sh
[8.791s] -- Up-to-date symlink: /home/anthony/Desktop/Assignment8/install/turtlebot3_fake_node/share/turtlebot3_fake_node/environment/path.dsv
[8.792s] -- Up-to-date symlink: /home/anthony/Desktop/Assignment8/install/turtlebot3_fake_node/share/turtlebot3_fake_node/local_setup.bash
[8.793s] -- Up-to-date symlink: /home/anthony/Desktop/Assignment8/install/turtlebot3_fake_node/share/turtlebot3_fake_node/local_setup.sh
[8.794s] -- Up-to-date symlink: /home/anthony/Desktop/Assignment8/install/turtlebot3_fake_node/share/turtlebot3_fake_node/local_setup.zsh
[8.797s] -- Up-to-date symlink: /home/anthony/Desktop/Assignment8/install/turtlebot3_fake_node/share/turtlebot3_fake_node/local_setup.dsv
[8.798s] -- Symlinking: /home/anthony/Desktop/Assignment8/install/turtlebot3_fake_node/share/turtlebot3_fake_node/package.dsv
[8.866s] -- Up-to-date symlink: /home/anthony/Desktop/Assignment8/install/turtlebot3_fake_node/share/ament_index/resource_index/packages/turtlebot3_fake_node
[8.869s] -- Up-to-date symlink: /home/anthony/Desktop/Assignment8/install/turtlebot3_fake_node/share/turtlebot3_fake_node/cmake/ament_cmake_export_include_directories-extras.cmake
[8.871s] -- Up-to-date symlink: /home/anthony/Desktop/Assignment8/install/turtlebot3_fake_node/share/turtlebot3_fake_node/cmake/ament_cmake_export_dependencies-extras.cmake
[8.873s] -- Up-to-date symlink: /home/anthony/Desktop/Assignment8/install/turtlebot3_fake_node/share/turtlebot3_fake_node/cmake/turtlebot3_fake_nodeConfig.cmake
[8.874s] -- Up-to-date symlink: /home/anthony/Desktop/Assignment8/install/turtlebot3_fake_node/share/turtlebot3_fake_node/cmake/turtlebot3_fake_nodeConfig-version.cmake
[8.883s] -- Up-to-date symlink: /home/anthony/Desktop/Assignment8/install/turtlebot3_fake_node/share/turtlebot3_fake_node/package.xml
[8.904s] Invoked command in '/home/anthony/Desktop/Assignment8/build/turtlebot3_fake_node' returned '0': /usr/bin/cmake --install /home/anthony/Desktop/Assignment8/build/turtlebot3_fake_node
