[0.038s] Invoking command in '/home/anthony/Desktop/Assignment8/build/turtlebot3_gazebo': CMAKE_PREFIX_PATH=${CMAKE_PREFIX_PATH}:/home/anthony/Desktop/Assignment8/install/turtlebot3_navigation /usr/bin/cmake /home/anthony/Desktop/Assignment8/src/turtlebot3_simulations/turtlebot3_gazebo -DAMENT_CMAKE_SYMLINK_INSTALL=1 -DCMAKE_INSTALL_PREFIX=/home/anthony/Desktop/Assignment8/install/turtlebot3_gazebo
[0.134s] -- The C compiler identification is GNU 11.4.0
[0.306s] -- The CXX compiler identification is GNU 11.4.0
[0.320s] -- Detecting C compiler ABI info
[0.487s] -- Detecting C compiler ABI info - done
[0.504s] -- Check for working C compiler: /usr/bin/cc - skipped
[0.505s] -- Detecting C compile features
[0.506s] -- Detecting C compile features - done
[0.510s] -- Detecting CXX compiler ABI info
[0.708s] -- Detecting CXX compiler ABI info - done
[0.730s] -- Check for working CXX compiler: /usr/bin/c++ - skipped
[0.730s] -- Detecting CXX compile features
[0.731s] -- Detecting CXX compile features - done
[0.737s] -- Found ament_cmake: 1.3.9 (/opt/ros/humble/share/ament_cmake/cmake)
[1.047s] -- Found Python3: /usr/bin/python3 (found version "3.10.12") found components: Interpreter 
[1.147s] -- Override CMake install command with custom implementation using symlinks instead of copying resources
[1.214s] [33mCMake Warning (dev) at /usr/share/cmake-3.22/Modules/FindPackageHandleStandardArgs.cmake:438 (message):
[1.214s]   The package name passed to `find_package_handle_standard_args` (PkgConfig)
[1.214s]   does not match the name of the calling package (gazebo).  This can lead to
[1.214s]   problems in calling code that expects `find_package` result variables
[1.214s]   (e.g., `_FOUND`) to follow a certain pattern.
[1.214s] Call Stack (most recent call first):
[1.214s]   /usr/share/cmake-3.22/Modules/FindPkgConfig.cmake:99 (find_package_handle_standard_args)
[1.215s]   /usr/lib/x86_64-linux-gnu/cmake/gazebo/gazebo-config.cmake:72 (include)
[1.215s]   CMakeLists.txt:23 (find_package)
[1.215s] This warning is for project developers.  Use -Wno-dev to suppress it.
[1.215s] [0m
[1.218s] -- Found PkgConfig: /usr/bin/pkg-config (found version "0.29.2") 
[1.242s] -- Checking for module 'bullet>=2.82'
[1.299s] --   Found bullet, version 3.05
[1.573s] -- Found fcl: /usr/include (found suitable version "0.7.0", minimum required is "0.5.0") 
[1.712s] -- Found assimp: /usr/include (found version "5.2.0") 
[1.787s] -- Found DART: /usr/include (Required is at least version "6.6") found components: dart 
[2.136s] -- Found Boost: /usr/lib/x86_64-linux-gnu/cmake/Boost-1.74.0/BoostConfig.cmake (found suitable version "1.74.0", minimum required is "1.40.0") found components: thread system filesystem program_options regex iostreams date_time 
[2.207s] -- Found Protobuf: /usr/lib/x86_64-linux-gnu/libprotobuf.so (found version "3.12.4") 
[2.225s] -- Looking for ignition-math6 -- found version 6.15.1
[2.250s] -- Searching for dependencies of ignition-math6
[2.254s] -- Looking for OGRE...
[2.255s] -- OGRE_PREFIX_WATCH changed.
[2.260s] -- Checking for module 'OGRE'
[2.278s] --   Found OGRE, version 1.9.0
[2.324s] -- Found Ogre Ghadamon (1.9.0)
[2.341s] -- Found OGRE: optimized;/usr/lib/x86_64-linux-gnu/libOgreMain.so;debug;/usr/lib/x86_64-linux-gnu/libOgreMain.so
[2.357s] -- Looking for OGRE_Paging...
[2.369s] -- Found OGRE_Paging: optimized;/usr/lib/x86_64-linux-gnu/libOgrePaging.so;debug;/usr/lib/x86_64-linux-gnu/libOgrePaging.so
[2.369s] -- Looking for OGRE_Terrain...
[2.381s] -- Found OGRE_Terrain: optimized;/usr/lib/x86_64-linux-gnu/libOgreTerrain.so;debug;/usr/lib/x86_64-linux-gnu/libOgreTerrain.so
[2.381s] -- Looking for OGRE_Property...
[2.390s] -- Found OGRE_Property: optimized;/usr/lib/x86_64-linux-gnu/libOgreProperty.so;debug;/usr/lib/x86_64-linux-gnu/libOgreProperty.so
[2.390s] -- Looking for OGRE_RTShaderSystem...
[2.401s] -- Found OGRE_RTShaderSystem: optimized;/usr/lib/x86_64-linux-gnu/libOgreRTShaderSystem.so;debug;/usr/lib/x86_64-linux-gnu/libOgreRTShaderSystem.so
[2.401s] -- Looking for OGRE_Volume...
[2.411s] -- Found OGRE_Volume: optimized;/usr/lib/x86_64-linux-gnu/libOgreVolume.so;debug;/usr/lib/x86_64-linux-gnu/libOgreVolume.so
[2.411s] -- Looking for OGRE_Overlay...
[2.419s] -- Found OGRE_Overlay: optimized;/usr/lib/x86_64-linux-gnu/libOgreOverlay.so;debug;/usr/lib/x86_64-linux-gnu/libOgreOverlay.so
[2.583s] -- Looking for ignition-math6 -- found version 6.15.1
[2.591s] -- Looking for ignition-transport8 -- found version 8.2.1
[2.591s] -- Searching for dependencies of ignition-transport8
[2.634s] -- Found Protobuf: /usr/lib/x86_64-linux-gnu/libprotobuf.so (found suitable version "3.12.4", minimum required is "3") 
[2.648s] -- Config-file not installed for ZeroMQ -- checking for pkg-config
[2.654s] -- Checking for module 'libzmq >= 4'
[2.684s] --   Found libzmq , version 4.3.4
[2.741s] -- Found ZeroMQ: TRUE (Required is at least version "4") 
[2.750s] -- Checking for module 'uuid'
[2.768s] --   Found uuid, version 2.37.2
[2.824s] -- Found UUID: TRUE  
[2.832s] -- Looking for ignition-msgs5 -- found version 5.8.1
[2.834s] -- Searching for dependencies of ignition-msgs5
[2.875s] -- Looking for ignition-math6 -- found version 6.15.1
[2.890s] -- Checking for module 'tinyxml2'
[2.920s] --   Found tinyxml2, version 9.0.0
[3.004s] -- Looking for ignition-msgs5 -- found version 5.8.1
[3.015s] -- Looking for ignition-common3 -- found version 3.14.0
[3.016s] -- Searching for dependencies of ignition-common3
[3.017s] -- Looking for dlfcn.h - found
[3.019s] -- Looking for libdl - found
[3.022s] -- Found DL: TRUE  
[3.045s] -- Found tinyobjloader: /usr/lib/x86_64-linux-gnu/cmake/tinyobjloader/tinyobjloader-config.cmake (found version "2.0.0") 
[3.047s] -- Searching for <ignition-common3> component [graphics]
[3.052s] -- Looking for ignition-common3-graphics -- found version 3.14.0
[3.053s] -- Searching for dependencies of ignition-common3-graphics
[3.053s] -- Looking for ignition-math6 -- found version 6.15.1
[3.061s] -- Looking for ignition-fuel_tools4 -- found version 4.4.0
[3.061s] -- Searching for dependencies of ignition-fuel_tools4
[3.239s] -- Found CURL: /usr/lib/x86_64-linux-gnu/libcurl.so (found version "7.81.0")  
[3.263s] -- Checking for module 'jsoncpp'
[3.284s] --   Found jsoncpp, version 1.9.5
[3.356s] -- Found JSONCPP: TRUE  
[3.369s] -- Checking for module 'libzip'
[3.400s] --   Found libzip, version 1.7.3
[3.455s] -- Found ZIP: TRUE  
[3.455s] -- Looking for ignition-common3 -- found version 3.14.0
[3.456s] -- Looking for ignition-math6 -- found version 6.15.1
[3.457s] -- Looking for ignition-msgs5 -- found version 5.8.1
[3.470s] -- Found gazebo_ros_pkgs: 3.7.0 (/opt/ros/humble/share/gazebo_ros_pkgs/cmake)
[3.473s] -- Found geometry_msgs: 4.2.4 (/opt/ros/humble/share/geometry_msgs/cmake)
[3.567s] -- Found rosidl_generator_c: 3.1.5 (/opt/ros/humble/share/rosidl_generator_c/cmake)
[3.575s] -- Found rosidl_adapter: 3.1.5 (/opt/ros/humble/share/rosidl_adapter/cmake)
[3.582s] -- Found rosidl_generator_cpp: 3.1.5 (/opt/ros/humble/share/rosidl_generator_cpp/cmake)
[3.596s] -- Using all available rosidl_typesupport_c: rosidl_typesupport_fastrtps_c;rosidl_typesupport_introspection_c
[3.626s] -- Using all available rosidl_typesupport_cpp: rosidl_typesupport_fastrtps_cpp;rosidl_typesupport_introspection_cpp
[3.845s] -- Found nav_msgs: 4.2.4 (/opt/ros/humble/share/nav_msgs/cmake)
[3.982s] -- Found rclcpp: 16.0.9 (/opt/ros/humble/share/rclcpp/cmake)
[4.133s] -- Found rmw_implementation_cmake: 6.1.2 (/opt/ros/humble/share/rmw_implementation_cmake/cmake)
[4.141s] -- Found rmw_fastrtps_cpp: 6.2.6 (/opt/ros/humble/share/rmw_fastrtps_cpp/cmake)
[4.359s] -- Found OpenSSL: /usr/lib/x86_64-linux-gnu/libcrypto.so (found version "3.0.2")  
[4.449s] -- Found FastRTPS: /opt/ros/humble/include  
[4.556s] -- Using RMW implementation 'rmw_fastrtps_cpp' as default
[4.582s] -- Found Threads: TRUE  
[4.814s] -- Found sensor_msgs: 4.2.4 (/opt/ros/humble/share/sensor_msgs/cmake)
[5.020s] -- Found tf2: 0.25.7 (/opt/ros/humble/share/tf2/cmake)
[5.273s] -- Configuring done
[5.349s] -- Generating done
[5.360s] -- Build files have been written to: /home/anthony/Desktop/Assignment8/build/turtlebot3_gazebo
[5.398s] Invoked command in '/home/anthony/Desktop/Assignment8/build/turtlebot3_gazebo' returned '0': CMAKE_PREFIX_PATH=${CMAKE_PREFIX_PATH}:/home/anthony/Desktop/Assignment8/install/turtlebot3_navigation /usr/bin/cmake /home/anthony/Desktop/Assignment8/src/turtlebot3_simulations/turtlebot3_gazebo -DAMENT_CMAKE_SYMLINK_INSTALL=1 -DCMAKE_INSTALL_PREFIX=/home/anthony/Desktop/Assignment8/install/turtlebot3_gazebo
[5.399s] Invoking command in '/home/anthony/Desktop/Assignment8/build/turtlebot3_gazebo': CMAKE_PREFIX_PATH=${CMAKE_PREFIX_PATH}:/home/anthony/Desktop/Assignment8/install/turtlebot3_navigation /usr/bin/cmake --build /home/anthony/Desktop/Assignment8/build/turtlebot3_gazebo -- -j3 -l3
[5.570s] [ 12%] [32mBuilding CXX object CMakeFiles/obstacle1.dir/models/turtlebot3_dqn_world/obstacle_plugin/obstacle1.cc.o[0m
[5.576s] [ 25%] [32mBuilding CXX object CMakeFiles/turtlebot3_drive.dir/src/turtlebot3_drive.cpp.o[0m
[5.601s] [ 37%] [32mBuilding CXX object CMakeFiles/obstacle2.dir/models/turtlebot3_dqn_world/obstacle_plugin/obstacle2.cc.o[0m
[45.800s] [ 50%] [32m[1mLinking CXX executable turtlebot3_drive[0m
[46.676s] [ 50%] Built target turtlebot3_drive
[51.079s] [ 62%] [32m[1mLinking CXX shared library libobstacle1.so[0m
[51.256s] [ 75%] [32m[1mLinking CXX shared library libobstacle2.so[0m
[51.675s] [ 75%] Built target obstacle1
[51.686s] [ 75%] Built target obstacle2
[51.750s] [ 87%] [32mBuilding CXX object CMakeFiles/obstacles.dir/models/turtlebot3_dqn_world/obstacle_plugin/obstacles.cc.o[0m
[72.274s] [100%] [32m[1mLinking CXX shared library libobstacles.so[0m
[72.606s] [100%] Built target obstacles
[72.668s] Invoked command in '/home/anthony/Desktop/Assignment8/build/turtlebot3_gazebo' returned '0': CMAKE_PREFIX_PATH=${CMAKE_PREFIX_PATH}:/home/anthony/Desktop/Assignment8/install/turtlebot3_navigation /usr/bin/cmake --build /home/anthony/Desktop/Assignment8/build/turtlebot3_gazebo -- -j3 -l3
[72.719s] Invoking command in '/home/anthony/Desktop/Assignment8/build/turtlebot3_gazebo': CMAKE_PREFIX_PATH=${CMAKE_PREFIX_PATH}:/home/anthony/Desktop/Assignment8/install/turtlebot3_navigation /usr/bin/cmake --install /home/anthony/Desktop/Assignment8/build/turtlebot3_gazebo
[72.736s] -- Install configuration: ""
[72.738s] -- Execute custom install script
[72.740s] -- Symlinking: /home/anthony/Desktop/Assignment8/install/turtlebot3_gazebo/lib/turtlebot3_gazebo/turtlebot3_drive
[72.765s] -- Symlinking: /home/anthony/Desktop/Assignment8/install/turtlebot3_gazebo/share/turtlebot3_gazebo//launch/empty_world.launch.py
[72.790s] -- Symlinking: /home/anthony/Desktop/Assignment8/install/turtlebot3_gazebo/share/turtlebot3_gazebo//launch/robot_state_publisher.launch.py
[72.809s] -- Symlinking: /home/anthony/Desktop/Assignment8/install/turtlebot3_gazebo/share/turtlebot3_gazebo//launch/spawn_turtlebot3.launch.py
[72.834s] -- Symlinking: /home/anthony/Desktop/Assignment8/install/turtlebot3_gazebo/share/turtlebot3_gazebo//launch/turtlebot3_dqn_stage1.launch.py
[72.855s] -- Symlinking: /home/anthony/Desktop/Assignment8/install/turtlebot3_gazebo/share/turtlebot3_gazebo//launch/turtlebot3_dqn_stage2.launch.py
[72.866s] -- Symlinking: /home/anthony/Desktop/Assignment8/install/turtlebot3_gazebo/share/turtlebot3_gazebo//launch/turtlebot3_dqn_stage3.launch.py
[72.880s] -- Symlinking: /home/anthony/Desktop/Assignment8/install/turtlebot3_gazebo/share/turtlebot3_gazebo//launch/turtlebot3_dqn_stage4.launch.py
[72.891s] -- Symlinking: /home/anthony/Desktop/Assignment8/install/turtlebot3_gazebo/share/turtlebot3_gazebo//launch/turtlebot3_house.launch.py
[72.907s] -- Symlinking: /home/anthony/Desktop/Assignment8/install/turtlebot3_gazebo/share/turtlebot3_gazebo//launch/turtlebot3_world.launch.py
[72.919s] -- Symlinking: /home/anthony/Desktop/Assignment8/install/turtlebot3_gazebo/share/turtlebot3_gazebo//models/turtlebot3_burger/model-1_4.sdf
[72.928s] -- Symlinking: /home/anthony/Desktop/Assignment8/install/turtlebot3_gazebo/share/turtlebot3_gazebo//models/turtlebot3_burger/model.config
[72.941s] -- Symlinking: /home/anthony/Desktop/Assignment8/install/turtlebot3_gazebo/share/turtlebot3_gazebo//models/turtlebot3_burger/model.sdf
[72.961s] -- Symlinking: /home/anthony/Desktop/Assignment8/install/turtlebot3_gazebo/share/turtlebot3_gazebo//models/turtlebot3_common/meshes/burger_base.dae
[72.973s] -- Symlinking: /home/anthony/Desktop/Assignment8/install/turtlebot3_gazebo/share/turtlebot3_gazebo//models/turtlebot3_common/meshes/lds.dae
[72.990s] -- Symlinking: /home/anthony/Desktop/Assignment8/install/turtlebot3_gazebo/share/turtlebot3_gazebo//models/turtlebot3_common/meshes/r200.dae
[73.003s] -- Symlinking: /home/anthony/Desktop/Assignment8/install/turtlebot3_gazebo/share/turtlebot3_gazebo//models/turtlebot3_common/meshes/tire.dae
[73.029s] -- Symlinking: /home/anthony/Desktop/Assignment8/install/turtlebot3_gazebo/share/turtlebot3_gazebo//models/turtlebot3_common/meshes/waffle_base.dae
[73.050s] -- Symlinking: /home/anthony/Desktop/Assignment8/install/turtlebot3_gazebo/share/turtlebot3_gazebo//models/turtlebot3_common/meshes/waffle_pi_base.dae
[73.062s] -- Symlinking: /home/anthony/Desktop/Assignment8/install/turtlebot3_gazebo/share/turtlebot3_gazebo//models/turtlebot3_common/model.config
[73.084s] -- Symlinking: /home/anthony/Desktop/Assignment8/install/turtlebot3_gazebo/share/turtlebot3_gazebo//models/turtlebot3_dqn_world/goal_box/model.config
[73.104s] -- Symlinking: /home/anthony/Desktop/Assignment8/install/turtlebot3_gazebo/share/turtlebot3_gazebo//models/turtlebot3_dqn_world/goal_box/model.sdf
[73.126s] -- Symlinking: /home/anthony/Desktop/Assignment8/install/turtlebot3_gazebo/share/turtlebot3_gazebo//models/turtlebot3_dqn_world/inner_walls/model.config
[73.156s] -- Symlinking: /home/anthony/Desktop/Assignment8/install/turtlebot3_gazebo/share/turtlebot3_gazebo//models/turtlebot3_dqn_world/inner_walls/model.sdf
[73.170s] -- Symlinking: /home/anthony/Desktop/Assignment8/install/turtlebot3_gazebo/share/turtlebot3_gazebo//models/turtlebot3_dqn_world/model.config
[73.200s] -- Symlinking: /home/anthony/Desktop/Assignment8/install/turtlebot3_gazebo/share/turtlebot3_gazebo//models/turtlebot3_dqn_world/model.sdf
[73.225s] -- Symlinking: /home/anthony/Desktop/Assignment8/install/turtlebot3_gazebo/share/turtlebot3_gazebo//models/turtlebot3_dqn_world/obstacle1/model.config
[73.250s] -- Symlinking: /home/anthony/Desktop/Assignment8/install/turtlebot3_gazebo/share/turtlebot3_gazebo//models/turtlebot3_dqn_world/obstacle1/model.sdf
[73.261s] -- Symlinking: /home/anthony/Desktop/Assignment8/install/turtlebot3_gazebo/share/turtlebot3_gazebo//models/turtlebot3_dqn_world/obstacle2/model.config
[73.273s] -- Symlinking: /home/anthony/Desktop/Assignment8/install/turtlebot3_gazebo/share/turtlebot3_gazebo//models/turtlebot3_dqn_world/obstacle2/model.sdf
[73.283s] -- Symlinking: /home/anthony/Desktop/Assignment8/install/turtlebot3_gazebo/share/turtlebot3_gazebo//models/turtlebot3_dqn_world/obstacle_plugin/CMakeLists.txt
[73.298s] -- Symlinking: /home/anthony/Desktop/Assignment8/install/turtlebot3_gazebo/share/turtlebot3_gazebo//models/turtlebot3_dqn_world/obstacle_plugin/obstacle1.cc
[73.313s] -- Symlinking: /home/anthony/Desktop/Assignment8/install/turtlebot3_gazebo/share/turtlebot3_gazebo//models/turtlebot3_dqn_world/obstacle_plugin/obstacle2.cc
[73.320s] -- Symlinking: /home/anthony/Desktop/Assignment8/install/turtlebot3_gazebo/share/turtlebot3_gazebo//models/turtlebot3_dqn_world/obstacle_plugin/obstacles.cc
[73.345s] -- Symlinking: /home/anthony/Desktop/Assignment8/install/turtlebot3_gazebo/share/turtlebot3_gazebo//models/turtlebot3_dqn_world/obstacles/model.config
[73.359s] -- Symlinking: /home/anthony/Desktop/Assignment8/install/turtlebot3_gazebo/share/turtlebot3_gazebo//models/turtlebot3_dqn_world/obstacles/model.sdf
[73.368s] -- Symlinking: /home/anthony/Desktop/Assignment8/install/turtlebot3_gazebo/share/turtlebot3_gazebo//models/turtlebot3_house/model.config
[73.387s] -- Symlinking: /home/anthony/Desktop/Assignment8/install/turtlebot3_gazebo/share/turtlebot3_gazebo//models/turtlebot3_house/model.sdf
[73.397s] -- Symlinking: /home/anthony/Desktop/Assignment8/install/turtlebot3_gazebo/share/turtlebot3_gazebo//models/turtlebot3_waffle/model-1_4.sdf
[73.411s] -- Symlinking: /home/anthony/Desktop/Assignment8/install/turtlebot3_gazebo/share/turtlebot3_gazebo//models/turtlebot3_waffle/model.config
[73.431s] -- Symlinking: /home/anthony/Desktop/Assignment8/install/turtlebot3_gazebo/share/turtlebot3_gazebo//models/turtlebot3_waffle/model.sdf
[73.461s] -- Symlinking: /home/anthony/Desktop/Assignment8/install/turtlebot3_gazebo/share/turtlebot3_gazebo//models/turtlebot3_waffle_pi/model-1_4_.sdf
[73.486s] -- Symlinking: /home/anthony/Desktop/Assignment8/install/turtlebot3_gazebo/share/turtlebot3_gazebo//models/turtlebot3_waffle_pi/model.config
[73.504s] -- Symlinking: /home/anthony/Desktop/Assignment8/install/turtlebot3_gazebo/share/turtlebot3_gazebo//models/turtlebot3_waffle_pi/model.sdf
[73.520s] -- Symlinking: /home/anthony/Desktop/Assignment8/install/turtlebot3_gazebo/share/turtlebot3_gazebo//models/turtlebot3_world/meshes/hexagon.dae
[73.535s] -- Symlinking: /home/anthony/Desktop/Assignment8/install/turtlebot3_gazebo/share/turtlebot3_gazebo//models/turtlebot3_world/meshes/wall.dae
[73.547s] -- Symlinking: /home/anthony/Desktop/Assignment8/install/turtlebot3_gazebo/share/turtlebot3_gazebo//models/turtlebot3_world/model-1_4.sdf
[73.565s] -- Symlinking: /home/anthony/Desktop/Assignment8/install/turtlebot3_gazebo/share/turtlebot3_gazebo//models/turtlebot3_world/model.config
[73.588s] -- Symlinking: /home/anthony/Desktop/Assignment8/install/turtlebot3_gazebo/share/turtlebot3_gazebo//models/turtlebot3_world/model.sdf
[73.604s] -- Symlinking: /home/anthony/Desktop/Assignment8/install/turtlebot3_gazebo/share/turtlebot3_gazebo//rviz/tb3_gazebo.rviz
[73.625s] -- Symlinking: /home/anthony/Desktop/Assignment8/install/turtlebot3_gazebo/share/turtlebot3_gazebo//urdf/common_properties.urdf
[73.634s] -- Symlinking: /home/anthony/Desktop/Assignment8/install/turtlebot3_gazebo/share/turtlebot3_gazebo//urdf/turtlebot3_burger.urdf
[73.642s] -- Symlinking: /home/anthony/Desktop/Assignment8/install/turtlebot3_gazebo/share/turtlebot3_gazebo//urdf/turtlebot3_waffle.urdf
[73.649s] -- Symlinking: /home/anthony/Desktop/Assignment8/install/turtlebot3_gazebo/share/turtlebot3_gazebo//urdf/turtlebot3_waffle_pi.urdf
[73.666s] -- Symlinking: /home/anthony/Desktop/Assignment8/install/turtlebot3_gazebo/share/turtlebot3_gazebo//worlds/empty_world.world
[73.681s] -- Symlinking: /home/anthony/Desktop/Assignment8/install/turtlebot3_gazebo/share/turtlebot3_gazebo//worlds/turtlebot3_dqn_stage1.world
[73.710s] -- Symlinking: /home/anthony/Desktop/Assignment8/install/turtlebot3_gazebo/share/turtlebot3_gazebo//worlds/turtlebot3_dqn_stage2.world
[73.730s] -- Symlinking: /home/anthony/Desktop/Assignment8/install/turtlebot3_gazebo/share/turtlebot3_gazebo//worlds/turtlebot3_dqn_stage3.world
[73.745s] -- Symlinking: /home/anthony/Desktop/Assignment8/install/turtlebot3_gazebo/share/turtlebot3_gazebo//worlds/turtlebot3_dqn_stage4.world
[73.756s] -- Symlinking: /home/anthony/Desktop/Assignment8/install/turtlebot3_gazebo/share/turtlebot3_gazebo//worlds/turtlebot3_house.world
[73.778s] -- Symlinking: /home/anthony/Desktop/Assignment8/install/turtlebot3_gazebo/share/turtlebot3_gazebo//worlds/turtlebot3_world.world
[73.791s] -- Symlinking: /home/anthony/Desktop/Assignment8/install/turtlebot3_gazebo/include//turtlebot3_gazebo/turtlebot3_drive.hpp
[73.803s] -- Symlinking: /home/anthony/Desktop/Assignment8/install/turtlebot3_gazebo/share/ament_index/resource_index/package_run_dependencies/turtlebot3_gazebo
[73.814s] -- Symlinking: /home/anthony/Desktop/Assignment8/install/turtlebot3_gazebo/share/ament_index/resource_index/parent_prefix_path/turtlebot3_gazebo
[73.827s] -- Symlinking: /home/anthony/Desktop/Assignment8/install/turtlebot3_gazebo/share/turtlebot3_gazebo/environment/ament_prefix_path.sh
[73.842s] -- Symlinking: /home/anthony/Desktop/Assignment8/install/turtlebot3_gazebo/share/turtlebot3_gazebo/environment/ament_prefix_path.dsv
[73.852s] -- Symlinking: /home/anthony/Desktop/Assignment8/install/turtlebot3_gazebo/share/turtlebot3_gazebo/environment/path.sh
[73.863s] -- Symlinking: /home/anthony/Desktop/Assignment8/install/turtlebot3_gazebo/share/turtlebot3_gazebo/environment/path.dsv
[73.875s] -- Symlinking: /home/anthony/Desktop/Assignment8/install/turtlebot3_gazebo/share/turtlebot3_gazebo/local_setup.bash
[73.887s] -- Symlinking: /home/anthony/Desktop/Assignment8/install/turtlebot3_gazebo/share/turtlebot3_gazebo/local_setup.sh
[73.900s] -- Symlinking: /home/anthony/Desktop/Assignment8/install/turtlebot3_gazebo/share/turtlebot3_gazebo/local_setup.zsh
[73.909s] -- Symlinking: /home/anthony/Desktop/Assignment8/install/turtlebot3_gazebo/share/turtlebot3_gazebo/local_setup.dsv
[73.919s] -- Symlinking: /home/anthony/Desktop/Assignment8/install/turtlebot3_gazebo/share/turtlebot3_gazebo/package.dsv
[73.928s] -- Symlinking: /home/anthony/Desktop/Assignment8/install/turtlebot3_gazebo/share/ament_index/resource_index/packages/turtlebot3_gazebo
[73.945s] -- Symlinking: /home/anthony/Desktop/Assignment8/install/turtlebot3_gazebo/share/turtlebot3_gazebo/cmake/ament_cmake_export_include_directories-extras.cmake
[73.960s] -- Symlinking: /home/anthony/Desktop/Assignment8/install/turtlebot3_gazebo/share/turtlebot3_gazebo/cmake/ament_cmake_export_dependencies-extras.cmake
[73.975s] -- Symlinking: /home/anthony/Desktop/Assignment8/install/turtlebot3_gazebo/share/turtlebot3_gazebo/cmake/turtlebot3_gazeboConfig.cmake
[73.986s] -- Symlinking: /home/anthony/Desktop/Assignment8/install/turtlebot3_gazebo/share/turtlebot3_gazebo/cmake/turtlebot3_gazeboConfig-version.cmake
[73.997s] -- Symlinking: /home/anthony/Desktop/Assignment8/install/turtlebot3_gazebo/share/turtlebot3_gazebo/package.xml
[74.014s] Invoked command in '/home/anthony/Desktop/Assignment8/build/turtlebot3_gazebo' returned '0': CMAKE_PREFIX_PATH=${CMAKE_PREFIX_PATH}:/home/anthony/Desktop/Assignment8/install/turtlebot3_navigation /usr/bin/cmake --install /home/anthony/Desktop/Assignment8/build/turtlebot3_gazebo
