[0.042s] Invoking command in '/home/anthony/Desktop/Assignment8/build/turtlebot3_interfaces': CMAKE_PREFIX_PATH=${CMAKE_PREFIX_PATH}:/home/anthony/Desktop/Assignment8/install/turtlebot3_navigation /usr/bin/cmake --build /home/anthony/Desktop/Assignment8/build/turtlebot3_interfaces -- -j3 -l3
[0.199s] [  2%] Built target turtlebot3_interfaces__cpp
[0.242s] [  2%] Built target ament_cmake_python_symlink_turtlebot3_interfaces
[0.262s] [ 12%] Built target turtlebot3_interfaces__rosidl_generator_c
[0.300s] [ 23%] Built target turtlebot3_interfaces__rosidl_typesupport_cpp
[0.323s] [ 33%] Built target turtlebot3_interfaces__rosidl_typesupport_introspection_cpp
[0.362s] [ 43%] Built target turtlebot3_interfaces__rosidl_typesupport_fastrtps_cpp
[0.422s] [ 53%] Built target turtlebot3_interfaces__rosidl_typesupport_fastrtps_c
[0.434s] [ 64%] Built target turtlebot3_interfaces__rosidl_typesupport_introspection_c
[0.498s] [ 74%] Built target turtlebot3_interfaces__rosidl_typesupport_c
[0.543s] [ 74%] Built target turtlebot3_interfaces
[0.583s] [ 76%] Built target turtlebot3_interfaces__py
[0.649s] [ 84%] Built target turtlebot3_interfaces__rosidl_generator_py
[0.719s] [ 89%] Built target turtlebot3_interfaces__rosidl_typesupport_fastrtps_c__pyext
[0.759s] [ 94%] Built target turtlebot3_interfaces__rosidl_typesupport_introspection_c__pyext
[0.802s] [100%] Built target turtlebot3_interfaces__rosidl_typesupport_c__pyext
[0.859s] running egg_info
[0.860s] writing turtlebot3_interfaces.egg-info/PKG-INFO
[0.860s] writing dependency_links to turtlebot3_interfaces.egg-info/dependency_links.txt
[0.860s] writing top-level names to turtlebot3_interfaces.egg-info/top_level.txt
[0.873s] reading manifest file 'turtlebot3_interfaces.egg-info/SOURCES.txt'
[0.873s] writing manifest file 'turtlebot3_interfaces.egg-info/SOURCES.txt'
[0.919s] [100%] Built target ament_cmake_python_build_turtlebot3_interfaces_egg
[0.945s] Invoked command in '/home/anthony/Desktop/Assignment8/build/turtlebot3_interfaces' returned '0': CMAKE_PREFIX_PATH=${CMAKE_PREFIX_PATH}:/home/anthony/Desktop/Assignment8/install/turtlebot3_navigation /usr/bin/cmake --build /home/anthony/Desktop/Assignment8/build/turtlebot3_interfaces -- -j3 -l3
[1.131s] Invoking command in '/home/anthony/Desktop/Assignment8/build/turtlebot3_interfaces': CMAKE_PREFIX_PATH=${CMAKE_PREFIX_PATH}:/home/anthony/Desktop/Assignment8/install/turtlebot3_navigation /usr/bin/cmake --install /home/anthony/Desktop/Assignment8/build/turtlebot3_interfaces
[1.153s] -- Install configuration: ""
[1.156s] -- Execute custom install script
[1.160s] -- Up-to-date symlink: /home/anthony/Desktop/Assignment8/install/turtlebot3_interfaces/share/ament_index/resource_index/rosidl_interfaces/turtlebot3_interfaces
[1.161s] -- Up-to-date symlink: /home/anthony/Desktop/Assignment8/install/turtlebot3_interfaces/include/turtlebot3_interfaces/turtlebot3_interfaces/action/detail/measure_lap_time__functions.h
[1.161s] -- Up-to-date symlink: /home/anthony/Desktop/Assignment8/install/turtlebot3_interfaces/include/turtlebot3_interfaces/turtlebot3_interfaces/action/detail/measure_lap_time__struct.h
[1.161s] -- Up-to-date symlink: /home/anthony/Desktop/Assignment8/install/turtlebot3_interfaces/include/turtlebot3_interfaces/turtlebot3_interfaces/action/detail/measure_lap_time__type_support.h
[1.162s] -- Up-to-date symlink: /home/anthony/Desktop/Assignment8/install/turtlebot3_interfaces/include/turtlebot3_interfaces/turtlebot3_interfaces/action/measure_lap_time.h
[1.163s] -- Up-to-date symlink: /home/anthony/Desktop/Assignment8/install/turtlebot3_interfaces/include/turtlebot3_interfaces/turtlebot3_interfaces/msg/rosidl_generator_c__visibility_control.h
[1.164s] -- Up-to-date symlink: /home/anthony/Desktop/Assignment8/install/turtlebot3_interfaces/include/turtlebot3_interfaces/turtlebot3_interfaces/srv/detail/find_closest_wall__functions.h
[1.165s] -- Up-to-date symlink: /home/anthony/Desktop/Assignment8/install/turtlebot3_interfaces/include/turtlebot3_interfaces/turtlebot3_interfaces/srv/detail/find_closest_wall__struct.h
[1.166s] -- Up-to-date symlink: /home/anthony/Desktop/Assignment8/install/turtlebot3_interfaces/include/turtlebot3_interfaces/turtlebot3_interfaces/srv/detail/find_closest_wall__type_support.h
[1.167s] -- Up-to-date symlink: /home/anthony/Desktop/Assignment8/install/turtlebot3_interfaces/include/turtlebot3_interfaces/turtlebot3_interfaces/srv/find_closest_wall.h
[1.168s] -- Up-to-date symlink: /home/anthony/Desktop/Assignment8/install/turtlebot3_interfaces/share/turtlebot3_interfaces/environment/library_path.sh
[1.169s] -- Up-to-date symlink: /home/anthony/Desktop/Assignment8/install/turtlebot3_interfaces/share/turtlebot3_interfaces/environment/library_path.dsv
[1.170s] -- Up-to-date symlink: /home/anthony/Desktop/Assignment8/install/turtlebot3_interfaces/include/turtlebot3_interfaces/turtlebot3_interfaces/action/detail/measure_lap_time__rosidl_typesupport_fastrtps_c.h
[1.171s] -- Up-to-date symlink: /home/anthony/Desktop/Assignment8/install/turtlebot3_interfaces/include/turtlebot3_interfaces/turtlebot3_interfaces/msg/rosidl_typesupport_fastrtps_c__visibility_control.h
[1.173s] -- Up-to-date symlink: /home/anthony/Desktop/Assignment8/install/turtlebot3_interfaces/include/turtlebot3_interfaces/turtlebot3_interfaces/srv/detail/find_closest_wall__rosidl_typesupport_fastrtps_c.h
[1.174s] -- Up-to-date symlink: /home/anthony/Desktop/Assignment8/install/turtlebot3_interfaces/include/turtlebot3_interfaces/turtlebot3_interfaces/action/detail/measure_lap_time__rosidl_typesupport_introspection_c.h
[1.175s] -- Up-to-date symlink: /home/anthony/Desktop/Assignment8/install/turtlebot3_interfaces/include/turtlebot3_interfaces/turtlebot3_interfaces/msg/rosidl_typesupport_introspection_c__visibility_control.h
[1.176s] -- Up-to-date symlink: /home/anthony/Desktop/Assignment8/install/turtlebot3_interfaces/include/turtlebot3_interfaces/turtlebot3_interfaces/srv/detail/find_closest_wall__rosidl_typesupport_introspection_c.h
[1.178s] -- Up-to-date symlink: /home/anthony/Desktop/Assignment8/install/turtlebot3_interfaces/include/turtlebot3_interfaces/turtlebot3_interfaces/action/detail/measure_lap_time__builder.hpp
[1.178s] -- Up-to-date symlink: /home/anthony/Desktop/Assignment8/install/turtlebot3_interfaces/include/turtlebot3_interfaces/turtlebot3_interfaces/action/detail/measure_lap_time__struct.hpp
[1.179s] -- Up-to-date symlink: /home/anthony/Desktop/Assignment8/install/turtlebot3_interfaces/include/turtlebot3_interfaces/turtlebot3_interfaces/action/detail/measure_lap_time__traits.hpp
[1.180s] -- Up-to-date symlink: /home/anthony/Desktop/Assignment8/install/turtlebot3_interfaces/include/turtlebot3_interfaces/turtlebot3_interfaces/action/measure_lap_time.hpp
[1.181s] -- Up-to-date symlink: /home/anthony/Desktop/Assignment8/install/turtlebot3_interfaces/include/turtlebot3_interfaces/turtlebot3_interfaces/srv/detail/find_closest_wall__builder.hpp
[1.181s] -- Up-to-date symlink: /home/anthony/Desktop/Assignment8/install/turtlebot3_interfaces/include/turtlebot3_interfaces/turtlebot3_interfaces/srv/detail/find_closest_wall__struct.hpp
[1.182s] -- Up-to-date symlink: /home/anthony/Desktop/Assignment8/install/turtlebot3_interfaces/include/turtlebot3_interfaces/turtlebot3_interfaces/srv/detail/find_closest_wall__traits.hpp
[1.183s] -- Up-to-date symlink: /home/anthony/Desktop/Assignment8/install/turtlebot3_interfaces/include/turtlebot3_interfaces/turtlebot3_interfaces/srv/find_closest_wall.hpp
[1.184s] -- Up-to-date symlink: /home/anthony/Desktop/Assignment8/install/turtlebot3_interfaces/include/turtlebot3_interfaces/turtlebot3_interfaces/action/detail/measure_lap_time__rosidl_typesupport_fastrtps_cpp.hpp
[1.185s] -- Up-to-date symlink: /home/anthony/Desktop/Assignment8/install/turtlebot3_interfaces/include/turtlebot3_interfaces/turtlebot3_interfaces/msg/rosidl_typesupport_fastrtps_cpp__visibility_control.h
[1.186s] -- Up-to-date symlink: /home/anthony/Desktop/Assignment8/install/turtlebot3_interfaces/include/turtlebot3_interfaces/turtlebot3_interfaces/srv/detail/find_closest_wall__rosidl_typesupport_fastrtps_cpp.hpp
[1.188s] -- Up-to-date symlink: /home/anthony/Desktop/Assignment8/install/turtlebot3_interfaces/include/turtlebot3_interfaces/turtlebot3_interfaces/action/detail/measure_lap_time__rosidl_typesupport_introspection_cpp.hpp
[1.189s] -- Up-to-date symlink: /home/anthony/Desktop/Assignment8/install/turtlebot3_interfaces/include/turtlebot3_interfaces/turtlebot3_interfaces/srv/detail/find_closest_wall__rosidl_typesupport_introspection_cpp.hpp
[1.190s] -- Up-to-date symlink: /home/anthony/Desktop/Assignment8/install/turtlebot3_interfaces/share/turtlebot3_interfaces/environment/pythonpath.sh
[1.191s] -- Up-to-date symlink: /home/anthony/Desktop/Assignment8/install/turtlebot3_interfaces/share/turtlebot3_interfaces/environment/pythonpath.dsv
[1.192s] -- Up-to-date symlink: /home/anthony/Desktop/Assignment8/install/turtlebot3_interfaces/local/lib/python3.10/dist-packages/turtlebot3_interfaces-0.0.0-py3.10.egg-info/PKG-INFO
[1.193s] -- Up-to-date symlink: /home/anthony/Desktop/Assignment8/install/turtlebot3_interfaces/local/lib/python3.10/dist-packages/turtlebot3_interfaces-0.0.0-py3.10.egg-info/SOURCES.txt
[1.194s] -- Up-to-date symlink: /home/anthony/Desktop/Assignment8/install/turtlebot3_interfaces/local/lib/python3.10/dist-packages/turtlebot3_interfaces-0.0.0-py3.10.egg-info/dependency_links.txt
[1.195s] -- Up-to-date symlink: /home/anthony/Desktop/Assignment8/install/turtlebot3_interfaces/local/lib/python3.10/dist-packages/turtlebot3_interfaces-0.0.0-py3.10.egg-info/top_level.txt
[1.197s] -- Up-to-date symlink: /home/anthony/Desktop/Assignment8/install/turtlebot3_interfaces/local/lib/python3.10/dist-packages/turtlebot3_interfaces/__init__.py
[1.198s] -- Up-to-date symlink: /home/anthony/Desktop/Assignment8/install/turtlebot3_interfaces/local/lib/python3.10/dist-packages/turtlebot3_interfaces/_turtlebot3_interfaces_s.ep.rosidl_typesupport_c.c
[1.199s] -- Up-to-date symlink: /home/anthony/Desktop/Assignment8/install/turtlebot3_interfaces/local/lib/python3.10/dist-packages/turtlebot3_interfaces/_turtlebot3_interfaces_s.ep.rosidl_typesupport_fastrtps_c.c
[1.200s] -- Up-to-date symlink: /home/anthony/Desktop/Assignment8/install/turtlebot3_interfaces/local/lib/python3.10/dist-packages/turtlebot3_interfaces/_turtlebot3_interfaces_s.ep.rosidl_typesupport_introspection_c.c
[1.200s] -- Up-to-date symlink: /home/anthony/Desktop/Assignment8/install/turtlebot3_interfaces/local/lib/python3.10/dist-packages/turtlebot3_interfaces/action/__init__.py
[1.200s] -- Up-to-date symlink: /home/anthony/Desktop/Assignment8/install/turtlebot3_interfaces/local/lib/python3.10/dist-packages/turtlebot3_interfaces/action/_measure_lap_time.py
[1.201s] -- Up-to-date symlink: /home/anthony/Desktop/Assignment8/install/turtlebot3_interfaces/local/lib/python3.10/dist-packages/turtlebot3_interfaces/action/_measure_lap_time_s.c
[1.202s] -- Up-to-date symlink: /home/anthony/Desktop/Assignment8/install/turtlebot3_interfaces/local/lib/python3.10/dist-packages/turtlebot3_interfaces/libturtlebot3_interfaces__rosidl_generator_py.so
[1.202s] -- Up-to-date symlink: /home/anthony/Desktop/Assignment8/install/turtlebot3_interfaces/local/lib/python3.10/dist-packages/turtlebot3_interfaces/srv/__init__.py
[1.203s] -- Up-to-date symlink: /home/anthony/Desktop/Assignment8/install/turtlebot3_interfaces/local/lib/python3.10/dist-packages/turtlebot3_interfaces/srv/_find_closest_wall.py
[1.204s] -- Up-to-date symlink: /home/anthony/Desktop/Assignment8/install/turtlebot3_interfaces/local/lib/python3.10/dist-packages/turtlebot3_interfaces/srv/_find_closest_wall_s.c
[1.204s] -- Up-to-date symlink: /home/anthony/Desktop/Assignment8/install/turtlebot3_interfaces/local/lib/python3.10/dist-packages/turtlebot3_interfaces/turtlebot3_interfaces_s__rosidl_typesupport_c.cpython-310-x86_64-linux-gnu.so
[1.205s] -- Up-to-date symlink: /home/anthony/Desktop/Assignment8/install/turtlebot3_interfaces/local/lib/python3.10/dist-packages/turtlebot3_interfaces/turtlebot3_interfaces_s__rosidl_typesupport_fastrtps_c.cpython-310-x86_64-linux-gnu.so
[1.211s] -- Up-to-date symlink: /home/anthony/Desktop/Assignment8/install/turtlebot3_interfaces/local/lib/python3.10/dist-packages/turtlebot3_interfaces/turtlebot3_interfaces_s__rosidl_typesupport_introspection_c.cpython-310-x86_64-linux-gnu.so
[1.211s] -- Up-to-date symlink: /home/anthony/Desktop/Assignment8/install/turtlebot3_interfaces/local/lib/python3.10/dist-packages/turtlebot3_interfaces/turtlebot3_interfaces_s__rosidl_typesupport_fastrtps_c.cpython-310-x86_64-linux-gnu.so
[1.211s] -- Up-to-date symlink: /home/anthony/Desktop/Assignment8/install/turtlebot3_interfaces/local/lib/python3.10/dist-packages/turtlebot3_interfaces/turtlebot3_interfaces_s__rosidl_typesupport_introspection_c.cpython-310-x86_64-linux-gnu.so
[1.211s] -- Up-to-date symlink: /home/anthony/Desktop/Assignment8/install/turtlebot3_interfaces/local/lib/python3.10/dist-packages/turtlebot3_interfaces/turtlebot3_interfaces_s__rosidl_typesupport_c.cpython-310-x86_64-linux-gnu.so
[1.212s] -- Up-to-date symlink: /home/anthony/Desktop/Assignment8/install/turtlebot3_interfaces/share/turtlebot3_interfaces/action/MeasureLapTime.idl
[1.213s] -- Up-to-date symlink: /home/anthony/Desktop/Assignment8/install/turtlebot3_interfaces/share/turtlebot3_interfaces/srv/FindClosestWall.idl
[1.213s] -- Up-to-date symlink: /home/anthony/Desktop/Assignment8/install/turtlebot3_interfaces/share/turtlebot3_interfaces/action/MeasureLapTime.action
[1.214s] -- Up-to-date symlink: /home/anthony/Desktop/Assignment8/install/turtlebot3_interfaces/share/turtlebot3_interfaces/srv/FindClosestWall.srv
[1.215s] -- Up-to-date symlink: /home/anthony/Desktop/Assignment8/install/turtlebot3_interfaces/share/turtlebot3_interfaces/srv/FindClosestWall_Request.msg
[1.216s] -- Up-to-date symlink: /home/anthony/Desktop/Assignment8/install/turtlebot3_interfaces/share/turtlebot3_interfaces/srv/FindClosestWall_Response.msg
[1.216s] -- Up-to-date symlink: /home/anthony/Desktop/Assignment8/install/turtlebot3_interfaces/share/ament_index/resource_index/package_run_dependencies/turtlebot3_interfaces
[1.217s] -- Up-to-date symlink: /home/anthony/Desktop/Assignment8/install/turtlebot3_interfaces/share/ament_index/resource_index/parent_prefix_path/turtlebot3_interfaces
[1.218s] -- Up-to-date symlink: /home/anthony/Desktop/Assignment8/install/turtlebot3_interfaces/share/turtlebot3_interfaces/environment/ament_prefix_path.sh
[1.218s] -- Up-to-date symlink: /home/anthony/Desktop/Assignment8/install/turtlebot3_interfaces/share/turtlebot3_interfaces/environment/ament_prefix_path.dsv
[1.219s] -- Up-to-date symlink: /home/anthony/Desktop/Assignment8/install/turtlebot3_interfaces/share/turtlebot3_interfaces/environment/path.sh
[1.220s] -- Up-to-date symlink: /home/anthony/Desktop/Assignment8/install/turtlebot3_interfaces/share/turtlebot3_interfaces/environment/path.dsv
[1.221s] -- Up-to-date symlink: /home/anthony/Desktop/Assignment8/install/turtlebot3_interfaces/share/turtlebot3_interfaces/local_setup.bash
[1.222s] -- Up-to-date symlink: /home/anthony/Desktop/Assignment8/install/turtlebot3_interfaces/share/turtlebot3_interfaces/local_setup.sh
[1.224s] -- Up-to-date symlink: /home/anthony/Desktop/Assignment8/install/turtlebot3_interfaces/share/turtlebot3_interfaces/local_setup.zsh
[1.224s] -- Up-to-date symlink: /home/anthony/Desktop/Assignment8/install/turtlebot3_interfaces/share/turtlebot3_interfaces/local_setup.dsv
[1.224s] -- Symlinking: /home/anthony/Desktop/Assignment8/install/turtlebot3_interfaces/share/turtlebot3_interfaces/package.dsv
[1.243s] -- Up-to-date symlink: /home/anthony/Desktop/Assignment8/install/turtlebot3_interfaces/share/ament_index/resource_index/packages/turtlebot3_interfaces
[1.243s] -- Up-to-date symlink: /home/anthony/Desktop/Assignment8/install/turtlebot3_interfaces/share/turtlebot3_interfaces/cmake/rosidl_cmake-extras.cmake
[1.244s] -- Up-to-date symlink: /home/anthony/Desktop/Assignment8/install/turtlebot3_interfaces/share/turtlebot3_interfaces/cmake/ament_cmake_export_dependencies-extras.cmake
[1.244s] -- Up-to-date symlink: /home/anthony/Desktop/Assignment8/install/turtlebot3_interfaces/share/turtlebot3_interfaces/cmake/ament_cmake_export_include_directories-extras.cmake
[1.245s] -- Up-to-date symlink: /home/anthony/Desktop/Assignment8/install/turtlebot3_interfaces/share/turtlebot3_interfaces/cmake/ament_cmake_export_libraries-extras.cmake
[1.246s] -- Up-to-date symlink: /home/anthony/Desktop/Assignment8/install/turtlebot3_interfaces/share/turtlebot3_interfaces/cmake/ament_cmake_export_targets-extras.cmake
[1.247s] -- Up-to-date symlink: /home/anthony/Desktop/Assignment8/install/turtlebot3_interfaces/share/turtlebot3_interfaces/cmake/rosidl_cmake_export_typesupport_targets-extras.cmake
[1.248s] -- Up-to-date symlink: /home/anthony/Desktop/Assignment8/install/turtlebot3_interfaces/share/turtlebot3_interfaces/cmake/rosidl_cmake_export_typesupport_libraries-extras.cmake
[1.248s] -- Up-to-date symlink: /home/anthony/Desktop/Assignment8/install/turtlebot3_interfaces/share/turtlebot3_interfaces/cmake/turtlebot3_interfacesConfig.cmake
[1.249s] -- Up-to-date symlink: /home/anthony/Desktop/Assignment8/install/turtlebot3_interfaces/share/turtlebot3_interfaces/cmake/turtlebot3_interfacesConfig-version.cmake
[1.249s] -- Up-to-date symlink: /home/anthony/Desktop/Assignment8/install/turtlebot3_interfaces/share/turtlebot3_interfaces/package.xml
[1.249s] -- Up-to-date: /home/anthony/Desktop/Assignment8/install/turtlebot3_interfaces/lib/libturtlebot3_interfaces__rosidl_generator_c.so
[1.250s] -- Up-to-date: /home/anthony/Desktop/Assignment8/install/turtlebot3_interfaces/lib/libturtlebot3_interfaces__rosidl_typesupport_fastrtps_c.so
[1.250s] -- Up-to-date: /home/anthony/Desktop/Assignment8/install/turtlebot3_interfaces/lib/libturtlebot3_interfaces__rosidl_typesupport_introspection_c.so
[1.250s] -- Up-to-date: /home/anthony/Desktop/Assignment8/install/turtlebot3_interfaces/lib/libturtlebot3_interfaces__rosidl_typesupport_c.so
[1.252s] -- Up-to-date: /home/anthony/Desktop/Assignment8/install/turtlebot3_interfaces/lib/libturtlebot3_interfaces__rosidl_typesupport_fastrtps_cpp.so
[1.254s] -- Up-to-date: /home/anthony/Desktop/Assignment8/install/turtlebot3_interfaces/lib/libturtlebot3_interfaces__rosidl_typesupport_introspection_cpp.so
[1.255s] -- Up-to-date: /home/anthony/Desktop/Assignment8/install/turtlebot3_interfaces/lib/libturtlebot3_interfaces__rosidl_typesupport_cpp.so
[1.301s] Listing '/home/anthony/Desktop/Assignment8/install/turtlebot3_interfaces/local/lib/python3.10/dist-packages/turtlebot3_interfaces'...
[1.301s] Listing '/home/anthony/Desktop/Assignment8/install/turtlebot3_interfaces/local/lib/python3.10/dist-packages/turtlebot3_interfaces/action'...
[1.301s] Listing '/home/anthony/Desktop/Assignment8/install/turtlebot3_interfaces/local/lib/python3.10/dist-packages/turtlebot3_interfaces/srv'...
[1.307s] -- Up-to-date: /home/anthony/Desktop/Assignment8/install/turtlebot3_interfaces/lib/libturtlebot3_interfaces__rosidl_generator_py.so
[1.310s] -- Up-to-date: /home/anthony/Desktop/Assignment8/install/turtlebot3_interfaces/share/turtlebot3_interfaces/cmake/export_turtlebot3_interfaces__rosidl_generator_cExport.cmake
[1.311s] -- Up-to-date: /home/anthony/Desktop/Assignment8/install/turtlebot3_interfaces/share/turtlebot3_interfaces/cmake/export_turtlebot3_interfaces__rosidl_generator_cExport-noconfig.cmake
[1.312s] -- Up-to-date: /home/anthony/Desktop/Assignment8/install/turtlebot3_interfaces/share/turtlebot3_interfaces/cmake/export_turtlebot3_interfaces__rosidl_typesupport_fastrtps_cExport.cmake
[1.312s] -- Up-to-date: /home/anthony/Desktop/Assignment8/install/turtlebot3_interfaces/share/turtlebot3_interfaces/cmake/export_turtlebot3_interfaces__rosidl_typesupport_fastrtps_cExport-noconfig.cmake
[1.313s] -- Up-to-date: /home/anthony/Desktop/Assignment8/install/turtlebot3_interfaces/share/turtlebot3_interfaces/cmake/turtlebot3_interfaces__rosidl_typesupport_introspection_cExport.cmake
[1.313s] -- Up-to-date: /home/anthony/Desktop/Assignment8/install/turtlebot3_interfaces/share/turtlebot3_interfaces/cmake/turtlebot3_interfaces__rosidl_typesupport_introspection_cExport-noconfig.cmake
[1.315s] -- Up-to-date: /home/anthony/Desktop/Assignment8/install/turtlebot3_interfaces/share/turtlebot3_interfaces/cmake/turtlebot3_interfaces__rosidl_typesupport_cExport.cmake
[1.315s] -- Up-to-date: /home/anthony/Desktop/Assignment8/install/turtlebot3_interfaces/share/turtlebot3_interfaces/cmake/turtlebot3_interfaces__rosidl_typesupport_cExport-noconfig.cmake
[1.316s] -- Up-to-date: /home/anthony/Desktop/Assignment8/install/turtlebot3_interfaces/share/turtlebot3_interfaces/cmake/export_turtlebot3_interfaces__rosidl_generator_cppExport.cmake
[1.317s] -- Up-to-date: /home/anthony/Desktop/Assignment8/install/turtlebot3_interfaces/share/turtlebot3_interfaces/cmake/export_turtlebot3_interfaces__rosidl_typesupport_fastrtps_cppExport.cmake
[1.317s] -- Up-to-date: /home/anthony/Desktop/Assignment8/install/turtlebot3_interfaces/share/turtlebot3_interfaces/cmake/export_turtlebot3_interfaces__rosidl_typesupport_fastrtps_cppExport-noconfig.cmake
[1.318s] -- Up-to-date: /home/anthony/Desktop/Assignment8/install/turtlebot3_interfaces/share/turtlebot3_interfaces/cmake/turtlebot3_interfaces__rosidl_typesupport_introspection_cppExport.cmake
[1.319s] -- Up-to-date: /home/anthony/Desktop/Assignment8/install/turtlebot3_interfaces/share/turtlebot3_interfaces/cmake/turtlebot3_interfaces__rosidl_typesupport_introspection_cppExport-noconfig.cmake
[1.320s] -- Up-to-date: /home/anthony/Desktop/Assignment8/install/turtlebot3_interfaces/share/turtlebot3_interfaces/cmake/turtlebot3_interfaces__rosidl_typesupport_cppExport.cmake
[1.320s] -- Up-to-date: /home/anthony/Desktop/Assignment8/install/turtlebot3_interfaces/share/turtlebot3_interfaces/cmake/turtlebot3_interfaces__rosidl_typesupport_cppExport-noconfig.cmake
[1.321s] -- Up-to-date: /home/anthony/Desktop/Assignment8/install/turtlebot3_interfaces/share/turtlebot3_interfaces/cmake/export_turtlebot3_interfaces__rosidl_generator_pyExport.cmake
[1.321s] -- Up-to-date: /home/anthony/Desktop/Assignment8/install/turtlebot3_interfaces/share/turtlebot3_interfaces/cmake/export_turtlebot3_interfaces__rosidl_generator_pyExport-noconfig.cmake
[1.605s] Invoked command in '/home/anthony/Desktop/Assignment8/build/turtlebot3_interfaces' returned '0': CMAKE_PREFIX_PATH=${CMAKE_PREFIX_PATH}:/home/anthony/Desktop/Assignment8/install/turtlebot3_navigation /usr/bin/cmake --install /home/anthony/Desktop/Assignment8/build/turtlebot3_interfaces
