[0.378s] DEBUG:colcon:Command line arguments: ['/usr/bin/colcon', 'build', '--symlink-install']
[0.379s] DEBUG:colcon:Parsed command line arguments: Namespace(log_base=None, log_level=None, verb_name='build', build_base='build', install_base='install', merge_install=False, symlink_install=True, test_result_base=None, continue_on_error=False, executor='parallel', parallel_workers=3, event_handlers=None, ignore_user_meta=False, metas=['./colcon.meta'], base_paths=['.'], packages_ignore=None, packages_ignore_regex=None, paths=None, packages_up_to=None, packages_up_to_regex=None, packages_above=None, packages_above_and_dependencies=None, packages_above_depth=None, packages_select_by_dep=None, packages_skip_by_dep=None, packages_skip_up_to=None, packages_select_build_failed=False, packages_skip_build_finished=False, packages_select_test_failures=False, packages_skip_test_passed=False, packages_select=None, packages_skip=None, packages_select_regex=None, packages_skip_regex=None, packages_start=None, packages_end=None, allow_overriding=[], cmake_args=None, cmake_target=None, cmake_target_skip_unavailable=False, cmake_clean_cache=False, cmake_clean_first=False, cmake_force_configure=False, ament_cmake_args=None, catkin_cmake_args=None, catkin_skip_building_tests=False, verb_parser=<colcon_defaults.argument_parser.defaults.DefaultArgumentsDecorator object at 0x7a86475f8550>, verb_extension=<colcon_core.verb.build.BuildVerb object at 0x7a86477b3fa0>, main=<bound method BuildVerb.main of <colcon_core.verb.build.BuildVerb object at 0x7a86477b3fa0>>)
[1.161s] Level 1:colcon.colcon_core.package_discovery:discover_packages(colcon_meta) check parameters
[1.161s] Level 1:colcon.colcon_core.package_discovery:discover_packages(recursive) check parameters
[1.161s] Level 1:colcon.colcon_core.package_discovery:discover_packages(ignore) check parameters
[1.162s] Level 1:colcon.colcon_core.package_discovery:discover_packages(path) check parameters
[1.162s] Level 1:colcon.colcon_core.package_discovery:discover_packages(colcon_meta) discover
[1.162s] Level 1:colcon.colcon_core.package_discovery:discover_packages(recursive) discover
[1.162s] INFO:colcon.colcon_core.package_discovery:Crawling recursively for packages in '/home/anthony/Desktop/Assignment8'
[1.163s] Level 1:colcon.colcon_core.package_identification:_identify(.) by extensions ['ignore', 'ignore_ament_install']
[1.163s] Level 1:colcon.colcon_core.package_identification:_identify(.) by extension 'ignore'
[1.164s] Level 1:colcon.colcon_core.package_identification:_identify(.) by extension 'ignore_ament_install'
[1.164s] Level 1:colcon.colcon_core.package_identification:_identify(.) by extensions ['colcon_pkg']
[1.164s] Level 1:colcon.colcon_core.package_identification:_identify(.) by extension 'colcon_pkg'
[1.164s] Level 1:colcon.colcon_core.package_identification:_identify(.) by extensions ['colcon_meta']
[1.164s] Level 1:colcon.colcon_core.package_identification:_identify(.) by extension 'colcon_meta'
[1.164s] Level 1:colcon.colcon_core.package_identification:_identify(.) by extensions ['ros']
[1.164s] Level 1:colcon.colcon_core.package_identification:_identify(.) by extension 'ros'
[1.208s] Level 1:colcon.colcon_core.package_identification:_identify(.) by extensions ['cmake', 'python']
[1.209s] Level 1:colcon.colcon_core.package_identification:_identify(.) by extension 'cmake'
[1.209s] Level 1:colcon.colcon_core.package_identification:_identify(.) by extension 'python'
[1.209s] Level 1:colcon.colcon_core.package_identification:_identify(.) by extensions ['python_setup_py']
[1.209s] Level 1:colcon.colcon_core.package_identification:_identify(.) by extension 'python_setup_py'
[1.210s] Level 1:colcon.colcon_core.package_identification:_identify(build) by extensions ['ignore', 'ignore_ament_install']
[1.210s] Level 1:colcon.colcon_core.package_identification:_identify(build) by extension 'ignore'
[1.210s] Level 1:colcon.colcon_core.package_identification:_identify(build) ignored
[1.211s] Level 1:colcon.colcon_core.package_identification:_identify(install) by extensions ['ignore', 'ignore_ament_install']
[1.211s] Level 1:colcon.colcon_core.package_identification:_identify(install) by extension 'ignore'
[1.211s] Level 1:colcon.colcon_core.package_identification:_identify(install) ignored
[1.212s] Level 1:colcon.colcon_core.package_identification:_identify(log) by extensions ['ignore', 'ignore_ament_install']
[1.212s] Level 1:colcon.colcon_core.package_identification:_identify(log) by extension 'ignore'
[1.212s] Level 1:colcon.colcon_core.package_identification:_identify(log) ignored
[1.212s] Level 1:colcon.colcon_core.package_identification:_identify(src) by extensions ['ignore', 'ignore_ament_install']
[1.213s] Level 1:colcon.colcon_core.package_identification:_identify(src) by extension 'ignore'
[1.213s] Level 1:colcon.colcon_core.package_identification:_identify(src) by extension 'ignore_ament_install'
[1.213s] Level 1:colcon.colcon_core.package_identification:_identify(src) by extensions ['colcon_pkg']
[1.213s] Level 1:colcon.colcon_core.package_identification:_identify(src) by extension 'colcon_pkg'
[1.213s] Level 1:colcon.colcon_core.package_identification:_identify(src) by extensions ['colcon_meta']
[1.214s] Level 1:colcon.colcon_core.package_identification:_identify(src) by extension 'colcon_meta'
[1.214s] Level 1:colcon.colcon_core.package_identification:_identify(src) by extensions ['ros']
[1.214s] Level 1:colcon.colcon_core.package_identification:_identify(src) by extension 'ros'
[1.214s] Level 1:colcon.colcon_core.package_identification:_identify(src) by extensions ['cmake', 'python']
[1.214s] Level 1:colcon.colcon_core.package_identification:_identify(src) by extension 'cmake'
[1.214s] Level 1:colcon.colcon_core.package_identification:_identify(src) by extension 'python'
[1.214s] Level 1:colcon.colcon_core.package_identification:_identify(src) by extensions ['python_setup_py']
[1.215s] Level 1:colcon.colcon_core.package_identification:_identify(src) by extension 'python_setup_py'
[1.215s] Level 1:colcon.colcon_core.package_identification:_identify(src/turtlebot3_interfaces) by extensions ['ignore', 'ignore_ament_install']
[1.215s] Level 1:colcon.colcon_core.package_identification:_identify(src/turtlebot3_interfaces) by extension 'ignore'
[1.215s] Level 1:colcon.colcon_core.package_identification:_identify(src/turtlebot3_interfaces) by extension 'ignore_ament_install'
[1.216s] Level 1:colcon.colcon_core.package_identification:_identify(src/turtlebot3_interfaces) by extensions ['colcon_pkg']
[1.216s] Level 1:colcon.colcon_core.package_identification:_identify(src/turtlebot3_interfaces) by extension 'colcon_pkg'
[1.216s] Level 1:colcon.colcon_core.package_identification:_identify(src/turtlebot3_interfaces) by extensions ['colcon_meta']
[1.216s] Level 1:colcon.colcon_core.package_identification:_identify(src/turtlebot3_interfaces) by extension 'colcon_meta'
[1.216s] Level 1:colcon.colcon_core.package_identification:_identify(src/turtlebot3_interfaces) by extensions ['ros']
[1.216s] Level 1:colcon.colcon_core.package_identification:_identify(src/turtlebot3_interfaces) by extension 'ros'
[1.224s] DEBUG:colcon.colcon_core.package_identification:Package 'src/turtlebot3_interfaces' with type 'ros.ament_cmake' and name 'turtlebot3_interfaces'
[1.225s] Level 1:colcon.colcon_core.package_identification:_identify(src/turtlebot3_navigation) by extensions ['ignore', 'ignore_ament_install']
[1.225s] Level 1:colcon.colcon_core.package_identification:_identify(src/turtlebot3_navigation) by extension 'ignore'
[1.226s] Level 1:colcon.colcon_core.package_identification:_identify(src/turtlebot3_navigation) by extension 'ignore_ament_install'
[1.226s] Level 1:colcon.colcon_core.package_identification:_identify(src/turtlebot3_navigation) by extensions ['colcon_pkg']
[1.226s] Level 1:colcon.colcon_core.package_identification:_identify(src/turtlebot3_navigation) by extension 'colcon_pkg'
[1.226s] Level 1:colcon.colcon_core.package_identification:_identify(src/turtlebot3_navigation) by extensions ['colcon_meta']
[1.226s] Level 1:colcon.colcon_core.package_identification:_identify(src/turtlebot3_navigation) by extension 'colcon_meta'
[1.226s] Level 1:colcon.colcon_core.package_identification:_identify(src/turtlebot3_navigation) by extensions ['ros']
[1.227s] Level 1:colcon.colcon_core.package_identification:_identify(src/turtlebot3_navigation) by extension 'ros'
[1.231s] DEBUG:colcon.colcon_core.package_identification:Package 'src/turtlebot3_navigation' with type 'ros.ament_python' and name 'turtlebot3_navigation'
[1.232s] Level 1:colcon.colcon_core.package_identification:_identify(src/turtlebot3_simulations) by extensions ['ignore', 'ignore_ament_install']
[1.232s] Level 1:colcon.colcon_core.package_identification:_identify(src/turtlebot3_simulations) by extension 'ignore'
[1.232s] Level 1:colcon.colcon_core.package_identification:_identify(src/turtlebot3_simulations) by extension 'ignore_ament_install'
[1.232s] Level 1:colcon.colcon_core.package_identification:_identify(src/turtlebot3_simulations) by extensions ['colcon_pkg']
[1.233s] Level 1:colcon.colcon_core.package_identification:_identify(src/turtlebot3_simulations) by extension 'colcon_pkg'
[1.233s] Level 1:colcon.colcon_core.package_identification:_identify(src/turtlebot3_simulations) by extensions ['colcon_meta']
[1.233s] Level 1:colcon.colcon_core.package_identification:_identify(src/turtlebot3_simulations) by extension 'colcon_meta'
[1.233s] Level 1:colcon.colcon_core.package_identification:_identify(src/turtlebot3_simulations) by extensions ['ros']
[1.233s] Level 1:colcon.colcon_core.package_identification:_identify(src/turtlebot3_simulations) by extension 'ros'
[1.233s] Level 1:colcon.colcon_core.package_identification:_identify(src/turtlebot3_simulations) by extensions ['cmake', 'python']
[1.234s] Level 1:colcon.colcon_core.package_identification:_identify(src/turtlebot3_simulations) by extension 'cmake'
[1.234s] Level 1:colcon.colcon_core.package_identification:_identify(src/turtlebot3_simulations) by extension 'python'
[1.234s] Level 1:colcon.colcon_core.package_identification:_identify(src/turtlebot3_simulations) by extensions ['python_setup_py']
[1.234s] Level 1:colcon.colcon_core.package_identification:_identify(src/turtlebot3_simulations) by extension 'python_setup_py'
[1.235s] Level 1:colcon.colcon_core.package_identification:_identify(src/turtlebot3_simulations/turtlebot3_fake_node) by extensions ['ignore', 'ignore_ament_install']
[1.235s] Level 1:colcon.colcon_core.package_identification:_identify(src/turtlebot3_simulations/turtlebot3_fake_node) by extension 'ignore'
[1.236s] Level 1:colcon.colcon_core.package_identification:_identify(src/turtlebot3_simulations/turtlebot3_fake_node) by extension 'ignore_ament_install'
[1.236s] Level 1:colcon.colcon_core.package_identification:_identify(src/turtlebot3_simulations/turtlebot3_fake_node) by extensions ['colcon_pkg']
[1.236s] Level 1:colcon.colcon_core.package_identification:_identify(src/turtlebot3_simulations/turtlebot3_fake_node) by extension 'colcon_pkg'
[1.236s] Level 1:colcon.colcon_core.package_identification:_identify(src/turtlebot3_simulations/turtlebot3_fake_node) by extensions ['colcon_meta']
[1.237s] Level 1:colcon.colcon_core.package_identification:_identify(src/turtlebot3_simulations/turtlebot3_fake_node) by extension 'colcon_meta'
[1.237s] Level 1:colcon.colcon_core.package_identification:_identify(src/turtlebot3_simulations/turtlebot3_fake_node) by extensions ['ros']
[1.237s] Level 1:colcon.colcon_core.package_identification:_identify(src/turtlebot3_simulations/turtlebot3_fake_node) by extension 'ros'
[1.242s] DEBUG:colcon.colcon_core.package_identification:Package 'src/turtlebot3_simulations/turtlebot3_fake_node' with type 'ros.ament_cmake' and name 'turtlebot3_fake_node'
[1.242s] Level 1:colcon.colcon_core.package_identification:_identify(src/turtlebot3_simulations/turtlebot3_gazebo) by extensions ['ignore', 'ignore_ament_install']
[1.243s] Level 1:colcon.colcon_core.package_identification:_identify(src/turtlebot3_simulations/turtlebot3_gazebo) by extension 'ignore'
[1.243s] Level 1:colcon.colcon_core.package_identification:_identify(src/turtlebot3_simulations/turtlebot3_gazebo) by extension 'ignore_ament_install'
[1.243s] Level 1:colcon.colcon_core.package_identification:_identify(src/turtlebot3_simulations/turtlebot3_gazebo) by extensions ['colcon_pkg']
[1.243s] Level 1:colcon.colcon_core.package_identification:_identify(src/turtlebot3_simulations/turtlebot3_gazebo) by extension 'colcon_pkg'
[1.244s] Level 1:colcon.colcon_core.package_identification:_identify(src/turtlebot3_simulations/turtlebot3_gazebo) by extensions ['colcon_meta']
[1.244s] Level 1:colcon.colcon_core.package_identification:_identify(src/turtlebot3_simulations/turtlebot3_gazebo) by extension 'colcon_meta'
[1.244s] Level 1:colcon.colcon_core.package_identification:_identify(src/turtlebot3_simulations/turtlebot3_gazebo) by extensions ['ros']
[1.244s] Level 1:colcon.colcon_core.package_identification:_identify(src/turtlebot3_simulations/turtlebot3_gazebo) by extension 'ros'
[1.249s] DEBUG:colcon.colcon_core.package_identification:Package 'src/turtlebot3_simulations/turtlebot3_gazebo' with type 'ros.ament_cmake' and name 'turtlebot3_gazebo'
[1.249s] Level 1:colcon.colcon_core.package_identification:_identify(src/turtlebot3_simulations/turtlebot3_simulations) by extensions ['ignore', 'ignore_ament_install']
[1.250s] Level 1:colcon.colcon_core.package_identification:_identify(src/turtlebot3_simulations/turtlebot3_simulations) by extension 'ignore'
[1.250s] Level 1:colcon.colcon_core.package_identification:_identify(src/turtlebot3_simulations/turtlebot3_simulations) by extension 'ignore_ament_install'
[1.250s] Level 1:colcon.colcon_core.package_identification:_identify(src/turtlebot3_simulations/turtlebot3_simulations) by extensions ['colcon_pkg']
[1.250s] Level 1:colcon.colcon_core.package_identification:_identify(src/turtlebot3_simulations/turtlebot3_simulations) by extension 'colcon_pkg'
[1.251s] Level 1:colcon.colcon_core.package_identification:_identify(src/turtlebot3_simulations/turtlebot3_simulations) by extensions ['colcon_meta']
[1.251s] Level 1:colcon.colcon_core.package_identification:_identify(src/turtlebot3_simulations/turtlebot3_simulations) by extension 'colcon_meta'
[1.251s] Level 1:colcon.colcon_core.package_identification:_identify(src/turtlebot3_simulations/turtlebot3_simulations) by extensions ['ros']
[1.251s] Level 1:colcon.colcon_core.package_identification:_identify(src/turtlebot3_simulations/turtlebot3_simulations) by extension 'ros'
[1.253s] DEBUG:colcon.colcon_core.package_identification:Package 'src/turtlebot3_simulations/turtlebot3_simulations' with type 'ros.ament_cmake' and name 'turtlebot3_simulations'
[1.254s] Level 1:colcon.colcon_core.package_discovery:discover_packages(recursive) using defaults
[1.254s] Level 1:colcon.colcon_core.package_discovery:discover_packages(ignore) discover
[1.254s] Level 1:colcon.colcon_core.package_discovery:discover_packages(ignore) using defaults
[1.254s] Level 1:colcon.colcon_core.package_discovery:discover_packages(path) discover
[1.254s] Level 1:colcon.colcon_core.package_discovery:discover_packages(path) using defaults
[1.356s] Level 1:colcon.colcon_core.package_discovery:discover_packages(prefix_path) check parameters
[1.356s] Level 1:colcon.colcon_core.package_discovery:discover_packages(prefix_path) discover
[1.371s] DEBUG:colcon.colcon_installed_package_information.package_discovery:Found 349 installed packages in /opt/ros/humble
[1.411s] Level 1:colcon.colcon_core.package_discovery:discover_packages(prefix_path) using defaults
[1.559s] Level 5:colcon.colcon_core.verb:set package 'turtlebot3_fake_node' build argument 'cmake_args' from command line to 'None'
[1.560s] Level 5:colcon.colcon_core.verb:set package 'turtlebot3_fake_node' build argument 'cmake_target' from command line to 'None'
[1.560s] Level 5:colcon.colcon_core.verb:set package 'turtlebot3_fake_node' build argument 'cmake_target_skip_unavailable' from command line to 'False'
[1.560s] Level 5:colcon.colcon_core.verb:set package 'turtlebot3_fake_node' build argument 'cmake_clean_cache' from command line to 'False'
[1.560s] Level 5:colcon.colcon_core.verb:set package 'turtlebot3_fake_node' build argument 'cmake_clean_first' from command line to 'False'
[1.560s] Level 5:colcon.colcon_core.verb:set package 'turtlebot3_fake_node' build argument 'cmake_force_configure' from command line to 'False'
[1.560s] Level 5:colcon.colcon_core.verb:set package 'turtlebot3_fake_node' build argument 'ament_cmake_args' from command line to 'None'
[1.560s] Level 5:colcon.colcon_core.verb:set package 'turtlebot3_fake_node' build argument 'catkin_cmake_args' from command line to 'None'
[1.560s] Level 5:colcon.colcon_core.verb:set package 'turtlebot3_fake_node' build argument 'catkin_skip_building_tests' from command line to 'False'
[1.561s] DEBUG:colcon.colcon_core.verb:Building package 'turtlebot3_fake_node' with the following arguments: {'ament_cmake_args': None, 'build_base': '/home/anthony/Desktop/Assignment8/build/turtlebot3_fake_node', 'catkin_cmake_args': None, 'catkin_skip_building_tests': False, 'cmake_args': None, 'cmake_clean_cache': False, 'cmake_clean_first': False, 'cmake_force_configure': False, 'cmake_target': None, 'cmake_target_skip_unavailable': False, 'install_base': '/home/anthony/Desktop/Assignment8/install/turtlebot3_fake_node', 'merge_install': False, 'path': '/home/anthony/Desktop/Assignment8/src/turtlebot3_simulations/turtlebot3_fake_node', 'symlink_install': True, 'test_result_base': None}
[1.562s] Level 5:colcon.colcon_core.verb:set package 'turtlebot3_gazebo' build argument 'cmake_args' from command line to 'None'
[1.562s] Level 5:colcon.colcon_core.verb:set package 'turtlebot3_gazebo' build argument 'cmake_target' from command line to 'None'
[1.562s] Level 5:colcon.colcon_core.verb:set package 'turtlebot3_gazebo' build argument 'cmake_target_skip_unavailable' from command line to 'False'
[1.562s] Level 5:colcon.colcon_core.verb:set package 'turtlebot3_gazebo' build argument 'cmake_clean_cache' from command line to 'False'
[1.562s] Level 5:colcon.colcon_core.verb:set package 'turtlebot3_gazebo' build argument 'cmake_clean_first' from command line to 'False'
[1.563s] Level 5:colcon.colcon_core.verb:set package 'turtlebot3_gazebo' build argument 'cmake_force_configure' from command line to 'False'
[1.563s] Level 5:colcon.colcon_core.verb:set package 'turtlebot3_gazebo' build argument 'ament_cmake_args' from command line to 'None'
[1.563s] Level 5:colcon.colcon_core.verb:set package 'turtlebot3_gazebo' build argument 'catkin_cmake_args' from command line to 'None'
[1.563s] Level 5:colcon.colcon_core.verb:set package 'turtlebot3_gazebo' build argument 'catkin_skip_building_tests' from command line to 'False'
[1.563s] DEBUG:colcon.colcon_core.verb:Building package 'turtlebot3_gazebo' with the following arguments: {'ament_cmake_args': None, 'build_base': '/home/anthony/Desktop/Assignment8/build/turtlebot3_gazebo', 'catkin_cmake_args': None, 'catkin_skip_building_tests': False, 'cmake_args': None, 'cmake_clean_cache': False, 'cmake_clean_first': False, 'cmake_force_configure': False, 'cmake_target': None, 'cmake_target_skip_unavailable': False, 'install_base': '/home/anthony/Desktop/Assignment8/install/turtlebot3_gazebo', 'merge_install': False, 'path': '/home/anthony/Desktop/Assignment8/src/turtlebot3_simulations/turtlebot3_gazebo', 'symlink_install': True, 'test_result_base': None}
[1.564s] Level 5:colcon.colcon_core.verb:set package 'turtlebot3_interfaces' build argument 'cmake_args' from command line to 'None'
[1.564s] Level 5:colcon.colcon_core.verb:set package 'turtlebot3_interfaces' build argument 'cmake_target' from command line to 'None'
[1.564s] Level 5:colcon.colcon_core.verb:set package 'turtlebot3_interfaces' build argument 'cmake_target_skip_unavailable' from command line to 'False'
[1.564s] Level 5:colcon.colcon_core.verb:set package 'turtlebot3_interfaces' build argument 'cmake_clean_cache' from command line to 'False'
[1.565s] Level 5:colcon.colcon_core.verb:set package 'turtlebot3_interfaces' build argument 'cmake_clean_first' from command line to 'False'
[1.565s] Level 5:colcon.colcon_core.verb:set package 'turtlebot3_interfaces' build argument 'cmake_force_configure' from command line to 'False'
[1.565s] Level 5:colcon.colcon_core.verb:set package 'turtlebot3_interfaces' build argument 'ament_cmake_args' from command line to 'None'
[1.565s] Level 5:colcon.colcon_core.verb:set package 'turtlebot3_interfaces' build argument 'catkin_cmake_args' from command line to 'None'
[1.565s] Level 5:colcon.colcon_core.verb:set package 'turtlebot3_interfaces' build argument 'catkin_skip_building_tests' from command line to 'False'
[1.565s] DEBUG:colcon.colcon_core.verb:Building package 'turtlebot3_interfaces' with the following arguments: {'ament_cmake_args': None, 'build_base': '/home/anthony/Desktop/Assignment8/build/turtlebot3_interfaces', 'catkin_cmake_args': None, 'catkin_skip_building_tests': False, 'cmake_args': None, 'cmake_clean_cache': False, 'cmake_clean_first': False, 'cmake_force_configure': False, 'cmake_target': None, 'cmake_target_skip_unavailable': False, 'install_base': '/home/anthony/Desktop/Assignment8/install/turtlebot3_interfaces', 'merge_install': False, 'path': '/home/anthony/Desktop/Assignment8/src/turtlebot3_interfaces', 'symlink_install': True, 'test_result_base': None}
[1.566s] Level 5:colcon.colcon_core.verb:set package 'turtlebot3_simulations' build argument 'cmake_args' from command line to 'None'
[1.567s] Level 5:colcon.colcon_core.verb:set package 'turtlebot3_simulations' build argument 'cmake_target' from command line to 'None'
[1.567s] Level 5:colcon.colcon_core.verb:set package 'turtlebot3_simulations' build argument 'cmake_target_skip_unavailable' from command line to 'False'
[1.567s] Level 5:colcon.colcon_core.verb:set package 'turtlebot3_simulations' build argument 'cmake_clean_cache' from command line to 'False'
[1.567s] Level 5:colcon.colcon_core.verb:set package 'turtlebot3_simulations' build argument 'cmake_clean_first' from command line to 'False'
[1.567s] Level 5:colcon.colcon_core.verb:set package 'turtlebot3_simulations' build argument 'cmake_force_configure' from command line to 'False'
[1.567s] Level 5:colcon.colcon_core.verb:set package 'turtlebot3_simulations' build argument 'ament_cmake_args' from command line to 'None'
[1.567s] Level 5:colcon.colcon_core.verb:set package 'turtlebot3_simulations' build argument 'catkin_cmake_args' from command line to 'None'
[1.567s] Level 5:colcon.colcon_core.verb:set package 'turtlebot3_simulations' build argument 'catkin_skip_building_tests' from command line to 'False'
[1.567s] DEBUG:colcon.colcon_core.verb:Building package 'turtlebot3_simulations' with the following arguments: {'ament_cmake_args': None, 'build_base': '/home/anthony/Desktop/Assignment8/build/turtlebot3_simulations', 'catkin_cmake_args': None, 'catkin_skip_building_tests': False, 'cmake_args': None, 'cmake_clean_cache': False, 'cmake_clean_first': False, 'cmake_force_configure': False, 'cmake_target': None, 'cmake_target_skip_unavailable': False, 'install_base': '/home/anthony/Desktop/Assignment8/install/turtlebot3_simulations', 'merge_install': False, 'path': '/home/anthony/Desktop/Assignment8/src/turtlebot3_simulations/turtlebot3_simulations', 'symlink_install': True, 'test_result_base': None}
[1.569s] Level 5:colcon.colcon_core.verb:set package 'turtlebot3_navigation' build argument 'cmake_args' from command line to 'None'
[1.569s] Level 5:colcon.colcon_core.verb:set package 'turtlebot3_navigation' build argument 'cmake_target' from command line to 'None'
[1.569s] Level 5:colcon.colcon_core.verb:set package 'turtlebot3_navigation' build argument 'cmake_target_skip_unavailable' from command line to 'False'
[1.569s] Level 5:colcon.colcon_core.verb:set package 'turtlebot3_navigation' build argument 'cmake_clean_cache' from command line to 'False'
[1.569s] Level 5:colcon.colcon_core.verb:set package 'turtlebot3_navigation' build argument 'cmake_clean_first' from command line to 'False'
[1.569s] Level 5:colcon.colcon_core.verb:set package 'turtlebot3_navigation' build argument 'cmake_force_configure' from command line to 'False'
[1.569s] Level 5:colcon.colcon_core.verb:set package 'turtlebot3_navigation' build argument 'ament_cmake_args' from command line to 'None'
[1.569s] Level 5:colcon.colcon_core.verb:set package 'turtlebot3_navigation' build argument 'catkin_cmake_args' from command line to 'None'
[1.569s] Level 5:colcon.colcon_core.verb:set package 'turtlebot3_navigation' build argument 'catkin_skip_building_tests' from command line to 'False'
[1.569s] DEBUG:colcon.colcon_core.verb:Building package 'turtlebot3_navigation' with the following arguments: {'ament_cmake_args': None, 'build_base': '/home/anthony/Desktop/Assignment8/build/turtlebot3_navigation', 'catkin_cmake_args': None, 'catkin_skip_building_tests': False, 'cmake_args': None, 'cmake_clean_cache': False, 'cmake_clean_first': False, 'cmake_force_configure': False, 'cmake_target': None, 'cmake_target_skip_unavailable': False, 'install_base': '/home/anthony/Desktop/Assignment8/install/turtlebot3_navigation', 'merge_install': False, 'path': '/home/anthony/Desktop/Assignment8/src/turtlebot3_navigation', 'symlink_install': True, 'test_result_base': None}
[1.570s] INFO:colcon.colcon_core.executor:Executing jobs using 'parallel' executor
[1.574s] DEBUG:colcon.colcon_parallel_executor.executor.parallel:run_until_complete
[1.575s] INFO:colcon.colcon_ros.task.ament_cmake.build:Building ROS package in '/home/anthony/Desktop/Assignment8/src/turtlebot3_simulations/turtlebot3_fake_node' with build type 'ament_cmake'
[1.576s] INFO:colcon.colcon_cmake.task.cmake.build:Building CMake package in '/home/anthony/Desktop/Assignment8/src/turtlebot3_simulations/turtlebot3_fake_node'
[1.586s] INFO:colcon.colcon_core.plugin_system:Skipping extension 'colcon_core.shell.bat': Not used on non-Windows systems
[1.587s] INFO:colcon.colcon_core.shell:Skip shell extension 'powershell' for command environment: Not usable outside of PowerShell
[1.587s] DEBUG:colcon.colcon_core.shell:Skip shell extension 'dsv' for command environment
[1.599s] INFO:colcon.colcon_ros.task.ament_cmake.build:Building ROS package in '/home/anthony/Desktop/Assignment8/src/turtlebot3_simulations/turtlebot3_gazebo' with build type 'ament_cmake'
[1.600s] INFO:colcon.colcon_cmake.task.cmake.build:Building CMake package in '/home/anthony/Desktop/Assignment8/src/turtlebot3_simulations/turtlebot3_gazebo'
[1.601s] INFO:colcon.colcon_core.shell:Skip shell extension 'powershell' for command environment: Not usable outside of PowerShell
[1.601s] DEBUG:colcon.colcon_core.shell:Skip shell extension 'dsv' for command environment
[1.613s] INFO:colcon.colcon_ros.task.ament_cmake.build:Building ROS package in '/home/anthony/Desktop/Assignment8/src/turtlebot3_interfaces' with build type 'ament_cmake'
[1.614s] INFO:colcon.colcon_cmake.task.cmake.build:Building CMake package in '/home/anthony/Desktop/Assignment8/src/turtlebot3_interfaces'
[1.615s] INFO:colcon.colcon_core.shell:Skip shell extension 'powershell' for command environment: Not usable outside of PowerShell
[1.615s] DEBUG:colcon.colcon_core.shell:Skip shell extension 'dsv' for command environment
[1.667s] DEBUG:colcon.colcon_core.event_handler.log_command:Invoking command in '/home/anthony/Desktop/Assignment8/build/turtlebot3_fake_node': /usr/bin/cmake --build /home/anthony/Desktop/Assignment8/build/turtlebot3_fake_node -- -j3 -l3
[1.685s] DEBUG:colcon.colcon_core.event_handler.log_command:Invoking command in '/home/anthony/Desktop/Assignment8/build/turtlebot3_gazebo': /usr/bin/cmake --build /home/anthony/Desktop/Assignment8/build/turtlebot3_gazebo -- -j3 -l3
[1.726s] DEBUG:colcon.colcon_core.event_handler.log_command:Invoking command in '/home/anthony/Desktop/Assignment8/build/turtlebot3_interfaces': /usr/bin/cmake --build /home/anthony/Desktop/Assignment8/build/turtlebot3_interfaces -- -j3 -l3
[2.150s] DEBUG:colcon.colcon_core.event_handler.log_command:Invoked command in '/home/anthony/Desktop/Assignment8/build/turtlebot3_fake_node' returned '0': /usr/bin/cmake --build /home/anthony/Desktop/Assignment8/build/turtlebot3_fake_node -- -j3 -l3
[2.560s] DEBUG:colcon.colcon_core.event_handler.log_command:Invoking command in '/home/anthony/Desktop/Assignment8/build/turtlebot3_fake_node': /usr/bin/cmake --install /home/anthony/Desktop/Assignment8/build/turtlebot3_fake_node
[2.773s] Level 1:colcon.colcon_core.environment:create_environment_scripts_only(turtlebot3_fake_node)
[2.779s] DEBUG:colcon.colcon_core.event_handler.log_command:Invoked command in '/home/anthony/Desktop/Assignment8/build/turtlebot3_fake_node' returned '0': /usr/bin/cmake --install /home/anthony/Desktop/Assignment8/build/turtlebot3_fake_node
[2.798s] Level 1:colcon.colcon_core.environment:checking '/home/anthony/Desktop/Assignment8/install/turtlebot3_fake_node' for CMake module files
[2.800s] Level 1:colcon.colcon_core.environment:checking '/home/anthony/Desktop/Assignment8/install/turtlebot3_fake_node' for CMake config files
[2.800s] Level 1:colcon.colcon_core.shell:create_environment_hook('turtlebot3_fake_node', 'cmake_prefix_path')
[2.802s] INFO:colcon.colcon_core.shell:Creating environment hook '/home/anthony/Desktop/Assignment8/install/turtlebot3_fake_node/share/turtlebot3_fake_node/hook/cmake_prefix_path.ps1'
[2.804s] INFO:colcon.colcon_core.shell:Creating environment descriptor '/home/anthony/Desktop/Assignment8/install/turtlebot3_fake_node/share/turtlebot3_fake_node/hook/cmake_prefix_path.dsv'
[2.807s] INFO:colcon.colcon_core.shell:Creating environment hook '/home/anthony/Desktop/Assignment8/install/turtlebot3_fake_node/share/turtlebot3_fake_node/hook/cmake_prefix_path.sh'
[2.810s] Level 1:colcon.colcon_core.environment:checking '/home/anthony/Desktop/Assignment8/install/turtlebot3_fake_node/lib'
[2.810s] Level 1:colcon.colcon_core.environment:checking '/home/anthony/Desktop/Assignment8/install/turtlebot3_fake_node/bin'
[2.811s] Level 1:colcon.colcon_core.environment:checking '/home/anthony/Desktop/Assignment8/install/turtlebot3_fake_node/lib/pkgconfig/turtlebot3_fake_node.pc'
[2.811s] Level 1:colcon.colcon_core.environment:checking '/home/anthony/Desktop/Assignment8/install/turtlebot3_fake_node/lib/python3.10/site-packages'
[2.812s] Level 1:colcon.colcon_core.environment:checking '/home/anthony/Desktop/Assignment8/install/turtlebot3_fake_node/bin'
[2.813s] INFO:colcon.colcon_core.shell:Creating package script '/home/anthony/Desktop/Assignment8/install/turtlebot3_fake_node/share/turtlebot3_fake_node/package.ps1'
[2.816s] INFO:colcon.colcon_core.shell:Creating package descriptor '/home/anthony/Desktop/Assignment8/install/turtlebot3_fake_node/share/turtlebot3_fake_node/package.dsv'
[2.818s] INFO:colcon.colcon_core.shell:Creating package script '/home/anthony/Desktop/Assignment8/install/turtlebot3_fake_node/share/turtlebot3_fake_node/package.sh'
[2.820s] INFO:colcon.colcon_core.shell:Creating package script '/home/anthony/Desktop/Assignment8/install/turtlebot3_fake_node/share/turtlebot3_fake_node/package.bash'
[2.823s] INFO:colcon.colcon_core.shell:Creating package script '/home/anthony/Desktop/Assignment8/install/turtlebot3_fake_node/share/turtlebot3_fake_node/package.zsh'
[2.826s] Level 1:colcon.colcon_core.environment:create_file_with_runtime_dependencies(/home/anthony/Desktop/Assignment8/install/turtlebot3_fake_node/share/colcon-core/packages/turtlebot3_fake_node)
[2.856s] DEBUG:colcon.colcon_core.event_handler.log_command:Invoked command in '/home/anthony/Desktop/Assignment8/build/turtlebot3_gazebo' returned '0': /usr/bin/cmake --build /home/anthony/Desktop/Assignment8/build/turtlebot3_gazebo -- -j3 -l3
[3.127s] Level 1:colcon.colcon_core.environment:create_environment_scripts_only(turtlebot3_fake_node)
[3.129s] Level 1:colcon.colcon_core.environment:checking '/home/anthony/Desktop/Assignment8/install/turtlebot3_fake_node' for CMake module files
[3.131s] Level 1:colcon.colcon_core.environment:checking '/home/anthony/Desktop/Assignment8/install/turtlebot3_fake_node' for CMake config files
[3.132s] Level 1:colcon.colcon_core.shell:create_environment_hook('turtlebot3_fake_node', 'cmake_prefix_path')
[3.138s] INFO:colcon.colcon_core.shell:Creating environment hook '/home/anthony/Desktop/Assignment8/install/turtlebot3_fake_node/share/turtlebot3_fake_node/hook/cmake_prefix_path.ps1'
[3.144s] INFO:colcon.colcon_core.shell:Creating environment descriptor '/home/anthony/Desktop/Assignment8/install/turtlebot3_fake_node/share/turtlebot3_fake_node/hook/cmake_prefix_path.dsv'
[3.146s] INFO:colcon.colcon_core.shell:Creating environment hook '/home/anthony/Desktop/Assignment8/install/turtlebot3_fake_node/share/turtlebot3_fake_node/hook/cmake_prefix_path.sh'
[3.149s] Level 1:colcon.colcon_core.environment:checking '/home/anthony/Desktop/Assignment8/install/turtlebot3_fake_node/lib'
[3.150s] Level 1:colcon.colcon_core.environment:checking '/home/anthony/Desktop/Assignment8/install/turtlebot3_fake_node/bin'
[3.150s] Level 1:colcon.colcon_core.environment:checking '/home/anthony/Desktop/Assignment8/install/turtlebot3_fake_node/lib/pkgconfig/turtlebot3_fake_node.pc'
[3.151s] Level 1:colcon.colcon_core.environment:checking '/home/anthony/Desktop/Assignment8/install/turtlebot3_fake_node/lib/python3.10/site-packages'
[3.153s] Level 1:colcon.colcon_core.environment:checking '/home/anthony/Desktop/Assignment8/install/turtlebot3_fake_node/bin'
[3.155s] INFO:colcon.colcon_core.shell:Creating package script '/home/anthony/Desktop/Assignment8/install/turtlebot3_fake_node/share/turtlebot3_fake_node/package.ps1'
[3.163s] INFO:colcon.colcon_core.shell:Creating package descriptor '/home/anthony/Desktop/Assignment8/install/turtlebot3_fake_node/share/turtlebot3_fake_node/package.dsv'
[3.165s] INFO:colcon.colcon_core.shell:Creating package script '/home/anthony/Desktop/Assignment8/install/turtlebot3_fake_node/share/turtlebot3_fake_node/package.sh'
[3.171s] INFO:colcon.colcon_core.shell:Creating package script '/home/anthony/Desktop/Assignment8/install/turtlebot3_fake_node/share/turtlebot3_fake_node/package.bash'
[3.173s] INFO:colcon.colcon_core.shell:Creating package script '/home/anthony/Desktop/Assignment8/install/turtlebot3_fake_node/share/turtlebot3_fake_node/package.zsh'
[3.175s] Level 1:colcon.colcon_core.environment:create_file_with_runtime_dependencies(/home/anthony/Desktop/Assignment8/install/turtlebot3_fake_node/share/colcon-core/packages/turtlebot3_fake_node)
[3.284s] DEBUG:colcon.colcon_core.event_handler.log_command:Invoking command in '/home/anthony/Desktop/Assignment8/build/turtlebot3_gazebo': /usr/bin/cmake --install /home/anthony/Desktop/Assignment8/build/turtlebot3_gazebo
[3.520s] Level 1:colcon.colcon_core.environment:create_environment_scripts_only(turtlebot3_gazebo)
[3.521s] Level 1:colcon.colcon_core.environment:checking '/home/anthony/Desktop/Assignment8/install/turtlebot3_gazebo' for CMake module files
[3.524s] Level 1:colcon.colcon_core.environment:checking '/home/anthony/Desktop/Assignment8/install/turtlebot3_gazebo' for CMake config files
[3.526s] DEBUG:colcon.colcon_core.event_handler.log_command:Invoked command in '/home/anthony/Desktop/Assignment8/build/turtlebot3_gazebo' returned '0': /usr/bin/cmake --install /home/anthony/Desktop/Assignment8/build/turtlebot3_gazebo
[3.528s] Level 1:colcon.colcon_core.shell:create_environment_hook('turtlebot3_gazebo', 'cmake_prefix_path')
[3.529s] INFO:colcon.colcon_core.shell:Creating environment hook '/home/anthony/Desktop/Assignment8/install/turtlebot3_gazebo/share/turtlebot3_gazebo/hook/cmake_prefix_path.ps1'
[3.532s] INFO:colcon.colcon_core.shell:Creating environment descriptor '/home/anthony/Desktop/Assignment8/install/turtlebot3_gazebo/share/turtlebot3_gazebo/hook/cmake_prefix_path.dsv'
[3.534s] INFO:colcon.colcon_core.shell:Creating environment hook '/home/anthony/Desktop/Assignment8/install/turtlebot3_gazebo/share/turtlebot3_gazebo/hook/cmake_prefix_path.sh'
[3.536s] Level 1:colcon.colcon_core.environment:checking '/home/anthony/Desktop/Assignment8/install/turtlebot3_gazebo/lib'
[3.537s] Level 1:colcon.colcon_core.environment:checking '/home/anthony/Desktop/Assignment8/install/turtlebot3_gazebo/bin'
[3.538s] Level 1:colcon.colcon_core.environment:checking '/home/anthony/Desktop/Assignment8/install/turtlebot3_gazebo/lib/pkgconfig/turtlebot3_gazebo.pc'
[3.539s] Level 1:colcon.colcon_core.environment:checking '/home/anthony/Desktop/Assignment8/install/turtlebot3_gazebo/lib/python3.10/site-packages'
[3.540s] Level 1:colcon.colcon_core.environment:checking '/home/anthony/Desktop/Assignment8/install/turtlebot3_gazebo/bin'
[3.541s] INFO:colcon.colcon_core.shell:Creating package script '/home/anthony/Desktop/Assignment8/install/turtlebot3_gazebo/share/turtlebot3_gazebo/package.ps1'
[3.544s] INFO:colcon.colcon_core.shell:Creating package descriptor '/home/anthony/Desktop/Assignment8/install/turtlebot3_gazebo/share/turtlebot3_gazebo/package.dsv'
[3.546s] INFO:colcon.colcon_core.shell:Creating package script '/home/anthony/Desktop/Assignment8/install/turtlebot3_gazebo/share/turtlebot3_gazebo/package.sh'
[3.548s] INFO:colcon.colcon_core.shell:Creating package script '/home/anthony/Desktop/Assignment8/install/turtlebot3_gazebo/share/turtlebot3_gazebo/package.bash'
[3.550s] INFO:colcon.colcon_core.shell:Creating package script '/home/anthony/Desktop/Assignment8/install/turtlebot3_gazebo/share/turtlebot3_gazebo/package.zsh'
[3.552s] Level 1:colcon.colcon_core.environment:create_file_with_runtime_dependencies(/home/anthony/Desktop/Assignment8/install/turtlebot3_gazebo/share/colcon-core/packages/turtlebot3_gazebo)
[3.765s] Level 1:colcon.colcon_core.environment:create_environment_scripts_only(turtlebot3_gazebo)
[3.766s] Level 1:colcon.colcon_core.environment:checking '/home/anthony/Desktop/Assignment8/install/turtlebot3_gazebo' for CMake module files
[3.768s] Level 1:colcon.colcon_core.environment:checking '/home/anthony/Desktop/Assignment8/install/turtlebot3_gazebo' for CMake config files
[3.769s] Level 1:colcon.colcon_core.shell:create_environment_hook('turtlebot3_gazebo', 'cmake_prefix_path')
[3.770s] INFO:colcon.colcon_core.shell:Creating environment hook '/home/anthony/Desktop/Assignment8/install/turtlebot3_gazebo/share/turtlebot3_gazebo/hook/cmake_prefix_path.ps1'
[3.772s] INFO:colcon.colcon_core.shell:Creating environment descriptor '/home/anthony/Desktop/Assignment8/install/turtlebot3_gazebo/share/turtlebot3_gazebo/hook/cmake_prefix_path.dsv'
[3.774s] INFO:colcon.colcon_core.shell:Creating environment hook '/home/anthony/Desktop/Assignment8/install/turtlebot3_gazebo/share/turtlebot3_gazebo/hook/cmake_prefix_path.sh'
[3.776s] Level 1:colcon.colcon_core.environment:checking '/home/anthony/Desktop/Assignment8/install/turtlebot3_gazebo/lib'
[3.777s] Level 1:colcon.colcon_core.environment:checking '/home/anthony/Desktop/Assignment8/install/turtlebot3_gazebo/bin'
[3.777s] Level 1:colcon.colcon_core.environment:checking '/home/anthony/Desktop/Assignment8/install/turtlebot3_gazebo/lib/pkgconfig/turtlebot3_gazebo.pc'
[3.778s] Level 1:colcon.colcon_core.environment:checking '/home/anthony/Desktop/Assignment8/install/turtlebot3_gazebo/lib/python3.10/site-packages'
[3.778s] Level 1:colcon.colcon_core.environment:checking '/home/anthony/Desktop/Assignment8/install/turtlebot3_gazebo/bin'
[3.779s] INFO:colcon.colcon_core.shell:Creating package script '/home/anthony/Desktop/Assignment8/install/turtlebot3_gazebo/share/turtlebot3_gazebo/package.ps1'
[3.782s] INFO:colcon.colcon_core.shell:Creating package descriptor '/home/anthony/Desktop/Assignment8/install/turtlebot3_gazebo/share/turtlebot3_gazebo/package.dsv'
[3.784s] INFO:colcon.colcon_core.shell:Creating package script '/home/anthony/Desktop/Assignment8/install/turtlebot3_gazebo/share/turtlebot3_gazebo/package.sh'
[3.787s] INFO:colcon.colcon_core.shell:Creating package script '/home/anthony/Desktop/Assignment8/install/turtlebot3_gazebo/share/turtlebot3_gazebo/package.bash'
[3.789s] INFO:colcon.colcon_core.shell:Creating package script '/home/anthony/Desktop/Assignment8/install/turtlebot3_gazebo/share/turtlebot3_gazebo/package.zsh'
[3.792s] Level 1:colcon.colcon_core.environment:create_file_with_runtime_dependencies(/home/anthony/Desktop/Assignment8/install/turtlebot3_gazebo/share/colcon-core/packages/turtlebot3_gazebo)
[3.795s] INFO:colcon.colcon_ros.task.ament_cmake.build:Building ROS package in '/home/anthony/Desktop/Assignment8/src/turtlebot3_simulations/turtlebot3_simulations' with build type 'ament_cmake'
[3.796s] INFO:colcon.colcon_cmake.task.cmake.build:Building CMake package in '/home/anthony/Desktop/Assignment8/src/turtlebot3_simulations/turtlebot3_simulations'
[3.797s] INFO:colcon.colcon_core.shell:Skip shell extension 'powershell' for command environment: Not usable outside of PowerShell
[3.798s] DEBUG:colcon.colcon_core.shell:Skip shell extension 'dsv' for command environment
[3.885s] DEBUG:colcon.colcon_core.event_handler.log_command:Invoking command in '/home/anthony/Desktop/Assignment8/build/turtlebot3_simulations': AMENT_PREFIX_PATH=/home/anthony/Desktop/Assignment8/install/turtlebot3_gazebo:/home/anthony/Desktop/Assignment8/install/turtlebot3_fake_node:${AMENT_PREFIX_PATH} CMAKE_PREFIX_PATH=/home/anthony/Desktop/Assignment8/install/turtlebot3_gazebo:/home/anthony/Desktop/Assignment8/install/turtlebot3_fake_node:/opt/ros/humble /usr/bin/cmake --build /home/anthony/Desktop/Assignment8/build/turtlebot3_simulations -- -j3 -l3
[4.071s] DEBUG:colcon.colcon_core.event_handler.log_command:Invoked command in '/home/anthony/Desktop/Assignment8/build/turtlebot3_simulations' returned '0': AMENT_PREFIX_PATH=/home/anthony/Desktop/Assignment8/install/turtlebot3_gazebo:/home/anthony/Desktop/Assignment8/install/turtlebot3_fake_node:${AMENT_PREFIX_PATH} CMAKE_PREFIX_PATH=/home/anthony/Desktop/Assignment8/install/turtlebot3_gazebo:/home/anthony/Desktop/Assignment8/install/turtlebot3_fake_node:/opt/ros/humble /usr/bin/cmake --build /home/anthony/Desktop/Assignment8/build/turtlebot3_simulations -- -j3 -l3
[4.189s] DEBUG:colcon.colcon_core.event_handler.log_command:Invoking command in '/home/anthony/Desktop/Assignment8/build/turtlebot3_simulations': AMENT_PREFIX_PATH=/home/anthony/Desktop/Assignment8/install/turtlebot3_gazebo:/home/anthony/Desktop/Assignment8/install/turtlebot3_fake_node:${AMENT_PREFIX_PATH} CMAKE_PREFIX_PATH=/home/anthony/Desktop/Assignment8/install/turtlebot3_gazebo:/home/anthony/Desktop/Assignment8/install/turtlebot3_fake_node:/opt/ros/humble /usr/bin/cmake --install /home/anthony/Desktop/Assignment8/build/turtlebot3_simulations
[4.309s] DEBUG:colcon.colcon_core.event_handler.log_command:Invoked command in '/home/anthony/Desktop/Assignment8/build/turtlebot3_interfaces' returned '0': /usr/bin/cmake --build /home/anthony/Desktop/Assignment8/build/turtlebot3_interfaces -- -j3 -l3
[4.319s] Level 1:colcon.colcon_core.environment:create_environment_scripts_only(turtlebot3_simulations)
[4.321s] Level 1:colcon.colcon_core.environment:checking '/home/anthony/Desktop/Assignment8/install/turtlebot3_simulations' for CMake module files
[4.324s] Level 1:colcon.colcon_core.environment:checking '/home/anthony/Desktop/Assignment8/install/turtlebot3_simulations' for CMake config files
[4.325s] Level 1:colcon.colcon_core.shell:create_environment_hook('turtlebot3_simulations', 'cmake_prefix_path')
[4.326s] INFO:colcon.colcon_core.shell:Creating environment hook '/home/anthony/Desktop/Assignment8/install/turtlebot3_simulations/share/turtlebot3_simulations/hook/cmake_prefix_path.ps1'
[4.330s] INFO:colcon.colcon_core.shell:Creating environment descriptor '/home/anthony/Desktop/Assignment8/install/turtlebot3_simulations/share/turtlebot3_simulations/hook/cmake_prefix_path.dsv'
[4.332s] INFO:colcon.colcon_core.shell:Creating environment hook '/home/anthony/Desktop/Assignment8/install/turtlebot3_simulations/share/turtlebot3_simulations/hook/cmake_prefix_path.sh'
[4.335s] Level 1:colcon.colcon_core.environment:checking '/home/anthony/Desktop/Assignment8/install/turtlebot3_simulations/bin'
[4.335s] Level 1:colcon.colcon_core.environment:checking '/home/anthony/Desktop/Assignment8/install/turtlebot3_simulations/lib/pkgconfig/turtlebot3_simulations.pc'
[4.337s] Level 1:colcon.colcon_core.environment:checking '/home/anthony/Desktop/Assignment8/install/turtlebot3_simulations/lib/python3.10/site-packages'
[4.338s] Level 1:colcon.colcon_core.environment:checking '/home/anthony/Desktop/Assignment8/install/turtlebot3_simulations/bin'
[4.340s] INFO:colcon.colcon_core.shell:Creating package script '/home/anthony/Desktop/Assignment8/install/turtlebot3_simulations/share/turtlebot3_simulations/package.ps1'
[4.339s] DEBUG:colcon.colcon_core.event_handler.log_command:Invoked command in '/home/anthony/Desktop/Assignment8/build/turtlebot3_simulations' returned '0': AMENT_PREFIX_PATH=/home/anthony/Desktop/Assignment8/install/turtlebot3_gazebo:/home/anthony/Desktop/Assignment8/install/turtlebot3_fake_node:${AMENT_PREFIX_PATH} CMAKE_PREFIX_PATH=/home/anthony/Desktop/Assignment8/install/turtlebot3_gazebo:/home/anthony/Desktop/Assignment8/install/turtlebot3_fake_node:/opt/ros/humble /usr/bin/cmake --install /home/anthony/Desktop/Assignment8/build/turtlebot3_simulations
[4.343s] INFO:colcon.colcon_core.shell:Creating package descriptor '/home/anthony/Desktop/Assignment8/install/turtlebot3_simulations/share/turtlebot3_simulations/package.dsv'
[4.345s] INFO:colcon.colcon_core.shell:Creating package script '/home/anthony/Desktop/Assignment8/install/turtlebot3_simulations/share/turtlebot3_simulations/package.sh'
[4.347s] INFO:colcon.colcon_core.shell:Creating package script '/home/anthony/Desktop/Assignment8/install/turtlebot3_simulations/share/turtlebot3_simulations/package.bash'
[4.349s] INFO:colcon.colcon_core.shell:Creating package script '/home/anthony/Desktop/Assignment8/install/turtlebot3_simulations/share/turtlebot3_simulations/package.zsh'
[4.351s] Level 1:colcon.colcon_core.environment:create_file_with_runtime_dependencies(/home/anthony/Desktop/Assignment8/install/turtlebot3_simulations/share/colcon-core/packages/turtlebot3_simulations)
[4.474s] Level 1:colcon.colcon_core.environment:create_environment_scripts_only(turtlebot3_simulations)
[4.476s] Level 1:colcon.colcon_core.environment:checking '/home/anthony/Desktop/Assignment8/install/turtlebot3_simulations' for CMake module files
[4.479s] Level 1:colcon.colcon_core.environment:checking '/home/anthony/Desktop/Assignment8/install/turtlebot3_simulations' for CMake config files
[4.480s] Level 1:colcon.colcon_core.shell:create_environment_hook('turtlebot3_simulations', 'cmake_prefix_path')
[4.481s] INFO:colcon.colcon_core.shell:Creating environment hook '/home/anthony/Desktop/Assignment8/install/turtlebot3_simulations/share/turtlebot3_simulations/hook/cmake_prefix_path.ps1'
[4.484s] INFO:colcon.colcon_core.shell:Creating environment descriptor '/home/anthony/Desktop/Assignment8/install/turtlebot3_simulations/share/turtlebot3_simulations/hook/cmake_prefix_path.dsv'
[4.486s] INFO:colcon.colcon_core.shell:Creating environment hook '/home/anthony/Desktop/Assignment8/install/turtlebot3_simulations/share/turtlebot3_simulations/hook/cmake_prefix_path.sh'
[4.489s] Level 1:colcon.colcon_core.environment:checking '/home/anthony/Desktop/Assignment8/install/turtlebot3_simulations/bin'
[4.489s] Level 1:colcon.colcon_core.environment:checking '/home/anthony/Desktop/Assignment8/install/turtlebot3_simulations/lib/pkgconfig/turtlebot3_simulations.pc'
[4.491s] Level 1:colcon.colcon_core.environment:checking '/home/anthony/Desktop/Assignment8/install/turtlebot3_simulations/lib/python3.10/site-packages'
[4.492s] Level 1:colcon.colcon_core.environment:checking '/home/anthony/Desktop/Assignment8/install/turtlebot3_simulations/bin'
[4.494s] INFO:colcon.colcon_core.shell:Creating package script '/home/anthony/Desktop/Assignment8/install/turtlebot3_simulations/share/turtlebot3_simulations/package.ps1'
[4.497s] INFO:colcon.colcon_core.shell:Creating package descriptor '/home/anthony/Desktop/Assignment8/install/turtlebot3_simulations/share/turtlebot3_simulations/package.dsv'
[4.500s] INFO:colcon.colcon_core.shell:Creating package script '/home/anthony/Desktop/Assignment8/install/turtlebot3_simulations/share/turtlebot3_simulations/package.sh'
[4.502s] INFO:colcon.colcon_core.shell:Creating package script '/home/anthony/Desktop/Assignment8/install/turtlebot3_simulations/share/turtlebot3_simulations/package.bash'
[4.505s] INFO:colcon.colcon_core.shell:Creating package script '/home/anthony/Desktop/Assignment8/install/turtlebot3_simulations/share/turtlebot3_simulations/package.zsh'
[4.507s] Level 1:colcon.colcon_core.environment:create_file_with_runtime_dependencies(/home/anthony/Desktop/Assignment8/install/turtlebot3_simulations/share/colcon-core/packages/turtlebot3_simulations)
[4.511s] INFO:colcon.colcon_ros.task.ament_python.build:Building ROS package in '/home/anthony/Desktop/Assignment8/src/turtlebot3_navigation' with build type 'ament_python'
[4.512s] Level 1:colcon.colcon_core.shell:create_environment_hook('turtlebot3_navigation', 'ament_prefix_path')
[4.513s] INFO:colcon.colcon_core.shell:Creating environment hook '/home/anthony/Desktop/Assignment8/install/turtlebot3_navigation/share/turtlebot3_navigation/hook/ament_prefix_path.ps1'
[4.515s] INFO:colcon.colcon_core.shell:Creating environment descriptor '/home/anthony/Desktop/Assignment8/install/turtlebot3_navigation/share/turtlebot3_navigation/hook/ament_prefix_path.dsv'
[4.517s] INFO:colcon.colcon_core.shell:Creating environment hook '/home/anthony/Desktop/Assignment8/install/turtlebot3_navigation/share/turtlebot3_navigation/hook/ament_prefix_path.sh'
[4.520s] INFO:colcon.colcon_core.shell:Skip shell extension 'powershell' for command environment: Not usable outside of PowerShell
[4.521s] DEBUG:colcon.colcon_core.shell:Skip shell extension 'dsv' for command environment
[5.929s] INFO:colcon.colcon_core.task.python.build:Building Python package in '/home/anthony/Desktop/Assignment8/src/turtlebot3_navigation'
[5.930s] INFO:colcon.colcon_core.shell:Skip shell extension 'powershell' for command environment: Not usable outside of PowerShell
[5.931s] DEBUG:colcon.colcon_core.shell:Skip shell extension 'dsv' for command environment
[5.963s] DEBUG:colcon.colcon_core.event_handler.log_command:Invoking command in '/home/anthony/Desktop/Assignment8/build/turtlebot3_interfaces': /usr/bin/cmake --install /home/anthony/Desktop/Assignment8/build/turtlebot3_interfaces
[6.410s] Level 1:colcon.colcon_core.environment:create_environment_scripts_only(turtlebot3_interfaces)
[6.411s] Level 1:colcon.colcon_core.environment:checking '/home/anthony/Desktop/Assignment8/install/turtlebot3_interfaces' for CMake module files
[6.419s] DEBUG:colcon.colcon_core.event_handler.log_command:Invoked command in '/home/anthony/Desktop/Assignment8/build/turtlebot3_interfaces' returned '0': /usr/bin/cmake --install /home/anthony/Desktop/Assignment8/build/turtlebot3_interfaces
[6.420s] Level 1:colcon.colcon_core.environment:checking '/home/anthony/Desktop/Assignment8/install/turtlebot3_interfaces' for CMake config files
[6.422s] Level 1:colcon.colcon_core.shell:create_environment_hook('turtlebot3_interfaces', 'cmake_prefix_path')
[6.423s] INFO:colcon.colcon_core.shell:Creating environment hook '/home/anthony/Desktop/Assignment8/install/turtlebot3_interfaces/share/turtlebot3_interfaces/hook/cmake_prefix_path.ps1'
[6.425s] INFO:colcon.colcon_core.shell:Creating environment descriptor '/home/anthony/Desktop/Assignment8/install/turtlebot3_interfaces/share/turtlebot3_interfaces/hook/cmake_prefix_path.dsv'
[6.426s] INFO:colcon.colcon_core.shell:Creating environment hook '/home/anthony/Desktop/Assignment8/install/turtlebot3_interfaces/share/turtlebot3_interfaces/hook/cmake_prefix_path.sh'
[6.429s] Level 1:colcon.colcon_core.environment:checking '/home/anthony/Desktop/Assignment8/install/turtlebot3_interfaces/lib'
[6.429s] Level 1:colcon.colcon_core.shell:create_environment_hook('turtlebot3_interfaces', 'ld_library_path_lib')
[6.432s] INFO:colcon.colcon_core.shell:Creating environment hook '/home/anthony/Desktop/Assignment8/install/turtlebot3_interfaces/share/turtlebot3_interfaces/hook/ld_library_path_lib.ps1'
[6.434s] INFO:colcon.colcon_core.shell:Creating environment descriptor '/home/anthony/Desktop/Assignment8/install/turtlebot3_interfaces/share/turtlebot3_interfaces/hook/ld_library_path_lib.dsv'
[6.436s] INFO:colcon.colcon_core.shell:Creating environment hook '/home/anthony/Desktop/Assignment8/install/turtlebot3_interfaces/share/turtlebot3_interfaces/hook/ld_library_path_lib.sh'
[6.438s] Level 1:colcon.colcon_core.environment:checking '/home/anthony/Desktop/Assignment8/install/turtlebot3_interfaces/bin'
[6.439s] Level 1:colcon.colcon_core.environment:checking '/home/anthony/Desktop/Assignment8/install/turtlebot3_interfaces/lib/pkgconfig/turtlebot3_interfaces.pc'
[6.440s] Level 1:colcon.colcon_core.environment:checking '/home/anthony/Desktop/Assignment8/install/turtlebot3_interfaces/lib/python3.10/site-packages'
[6.441s] Level 1:colcon.colcon_core.environment:checking '/home/anthony/Desktop/Assignment8/install/turtlebot3_interfaces/bin'
[6.443s] INFO:colcon.colcon_core.shell:Creating package script '/home/anthony/Desktop/Assignment8/install/turtlebot3_interfaces/share/turtlebot3_interfaces/package.ps1'
[6.445s] INFO:colcon.colcon_core.shell:Creating package descriptor '/home/anthony/Desktop/Assignment8/install/turtlebot3_interfaces/share/turtlebot3_interfaces/package.dsv'
[6.450s] INFO:colcon.colcon_core.shell:Creating package script '/home/anthony/Desktop/Assignment8/install/turtlebot3_interfaces/share/turtlebot3_interfaces/package.sh'
[6.452s] INFO:colcon.colcon_core.shell:Creating package script '/home/anthony/Desktop/Assignment8/install/turtlebot3_interfaces/share/turtlebot3_interfaces/package.bash'
[6.462s] INFO:colcon.colcon_core.shell:Creating package script '/home/anthony/Desktop/Assignment8/install/turtlebot3_interfaces/share/turtlebot3_interfaces/package.zsh'
[6.469s] Level 1:colcon.colcon_core.environment:create_file_with_runtime_dependencies(/home/anthony/Desktop/Assignment8/install/turtlebot3_interfaces/share/colcon-core/packages/turtlebot3_interfaces)
[6.869s] Level 1:colcon.colcon_core.environment:create_environment_scripts_only(turtlebot3_interfaces)
[6.870s] Level 1:colcon.colcon_core.environment:checking '/home/anthony/Desktop/Assignment8/install/turtlebot3_interfaces' for CMake module files
[6.872s] Level 1:colcon.colcon_core.environment:checking '/home/anthony/Desktop/Assignment8/install/turtlebot3_interfaces' for CMake config files
[6.873s] Level 1:colcon.colcon_core.shell:create_environment_hook('turtlebot3_interfaces', 'cmake_prefix_path')
[6.874s] INFO:colcon.colcon_core.shell:Creating environment hook '/home/anthony/Desktop/Assignment8/install/turtlebot3_interfaces/share/turtlebot3_interfaces/hook/cmake_prefix_path.ps1'
[6.881s] INFO:colcon.colcon_core.shell:Creating environment descriptor '/home/anthony/Desktop/Assignment8/install/turtlebot3_interfaces/share/turtlebot3_interfaces/hook/cmake_prefix_path.dsv'
[6.883s] INFO:colcon.colcon_core.shell:Creating environment hook '/home/anthony/Desktop/Assignment8/install/turtlebot3_interfaces/share/turtlebot3_interfaces/hook/cmake_prefix_path.sh'
[6.887s] Level 1:colcon.colcon_core.environment:checking '/home/anthony/Desktop/Assignment8/install/turtlebot3_interfaces/lib'
[6.887s] Level 1:colcon.colcon_core.shell:create_environment_hook('turtlebot3_interfaces', 'ld_library_path_lib')
[6.888s] INFO:colcon.colcon_core.shell:Creating environment hook '/home/anthony/Desktop/Assignment8/install/turtlebot3_interfaces/share/turtlebot3_interfaces/hook/ld_library_path_lib.ps1'
[6.890s] INFO:colcon.colcon_core.shell:Creating environment descriptor '/home/anthony/Desktop/Assignment8/install/turtlebot3_interfaces/share/turtlebot3_interfaces/hook/ld_library_path_lib.dsv'
[6.892s] INFO:colcon.colcon_core.shell:Creating environment hook '/home/anthony/Desktop/Assignment8/install/turtlebot3_interfaces/share/turtlebot3_interfaces/hook/ld_library_path_lib.sh'
[6.895s] Level 1:colcon.colcon_core.environment:checking '/home/anthony/Desktop/Assignment8/install/turtlebot3_interfaces/bin'
[6.896s] Level 1:colcon.colcon_core.environment:checking '/home/anthony/Desktop/Assignment8/install/turtlebot3_interfaces/lib/pkgconfig/turtlebot3_interfaces.pc'
[6.897s] Level 1:colcon.colcon_core.environment:checking '/home/anthony/Desktop/Assignment8/install/turtlebot3_interfaces/lib/python3.10/site-packages'
[6.898s] Level 1:colcon.colcon_core.environment:checking '/home/anthony/Desktop/Assignment8/install/turtlebot3_interfaces/bin'
[6.900s] INFO:colcon.colcon_core.shell:Creating package script '/home/anthony/Desktop/Assignment8/install/turtlebot3_interfaces/share/turtlebot3_interfaces/package.ps1'
[6.903s] INFO:colcon.colcon_core.shell:Creating package descriptor '/home/anthony/Desktop/Assignment8/install/turtlebot3_interfaces/share/turtlebot3_interfaces/package.dsv'
[6.905s] INFO:colcon.colcon_core.shell:Creating package script '/home/anthony/Desktop/Assignment8/install/turtlebot3_interfaces/share/turtlebot3_interfaces/package.sh'
[6.906s] INFO:colcon.colcon_core.shell:Creating package script '/home/anthony/Desktop/Assignment8/install/turtlebot3_interfaces/share/turtlebot3_interfaces/package.bash'
[6.908s] INFO:colcon.colcon_core.shell:Creating package script '/home/anthony/Desktop/Assignment8/install/turtlebot3_interfaces/share/turtlebot3_interfaces/package.zsh'
[6.909s] Level 1:colcon.colcon_core.environment:create_file_with_runtime_dependencies(/home/anthony/Desktop/Assignment8/install/turtlebot3_interfaces/share/colcon-core/packages/turtlebot3_interfaces)
[7.730s] DEBUG:colcon.colcon_core.event_handler.log_command:Invoking command in '/home/anthony/Desktop/Assignment8/build/turtlebot3_navigation': AMENT_PREFIX_PATH=/home/anthony/Desktop/Assignment8/install/turtlebot3_simulations:/home/anthony/Desktop/Assignment8/install/turtlebot3_gazebo:/home/anthony/Desktop/Assignment8/install/turtlebot3_fake_node:${AMENT_PREFIX_PATH} CMAKE_PREFIX_PATH=/home/anthony/Desktop/Assignment8/install/turtlebot3_simulations:/home/anthony/Desktop/Assignment8/install/turtlebot3_gazebo:/home/anthony/Desktop/Assignment8/install/turtlebot3_fake_node:/opt/ros/humble PYTHONPATH=/home/anthony/Desktop/Assignment8/build/turtlebot3_navigation/prefix_override:/usr/lib/python3/dist-packages/colcon_core/task/python/colcon_distutils_commands:/home/anthony/Desktop/Assignment8/install/turtlebot3_navigation/lib/python3.10/site-packages:${PYTHONPATH} /usr/bin/python3 -W ignore:setup.py install is deprecated setup.py develop --editable --build-directory /home/anthony/Desktop/Assignment8/build/turtlebot3_navigation/build --no-deps symlink_data
[9.689s] Level 1:colcon.colcon_core.shell:create_environment_hook('turtlebot3_navigation', 'pythonpath_develop')
[9.691s] INFO:colcon.colcon_core.shell:Creating environment hook '/home/anthony/Desktop/Assignment8/build/turtlebot3_navigation/share/turtlebot3_navigation/hook/pythonpath_develop.ps1'
[9.693s] DEBUG:colcon.colcon_core.event_handler.log_command:Invoked command in '/home/anthony/Desktop/Assignment8/build/turtlebot3_navigation' returned '0': AMENT_PREFIX_PATH=/home/anthony/Desktop/Assignment8/install/turtlebot3_simulations:/home/anthony/Desktop/Assignment8/install/turtlebot3_gazebo:/home/anthony/Desktop/Assignment8/install/turtlebot3_fake_node:${AMENT_PREFIX_PATH} CMAKE_PREFIX_PATH=/home/anthony/Desktop/Assignment8/install/turtlebot3_simulations:/home/anthony/Desktop/Assignment8/install/turtlebot3_gazebo:/home/anthony/Desktop/Assignment8/install/turtlebot3_fake_node:/opt/ros/humble PYTHONPATH=/home/anthony/Desktop/Assignment8/build/turtlebot3_navigation/prefix_override:/usr/lib/python3/dist-packages/colcon_core/task/python/colcon_distutils_commands:/home/anthony/Desktop/Assignment8/install/turtlebot3_navigation/lib/python3.10/site-packages:${PYTHONPATH} /usr/bin/python3 -W ignore:setup.py install is deprecated setup.py develop --editable --build-directory /home/anthony/Desktop/Assignment8/build/turtlebot3_navigation/build --no-deps symlink_data
[9.696s] INFO:colcon.colcon_core.shell:Creating environment descriptor '/home/anthony/Desktop/Assignment8/build/turtlebot3_navigation/share/turtlebot3_navigation/hook/pythonpath_develop.dsv'
[9.698s] INFO:colcon.colcon_core.shell:Creating environment hook '/home/anthony/Desktop/Assignment8/build/turtlebot3_navigation/share/turtlebot3_navigation/hook/pythonpath_develop.sh'
[9.702s] Level 1:colcon.colcon_core.environment:checking '/home/anthony/Desktop/Assignment8/install/turtlebot3_navigation' for CMake module files
[9.704s] Level 1:colcon.colcon_core.environment:checking '/home/anthony/Desktop/Assignment8/install/turtlebot3_navigation' for CMake config files
[9.706s] Level 1:colcon.colcon_core.environment:checking '/home/anthony/Desktop/Assignment8/install/turtlebot3_navigation/lib'
[9.707s] Level 1:colcon.colcon_core.environment:checking '/home/anthony/Desktop/Assignment8/install/turtlebot3_navigation/bin'
[9.707s] Level 1:colcon.colcon_core.environment:checking '/home/anthony/Desktop/Assignment8/install/turtlebot3_navigation/lib/pkgconfig/turtlebot3_navigation.pc'
[9.708s] Level 1:colcon.colcon_core.environment:checking '/home/anthony/Desktop/Assignment8/install/turtlebot3_navigation/lib/python3.10/site-packages'
[9.709s] Level 1:colcon.colcon_core.shell:create_environment_hook('turtlebot3_navigation', 'pythonpath')
[9.710s] INFO:colcon.colcon_core.shell:Creating environment hook '/home/anthony/Desktop/Assignment8/install/turtlebot3_navigation/share/turtlebot3_navigation/hook/pythonpath.ps1'
[9.712s] INFO:colcon.colcon_core.shell:Creating environment descriptor '/home/anthony/Desktop/Assignment8/install/turtlebot3_navigation/share/turtlebot3_navigation/hook/pythonpath.dsv'
[9.715s] INFO:colcon.colcon_core.shell:Creating environment hook '/home/anthony/Desktop/Assignment8/install/turtlebot3_navigation/share/turtlebot3_navigation/hook/pythonpath.sh'
[9.718s] Level 1:colcon.colcon_core.environment:checking '/home/anthony/Desktop/Assignment8/install/turtlebot3_navigation/bin'
[9.718s] Level 1:colcon.colcon_core.environment:create_environment_scripts_only(turtlebot3_navigation)
[9.720s] INFO:colcon.colcon_core.shell:Creating package script '/home/anthony/Desktop/Assignment8/install/turtlebot3_navigation/share/turtlebot3_navigation/package.ps1'
[9.725s] INFO:colcon.colcon_core.shell:Creating package descriptor '/home/anthony/Desktop/Assignment8/install/turtlebot3_navigation/share/turtlebot3_navigation/package.dsv'
[9.727s] INFO:colcon.colcon_core.shell:Creating package script '/home/anthony/Desktop/Assignment8/install/turtlebot3_navigation/share/turtlebot3_navigation/package.sh'
[9.729s] INFO:colcon.colcon_core.shell:Creating package script '/home/anthony/Desktop/Assignment8/install/turtlebot3_navigation/share/turtlebot3_navigation/package.bash'
[9.730s] INFO:colcon.colcon_core.shell:Creating package script '/home/anthony/Desktop/Assignment8/install/turtlebot3_navigation/share/turtlebot3_navigation/package.zsh'
[9.731s] Level 1:colcon.colcon_core.environment:create_file_with_runtime_dependencies(/home/anthony/Desktop/Assignment8/install/turtlebot3_navigation/share/colcon-core/packages/turtlebot3_navigation)
[9.732s] DEBUG:colcon.colcon_parallel_executor.executor.parallel:closing loop
[9.734s] DEBUG:colcon.colcon_parallel_executor.executor.parallel:loop closed
[9.735s] DEBUG:colcon.colcon_parallel_executor.executor.parallel:run_until_complete finished with '0'
[9.737s] DEBUG:colcon.colcon_core.event_reactor:joining thread
[9.771s] INFO:colcon.colcon_core.plugin_system:Skipping extension 'colcon_notification.desktop_notification.terminal_notifier': Not used on non-Darwin systems
[9.771s] INFO:colcon.colcon_core.plugin_system:Skipping extension 'colcon_notification.desktop_notification.win32': Not used on non-Windows systems
[9.771s] INFO:colcon.colcon_notification.desktop_notification:Sending desktop notification using 'notify2'
[9.860s] DEBUG:colcon.colcon_core.event_reactor:joined thread
[9.862s] INFO:colcon.colcon_core.shell:Creating prefix script '/home/anthony/Desktop/Assignment8/install/local_setup.ps1'
[9.868s] INFO:colcon.colcon_core.shell:Creating prefix util module '/home/anthony/Desktop/Assignment8/install/_local_setup_util_ps1.py'
[9.893s] INFO:colcon.colcon_core.shell:Creating prefix chain script '/home/anthony/Desktop/Assignment8/install/setup.ps1'
[9.909s] INFO:colcon.colcon_core.shell:Creating prefix script '/home/anthony/Desktop/Assignment8/install/local_setup.sh'
[9.912s] INFO:colcon.colcon_core.shell:Creating prefix util module '/home/anthony/Desktop/Assignment8/install/_local_setup_util_sh.py'
[9.915s] INFO:colcon.colcon_core.shell:Creating prefix chain script '/home/anthony/Desktop/Assignment8/install/setup.sh'
[9.925s] INFO:colcon.colcon_core.shell:Creating prefix script '/home/anthony/Desktop/Assignment8/install/local_setup.bash'
[9.935s] INFO:colcon.colcon_core.shell:Creating prefix chain script '/home/anthony/Desktop/Assignment8/install/setup.bash'
[9.946s] INFO:colcon.colcon_core.shell:Creating prefix script '/home/anthony/Desktop/Assignment8/install/local_setup.zsh'
[9.949s] INFO:colcon.colcon_core.shell:Creating prefix chain script '/home/anthony/Desktop/Assignment8/install/setup.zsh'
