[0.034s] Invoking command in '/home/anthony/Desktop/Assignment8/build/turtlebot3_interfaces': CMAKE_PREFIX_PATH=${CMAKE_PREFIX_PATH}:/home/anthony/Desktop/Assignment8/install/turtlebot3_navigation /usr/bin/cmake --build /home/anthony/Desktop/Assignment8/build/turtlebot3_interfaces -- -j3 -l3
[0.147s] [  2%] Built target turtlebot3_interfaces__cpp
[0.187s] [  2%] Built target ament_cmake_python_symlink_turtlebot3_interfaces
[0.249s] [ 12%] Built target turtlebot3_interfaces__rosidl_typesupport_cpp
[0.300s] [ 23%] Built target turtlebot3_interfaces__rosidl_typesupport_fastrtps_cpp
[0.364s] [ 33%] Built target turtlebot3_interfaces__rosidl_typesupport_introspection_cpp
[0.855s] running egg_info
[0.856s] writing turtlebot3_interfaces.egg-info/PKG-INFO
[0.857s] writing dependency_links to turtlebot3_interfaces.egg-info/dependency_links.txt
[0.858s] writing top-level names to turtlebot3_interfaces.egg-info/top_level.txt
[0.864s] reading manifest file 'turtlebot3_interfaces.egg-info/SOURCES.txt'
[0.866s] writing manifest file 'turtlebot3_interfaces.egg-info/SOURCES.txt'
[0.898s] [ 33%] Built target ament_cmake_python_build_turtlebot3_interfaces_egg
[0.957s] [ 43%] Built target turtlebot3_interfaces__rosidl_generator_c
[1.002s] [ 53%] Built target turtlebot3_interfaces__rosidl_typesupport_fastrtps_c
[1.251s] [ 64%] Built target turtlebot3_interfaces__rosidl_typesupport_c
[1.291s] [ 74%] Built target turtlebot3_interfaces__rosidl_typesupport_introspection_c
[1.332s] [ 74%] Built target turtlebot3_interfaces
[1.385s] [ 76%] Built target turtlebot3_interfaces__py
[1.431s] [ 84%] Built target turtlebot3_interfaces__rosidl_generator_py
[1.495s] [ 89%] Built target turtlebot3_interfaces__rosidl_typesupport_fastrtps_c__pyext
[1.558s] [ 94%] Built target turtlebot3_interfaces__rosidl_typesupport_c__pyext
[1.644s] [100%] Built target turtlebot3_interfaces__rosidl_typesupport_introspection_c__pyext
[1.672s] Invoked command in '/home/anthony/Desktop/Assignment8/build/turtlebot3_interfaces' returned '0': CMAKE_PREFIX_PATH=${CMAKE_PREFIX_PATH}:/home/anthony/Desktop/Assignment8/install/turtlebot3_navigation /usr/bin/cmake --build /home/anthony/Desktop/Assignment8/build/turtlebot3_interfaces -- -j3 -l3
[1.798s] Invoking command in '/home/anthony/Desktop/Assignment8/build/turtlebot3_interfaces': CMAKE_PREFIX_PATH=${CMAKE_PREFIX_PATH}:/home/anthony/Desktop/Assignment8/install/turtlebot3_navigation /usr/bin/cmake --install /home/anthony/Desktop/Assignment8/build/turtlebot3_interfaces
[1.816s] -- Install configuration: ""
[1.820s] -- Execute custom install script
[1.822s] -- Up-to-date symlink: /home/anthony/Desktop/Assignment8/install/turtlebot3_interfaces/share/ament_index/resource_index/rosidl_interfaces/turtlebot3_interfaces
[1.824s] -- Up-to-date symlink: /home/anthony/Desktop/Assignment8/install/turtlebot3_interfaces/include/turtlebot3_interfaces/turtlebot3_interfaces/action/detail/measure_lap_time__functions.h
[1.825s] -- Up-to-date symlink: /home/anthony/Desktop/Assignment8/install/turtlebot3_interfaces/include/turtlebot3_interfaces/turtlebot3_interfaces/action/detail/measure_lap_time__struct.h
[1.827s] -- Up-to-date symlink: /home/anthony/Desktop/Assignment8/install/turtlebot3_interfaces/include/turtlebot3_interfaces/turtlebot3_interfaces/action/detail/measure_lap_time__type_support.h
[1.829s] -- Up-to-date symlink: /home/anthony/Desktop/Assignment8/install/turtlebot3_interfaces/include/turtlebot3_interfaces/turtlebot3_interfaces/action/measure_lap_time.h
[1.831s] -- Up-to-date symlink: /home/anthony/Desktop/Assignment8/install/turtlebot3_interfaces/include/turtlebot3_interfaces/turtlebot3_interfaces/msg/rosidl_generator_c__visibility_control.h
[1.832s] -- Up-to-date symlink: /home/anthony/Desktop/Assignment8/install/turtlebot3_interfaces/include/turtlebot3_interfaces/turtlebot3_interfaces/srv/detail/find_closest_wall__functions.h
[1.833s] -- Up-to-date symlink: /home/anthony/Desktop/Assignment8/install/turtlebot3_interfaces/include/turtlebot3_interfaces/turtlebot3_interfaces/srv/detail/find_closest_wall__struct.h
[1.834s] -- Up-to-date symlink: /home/anthony/Desktop/Assignment8/install/turtlebot3_interfaces/include/turtlebot3_interfaces/turtlebot3_interfaces/srv/detail/find_closest_wall__type_support.h
[1.835s] -- Up-to-date symlink: /home/anthony/Desktop/Assignment8/install/turtlebot3_interfaces/include/turtlebot3_interfaces/turtlebot3_interfaces/srv/find_closest_wall.h
[1.836s] -- Up-to-date symlink: /home/anthony/Desktop/Assignment8/install/turtlebot3_interfaces/share/turtlebot3_interfaces/environment/library_path.sh
[1.837s] -- Up-to-date symlink: /home/anthony/Desktop/Assignment8/install/turtlebot3_interfaces/share/turtlebot3_interfaces/environment/library_path.dsv
[1.839s] -- Up-to-date symlink: /home/anthony/Desktop/Assignment8/install/turtlebot3_interfaces/include/turtlebot3_interfaces/turtlebot3_interfaces/action/detail/measure_lap_time__rosidl_typesupport_fastrtps_c.h
[1.840s] -- Up-to-date symlink: /home/anthony/Desktop/Assignment8/install/turtlebot3_interfaces/include/turtlebot3_interfaces/turtlebot3_interfaces/msg/rosidl_typesupport_fastrtps_c__visibility_control.h
[1.842s] -- Up-to-date symlink: /home/anthony/Desktop/Assignment8/install/turtlebot3_interfaces/include/turtlebot3_interfaces/turtlebot3_interfaces/srv/detail/find_closest_wall__rosidl_typesupport_fastrtps_c.h
[1.844s] -- Up-to-date symlink: /home/anthony/Desktop/Assignment8/install/turtlebot3_interfaces/include/turtlebot3_interfaces/turtlebot3_interfaces/action/detail/measure_lap_time__rosidl_typesupport_introspection_c.h
[1.845s] -- Up-to-date symlink: /home/anthony/Desktop/Assignment8/install/turtlebot3_interfaces/include/turtlebot3_interfaces/turtlebot3_interfaces/msg/rosidl_typesupport_introspection_c__visibility_control.h
[1.847s] -- Up-to-date symlink: /home/anthony/Desktop/Assignment8/install/turtlebot3_interfaces/include/turtlebot3_interfaces/turtlebot3_interfaces/srv/detail/find_closest_wall__rosidl_typesupport_introspection_c.h
[1.848s] -- Up-to-date symlink: /home/anthony/Desktop/Assignment8/install/turtlebot3_interfaces/include/turtlebot3_interfaces/turtlebot3_interfaces/action/detail/measure_lap_time__builder.hpp
[1.850s] -- Up-to-date symlink: /home/anthony/Desktop/Assignment8/install/turtlebot3_interfaces/include/turtlebot3_interfaces/turtlebot3_interfaces/action/detail/measure_lap_time__struct.hpp
[1.851s] -- Up-to-date symlink: /home/anthony/Desktop/Assignment8/install/turtlebot3_interfaces/include/turtlebot3_interfaces/turtlebot3_interfaces/action/detail/measure_lap_time__traits.hpp
[1.852s] -- Up-to-date symlink: /home/anthony/Desktop/Assignment8/install/turtlebot3_interfaces/include/turtlebot3_interfaces/turtlebot3_interfaces/action/measure_lap_time.hpp
[1.854s] -- Up-to-date symlink: /home/anthony/Desktop/Assignment8/install/turtlebot3_interfaces/include/turtlebot3_interfaces/turtlebot3_interfaces/srv/detail/find_closest_wall__builder.hpp
[1.855s] -- Up-to-date symlink: /home/anthony/Desktop/Assignment8/install/turtlebot3_interfaces/include/turtlebot3_interfaces/turtlebot3_interfaces/srv/detail/find_closest_wall__struct.hpp
[1.857s] -- Up-to-date symlink: /home/anthony/Desktop/Assignment8/install/turtlebot3_interfaces/include/turtlebot3_interfaces/turtlebot3_interfaces/srv/detail/find_closest_wall__traits.hpp
[1.859s] -- Up-to-date symlink: /home/anthony/Desktop/Assignment8/install/turtlebot3_interfaces/include/turtlebot3_interfaces/turtlebot3_interfaces/srv/find_closest_wall.hpp
[1.861s] -- Up-to-date symlink: /home/anthony/Desktop/Assignment8/install/turtlebot3_interfaces/include/turtlebot3_interfaces/turtlebot3_interfaces/action/detail/measure_lap_time__rosidl_typesupport_fastrtps_cpp.hpp
[1.863s] -- Up-to-date symlink: /home/anthony/Desktop/Assignment8/install/turtlebot3_interfaces/include/turtlebot3_interfaces/turtlebot3_interfaces/msg/rosidl_typesupport_fastrtps_cpp__visibility_control.h
[1.865s] -- Up-to-date symlink: /home/anthony/Desktop/Assignment8/install/turtlebot3_interfaces/include/turtlebot3_interfaces/turtlebot3_interfaces/srv/detail/find_closest_wall__rosidl_typesupport_fastrtps_cpp.hpp
[1.866s] -- Up-to-date symlink: /home/anthony/Desktop/Assignment8/install/turtlebot3_interfaces/include/turtlebot3_interfaces/turtlebot3_interfaces/action/detail/measure_lap_time__rosidl_typesupport_introspection_cpp.hpp
[1.868s] -- Up-to-date symlink: /home/anthony/Desktop/Assignment8/install/turtlebot3_interfaces/include/turtlebot3_interfaces/turtlebot3_interfaces/srv/detail/find_closest_wall__rosidl_typesupport_introspection_cpp.hpp
[1.869s] -- Up-to-date symlink: /home/anthony/Desktop/Assignment8/install/turtlebot3_interfaces/share/turtlebot3_interfaces/environment/pythonpath.sh
[1.869s] -- Up-to-date symlink: /home/anthony/Desktop/Assignment8/install/turtlebot3_interfaces/share/turtlebot3_interfaces/environment/pythonpath.dsv
[1.870s] -- Up-to-date symlink: /home/anthony/Desktop/Assignment8/install/turtlebot3_interfaces/local/lib/python3.10/dist-packages/turtlebot3_interfaces-0.0.0-py3.10.egg-info/PKG-INFO
[1.871s] -- Up-to-date symlink: /home/anthony/Desktop/Assignment8/install/turtlebot3_interfaces/local/lib/python3.10/dist-packages/turtlebot3_interfaces-0.0.0-py3.10.egg-info/SOURCES.txt
[1.872s] -- Up-to-date symlink: /home/anthony/Desktop/Assignment8/install/turtlebot3_interfaces/local/lib/python3.10/dist-packages/turtlebot3_interfaces-0.0.0-py3.10.egg-info/dependency_links.txt
[1.873s] -- Up-to-date symlink: /home/anthony/Desktop/Assignment8/install/turtlebot3_interfaces/local/lib/python3.10/dist-packages/turtlebot3_interfaces-0.0.0-py3.10.egg-info/top_level.txt
[1.877s] -- Up-to-date symlink: /home/anthony/Desktop/Assignment8/install/turtlebot3_interfaces/local/lib/python3.10/dist-packages/turtlebot3_interfaces/__init__.py
[1.889s] -- Up-to-date symlink: /home/anthony/Desktop/Assignment8/install/turtlebot3_interfaces/local/lib/python3.10/dist-packages/turtlebot3_interfaces/_turtlebot3_interfaces_s.ep.rosidl_typesupport_c.c
[1.889s] -- Up-to-date symlink: /home/anthony/Desktop/Assignment8/install/turtlebot3_interfaces/local/lib/python3.10/dist-packages/turtlebot3_interfaces/_turtlebot3_interfaces_s.ep.rosidl_typesupport_fastrtps_c.c
[1.890s] -- Up-to-date symlink: /home/anthony/Desktop/Assignment8/install/turtlebot3_interfaces/local/lib/python3.10/dist-packages/turtlebot3_interfaces/_turtlebot3_interfaces_s.ep.rosidl_typesupport_introspection_c.c
[1.890s] -- Up-to-date symlink: /home/anthony/Desktop/Assignment8/install/turtlebot3_interfaces/local/lib/python3.10/dist-packages/turtlebot3_interfaces/action/__init__.py
[1.891s] -- Up-to-date symlink: /home/anthony/Desktop/Assignment8/install/turtlebot3_interfaces/local/lib/python3.10/dist-packages/turtlebot3_interfaces/action/_measure_lap_time.py
[1.892s] -- Up-to-date symlink: /home/anthony/Desktop/Assignment8/install/turtlebot3_interfaces/local/lib/python3.10/dist-packages/turtlebot3_interfaces/action/_measure_lap_time_s.c
[1.892s] -- Up-to-date symlink: /home/anthony/Desktop/Assignment8/install/turtlebot3_interfaces/local/lib/python3.10/dist-packages/turtlebot3_interfaces/libturtlebot3_interfaces__rosidl_generator_py.so
[1.892s] -- Up-to-date symlink: /home/anthony/Desktop/Assignment8/install/turtlebot3_interfaces/local/lib/python3.10/dist-packages/turtlebot3_interfaces/srv/__init__.py
[1.893s] -- Up-to-date symlink: /home/anthony/Desktop/Assignment8/install/turtlebot3_interfaces/local/lib/python3.10/dist-packages/turtlebot3_interfaces/srv/_find_closest_wall.py
[1.894s] -- Up-to-date symlink: /home/anthony/Desktop/Assignment8/install/turtlebot3_interfaces/local/lib/python3.10/dist-packages/turtlebot3_interfaces/srv/_find_closest_wall_s.c
[1.894s] -- Up-to-date symlink: /home/anthony/Desktop/Assignment8/install/turtlebot3_interfaces/local/lib/python3.10/dist-packages/turtlebot3_interfaces/turtlebot3_interfaces_s__rosidl_typesupport_c.cpython-310-x86_64-linux-gnu.so
[1.895s] -- Up-to-date symlink: /home/anthony/Desktop/Assignment8/install/turtlebot3_interfaces/local/lib/python3.10/dist-packages/turtlebot3_interfaces/turtlebot3_interfaces_s__rosidl_typesupport_fastrtps_c.cpython-310-x86_64-linux-gnu.so
[1.898s] -- Up-to-date symlink: /home/anthony/Desktop/Assignment8/install/turtlebot3_interfaces/local/lib/python3.10/dist-packages/turtlebot3_interfaces/turtlebot3_interfaces_s__rosidl_typesupport_introspection_c.cpython-310-x86_64-linux-gnu.so
[1.907s] -- Up-to-date symlink: /home/anthony/Desktop/Assignment8/install/turtlebot3_interfaces/local/lib/python3.10/dist-packages/turtlebot3_interfaces/turtlebot3_interfaces_s__rosidl_typesupport_fastrtps_c.cpython-310-x86_64-linux-gnu.so
[1.918s] -- Up-to-date symlink: /home/anthony/Desktop/Assignment8/install/turtlebot3_interfaces/local/lib/python3.10/dist-packages/turtlebot3_interfaces/turtlebot3_interfaces_s__rosidl_typesupport_introspection_c.cpython-310-x86_64-linux-gnu.so
[1.920s] -- Up-to-date symlink: /home/anthony/Desktop/Assignment8/install/turtlebot3_interfaces/local/lib/python3.10/dist-packages/turtlebot3_interfaces/turtlebot3_interfaces_s__rosidl_typesupport_c.cpython-310-x86_64-linux-gnu.so
[1.921s] -- Up-to-date symlink: /home/anthony/Desktop/Assignment8/install/turtlebot3_interfaces/share/turtlebot3_interfaces/action/MeasureLapTime.idl
[1.921s] -- Up-to-date symlink: /home/anthony/Desktop/Assignment8/install/turtlebot3_interfaces/share/turtlebot3_interfaces/srv/FindClosestWall.idl
[1.928s] -- Up-to-date symlink: /home/anthony/Desktop/Assignment8/install/turtlebot3_interfaces/share/turtlebot3_interfaces/action/MeasureLapTime.action
[1.928s] -- Up-to-date symlink: /home/anthony/Desktop/Assignment8/install/turtlebot3_interfaces/share/turtlebot3_interfaces/srv/FindClosestWall.srv
[1.932s] -- Up-to-date symlink: /home/anthony/Desktop/Assignment8/install/turtlebot3_interfaces/share/turtlebot3_interfaces/srv/FindClosestWall_Request.msg
[1.938s] -- Up-to-date symlink: /home/anthony/Desktop/Assignment8/install/turtlebot3_interfaces/share/turtlebot3_interfaces/srv/FindClosestWall_Response.msg
[1.945s] -- Up-to-date symlink: /home/anthony/Desktop/Assignment8/install/turtlebot3_interfaces/share/ament_index/resource_index/package_run_dependencies/turtlebot3_interfaces
[1.945s] -- Up-to-date symlink: /home/anthony/Desktop/Assignment8/install/turtlebot3_interfaces/share/ament_index/resource_index/parent_prefix_path/turtlebot3_interfaces
[1.945s] -- Up-to-date symlink: /home/anthony/Desktop/Assignment8/install/turtlebot3_interfaces/share/turtlebot3_interfaces/environment/ament_prefix_path.sh
[1.946s] -- Up-to-date symlink: /home/anthony/Desktop/Assignment8/install/turtlebot3_interfaces/share/turtlebot3_interfaces/environment/ament_prefix_path.dsv
[1.952s] -- Up-to-date symlink: /home/anthony/Desktop/Assignment8/install/turtlebot3_interfaces/share/turtlebot3_interfaces/environment/path.sh
[1.954s] -- Up-to-date symlink: /home/anthony/Desktop/Assignment8/install/turtlebot3_interfaces/share/turtlebot3_interfaces/environment/path.dsv
[1.956s] -- Up-to-date symlink: /home/anthony/Desktop/Assignment8/install/turtlebot3_interfaces/share/turtlebot3_interfaces/local_setup.bash
[1.957s] -- Up-to-date symlink: /home/anthony/Desktop/Assignment8/install/turtlebot3_interfaces/share/turtlebot3_interfaces/local_setup.sh
[1.958s] -- Up-to-date symlink: /home/anthony/Desktop/Assignment8/install/turtlebot3_interfaces/share/turtlebot3_interfaces/local_setup.zsh
[1.959s] -- Up-to-date symlink: /home/anthony/Desktop/Assignment8/install/turtlebot3_interfaces/share/turtlebot3_interfaces/local_setup.dsv
[1.959s] -- Symlinking: /home/anthony/Desktop/Assignment8/install/turtlebot3_interfaces/share/turtlebot3_interfaces/package.dsv
[1.982s] -- Up-to-date symlink: /home/anthony/Desktop/Assignment8/install/turtlebot3_interfaces/share/ament_index/resource_index/packages/turtlebot3_interfaces
[1.983s] -- Up-to-date symlink: /home/anthony/Desktop/Assignment8/install/turtlebot3_interfaces/share/turtlebot3_interfaces/cmake/rosidl_cmake-extras.cmake
[1.985s] -- Up-to-date symlink: /home/anthony/Desktop/Assignment8/install/turtlebot3_interfaces/share/turtlebot3_interfaces/cmake/ament_cmake_export_dependencies-extras.cmake
[1.986s] -- Up-to-date symlink: /home/anthony/Desktop/Assignment8/install/turtlebot3_interfaces/share/turtlebot3_interfaces/cmake/ament_cmake_export_include_directories-extras.cmake
[1.987s] -- Up-to-date symlink: /home/anthony/Desktop/Assignment8/install/turtlebot3_interfaces/share/turtlebot3_interfaces/cmake/ament_cmake_export_libraries-extras.cmake
[1.988s] -- Up-to-date symlink: /home/anthony/Desktop/Assignment8/install/turtlebot3_interfaces/share/turtlebot3_interfaces/cmake/ament_cmake_export_targets-extras.cmake
[1.989s] -- Up-to-date symlink: /home/anthony/Desktop/Assignment8/install/turtlebot3_interfaces/share/turtlebot3_interfaces/cmake/rosidl_cmake_export_typesupport_targets-extras.cmake
[1.989s] -- Up-to-date symlink: /home/anthony/Desktop/Assignment8/install/turtlebot3_interfaces/share/turtlebot3_interfaces/cmake/rosidl_cmake_export_typesupport_libraries-extras.cmake
[1.990s] -- Up-to-date symlink: /home/anthony/Desktop/Assignment8/install/turtlebot3_interfaces/share/turtlebot3_interfaces/cmake/turtlebot3_interfacesConfig.cmake
[1.991s] -- Up-to-date symlink: /home/anthony/Desktop/Assignment8/install/turtlebot3_interfaces/share/turtlebot3_interfaces/cmake/turtlebot3_interfacesConfig-version.cmake
[1.992s] -- Up-to-date symlink: /home/anthony/Desktop/Assignment8/install/turtlebot3_interfaces/share/turtlebot3_interfaces/package.xml
[1.993s] -- Up-to-date: /home/anthony/Desktop/Assignment8/install/turtlebot3_interfaces/lib/libturtlebot3_interfaces__rosidl_generator_c.so
[1.995s] -- Up-to-date: /home/anthony/Desktop/Assignment8/install/turtlebot3_interfaces/lib/libturtlebot3_interfaces__rosidl_typesupport_fastrtps_c.so
[1.997s] -- Up-to-date: /home/anthony/Desktop/Assignment8/install/turtlebot3_interfaces/lib/libturtlebot3_interfaces__rosidl_typesupport_introspection_c.so
[1.997s] -- Up-to-date: /home/anthony/Desktop/Assignment8/install/turtlebot3_interfaces/lib/libturtlebot3_interfaces__rosidl_typesupport_c.so
[1.999s] -- Up-to-date: /home/anthony/Desktop/Assignment8/install/turtlebot3_interfaces/lib/libturtlebot3_interfaces__rosidl_typesupport_fastrtps_cpp.so
[2.001s] -- Up-to-date: /home/anthony/Desktop/Assignment8/install/turtlebot3_interfaces/lib/libturtlebot3_interfaces__rosidl_typesupport_introspection_cpp.so
[2.002s] -- Up-to-date: /home/anthony/Desktop/Assignment8/install/turtlebot3_interfaces/lib/libturtlebot3_interfaces__rosidl_typesupport_cpp.so
[2.070s] Listing '/home/anthony/Desktop/Assignment8/install/turtlebot3_interfaces/local/lib/python3.10/dist-packages/turtlebot3_interfaces'...
[2.071s] Listing '/home/anthony/Desktop/Assignment8/install/turtlebot3_interfaces/local/lib/python3.10/dist-packages/turtlebot3_interfaces/action'...
[2.071s] Listing '/home/anthony/Desktop/Assignment8/install/turtlebot3_interfaces/local/lib/python3.10/dist-packages/turtlebot3_interfaces/srv'...
[2.078s] -- Up-to-date: /home/anthony/Desktop/Assignment8/install/turtlebot3_interfaces/lib/libturtlebot3_interfaces__rosidl_generator_py.so
[2.081s] -- Up-to-date: /home/anthony/Desktop/Assignment8/install/turtlebot3_interfaces/share/turtlebot3_interfaces/cmake/export_turtlebot3_interfaces__rosidl_generator_cExport.cmake
[2.081s] -- Up-to-date: /home/anthony/Desktop/Assignment8/install/turtlebot3_interfaces/share/turtlebot3_interfaces/cmake/export_turtlebot3_interfaces__rosidl_generator_cExport-noconfig.cmake
[2.082s] -- Up-to-date: /home/anthony/Desktop/Assignment8/install/turtlebot3_interfaces/share/turtlebot3_interfaces/cmake/export_turtlebot3_interfaces__rosidl_typesupport_fastrtps_cExport.cmake
[2.082s] -- Up-to-date: /home/anthony/Desktop/Assignment8/install/turtlebot3_interfaces/share/turtlebot3_interfaces/cmake/export_turtlebot3_interfaces__rosidl_typesupport_fastrtps_cExport-noconfig.cmake
[2.083s] -- Up-to-date: /home/anthony/Desktop/Assignment8/install/turtlebot3_interfaces/share/turtlebot3_interfaces/cmake/turtlebot3_interfaces__rosidl_typesupport_introspection_cExport.cmake
[2.084s] -- Up-to-date: /home/anthony/Desktop/Assignment8/install/turtlebot3_interfaces/share/turtlebot3_interfaces/cmake/turtlebot3_interfaces__rosidl_typesupport_introspection_cExport-noconfig.cmake
[2.085s] -- Up-to-date: /home/anthony/Desktop/Assignment8/install/turtlebot3_interfaces/share/turtlebot3_interfaces/cmake/turtlebot3_interfaces__rosidl_typesupport_cExport.cmake
[2.085s] -- Up-to-date: /home/anthony/Desktop/Assignment8/install/turtlebot3_interfaces/share/turtlebot3_interfaces/cmake/turtlebot3_interfaces__rosidl_typesupport_cExport-noconfig.cmake
[2.085s] -- Up-to-date: /home/anthony/Desktop/Assignment8/install/turtlebot3_interfaces/share/turtlebot3_interfaces/cmake/export_turtlebot3_interfaces__rosidl_generator_cppExport.cmake
[2.086s] -- Up-to-date: /home/anthony/Desktop/Assignment8/install/turtlebot3_interfaces/share/turtlebot3_interfaces/cmake/export_turtlebot3_interfaces__rosidl_typesupport_fastrtps_cppExport.cmake
[2.086s] -- Up-to-date: /home/anthony/Desktop/Assignment8/install/turtlebot3_interfaces/share/turtlebot3_interfaces/cmake/export_turtlebot3_interfaces__rosidl_typesupport_fastrtps_cppExport-noconfig.cmake
[2.087s] -- Up-to-date: /home/anthony/Desktop/Assignment8/install/turtlebot3_interfaces/share/turtlebot3_interfaces/cmake/turtlebot3_interfaces__rosidl_typesupport_introspection_cppExport.cmake
[2.089s] -- Up-to-date: /home/anthony/Desktop/Assignment8/install/turtlebot3_interfaces/share/turtlebot3_interfaces/cmake/turtlebot3_interfaces__rosidl_typesupport_introspection_cppExport-noconfig.cmake
[2.089s] -- Up-to-date: /home/anthony/Desktop/Assignment8/install/turtlebot3_interfaces/share/turtlebot3_interfaces/cmake/turtlebot3_interfaces__rosidl_typesupport_cppExport.cmake
[2.089s] -- Up-to-date: /home/anthony/Desktop/Assignment8/install/turtlebot3_interfaces/share/turtlebot3_interfaces/cmake/turtlebot3_interfaces__rosidl_typesupport_cppExport-noconfig.cmake
[2.089s] -- Up-to-date: /home/anthony/Desktop/Assignment8/install/turtlebot3_interfaces/share/turtlebot3_interfaces/cmake/export_turtlebot3_interfaces__rosidl_generator_pyExport.cmake
[2.089s] -- Up-to-date: /home/anthony/Desktop/Assignment8/install/turtlebot3_interfaces/share/turtlebot3_interfaces/cmake/export_turtlebot3_interfaces__rosidl_generator_pyExport-noconfig.cmake
[2.095s] Invoked command in '/home/anthony/Desktop/Assignment8/build/turtlebot3_interfaces' returned '0': CMAKE_PREFIX_PATH=${CMAKE_PREFIX_PATH}:/home/anthony/Desktop/Assignment8/install/turtlebot3_navigation /usr/bin/cmake --install /home/anthony/Desktop/Assignment8/build/turtlebot3_interfaces
