[0.050s] Invoking command in '/home/anthony/Desktop/Assignment8/build/turtlebot3_simulations': AMENT_PREFIX_PATH=/home/anthony/Desktop/Assignment8/install/turtlebot3_gazebo:/home/anthony/Desktop/Assignment8/install/turtlebot3_fake_node:${AMENT_PREFIX_PATH} CMAKE_PREFIX_PATH=/home/anthony/Desktop/Assignment8/install/turtlebot3_gazebo:/home/anthony/Desktop/Assignment8/install/turtlebot3_fake_node:/opt/ros/humble /usr/bin/cmake --build /home/anthony/Desktop/Assignment8/build/turtlebot3_simulations -- -j3 -l3
[0.152s] Invoked command in '/home/anthony/Desktop/Assignment8/build/turtlebot3_simulations' returned '0': AMENT_PREFIX_PATH=/home/anthony/Desktop/Assignment8/install/turtlebot3_gazebo:/home/anthony/Desktop/Assignment8/install/turtlebot3_fake_node:${AMENT_PREFIX_PATH} CMAKE_PREFIX_PATH=/home/anthony/Desktop/Assignment8/install/turtlebot3_gazebo:/home/anthony/Desktop/Assignment8/install/turtlebot3_fake_node:/opt/ros/humble /usr/bin/cmake --build /home/anthony/Desktop/Assignment8/build/turtlebot3_simulations -- -j3 -l3
[0.194s] Invoking command in '/home/anthony/Desktop/Assignment8/build/turtlebot3_simulations': AMENT_PREFIX_PATH=/home/anthony/Desktop/Assignment8/install/turtlebot3_gazebo:/home/anthony/Desktop/Assignment8/install/turtlebot3_fake_node:${AMENT_PREFIX_PATH} CMAKE_PREFIX_PATH=/home/anthony/Desktop/Assignment8/install/turtlebot3_gazebo:/home/anthony/Desktop/Assignment8/install/turtlebot3_fake_node:/opt/ros/humble /usr/bin/cmake --install /home/anthony/Desktop/Assignment8/build/turtlebot3_simulations
[0.208s] -- Install configuration: ""
[0.210s] -- Execute custom install script
[0.211s] -- Up-to-date symlink: /home/anthony/Desktop/Assignment8/install/turtlebot3_simulations/share/ament_index/resource_index/package_run_dependencies/turtlebot3_simulations
[0.211s] -- Up-to-date symlink: /home/anthony/Desktop/Assignment8/install/turtlebot3_simulations/share/ament_index/resource_index/parent_prefix_path/turtlebot3_simulations
[0.212s] -- Up-to-date symlink: /home/anthony/Desktop/Assignment8/install/turtlebot3_simulations/share/turtlebot3_simulations/environment/ament_prefix_path.sh
[0.212s] -- Up-to-date symlink: /home/anthony/Desktop/Assignment8/install/turtlebot3_simulations/share/turtlebot3_simulations/environment/ament_prefix_path.dsv
[0.213s] -- Up-to-date symlink: /home/anthony/Desktop/Assignment8/install/turtlebot3_simulations/share/turtlebot3_simulations/environment/path.sh
[0.213s] -- Up-to-date symlink: /home/anthony/Desktop/Assignment8/install/turtlebot3_simulations/share/turtlebot3_simulations/environment/path.dsv
[0.215s] -- Up-to-date symlink: /home/anthony/Desktop/Assignment8/install/turtlebot3_simulations/share/turtlebot3_simulations/local_setup.bash
[0.216s] -- Up-to-date symlink: /home/anthony/Desktop/Assignment8/install/turtlebot3_simulations/share/turtlebot3_simulations/local_setup.sh
[0.217s] -- Up-to-date symlink: /home/anthony/Desktop/Assignment8/install/turtlebot3_simulations/share/turtlebot3_simulations/local_setup.zsh
[0.218s] -- Up-to-date symlink: /home/anthony/Desktop/Assignment8/install/turtlebot3_simulations/share/turtlebot3_simulations/local_setup.dsv
[0.219s] -- Symlinking: /home/anthony/Desktop/Assignment8/install/turtlebot3_simulations/share/turtlebot3_simulations/package.dsv
[0.253s] -- Up-to-date symlink: /home/anthony/Desktop/Assignment8/install/turtlebot3_simulations/share/ament_index/resource_index/packages/turtlebot3_simulations
[0.253s] -- Up-to-date symlink: /home/anthony/Desktop/Assignment8/install/turtlebot3_simulations/share/turtlebot3_simulations/cmake/turtlebot3_simulationsConfig.cmake
[0.253s] -- Up-to-date symlink: /home/anthony/Desktop/Assignment8/install/turtlebot3_simulations/share/turtlebot3_simulations/cmake/turtlebot3_simulationsConfig-version.cmake
[0.255s] -- Up-to-date symlink: /home/anthony/Desktop/Assignment8/install/turtlebot3_simulations/share/turtlebot3_simulations/package.xml
[0.262s] Invoked command in '/home/anthony/Desktop/Assignment8/build/turtlebot3_simulations' returned '0': AMENT_PREFIX_PATH=/home/anthony/Desktop/Assignment8/install/turtlebot3_gazebo:/home/anthony/Desktop/Assignment8/install/turtlebot3_fake_node:${AMENT_PREFIX_PATH} CMAKE_PREFIX_PATH=/home/anthony/Desktop/Assignment8/install/turtlebot3_gazebo:/home/anthony/Desktop/Assignment8/install/turtlebot3_fake_node:/opt/ros/humble /usr/bin/cmake --install /home/anthony/Desktop/Assignment8/build/turtlebot3_simulations
