[1.087s] Invoking command in '/home/anthony/Desktop/Assignment8/build/turtlebot3_navigation': CMAKE_PREFIX_PATH=/home/anthony/Desktop/Assignment8/install/turtlebot3_simulations:/home/anthony/Desktop/Assignment8/install/turtlebot3_gazebo:/home/anthony/Desktop/Assignment8/install/turtlebot3_fake_node:/home/anthony/Desktop/Assignment8/install/turtlebot3_interfaces:/opt/ros/humble PYTHONPATH=/home/anthony/Desktop/Assignment8/build/turtlebot3_navigation/prefix_override:/usr/lib/python3/dist-packages/colcon_core/task/python/colcon_distutils_commands:/home/anthony/Desktop/Assignment8/install/turtlebot3_navigation/lib/python3.10/site-packages:${PYTHONPATH} /usr/bin/python3 -W ignore:setup.py install is deprecated setup.py develop --editable --build-directory /home/anthony/Desktop/Assignment8/build/turtlebot3_navigation/build --no-deps symlink_data
[1.476s] running develop
[1.476s] /usr/lib/python3/dist-packages/setuptools/command/easy_install.py:158: EasyInstallDeprecationWarning: easy_install command is deprecated. Use build and pip and other standards-based tools.
[1.476s]   warnings.warn(
[1.784s] running egg_info
[1.784s] writing turtlebot3_navigation.egg-info/PKG-INFO
[1.785s] writing dependency_links to turtlebot3_navigation.egg-info/dependency_links.txt
[1.785s] writing entry points to turtlebot3_navigation.egg-info/entry_points.txt
[1.785s] writing requirements to turtlebot3_navigation.egg-info/requires.txt
[1.785s] writing top-level names to turtlebot3_navigation.egg-info/top_level.txt
[1.787s] reading manifest file 'turtlebot3_navigation.egg-info/SOURCES.txt'
[1.789s] writing manifest file 'turtlebot3_navigation.egg-info/SOURCES.txt'
[1.791s] running build_ext
[1.791s] Creating /home/anthony/Desktop/Assignment8/install/turtlebot3_navigation/lib/python3.10/site-packages/turtlebot3-navigation.egg-link (link to .)
[1.791s] Installing lap_time_client script to /home/anthony/Desktop/Assignment8/install/turtlebot3_navigation/lib/turtlebot3_navigation
[1.792s] Installing lap_time_server script to /home/anthony/Desktop/Assignment8/install/turtlebot3_navigation/lib/turtlebot3_navigation
[1.793s] Installing robot_driver script to /home/anthony/Desktop/Assignment8/install/turtlebot3_navigation/lib/turtlebot3_navigation
[1.793s] Installing wall_finder_server script to /home/anthony/Desktop/Assignment8/install/turtlebot3_navigation/lib/turtlebot3_navigation
[1.793s] 
[1.794s] Installed /home/anthony/Desktop/Assignment8/build/turtlebot3_navigation
[1.794s] running symlink_data
[1.794s] error: can't copy '/home/anthony/Desktop/Assignment8/build/turtlebot3_navigation/launch/lap_time_client_launch.py': doesn't exist or not a regular file
[1.854s] Invoked command in '/home/anthony/Desktop/Assignment8/build/turtlebot3_navigation' returned '1': CMAKE_PREFIX_PATH=/home/anthony/Desktop/Assignment8/install/turtlebot3_simulations:/home/anthony/Desktop/Assignment8/install/turtlebot3_gazebo:/home/anthony/Desktop/Assignment8/install/turtlebot3_fake_node:/home/anthony/Desktop/Assignment8/install/turtlebot3_interfaces:/opt/ros/humble PYTHONPATH=/home/anthony/Desktop/Assignment8/build/turtlebot3_navigation/prefix_override:/usr/lib/python3/dist-packages/colcon_core/task/python/colcon_distutils_commands:/home/anthony/Desktop/Assignment8/install/turtlebot3_navigation/lib/python3.10/site-packages:${PYTHONPATH} /usr/bin/python3 -W ignore:setup.py install is deprecated setup.py develop --editable --build-directory /home/anthony/Desktop/Assignment8/build/turtlebot3_navigation/build --no-deps symlink_data
