[1.183s] Invoking command in '/home/anthony/Desktop/Assignment8/build/turtlebot3_navigation': CMAKE_PREFIX_PATH=/home/anthony/Desktop/Assignment8/install/turtlebot3_simulations:/home/anthony/Desktop/Assignment8/install/turtlebot3_gazebo:/home/anthony/Desktop/Assignment8/install/turtlebot3_fake_node:/home/anthony/Desktop/Assignment8/install/turtlebot3_interfaces:/opt/ros/humble PYTHONPATH=/home/anthony/Desktop/Assignment8/build/turtlebot3_navigation/prefix_override:/usr/lib/python3/dist-packages/colcon_core/task/python/colcon_distutils_commands:/home/anthony/Desktop/Assignment8/install/turtlebot3_navigation/lib/python3.10/site-packages:${PYTHONPATH} /usr/bin/python3 -W ignore:setup.py install is deprecated setup.py develop --editable --build-directory /home/anthony/Desktop/Assignment8/build/turtlebot3_navigation/build --no-deps symlink_data
[1.874s] running develop
[1.875s] /usr/lib/python3/dist-packages/setuptools/command/easy_install.py:158: EasyInstallDeprecationWarning: easy_install command is deprecated. Use build and pip and other standards-based tools.
[1.875s]   warnings.warn(
[2.179s] running egg_info
[2.180s] writing turtlebot3_navigation.egg-info/PKG-INFO
[2.181s] writing dependency_links to turtlebot3_navigation.egg-info/dependency_links.txt
[2.181s] writing entry points to turtlebot3_navigation.egg-info/entry_points.txt
[2.181s] writing requirements to turtlebot3_navigation.egg-info/requires.txt
[2.181s] writing top-level names to turtlebot3_navigation.egg-info/top_level.txt
[2.184s] reading manifest file 'turtlebot3_navigation.egg-info/SOURCES.txt'
[2.186s] writing manifest file 'turtlebot3_navigation.egg-info/SOURCES.txt'
[2.190s] running build_ext
[2.191s] Creating /home/anthony/Desktop/Assignment8/install/turtlebot3_navigation/lib/python3.10/site-packages/turtlebot3-navigation.egg-link (link to .)
[2.192s] Installing robot_driver script to /home/anthony/Desktop/Assignment8/install/turtlebot3_navigation/lib/turtlebot3_navigation
[2.193s] Installing wall_finder_server script to /home/anthony/Desktop/Assignment8/install/turtlebot3_navigation/lib/turtlebot3_navigation
[2.193s] 
[2.193s] Installed /home/anthony/Desktop/Assignment8/build/turtlebot3_navigation
[2.194s] running symlink_data
[2.194s] error: can't copy '/home/anthony/Desktop/Assignment8/build/turtlebot3_navigation/launch/wall_follower_with_gazebo.launch.py': doesn't exist or not a regular file
[2.246s] Invoked command in '/home/anthony/Desktop/Assignment8/build/turtlebot3_navigation' returned '1': CMAKE_PREFIX_PATH=/home/anthony/Desktop/Assignment8/install/turtlebot3_simulations:/home/anthony/Desktop/Assignment8/install/turtlebot3_gazebo:/home/anthony/Desktop/Assignment8/install/turtlebot3_fake_node:/home/anthony/Desktop/Assignment8/install/turtlebot3_interfaces:/opt/ros/humble PYTHONPATH=/home/anthony/Desktop/Assignment8/build/turtlebot3_navigation/prefix_override:/usr/lib/python3/dist-packages/colcon_core/task/python/colcon_distutils_commands:/home/anthony/Desktop/Assignment8/install/turtlebot3_navigation/lib/python3.10/site-packages:${PYTHONPATH} /usr/bin/python3 -W ignore:setup.py install is deprecated setup.py develop --editable --build-directory /home/anthony/Desktop/Assignment8/build/turtlebot3_navigation/build --no-deps symlink_data
