[0.055s] Invoking command in '/home/anthony/Desktop/Assignment8/build/turtlebot3_gazebo': CMAKE_PREFIX_PATH=${CMAKE_PREFIX_PATH}:/home/anthony/Desktop/Assignment8/install/turtlebot3_navigation /usr/bin/cmake --build /home/anthony/Desktop/Assignment8/build/turtlebot3_gazebo -- -j3 -l3
[0.420s] [ 25%] Built target turtlebot3_drive
[0.451s] [ 50%] Built target obstacle2
[0.510s] [ 75%] Built target obstacle1
[0.647s] [100%] Built target obstacles
[0.717s] Invoked command in '/home/anthony/Desktop/Assignment8/build/turtlebot3_gazebo' returned '0': CMAKE_PREFIX_PATH=${CMAKE_PREFIX_PATH}:/home/anthony/Desktop/Assignment8/install/turtlebot3_navigation /usr/bin/cmake --build /home/anthony/Desktop/Assignment8/build/turtlebot3_gazebo -- -j3 -l3
[0.889s] Invoking command in '/home/anthony/Desktop/Assignment8/build/turtlebot3_gazebo': CMAKE_PREFIX_PATH=${CMAKE_PREFIX_PATH}:/home/anthony/Desktop/Assignment8/install/turtlebot3_navigation /usr/bin/cmake --install /home/anthony/Desktop/Assignment8/build/turtlebot3_gazebo
[0.909s] -- Install configuration: ""
[0.911s] -- Execute custom install script
[0.916s] -- Up-to-date symlink: /home/anthony/Desktop/Assignment8/install/turtlebot3_gazebo/lib/turtlebot3_gazebo/turtlebot3_drive
[0.918s] -- Up-to-date symlink: /home/anthony/Desktop/Assignment8/install/turtlebot3_gazebo/share/turtlebot3_gazebo//launch/empty_world.launch.py
[0.919s] -- Up-to-date symlink: /home/anthony/Desktop/Assignment8/install/turtlebot3_gazebo/share/turtlebot3_gazebo//launch/robot_state_publisher.launch.py
[0.919s] -- Up-to-date symlink: /home/anthony/Desktop/Assignment8/install/turtlebot3_gazebo/share/turtlebot3_gazebo//launch/spawn_turtlebot3.launch.py
[0.919s] -- Up-to-date symlink: /home/anthony/Desktop/Assignment8/install/turtlebot3_gazebo/share/turtlebot3_gazebo//launch/turtlebot3_dqn_stage1.launch.py
[0.926s] -- Up-to-date symlink: /home/anthony/Desktop/Assignment8/install/turtlebot3_gazebo/share/turtlebot3_gazebo//launch/turtlebot3_dqn_stage2.launch.py
[0.926s] -- Up-to-date symlink: /home/anthony/Desktop/Assignment8/install/turtlebot3_gazebo/share/turtlebot3_gazebo//launch/turtlebot3_dqn_stage3.launch.py
[0.926s] -- Up-to-date symlink: /home/anthony/Desktop/Assignment8/install/turtlebot3_gazebo/share/turtlebot3_gazebo//launch/turtlebot3_dqn_stage4.launch.py
[0.926s] -- Up-to-date symlink: /home/anthony/Desktop/Assignment8/install/turtlebot3_gazebo/share/turtlebot3_gazebo//launch/turtlebot3_house.launch.py
[0.931s] -- Up-to-date symlink: /home/anthony/Desktop/Assignment8/install/turtlebot3_gazebo/share/turtlebot3_gazebo//launch/turtlebot3_world.launch.py
[0.931s] -- Up-to-date symlink: /home/anthony/Desktop/Assignment8/install/turtlebot3_gazebo/share/turtlebot3_gazebo//models/turtlebot3_burger/model-1_4.sdf
[0.931s] -- Up-to-date symlink: /home/anthony/Desktop/Assignment8/install/turtlebot3_gazebo/share/turtlebot3_gazebo//models/turtlebot3_burger/model.config
[0.931s] -- Up-to-date symlink: /home/anthony/Desktop/Assignment8/install/turtlebot3_gazebo/share/turtlebot3_gazebo//models/turtlebot3_burger/model.sdf
[0.931s] -- Up-to-date symlink: /home/anthony/Desktop/Assignment8/install/turtlebot3_gazebo/share/turtlebot3_gazebo//models/turtlebot3_common/meshes/burger_base.dae
[0.931s] -- Up-to-date symlink: /home/anthony/Desktop/Assignment8/install/turtlebot3_gazebo/share/turtlebot3_gazebo//models/turtlebot3_common/meshes/lds.dae
[0.931s] -- Up-to-date symlink: /home/anthony/Desktop/Assignment8/install/turtlebot3_gazebo/share/turtlebot3_gazebo//models/turtlebot3_common/meshes/r200.dae
[0.931s] -- Up-to-date symlink: /home/anthony/Desktop/Assignment8/install/turtlebot3_gazebo/share/turtlebot3_gazebo//models/turtlebot3_common/meshes/tire.dae
[0.932s] -- Up-to-date symlink: /home/anthony/Desktop/Assignment8/install/turtlebot3_gazebo/share/turtlebot3_gazebo//models/turtlebot3_common/meshes/waffle_base.dae
[0.932s] -- Up-to-date symlink: /home/anthony/Desktop/Assignment8/install/turtlebot3_gazebo/share/turtlebot3_gazebo//models/turtlebot3_common/meshes/waffle_pi_base.dae
[0.932s] -- Up-to-date symlink: /home/anthony/Desktop/Assignment8/install/turtlebot3_gazebo/share/turtlebot3_gazebo//models/turtlebot3_common/model.config
[0.932s] -- Up-to-date symlink: /home/anthony/Desktop/Assignment8/install/turtlebot3_gazebo/share/turtlebot3_gazebo//models/turtlebot3_dqn_world/goal_box/model.config
[0.935s] -- Up-to-date symlink: /home/anthony/Desktop/Assignment8/install/turtlebot3_gazebo/share/turtlebot3_gazebo//models/turtlebot3_dqn_world/goal_box/model.sdf
[0.935s] -- Up-to-date symlink: /home/anthony/Desktop/Assignment8/install/turtlebot3_gazebo/share/turtlebot3_gazebo//models/turtlebot3_dqn_world/inner_walls/model.config
[0.938s] -- Up-to-date symlink: /home/anthony/Desktop/Assignment8/install/turtlebot3_gazebo/share/turtlebot3_gazebo//models/turtlebot3_dqn_world/inner_walls/model.sdf
[0.938s] -- Up-to-date symlink: /home/anthony/Desktop/Assignment8/install/turtlebot3_gazebo/share/turtlebot3_gazebo//models/turtlebot3_dqn_world/model.config
[0.938s] -- Up-to-date symlink: /home/anthony/Desktop/Assignment8/install/turtlebot3_gazebo/share/turtlebot3_gazebo//models/turtlebot3_dqn_world/model.sdf
[0.939s] -- Up-to-date symlink: /home/anthony/Desktop/Assignment8/install/turtlebot3_gazebo/share/turtlebot3_gazebo//models/turtlebot3_dqn_world/obstacle1/model.config
[0.939s] -- Up-to-date symlink: /home/anthony/Desktop/Assignment8/install/turtlebot3_gazebo/share/turtlebot3_gazebo//models/turtlebot3_dqn_world/obstacle1/model.sdf
[0.939s] -- Up-to-date symlink: /home/anthony/Desktop/Assignment8/install/turtlebot3_gazebo/share/turtlebot3_gazebo//models/turtlebot3_dqn_world/obstacle2/model.config
[0.940s] -- Up-to-date symlink: /home/anthony/Desktop/Assignment8/install/turtlebot3_gazebo/share/turtlebot3_gazebo//models/turtlebot3_dqn_world/obstacle2/model.sdf
[0.941s] -- Up-to-date symlink: /home/anthony/Desktop/Assignment8/install/turtlebot3_gazebo/share/turtlebot3_gazebo//models/turtlebot3_dqn_world/obstacle_plugin/CMakeLists.txt
[0.941s] -- Up-to-date symlink: /home/anthony/Desktop/Assignment8/install/turtlebot3_gazebo/share/turtlebot3_gazebo//models/turtlebot3_dqn_world/obstacle_plugin/obstacle1.cc
[0.941s] -- Up-to-date symlink: /home/anthony/Desktop/Assignment8/install/turtlebot3_gazebo/share/turtlebot3_gazebo//models/turtlebot3_dqn_world/obstacle_plugin/obstacle2.cc
[0.942s] -- Up-to-date symlink: /home/anthony/Desktop/Assignment8/install/turtlebot3_gazebo/share/turtlebot3_gazebo//models/turtlebot3_dqn_world/obstacle_plugin/obstacles.cc
[0.946s] -- Up-to-date symlink: /home/anthony/Desktop/Assignment8/install/turtlebot3_gazebo/share/turtlebot3_gazebo//models/turtlebot3_dqn_world/obstacles/model.config
[0.946s] -- Up-to-date symlink: /home/anthony/Desktop/Assignment8/install/turtlebot3_gazebo/share/turtlebot3_gazebo//models/turtlebot3_dqn_world/obstacles/model.sdf
[0.946s] -- Up-to-date symlink: /home/anthony/Desktop/Assignment8/install/turtlebot3_gazebo/share/turtlebot3_gazebo//models/turtlebot3_house/model.config
[0.949s] -- Up-to-date symlink: /home/anthony/Desktop/Assignment8/install/turtlebot3_gazebo/share/turtlebot3_gazebo//models/turtlebot3_house/model.sdf
[0.951s] -- Up-to-date symlink: /home/anthony/Desktop/Assignment8/install/turtlebot3_gazebo/share/turtlebot3_gazebo//models/turtlebot3_waffle/model-1_4.sdf
[0.959s] -- Up-to-date symlink: /home/anthony/Desktop/Assignment8/install/turtlebot3_gazebo/share/turtlebot3_gazebo//models/turtlebot3_waffle/model.config
[0.959s] -- Up-to-date symlink: /home/anthony/Desktop/Assignment8/install/turtlebot3_gazebo/share/turtlebot3_gazebo//models/turtlebot3_waffle/model.sdf
[0.959s] -- Up-to-date symlink: /home/anthony/Desktop/Assignment8/install/turtlebot3_gazebo/share/turtlebot3_gazebo//models/turtlebot3_waffle_pi/model-1_4_.sdf
[0.959s] -- Up-to-date symlink: /home/anthony/Desktop/Assignment8/install/turtlebot3_gazebo/share/turtlebot3_gazebo//models/turtlebot3_waffle_pi/model.config
[0.959s] -- Up-to-date symlink: /home/anthony/Desktop/Assignment8/install/turtlebot3_gazebo/share/turtlebot3_gazebo//models/turtlebot3_waffle_pi/model.sdf
[0.959s] -- Up-to-date symlink: /home/anthony/Desktop/Assignment8/install/turtlebot3_gazebo/share/turtlebot3_gazebo//models/turtlebot3_world/meshes/hexagon.dae
[0.963s] -- Up-to-date symlink: /home/anthony/Desktop/Assignment8/install/turtlebot3_gazebo/share/turtlebot3_gazebo//models/turtlebot3_world/meshes/wall.dae
[0.964s] -- Up-to-date symlink: /home/anthony/Desktop/Assignment8/install/turtlebot3_gazebo/share/turtlebot3_gazebo//models/turtlebot3_world/model-1_4.sdf
[0.968s] -- Up-to-date symlink: /home/anthony/Desktop/Assignment8/install/turtlebot3_gazebo/share/turtlebot3_gazebo//models/turtlebot3_world/model.config
[0.969s] -- Up-to-date symlink: /home/anthony/Desktop/Assignment8/install/turtlebot3_gazebo/share/turtlebot3_gazebo//models/turtlebot3_world/model.sdf
[0.970s] -- Up-to-date symlink: /home/anthony/Desktop/Assignment8/install/turtlebot3_gazebo/share/turtlebot3_gazebo//rviz/tb3_gazebo.rviz
[0.971s] -- Up-to-date symlink: /home/anthony/Desktop/Assignment8/install/turtlebot3_gazebo/share/turtlebot3_gazebo//urdf/common_properties.urdf
[0.971s] -- Up-to-date symlink: /home/anthony/Desktop/Assignment8/install/turtlebot3_gazebo/share/turtlebot3_gazebo//urdf/turtlebot3_burger.urdf
[0.971s] -- Up-to-date symlink: /home/anthony/Desktop/Assignment8/install/turtlebot3_gazebo/share/turtlebot3_gazebo//urdf/turtlebot3_waffle.urdf
[0.973s] -- Up-to-date symlink: /home/anthony/Desktop/Assignment8/install/turtlebot3_gazebo/share/turtlebot3_gazebo//urdf/turtlebot3_waffle_pi.urdf
[0.974s] -- Up-to-date symlink: /home/anthony/Desktop/Assignment8/install/turtlebot3_gazebo/share/turtlebot3_gazebo//worlds/empty_world.world
[0.974s] -- Up-to-date symlink: /home/anthony/Desktop/Assignment8/install/turtlebot3_gazebo/share/turtlebot3_gazebo//worlds/turtlebot3_dqn_stage1.world
[0.975s] -- Up-to-date symlink: /home/anthony/Desktop/Assignment8/install/turtlebot3_gazebo/share/turtlebot3_gazebo//worlds/turtlebot3_dqn_stage2.world
[0.976s] -- Up-to-date symlink: /home/anthony/Desktop/Assignment8/install/turtlebot3_gazebo/share/turtlebot3_gazebo//worlds/turtlebot3_dqn_stage3.world
[0.976s] -- Up-to-date symlink: /home/anthony/Desktop/Assignment8/install/turtlebot3_gazebo/share/turtlebot3_gazebo//worlds/turtlebot3_dqn_stage4.world
[0.980s] -- Up-to-date symlink: /home/anthony/Desktop/Assignment8/install/turtlebot3_gazebo/share/turtlebot3_gazebo//worlds/turtlebot3_house.world
[0.980s] -- Up-to-date symlink: /home/anthony/Desktop/Assignment8/install/turtlebot3_gazebo/share/turtlebot3_gazebo//worlds/turtlebot3_world.world
[0.981s] -- Up-to-date symlink: /home/anthony/Desktop/Assignment8/install/turtlebot3_gazebo/include//turtlebot3_gazebo/turtlebot3_drive.hpp
[0.981s] -- Up-to-date symlink: /home/anthony/Desktop/Assignment8/install/turtlebot3_gazebo/share/ament_index/resource_index/package_run_dependencies/turtlebot3_gazebo
[0.981s] -- Up-to-date symlink: /home/anthony/Desktop/Assignment8/install/turtlebot3_gazebo/share/ament_index/resource_index/parent_prefix_path/turtlebot3_gazebo
[0.983s] -- Up-to-date symlink: /home/anthony/Desktop/Assignment8/install/turtlebot3_gazebo/share/turtlebot3_gazebo/environment/ament_prefix_path.sh
[0.983s] -- Up-to-date symlink: /home/anthony/Desktop/Assignment8/install/turtlebot3_gazebo/share/turtlebot3_gazebo/environment/ament_prefix_path.dsv
[0.984s] -- Up-to-date symlink: /home/anthony/Desktop/Assignment8/install/turtlebot3_gazebo/share/turtlebot3_gazebo/environment/path.sh
[0.985s] -- Up-to-date symlink: /home/anthony/Desktop/Assignment8/install/turtlebot3_gazebo/share/turtlebot3_gazebo/environment/path.dsv
[0.986s] -- Up-to-date symlink: /home/anthony/Desktop/Assignment8/install/turtlebot3_gazebo/share/turtlebot3_gazebo/local_setup.bash
[0.987s] -- Up-to-date symlink: /home/anthony/Desktop/Assignment8/install/turtlebot3_gazebo/share/turtlebot3_gazebo/local_setup.sh
[0.987s] -- Up-to-date symlink: /home/anthony/Desktop/Assignment8/install/turtlebot3_gazebo/share/turtlebot3_gazebo/local_setup.zsh
[0.987s] -- Up-to-date symlink: /home/anthony/Desktop/Assignment8/install/turtlebot3_gazebo/share/turtlebot3_gazebo/local_setup.dsv
[0.987s] -- Symlinking: /home/anthony/Desktop/Assignment8/install/turtlebot3_gazebo/share/turtlebot3_gazebo/package.dsv
[1.010s] -- Up-to-date symlink: /home/anthony/Desktop/Assignment8/install/turtlebot3_gazebo/share/ament_index/resource_index/packages/turtlebot3_gazebo
[1.014s] -- Up-to-date symlink: /home/anthony/Desktop/Assignment8/install/turtlebot3_gazebo/share/turtlebot3_gazebo/cmake/ament_cmake_export_include_directories-extras.cmake
[1.016s] -- Up-to-date symlink: /home/anthony/Desktop/Assignment8/install/turtlebot3_gazebo/share/turtlebot3_gazebo/cmake/ament_cmake_export_dependencies-extras.cmake
[1.017s] -- Up-to-date symlink: /home/anthony/Desktop/Assignment8/install/turtlebot3_gazebo/share/turtlebot3_gazebo/cmake/turtlebot3_gazeboConfig.cmake
[1.017s] -- Up-to-date symlink: /home/anthony/Desktop/Assignment8/install/turtlebot3_gazebo/share/turtlebot3_gazebo/cmake/turtlebot3_gazeboConfig-version.cmake
[1.017s] -- Up-to-date symlink: /home/anthony/Desktop/Assignment8/install/turtlebot3_gazebo/share/turtlebot3_gazebo/package.xml
[1.021s] Invoked command in '/home/anthony/Desktop/Assignment8/build/turtlebot3_gazebo' returned '0': CMAKE_PREFIX_PATH=${CMAKE_PREFIX_PATH}:/home/anthony/Desktop/Assignment8/install/turtlebot3_navigation /usr/bin/cmake --install /home/anthony/Desktop/Assignment8/build/turtlebot3_gazebo
