[0.157s] Invoking command in '/home/anthony/Desktop/Assignment8/build/turtlebot3_interfaces': CMAKE_PREFIX_PATH=${CMAKE_PREFIX_PATH}:/home/anthony/Desktop/Assignment8/install/turtlebot3_navigation /usr/bin/cmake --build /home/anthony/Desktop/Assignment8/build/turtlebot3_interfaces -- -j3 -l3
[0.538s] [  2%] Built target turtlebot3_interfaces__cpp
[0.617s] [ 12%] Built target turtlebot3_interfaces__rosidl_generator_c
[0.647s] [ 12%] Built target ament_cmake_python_symlink_turtlebot3_interfaces
[0.812s] [ 23%] Built target turtlebot3_interfaces__rosidl_typesupport_cpp
[0.875s] [ 33%] Built target turtlebot3_interfaces__rosidl_typesupport_fastrtps_cpp
[0.902s] [ 43%] Built target turtlebot3_interfaces__rosidl_typesupport_introspection_cpp
[1.100s] [ 53%] Built target turtlebot3_interfaces__rosidl_typesupport_fastrtps_c
[1.182s] [ 64%] Built target turtlebot3_interfaces__rosidl_typesupport_introspection_c
[1.368s] [ 74%] Built target turtlebot3_interfaces__rosidl_typesupport_c
[1.558s] [ 74%] Built target turtlebot3_interfaces
[1.766s] [ 76%] Built target turtlebot3_interfaces__py
[1.871s] [ 84%] Built target turtlebot3_interfaces__rosidl_generator_py
[2.035s] [ 89%] Built target turtlebot3_interfaces__rosidl_typesupport_introspection_c__pyext
[2.078s] [ 94%] Built target turtlebot3_interfaces__rosidl_typesupport_fastrtps_c__pyext
[2.217s] [100%] Built target turtlebot3_interfaces__rosidl_typesupport_c__pyext
[2.737s] running egg_info
[2.742s] writing turtlebot3_interfaces.egg-info/PKG-INFO
[2.745s] writing dependency_links to turtlebot3_interfaces.egg-info/dependency_links.txt
[2.745s] writing top-level names to turtlebot3_interfaces.egg-info/top_level.txt
[2.757s] reading manifest file 'turtlebot3_interfaces.egg-info/SOURCES.txt'
[2.762s] writing manifest file 'turtlebot3_interfaces.egg-info/SOURCES.txt'
[2.875s] [100%] Built target ament_cmake_python_build_turtlebot3_interfaces_egg
[2.942s] Invoked command in '/home/anthony/Desktop/Assignment8/build/turtlebot3_interfaces' returned '0': CMAKE_PREFIX_PATH=${CMAKE_PREFIX_PATH}:/home/anthony/Desktop/Assignment8/install/turtlebot3_navigation /usr/bin/cmake --build /home/anthony/Desktop/Assignment8/build/turtlebot3_interfaces -- -j3 -l3
[4.557s] Invoking command in '/home/anthony/Desktop/Assignment8/build/turtlebot3_interfaces': CMAKE_PREFIX_PATH=${CMAKE_PREFIX_PATH}:/home/anthony/Desktop/Assignment8/install/turtlebot3_navigation /usr/bin/cmake --install /home/anthony/Desktop/Assignment8/build/turtlebot3_interfaces
[4.599s] -- Install configuration: ""
[4.600s] -- Execute custom install script
[4.600s] -- Up-to-date symlink: /home/anthony/Desktop/Assignment8/install/turtlebot3_interfaces/share/ament_index/resource_index/rosidl_interfaces/turtlebot3_interfaces
[4.602s] -- Up-to-date symlink: /home/anthony/Desktop/Assignment8/install/turtlebot3_interfaces/include/turtlebot3_interfaces/turtlebot3_interfaces/action/detail/measure_lap_time__functions.h
[4.602s] -- Up-to-date symlink: /home/anthony/Desktop/Assignment8/install/turtlebot3_interfaces/include/turtlebot3_interfaces/turtlebot3_interfaces/action/detail/measure_lap_time__struct.h
[4.603s] -- Up-to-date symlink: /home/anthony/Desktop/Assignment8/install/turtlebot3_interfaces/include/turtlebot3_interfaces/turtlebot3_interfaces/action/detail/measure_lap_time__type_support.h
[4.604s] -- Up-to-date symlink: /home/anthony/Desktop/Assignment8/install/turtlebot3_interfaces/include/turtlebot3_interfaces/turtlebot3_interfaces/action/measure_lap_time.h
[4.604s] -- Up-to-date symlink: /home/anthony/Desktop/Assignment8/install/turtlebot3_interfaces/include/turtlebot3_interfaces/turtlebot3_interfaces/msg/rosidl_generator_c__visibility_control.h
[4.607s] -- Up-to-date symlink: /home/anthony/Desktop/Assignment8/install/turtlebot3_interfaces/include/turtlebot3_interfaces/turtlebot3_interfaces/srv/detail/find_closest_wall__functions.h
[4.608s] -- Up-to-date symlink: /home/anthony/Desktop/Assignment8/install/turtlebot3_interfaces/include/turtlebot3_interfaces/turtlebot3_interfaces/srv/detail/find_closest_wall__struct.h
[4.608s] -- Up-to-date symlink: /home/anthony/Desktop/Assignment8/install/turtlebot3_interfaces/include/turtlebot3_interfaces/turtlebot3_interfaces/srv/detail/find_closest_wall__type_support.h
[4.608s] -- Up-to-date symlink: /home/anthony/Desktop/Assignment8/install/turtlebot3_interfaces/include/turtlebot3_interfaces/turtlebot3_interfaces/srv/find_closest_wall.h
[4.609s] -- Up-to-date symlink: /home/anthony/Desktop/Assignment8/install/turtlebot3_interfaces/share/turtlebot3_interfaces/environment/library_path.sh
[4.610s] -- Up-to-date symlink: /home/anthony/Desktop/Assignment8/install/turtlebot3_interfaces/share/turtlebot3_interfaces/environment/library_path.dsv
[4.613s] -- Up-to-date symlink: /home/anthony/Desktop/Assignment8/install/turtlebot3_interfaces/include/turtlebot3_interfaces/turtlebot3_interfaces/action/detail/measure_lap_time__rosidl_typesupport_fastrtps_c.h
[4.614s] -- Up-to-date symlink: /home/anthony/Desktop/Assignment8/install/turtlebot3_interfaces/include/turtlebot3_interfaces/turtlebot3_interfaces/msg/rosidl_typesupport_fastrtps_c__visibility_control.h
[4.614s] -- Up-to-date symlink: /home/anthony/Desktop/Assignment8/install/turtlebot3_interfaces/include/turtlebot3_interfaces/turtlebot3_interfaces/srv/detail/find_closest_wall__rosidl_typesupport_fastrtps_c.h
[4.616s] -- Up-to-date symlink: /home/anthony/Desktop/Assignment8/install/turtlebot3_interfaces/include/turtlebot3_interfaces/turtlebot3_interfaces/action/detail/measure_lap_time__rosidl_typesupport_introspection_c.h
[4.617s] -- Up-to-date symlink: /home/anthony/Desktop/Assignment8/install/turtlebot3_interfaces/include/turtlebot3_interfaces/turtlebot3_interfaces/msg/rosidl_typesupport_introspection_c__visibility_control.h
[4.618s] -- Up-to-date symlink: /home/anthony/Desktop/Assignment8/install/turtlebot3_interfaces/include/turtlebot3_interfaces/turtlebot3_interfaces/srv/detail/find_closest_wall__rosidl_typesupport_introspection_c.h
[4.620s] -- Up-to-date symlink: /home/anthony/Desktop/Assignment8/install/turtlebot3_interfaces/include/turtlebot3_interfaces/turtlebot3_interfaces/action/detail/measure_lap_time__builder.hpp
[4.621s] -- Up-to-date symlink: /home/anthony/Desktop/Assignment8/install/turtlebot3_interfaces/include/turtlebot3_interfaces/turtlebot3_interfaces/action/detail/measure_lap_time__struct.hpp
[4.621s] -- Up-to-date symlink: /home/anthony/Desktop/Assignment8/install/turtlebot3_interfaces/include/turtlebot3_interfaces/turtlebot3_interfaces/action/detail/measure_lap_time__traits.hpp
[4.622s] -- Up-to-date symlink: /home/anthony/Desktop/Assignment8/install/turtlebot3_interfaces/include/turtlebot3_interfaces/turtlebot3_interfaces/action/measure_lap_time.hpp
[4.622s] -- Up-to-date symlink: /home/anthony/Desktop/Assignment8/install/turtlebot3_interfaces/include/turtlebot3_interfaces/turtlebot3_interfaces/srv/detail/find_closest_wall__builder.hpp
[4.623s] -- Up-to-date symlink: /home/anthony/Desktop/Assignment8/install/turtlebot3_interfaces/include/turtlebot3_interfaces/turtlebot3_interfaces/srv/detail/find_closest_wall__struct.hpp
[4.623s] -- Up-to-date symlink: /home/anthony/Desktop/Assignment8/install/turtlebot3_interfaces/include/turtlebot3_interfaces/turtlebot3_interfaces/srv/detail/find_closest_wall__traits.hpp
[4.624s] -- Up-to-date symlink: /home/anthony/Desktop/Assignment8/install/turtlebot3_interfaces/include/turtlebot3_interfaces/turtlebot3_interfaces/srv/find_closest_wall.hpp
[4.626s] -- Up-to-date symlink: /home/anthony/Desktop/Assignment8/install/turtlebot3_interfaces/include/turtlebot3_interfaces/turtlebot3_interfaces/action/detail/measure_lap_time__rosidl_typesupport_fastrtps_cpp.hpp
[4.626s] -- Up-to-date symlink: /home/anthony/Desktop/Assignment8/install/turtlebot3_interfaces/include/turtlebot3_interfaces/turtlebot3_interfaces/msg/rosidl_typesupport_fastrtps_cpp__visibility_control.h
[4.626s] -- Up-to-date symlink: /home/anthony/Desktop/Assignment8/install/turtlebot3_interfaces/include/turtlebot3_interfaces/turtlebot3_interfaces/srv/detail/find_closest_wall__rosidl_typesupport_fastrtps_cpp.hpp
[4.627s] -- Up-to-date symlink: /home/anthony/Desktop/Assignment8/install/turtlebot3_interfaces/include/turtlebot3_interfaces/turtlebot3_interfaces/action/detail/measure_lap_time__rosidl_typesupport_introspection_cpp.hpp
[4.628s] -- Up-to-date symlink: /home/anthony/Desktop/Assignment8/install/turtlebot3_interfaces/include/turtlebot3_interfaces/turtlebot3_interfaces/srv/detail/find_closest_wall__rosidl_typesupport_introspection_cpp.hpp
[4.628s] -- Up-to-date symlink: /home/anthony/Desktop/Assignment8/install/turtlebot3_interfaces/share/turtlebot3_interfaces/environment/pythonpath.sh
[4.629s] -- Up-to-date symlink: /home/anthony/Desktop/Assignment8/install/turtlebot3_interfaces/share/turtlebot3_interfaces/environment/pythonpath.dsv
[4.630s] -- Up-to-date symlink: /home/anthony/Desktop/Assignment8/install/turtlebot3_interfaces/local/lib/python3.10/dist-packages/turtlebot3_interfaces-0.0.0-py3.10.egg-info/PKG-INFO
[4.631s] -- Up-to-date symlink: /home/anthony/Desktop/Assignment8/install/turtlebot3_interfaces/local/lib/python3.10/dist-packages/turtlebot3_interfaces-0.0.0-py3.10.egg-info/SOURCES.txt
[4.631s] -- Up-to-date symlink: /home/anthony/Desktop/Assignment8/install/turtlebot3_interfaces/local/lib/python3.10/dist-packages/turtlebot3_interfaces-0.0.0-py3.10.egg-info/dependency_links.txt
[4.632s] -- Up-to-date symlink: /home/anthony/Desktop/Assignment8/install/turtlebot3_interfaces/local/lib/python3.10/dist-packages/turtlebot3_interfaces-0.0.0-py3.10.egg-info/top_level.txt
[4.634s] -- Up-to-date symlink: /home/anthony/Desktop/Assignment8/install/turtlebot3_interfaces/local/lib/python3.10/dist-packages/turtlebot3_interfaces/__init__.py
[4.634s] -- Up-to-date symlink: /home/anthony/Desktop/Assignment8/install/turtlebot3_interfaces/local/lib/python3.10/dist-packages/turtlebot3_interfaces/_turtlebot3_interfaces_s.ep.rosidl_typesupport_c.c
[4.635s] -- Up-to-date symlink: /home/anthony/Desktop/Assignment8/install/turtlebot3_interfaces/local/lib/python3.10/dist-packages/turtlebot3_interfaces/_turtlebot3_interfaces_s.ep.rosidl_typesupport_fastrtps_c.c
[4.635s] -- Up-to-date symlink: /home/anthony/Desktop/Assignment8/install/turtlebot3_interfaces/local/lib/python3.10/dist-packages/turtlebot3_interfaces/_turtlebot3_interfaces_s.ep.rosidl_typesupport_introspection_c.c
[4.636s] -- Up-to-date symlink: /home/anthony/Desktop/Assignment8/install/turtlebot3_interfaces/local/lib/python3.10/dist-packages/turtlebot3_interfaces/action/__init__.py
[4.636s] -- Up-to-date symlink: /home/anthony/Desktop/Assignment8/install/turtlebot3_interfaces/local/lib/python3.10/dist-packages/turtlebot3_interfaces/action/_measure_lap_time.py
[4.637s] -- Up-to-date symlink: /home/anthony/Desktop/Assignment8/install/turtlebot3_interfaces/local/lib/python3.10/dist-packages/turtlebot3_interfaces/action/_measure_lap_time_s.c
[4.637s] -- Up-to-date symlink: /home/anthony/Desktop/Assignment8/install/turtlebot3_interfaces/local/lib/python3.10/dist-packages/turtlebot3_interfaces/libturtlebot3_interfaces__rosidl_generator_py.so
[4.650s] -- Up-to-date symlink: /home/anthony/Desktop/Assignment8/install/turtlebot3_interfaces/local/lib/python3.10/dist-packages/turtlebot3_interfaces/srv/__init__.py
[4.657s] -- Up-to-date symlink: /home/anthony/Desktop/Assignment8/install/turtlebot3_interfaces/local/lib/python3.10/dist-packages/turtlebot3_interfaces/srv/_find_closest_wall.py
[4.657s] -- Up-to-date symlink: /home/anthony/Desktop/Assignment8/install/turtlebot3_interfaces/local/lib/python3.10/dist-packages/turtlebot3_interfaces/srv/_find_closest_wall_s.c
[4.657s] -- Up-to-date symlink: /home/anthony/Desktop/Assignment8/install/turtlebot3_interfaces/local/lib/python3.10/dist-packages/turtlebot3_interfaces/turtlebot3_interfaces_s__rosidl_typesupport_c.cpython-310-x86_64-linux-gnu.so
[4.658s] -- Up-to-date symlink: /home/anthony/Desktop/Assignment8/install/turtlebot3_interfaces/local/lib/python3.10/dist-packages/turtlebot3_interfaces/turtlebot3_interfaces_s__rosidl_typesupport_fastrtps_c.cpython-310-x86_64-linux-gnu.so
[4.658s] -- Up-to-date symlink: /home/anthony/Desktop/Assignment8/install/turtlebot3_interfaces/local/lib/python3.10/dist-packages/turtlebot3_interfaces/turtlebot3_interfaces_s__rosidl_typesupport_introspection_c.cpython-310-x86_64-linux-gnu.so
[4.659s] -- Up-to-date symlink: /home/anthony/Desktop/Assignment8/install/turtlebot3_interfaces/local/lib/python3.10/dist-packages/turtlebot3_interfaces/turtlebot3_interfaces_s__rosidl_typesupport_fastrtps_c.cpython-310-x86_64-linux-gnu.so
[4.659s] -- Up-to-date symlink: /home/anthony/Desktop/Assignment8/install/turtlebot3_interfaces/local/lib/python3.10/dist-packages/turtlebot3_interfaces/turtlebot3_interfaces_s__rosidl_typesupport_introspection_c.cpython-310-x86_64-linux-gnu.so
[4.659s] -- Up-to-date symlink: /home/anthony/Desktop/Assignment8/install/turtlebot3_interfaces/local/lib/python3.10/dist-packages/turtlebot3_interfaces/turtlebot3_interfaces_s__rosidl_typesupport_c.cpython-310-x86_64-linux-gnu.so
[4.660s] -- Up-to-date symlink: /home/anthony/Desktop/Assignment8/install/turtlebot3_interfaces/share/turtlebot3_interfaces/action/MeasureLapTime.idl
[4.660s] -- Up-to-date symlink: /home/anthony/Desktop/Assignment8/install/turtlebot3_interfaces/share/turtlebot3_interfaces/srv/FindClosestWall.idl
[4.660s] -- Up-to-date symlink: /home/anthony/Desktop/Assignment8/install/turtlebot3_interfaces/share/turtlebot3_interfaces/action/MeasureLapTime.action
[4.661s] -- Up-to-date symlink: /home/anthony/Desktop/Assignment8/install/turtlebot3_interfaces/share/turtlebot3_interfaces/srv/FindClosestWall.srv
[4.661s] -- Up-to-date symlink: /home/anthony/Desktop/Assignment8/install/turtlebot3_interfaces/share/turtlebot3_interfaces/srv/FindClosestWall_Request.msg
[4.665s] -- Up-to-date symlink: /home/anthony/Desktop/Assignment8/install/turtlebot3_interfaces/share/turtlebot3_interfaces/srv/FindClosestWall_Response.msg
[4.666s] -- Up-to-date symlink: /home/anthony/Desktop/Assignment8/install/turtlebot3_interfaces/share/ament_index/resource_index/package_run_dependencies/turtlebot3_interfaces
[4.666s] -- Up-to-date symlink: /home/anthony/Desktop/Assignment8/install/turtlebot3_interfaces/share/ament_index/resource_index/parent_prefix_path/turtlebot3_interfaces
[4.666s] -- Up-to-date symlink: /home/anthony/Desktop/Assignment8/install/turtlebot3_interfaces/share/turtlebot3_interfaces/environment/ament_prefix_path.sh
[4.667s] -- Up-to-date symlink: /home/anthony/Desktop/Assignment8/install/turtlebot3_interfaces/share/turtlebot3_interfaces/environment/ament_prefix_path.dsv
[4.667s] -- Up-to-date symlink: /home/anthony/Desktop/Assignment8/install/turtlebot3_interfaces/share/turtlebot3_interfaces/environment/path.sh
[4.668s] -- Up-to-date symlink: /home/anthony/Desktop/Assignment8/install/turtlebot3_interfaces/share/turtlebot3_interfaces/environment/path.dsv
[4.668s] -- Up-to-date symlink: /home/anthony/Desktop/Assignment8/install/turtlebot3_interfaces/share/turtlebot3_interfaces/local_setup.bash
[4.668s] -- Up-to-date symlink: /home/anthony/Desktop/Assignment8/install/turtlebot3_interfaces/share/turtlebot3_interfaces/local_setup.sh
[4.669s] -- Up-to-date symlink: /home/anthony/Desktop/Assignment8/install/turtlebot3_interfaces/share/turtlebot3_interfaces/local_setup.zsh
[4.669s] -- Up-to-date symlink: /home/anthony/Desktop/Assignment8/install/turtlebot3_interfaces/share/turtlebot3_interfaces/local_setup.dsv
[4.669s] -- Symlinking: /home/anthony/Desktop/Assignment8/install/turtlebot3_interfaces/share/turtlebot3_interfaces/package.dsv
[4.694s] -- Up-to-date symlink: /home/anthony/Desktop/Assignment8/install/turtlebot3_interfaces/share/ament_index/resource_index/packages/turtlebot3_interfaces
[4.694s] -- Up-to-date symlink: /home/anthony/Desktop/Assignment8/install/turtlebot3_interfaces/share/turtlebot3_interfaces/cmake/rosidl_cmake-extras.cmake
[4.694s] -- Up-to-date symlink: /home/anthony/Desktop/Assignment8/install/turtlebot3_interfaces/share/turtlebot3_interfaces/cmake/ament_cmake_export_dependencies-extras.cmake
[4.696s] -- Up-to-date symlink: /home/anthony/Desktop/Assignment8/install/turtlebot3_interfaces/share/turtlebot3_interfaces/cmake/ament_cmake_export_include_directories-extras.cmake
[4.697s] -- Up-to-date symlink: /home/anthony/Desktop/Assignment8/install/turtlebot3_interfaces/share/turtlebot3_interfaces/cmake/ament_cmake_export_libraries-extras.cmake
[4.698s] -- Up-to-date symlink: /home/anthony/Desktop/Assignment8/install/turtlebot3_interfaces/share/turtlebot3_interfaces/cmake/ament_cmake_export_targets-extras.cmake
[4.699s] -- Up-to-date symlink: /home/anthony/Desktop/Assignment8/install/turtlebot3_interfaces/share/turtlebot3_interfaces/cmake/rosidl_cmake_export_typesupport_targets-extras.cmake
[4.700s] -- Up-to-date symlink: /home/anthony/Desktop/Assignment8/install/turtlebot3_interfaces/share/turtlebot3_interfaces/cmake/rosidl_cmake_export_typesupport_libraries-extras.cmake
[4.701s] -- Up-to-date symlink: /home/anthony/Desktop/Assignment8/install/turtlebot3_interfaces/share/turtlebot3_interfaces/cmake/turtlebot3_interfacesConfig.cmake
[4.702s] -- Up-to-date symlink: /home/anthony/Desktop/Assignment8/install/turtlebot3_interfaces/share/turtlebot3_interfaces/cmake/turtlebot3_interfacesConfig-version.cmake
[4.703s] -- Up-to-date symlink: /home/anthony/Desktop/Assignment8/install/turtlebot3_interfaces/share/turtlebot3_interfaces/package.xml
[4.704s] -- Up-to-date: /home/anthony/Desktop/Assignment8/install/turtlebot3_interfaces/lib/libturtlebot3_interfaces__rosidl_generator_c.so
[4.706s] -- Up-to-date: /home/anthony/Desktop/Assignment8/install/turtlebot3_interfaces/lib/libturtlebot3_interfaces__rosidl_typesupport_fastrtps_c.so
[4.707s] -- Up-to-date: /home/anthony/Desktop/Assignment8/install/turtlebot3_interfaces/lib/libturtlebot3_interfaces__rosidl_typesupport_introspection_c.so
[4.708s] -- Up-to-date: /home/anthony/Desktop/Assignment8/install/turtlebot3_interfaces/lib/libturtlebot3_interfaces__rosidl_typesupport_c.so
[4.709s] -- Up-to-date: /home/anthony/Desktop/Assignment8/install/turtlebot3_interfaces/lib/libturtlebot3_interfaces__rosidl_typesupport_fastrtps_cpp.so
[4.711s] -- Up-to-date: /home/anthony/Desktop/Assignment8/install/turtlebot3_interfaces/lib/libturtlebot3_interfaces__rosidl_typesupport_introspection_cpp.so
[4.713s] -- Up-to-date: /home/anthony/Desktop/Assignment8/install/turtlebot3_interfaces/lib/libturtlebot3_interfaces__rosidl_typesupport_cpp.so
[4.872s] Listing '/home/anthony/Desktop/Assignment8/install/turtlebot3_interfaces/local/lib/python3.10/dist-packages/turtlebot3_interfaces'...
[4.873s] Listing '/home/anthony/Desktop/Assignment8/install/turtlebot3_interfaces/local/lib/python3.10/dist-packages/turtlebot3_interfaces/action'...
[4.874s] Listing '/home/anthony/Desktop/Assignment8/install/turtlebot3_interfaces/local/lib/python3.10/dist-packages/turtlebot3_interfaces/srv'...
[4.892s] -- Up-to-date: /home/anthony/Desktop/Assignment8/install/turtlebot3_interfaces/lib/libturtlebot3_interfaces__rosidl_generator_py.so
[4.893s] -- Up-to-date: /home/anthony/Desktop/Assignment8/install/turtlebot3_interfaces/share/turtlebot3_interfaces/cmake/export_turtlebot3_interfaces__rosidl_generator_cExport.cmake
[4.894s] -- Up-to-date: /home/anthony/Desktop/Assignment8/install/turtlebot3_interfaces/share/turtlebot3_interfaces/cmake/export_turtlebot3_interfaces__rosidl_generator_cExport-noconfig.cmake
[4.896s] -- Up-to-date: /home/anthony/Desktop/Assignment8/install/turtlebot3_interfaces/share/turtlebot3_interfaces/cmake/export_turtlebot3_interfaces__rosidl_typesupport_fastrtps_cExport.cmake
[4.896s] -- Up-to-date: /home/anthony/Desktop/Assignment8/install/turtlebot3_interfaces/share/turtlebot3_interfaces/cmake/export_turtlebot3_interfaces__rosidl_typesupport_fastrtps_cExport-noconfig.cmake
[4.897s] -- Up-to-date: /home/anthony/Desktop/Assignment8/install/turtlebot3_interfaces/share/turtlebot3_interfaces/cmake/turtlebot3_interfaces__rosidl_typesupport_introspection_cExport.cmake
[4.898s] -- Up-to-date: /home/anthony/Desktop/Assignment8/install/turtlebot3_interfaces/share/turtlebot3_interfaces/cmake/turtlebot3_interfaces__rosidl_typesupport_introspection_cExport-noconfig.cmake
[4.898s] -- Up-to-date: /home/anthony/Desktop/Assignment8/install/turtlebot3_interfaces/share/turtlebot3_interfaces/cmake/turtlebot3_interfaces__rosidl_typesupport_cExport.cmake
[4.899s] -- Up-to-date: /home/anthony/Desktop/Assignment8/install/turtlebot3_interfaces/share/turtlebot3_interfaces/cmake/turtlebot3_interfaces__rosidl_typesupport_cExport-noconfig.cmake
[4.899s] -- Up-to-date: /home/anthony/Desktop/Assignment8/install/turtlebot3_interfaces/share/turtlebot3_interfaces/cmake/export_turtlebot3_interfaces__rosidl_generator_cppExport.cmake
[4.900s] -- Up-to-date: /home/anthony/Desktop/Assignment8/install/turtlebot3_interfaces/share/turtlebot3_interfaces/cmake/export_turtlebot3_interfaces__rosidl_typesupport_fastrtps_cppExport.cmake
[4.900s] -- Up-to-date: /home/anthony/Desktop/Assignment8/install/turtlebot3_interfaces/share/turtlebot3_interfaces/cmake/export_turtlebot3_interfaces__rosidl_typesupport_fastrtps_cppExport-noconfig.cmake
[4.901s] -- Up-to-date: /home/anthony/Desktop/Assignment8/install/turtlebot3_interfaces/share/turtlebot3_interfaces/cmake/turtlebot3_interfaces__rosidl_typesupport_introspection_cppExport.cmake
[4.901s] -- Up-to-date: /home/anthony/Desktop/Assignment8/install/turtlebot3_interfaces/share/turtlebot3_interfaces/cmake/turtlebot3_interfaces__rosidl_typesupport_introspection_cppExport-noconfig.cmake
[4.902s] -- Up-to-date: /home/anthony/Desktop/Assignment8/install/turtlebot3_interfaces/share/turtlebot3_interfaces/cmake/turtlebot3_interfaces__rosidl_typesupport_cppExport.cmake
[4.902s] -- Up-to-date: /home/anthony/Desktop/Assignment8/install/turtlebot3_interfaces/share/turtlebot3_interfaces/cmake/turtlebot3_interfaces__rosidl_typesupport_cppExport-noconfig.cmake
[4.902s] -- Up-to-date: /home/anthony/Desktop/Assignment8/install/turtlebot3_interfaces/share/turtlebot3_interfaces/cmake/export_turtlebot3_interfaces__rosidl_generator_pyExport.cmake
[4.903s] -- Up-to-date: /home/anthony/Desktop/Assignment8/install/turtlebot3_interfaces/share/turtlebot3_interfaces/cmake/export_turtlebot3_interfaces__rosidl_generator_pyExport-noconfig.cmake
[4.915s] Invoked command in '/home/anthony/Desktop/Assignment8/build/turtlebot3_interfaces' returned '0': CMAKE_PREFIX_PATH=${CMAKE_PREFIX_PATH}:/home/anthony/Desktop/Assignment8/install/turtlebot3_navigation /usr/bin/cmake --install /home/anthony/Desktop/Assignment8/build/turtlebot3_interfaces
