[0.025s] Invoking command in '/home/anthony/Desktop/Assignment8/build/turtlebot3_simulations': CMAKE_PREFIX_PATH=/home/anthony/Desktop/Assignment8/install/turtlebot3_gazebo:/home/anthony/Desktop/Assignment8/install/turtlebot3_fake_node:/home/anthony/Desktop/Assignment8/install/turtlebot3_simulations:/home/anthony/Desktop/Assignment8/install/turtlebot3_interfaces:/opt/ros/humble:/home/anthony/Desktop/Assignment8/install/turtlebot3_navigation /usr/bin/cmake --build /home/anthony/Desktop/Assignment8/build/turtlebot3_simulations -- -j3 -l3
[0.108s] Invoked command in '/home/anthony/Desktop/Assignment8/build/turtlebot3_simulations' returned '0': CMAKE_PREFIX_PATH=/home/anthony/Desktop/Assignment8/install/turtlebot3_gazebo:/home/anthony/Desktop/Assignment8/install/turtlebot3_fake_node:/home/anthony/Desktop/Assignment8/install/turtlebot3_simulations:/home/anthony/Desktop/Assignment8/install/turtlebot3_interfaces:/opt/ros/humble:/home/anthony/Desktop/Assignment8/install/turtlebot3_navigation /usr/bin/cmake --build /home/anthony/Desktop/Assignment8/build/turtlebot3_simulations -- -j3 -l3
[0.165s] Invoking command in '/home/anthony/Desktop/Assignment8/build/turtlebot3_simulations': CMAKE_PREFIX_PATH=/home/anthony/Desktop/Assignment8/install/turtlebot3_gazebo:/home/anthony/Desktop/Assignment8/install/turtlebot3_fake_node:/home/anthony/Desktop/Assignment8/install/turtlebot3_simulations:/home/anthony/Desktop/Assignment8/install/turtlebot3_interfaces:/opt/ros/humble:/home/anthony/Desktop/Assignment8/install/turtlebot3_navigation /usr/bin/cmake --install /home/anthony/Desktop/Assignment8/build/turtlebot3_simulations
[0.175s] -- Install configuration: ""
[0.177s] -- Execute custom install script
[0.177s] -- Up-to-date symlink: /home/anthony/Desktop/Assignment8/install/turtlebot3_simulations/share/ament_index/resource_index/package_run_dependencies/turtlebot3_simulations
[0.178s] -- Up-to-date symlink: /home/anthony/Desktop/Assignment8/install/turtlebot3_simulations/share/ament_index/resource_index/parent_prefix_path/turtlebot3_simulations
[0.179s] -- Up-to-date symlink: /home/anthony/Desktop/Assignment8/install/turtlebot3_simulations/share/turtlebot3_simulations/environment/ament_prefix_path.sh
[0.179s] -- Up-to-date symlink: /home/anthony/Desktop/Assignment8/install/turtlebot3_simulations/share/turtlebot3_simulations/environment/ament_prefix_path.dsv
[0.181s] -- Up-to-date symlink: /home/anthony/Desktop/Assignment8/install/turtlebot3_simulations/share/turtlebot3_simulations/environment/path.sh
[0.181s] -- Up-to-date symlink: /home/anthony/Desktop/Assignment8/install/turtlebot3_simulations/share/turtlebot3_simulations/environment/path.dsv
[0.182s] -- Up-to-date symlink: /home/anthony/Desktop/Assignment8/install/turtlebot3_simulations/share/turtlebot3_simulations/local_setup.bash
[0.183s] -- Up-to-date symlink: /home/anthony/Desktop/Assignment8/install/turtlebot3_simulations/share/turtlebot3_simulations/local_setup.sh
[0.183s] -- Up-to-date symlink: /home/anthony/Desktop/Assignment8/install/turtlebot3_simulations/share/turtlebot3_simulations/local_setup.zsh
[0.183s] -- Up-to-date symlink: /home/anthony/Desktop/Assignment8/install/turtlebot3_simulations/share/turtlebot3_simulations/local_setup.dsv
[0.184s] -- Symlinking: /home/anthony/Desktop/Assignment8/install/turtlebot3_simulations/share/turtlebot3_simulations/package.dsv
[0.197s] -- Up-to-date symlink: /home/anthony/Desktop/Assignment8/install/turtlebot3_simulations/share/ament_index/resource_index/packages/turtlebot3_simulations
[0.199s] -- Up-to-date symlink: /home/anthony/Desktop/Assignment8/install/turtlebot3_simulations/share/turtlebot3_simulations/cmake/turtlebot3_simulationsConfig.cmake
[0.200s] -- Up-to-date symlink: /home/anthony/Desktop/Assignment8/install/turtlebot3_simulations/share/turtlebot3_simulations/cmake/turtlebot3_simulationsConfig-version.cmake
[0.200s] -- Up-to-date symlink: /home/anthony/Desktop/Assignment8/install/turtlebot3_simulations/share/turtlebot3_simulations/package.xml
[0.203s] Invoked command in '/home/anthony/Desktop/Assignment8/build/turtlebot3_simulations' returned '0': CMAKE_PREFIX_PATH=/home/anthony/Desktop/Assignment8/install/turtlebot3_gazebo:/home/anthony/Desktop/Assignment8/install/turtlebot3_fake_node:/home/anthony/Desktop/Assignment8/install/turtlebot3_simulations:/home/anthony/Desktop/Assignment8/install/turtlebot3_interfaces:/opt/ros/humble:/home/anthony/Desktop/Assignment8/install/turtlebot3_navigation /usr/bin/cmake --install /home/anthony/Desktop/Assignment8/build/turtlebot3_simulations
