[0.406s] DEBUG:colcon:Command line arguments: ['/usr/bin/colcon', 'build', '--symlink-install']
[0.406s] DEBUG:colcon:Parsed command line arguments: Namespace(log_base=None, log_level=None, verb_name='build', build_base='build', install_base='install', merge_install=False, symlink_install=True, test_result_base=None, continue_on_error=False, executor='parallel', parallel_workers=3, event_handlers=None, ignore_user_meta=False, metas=['./colcon.meta'], base_paths=['.'], packages_ignore=None, packages_ignore_regex=None, paths=None, packages_up_to=None, packages_up_to_regex=None, packages_above=None, packages_above_and_dependencies=None, packages_above_depth=None, packages_select_by_dep=None, packages_skip_by_dep=None, packages_skip_up_to=None, packages_select_build_failed=False, packages_skip_build_finished=False, packages_select_test_failures=False, packages_skip_test_passed=False, packages_select=None, packages_skip=None, packages_select_regex=None, packages_skip_regex=None, packages_start=None, packages_end=None, allow_overriding=[], cmake_args=None, cmake_target=None, cmake_target_skip_unavailable=False, cmake_clean_cache=False, cmake_clean_first=False, cmake_force_configure=False, ament_cmake_args=None, catkin_cmake_args=None, catkin_skip_building_tests=False, verb_parser=<colcon_defaults.argument_parser.defaults.DefaultArgumentsDecorator object at 0x714ba38fc2e0>, verb_extension=<colcon_core.verb.build.BuildVerb object at 0x714ba38bfd90>, main=<bound method BuildVerb.main of <colcon_core.verb.build.BuildVerb object at 0x714ba38bfd90>>)
[0.635s] Level 1:colcon.colcon_core.package_discovery:discover_packages(colcon_meta) check parameters
[0.635s] Level 1:colcon.colcon_core.package_discovery:discover_packages(recursive) check parameters
[0.635s] Level 1:colcon.colcon_core.package_discovery:discover_packages(ignore) check parameters
[0.636s] Level 1:colcon.colcon_core.package_discovery:discover_packages(path) check parameters
[0.636s] Level 1:colcon.colcon_core.package_discovery:discover_packages(colcon_meta) discover
[0.636s] Level 1:colcon.colcon_core.package_discovery:discover_packages(recursive) discover
[0.636s] INFO:colcon.colcon_core.package_discovery:Crawling recursively for packages in '/home/anthony/Desktop/Assignment8'
[0.637s] Level 1:colcon.colcon_core.package_identification:_identify(.) by extensions ['ignore', 'ignore_ament_install']
[0.637s] Level 1:colcon.colcon_core.package_identification:_identify(.) by extension 'ignore'
[0.637s] Level 1:colcon.colcon_core.package_identification:_identify(.) by extension 'ignore_ament_install'
[0.638s] Level 1:colcon.colcon_core.package_identification:_identify(.) by extensions ['colcon_pkg']
[0.638s] Level 1:colcon.colcon_core.package_identification:_identify(.) by extension 'colcon_pkg'
[0.638s] Level 1:colcon.colcon_core.package_identification:_identify(.) by extensions ['colcon_meta']
[0.638s] Level 1:colcon.colcon_core.package_identification:_identify(.) by extension 'colcon_meta'
[0.638s] Level 1:colcon.colcon_core.package_identification:_identify(.) by extensions ['ros']
[0.638s] Level 1:colcon.colcon_core.package_identification:_identify(.) by extension 'ros'
[0.665s] Level 1:colcon.colcon_core.package_identification:_identify(.) by extensions ['cmake', 'python']
[0.665s] Level 1:colcon.colcon_core.package_identification:_identify(.) by extension 'cmake'
[0.666s] Level 1:colcon.colcon_core.package_identification:_identify(.) by extension 'python'
[0.666s] Level 1:colcon.colcon_core.package_identification:_identify(.) by extensions ['python_setup_py']
[0.666s] Level 1:colcon.colcon_core.package_identification:_identify(.) by extension 'python_setup_py'
[0.666s] Level 1:colcon.colcon_core.package_identification:_identify(build) by extensions ['ignore', 'ignore_ament_install']
[0.666s] Level 1:colcon.colcon_core.package_identification:_identify(build) by extension 'ignore'
[0.666s] Level 1:colcon.colcon_core.package_identification:_identify(build) ignored
[0.666s] Level 1:colcon.colcon_core.package_identification:_identify(install) by extensions ['ignore', 'ignore_ament_install']
[0.666s] Level 1:colcon.colcon_core.package_identification:_identify(install) by extension 'ignore'
[0.666s] Level 1:colcon.colcon_core.package_identification:_identify(install) ignored
[0.667s] Level 1:colcon.colcon_core.package_identification:_identify(log) by extensions ['ignore', 'ignore_ament_install']
[0.667s] Level 1:colcon.colcon_core.package_identification:_identify(log) by extension 'ignore'
[0.667s] Level 1:colcon.colcon_core.package_identification:_identify(log) ignored
[0.667s] Level 1:colcon.colcon_core.package_identification:_identify(src) by extensions ['ignore', 'ignore_ament_install']
[0.667s] Level 1:colcon.colcon_core.package_identification:_identify(src) by extension 'ignore'
[0.667s] Level 1:colcon.colcon_core.package_identification:_identify(src) by extension 'ignore_ament_install'
[0.667s] Level 1:colcon.colcon_core.package_identification:_identify(src) by extensions ['colcon_pkg']
[0.667s] Level 1:colcon.colcon_core.package_identification:_identify(src) by extension 'colcon_pkg'
[0.667s] Level 1:colcon.colcon_core.package_identification:_identify(src) by extensions ['colcon_meta']
[0.667s] Level 1:colcon.colcon_core.package_identification:_identify(src) by extension 'colcon_meta'
[0.668s] Level 1:colcon.colcon_core.package_identification:_identify(src) by extensions ['ros']
[0.668s] Level 1:colcon.colcon_core.package_identification:_identify(src) by extension 'ros'
[0.668s] Level 1:colcon.colcon_core.package_identification:_identify(src) by extensions ['cmake', 'python']
[0.668s] Level 1:colcon.colcon_core.package_identification:_identify(src) by extension 'cmake'
[0.668s] Level 1:colcon.colcon_core.package_identification:_identify(src) by extension 'python'
[0.668s] Level 1:colcon.colcon_core.package_identification:_identify(src) by extensions ['python_setup_py']
[0.668s] Level 1:colcon.colcon_core.package_identification:_identify(src) by extension 'python_setup_py'
[0.668s] Level 1:colcon.colcon_core.package_identification:_identify(src/turtlebot3_interfaces) by extensions ['ignore', 'ignore_ament_install']
[0.668s] Level 1:colcon.colcon_core.package_identification:_identify(src/turtlebot3_interfaces) by extension 'ignore'
[0.668s] Level 1:colcon.colcon_core.package_identification:_identify(src/turtlebot3_interfaces) by extension 'ignore_ament_install'
[0.668s] Level 1:colcon.colcon_core.package_identification:_identify(src/turtlebot3_interfaces) by extensions ['colcon_pkg']
[0.668s] Level 1:colcon.colcon_core.package_identification:_identify(src/turtlebot3_interfaces) by extension 'colcon_pkg'
[0.668s] Level 1:colcon.colcon_core.package_identification:_identify(src/turtlebot3_interfaces) by extensions ['colcon_meta']
[0.668s] Level 1:colcon.colcon_core.package_identification:_identify(src/turtlebot3_interfaces) by extension 'colcon_meta'
[0.668s] Level 1:colcon.colcon_core.package_identification:_identify(src/turtlebot3_interfaces) by extensions ['ros']
[0.668s] Level 1:colcon.colcon_core.package_identification:_identify(src/turtlebot3_interfaces) by extension 'ros'
[0.671s] DEBUG:colcon.colcon_core.package_identification:Package 'src/turtlebot3_interfaces' with type 'ros.ament_cmake' and name 'turtlebot3_interfaces'
[0.671s] Level 1:colcon.colcon_core.package_identification:_identify(src/turtlebot3_navigation) by extensions ['ignore', 'ignore_ament_install']
[0.672s] Level 1:colcon.colcon_core.package_identification:_identify(src/turtlebot3_navigation) by extension 'ignore'
[0.672s] Level 1:colcon.colcon_core.package_identification:_identify(src/turtlebot3_navigation) by extension 'ignore_ament_install'
[0.672s] Level 1:colcon.colcon_core.package_identification:_identify(src/turtlebot3_navigation) by extensions ['colcon_pkg']
[0.672s] Level 1:colcon.colcon_core.package_identification:_identify(src/turtlebot3_navigation) by extension 'colcon_pkg'
[0.672s] Level 1:colcon.colcon_core.package_identification:_identify(src/turtlebot3_navigation) by extensions ['colcon_meta']
[0.672s] Level 1:colcon.colcon_core.package_identification:_identify(src/turtlebot3_navigation) by extension 'colcon_meta'
[0.672s] Level 1:colcon.colcon_core.package_identification:_identify(src/turtlebot3_navigation) by extensions ['ros']
[0.672s] Level 1:colcon.colcon_core.package_identification:_identify(src/turtlebot3_navigation) by extension 'ros'
[0.673s] DEBUG:colcon.colcon_core.package_identification:Package 'src/turtlebot3_navigation' with type 'ros.ament_python' and name 'turtlebot3_navigation'
[0.673s] Level 1:colcon.colcon_core.package_identification:_identify(src/turtlebot3_simulations) by extensions ['ignore', 'ignore_ament_install']
[0.673s] Level 1:colcon.colcon_core.package_identification:_identify(src/turtlebot3_simulations) by extension 'ignore'
[0.673s] Level 1:colcon.colcon_core.package_identification:_identify(src/turtlebot3_simulations) by extension 'ignore_ament_install'
[0.673s] Level 1:colcon.colcon_core.package_identification:_identify(src/turtlebot3_simulations) by extensions ['colcon_pkg']
[0.674s] Level 1:colcon.colcon_core.package_identification:_identify(src/turtlebot3_simulations) by extension 'colcon_pkg'
[0.674s] Level 1:colcon.colcon_core.package_identification:_identify(src/turtlebot3_simulations) by extensions ['colcon_meta']
[0.674s] Level 1:colcon.colcon_core.package_identification:_identify(src/turtlebot3_simulations) by extension 'colcon_meta'
[0.674s] Level 1:colcon.colcon_core.package_identification:_identify(src/turtlebot3_simulations) by extensions ['ros']
[0.674s] Level 1:colcon.colcon_core.package_identification:_identify(src/turtlebot3_simulations) by extension 'ros'
[0.674s] Level 1:colcon.colcon_core.package_identification:_identify(src/turtlebot3_simulations) by extensions ['cmake', 'python']
[0.674s] Level 1:colcon.colcon_core.package_identification:_identify(src/turtlebot3_simulations) by extension 'cmake'
[0.674s] Level 1:colcon.colcon_core.package_identification:_identify(src/turtlebot3_simulations) by extension 'python'
[0.674s] Level 1:colcon.colcon_core.package_identification:_identify(src/turtlebot3_simulations) by extensions ['python_setup_py']
[0.674s] Level 1:colcon.colcon_core.package_identification:_identify(src/turtlebot3_simulations) by extension 'python_setup_py'
[0.674s] Level 1:colcon.colcon_core.package_identification:_identify(src/turtlebot3_simulations/turtlebot3_fake_node) by extensions ['ignore', 'ignore_ament_install']
[0.674s] Level 1:colcon.colcon_core.package_identification:_identify(src/turtlebot3_simulations/turtlebot3_fake_node) by extension 'ignore'
[0.674s] Level 1:colcon.colcon_core.package_identification:_identify(src/turtlebot3_simulations/turtlebot3_fake_node) by extension 'ignore_ament_install'
[0.674s] Level 1:colcon.colcon_core.package_identification:_identify(src/turtlebot3_simulations/turtlebot3_fake_node) by extensions ['colcon_pkg']
[0.674s] Level 1:colcon.colcon_core.package_identification:_identify(src/turtlebot3_simulations/turtlebot3_fake_node) by extension 'colcon_pkg'
[0.674s] Level 1:colcon.colcon_core.package_identification:_identify(src/turtlebot3_simulations/turtlebot3_fake_node) by extensions ['colcon_meta']
[0.674s] Level 1:colcon.colcon_core.package_identification:_identify(src/turtlebot3_simulations/turtlebot3_fake_node) by extension 'colcon_meta'
[0.674s] Level 1:colcon.colcon_core.package_identification:_identify(src/turtlebot3_simulations/turtlebot3_fake_node) by extensions ['ros']
[0.674s] Level 1:colcon.colcon_core.package_identification:_identify(src/turtlebot3_simulations/turtlebot3_fake_node) by extension 'ros'
[0.675s] DEBUG:colcon.colcon_core.package_identification:Package 'src/turtlebot3_simulations/turtlebot3_fake_node' with type 'ros.ament_cmake' and name 'turtlebot3_fake_node'
[0.676s] Level 1:colcon.colcon_core.package_identification:_identify(src/turtlebot3_simulations/turtlebot3_gazebo) by extensions ['ignore', 'ignore_ament_install']
[0.676s] Level 1:colcon.colcon_core.package_identification:_identify(src/turtlebot3_simulations/turtlebot3_gazebo) by extension 'ignore'
[0.676s] Level 1:colcon.colcon_core.package_identification:_identify(src/turtlebot3_simulations/turtlebot3_gazebo) by extension 'ignore_ament_install'
[0.676s] Level 1:colcon.colcon_core.package_identification:_identify(src/turtlebot3_simulations/turtlebot3_gazebo) by extensions ['colcon_pkg']
[0.676s] Level 1:colcon.colcon_core.package_identification:_identify(src/turtlebot3_simulations/turtlebot3_gazebo) by extension 'colcon_pkg'
[0.676s] Level 1:colcon.colcon_core.package_identification:_identify(src/turtlebot3_simulations/turtlebot3_gazebo) by extensions ['colcon_meta']
[0.676s] Level 1:colcon.colcon_core.package_identification:_identify(src/turtlebot3_simulations/turtlebot3_gazebo) by extension 'colcon_meta'
[0.676s] Level 1:colcon.colcon_core.package_identification:_identify(src/turtlebot3_simulations/turtlebot3_gazebo) by extensions ['ros']
[0.676s] Level 1:colcon.colcon_core.package_identification:_identify(src/turtlebot3_simulations/turtlebot3_gazebo) by extension 'ros'
[0.677s] DEBUG:colcon.colcon_core.package_identification:Package 'src/turtlebot3_simulations/turtlebot3_gazebo' with type 'ros.ament_cmake' and name 'turtlebot3_gazebo'
[0.677s] Level 1:colcon.colcon_core.package_identification:_identify(src/turtlebot3_simulations/turtlebot3_simulations) by extensions ['ignore', 'ignore_ament_install']
[0.677s] Level 1:colcon.colcon_core.package_identification:_identify(src/turtlebot3_simulations/turtlebot3_simulations) by extension 'ignore'
[0.677s] Level 1:colcon.colcon_core.package_identification:_identify(src/turtlebot3_simulations/turtlebot3_simulations) by extension 'ignore_ament_install'
[0.677s] Level 1:colcon.colcon_core.package_identification:_identify(src/turtlebot3_simulations/turtlebot3_simulations) by extensions ['colcon_pkg']
[0.677s] Level 1:colcon.colcon_core.package_identification:_identify(src/turtlebot3_simulations/turtlebot3_simulations) by extension 'colcon_pkg'
[0.677s] Level 1:colcon.colcon_core.package_identification:_identify(src/turtlebot3_simulations/turtlebot3_simulations) by extensions ['colcon_meta']
[0.677s] Level 1:colcon.colcon_core.package_identification:_identify(src/turtlebot3_simulations/turtlebot3_simulations) by extension 'colcon_meta'
[0.677s] Level 1:colcon.colcon_core.package_identification:_identify(src/turtlebot3_simulations/turtlebot3_simulations) by extensions ['ros']
[0.677s] Level 1:colcon.colcon_core.package_identification:_identify(src/turtlebot3_simulations/turtlebot3_simulations) by extension 'ros'
[0.678s] DEBUG:colcon.colcon_core.package_identification:Package 'src/turtlebot3_simulations/turtlebot3_simulations' with type 'ros.ament_cmake' and name 'turtlebot3_simulations'
[0.678s] Level 1:colcon.colcon_core.package_discovery:discover_packages(recursive) using defaults
[0.678s] Level 1:colcon.colcon_core.package_discovery:discover_packages(ignore) discover
[0.678s] Level 1:colcon.colcon_core.package_discovery:discover_packages(ignore) using defaults
[0.678s] Level 1:colcon.colcon_core.package_discovery:discover_packages(path) discover
[0.678s] Level 1:colcon.colcon_core.package_discovery:discover_packages(path) using defaults
[0.718s] Level 1:colcon.colcon_core.package_discovery:discover_packages(prefix_path) check parameters
[0.719s] Level 1:colcon.colcon_core.package_discovery:discover_packages(prefix_path) discover
[0.723s] DEBUG:colcon.colcon_installed_package_information.package_discovery:Found 5 installed packages in /home/anthony/Desktop/Assignment8/install
[0.724s] DEBUG:colcon.colcon_installed_package_information.package_discovery:Found 349 installed packages in /opt/ros/humble
[0.735s] Level 1:colcon.colcon_core.package_discovery:discover_packages(prefix_path) using defaults
[0.824s] Level 5:colcon.colcon_core.verb:set package 'turtlebot3_fake_node' build argument 'cmake_args' from command line to 'None'
[0.825s] Level 5:colcon.colcon_core.verb:set package 'turtlebot3_fake_node' build argument 'cmake_target' from command line to 'None'
[0.825s] Level 5:colcon.colcon_core.verb:set package 'turtlebot3_fake_node' build argument 'cmake_target_skip_unavailable' from command line to 'False'
[0.825s] Level 5:colcon.colcon_core.verb:set package 'turtlebot3_fake_node' build argument 'cmake_clean_cache' from command line to 'False'
[0.825s] Level 5:colcon.colcon_core.verb:set package 'turtlebot3_fake_node' build argument 'cmake_clean_first' from command line to 'False'
[0.825s] Level 5:colcon.colcon_core.verb:set package 'turtlebot3_fake_node' build argument 'cmake_force_configure' from command line to 'False'
[0.825s] Level 5:colcon.colcon_core.verb:set package 'turtlebot3_fake_node' build argument 'ament_cmake_args' from command line to 'None'
[0.825s] Level 5:colcon.colcon_core.verb:set package 'turtlebot3_fake_node' build argument 'catkin_cmake_args' from command line to 'None'
[0.825s] Level 5:colcon.colcon_core.verb:set package 'turtlebot3_fake_node' build argument 'catkin_skip_building_tests' from command line to 'False'
[0.825s] DEBUG:colcon.colcon_core.verb:Building package 'turtlebot3_fake_node' with the following arguments: {'ament_cmake_args': None, 'build_base': '/home/anthony/Desktop/Assignment8/build/turtlebot3_fake_node', 'catkin_cmake_args': None, 'catkin_skip_building_tests': False, 'cmake_args': None, 'cmake_clean_cache': False, 'cmake_clean_first': False, 'cmake_force_configure': False, 'cmake_target': None, 'cmake_target_skip_unavailable': False, 'install_base': '/home/anthony/Desktop/Assignment8/install/turtlebot3_fake_node', 'merge_install': False, 'path': '/home/anthony/Desktop/Assignment8/src/turtlebot3_simulations/turtlebot3_fake_node', 'symlink_install': True, 'test_result_base': None}
[0.825s] Level 5:colcon.colcon_core.verb:set package 'turtlebot3_gazebo' build argument 'cmake_args' from command line to 'None'
[0.825s] Level 5:colcon.colcon_core.verb:set package 'turtlebot3_gazebo' build argument 'cmake_target' from command line to 'None'
[0.825s] Level 5:colcon.colcon_core.verb:set package 'turtlebot3_gazebo' build argument 'cmake_target_skip_unavailable' from command line to 'False'
[0.825s] Level 5:colcon.colcon_core.verb:set package 'turtlebot3_gazebo' build argument 'cmake_clean_cache' from command line to 'False'
[0.825s] Level 5:colcon.colcon_core.verb:set package 'turtlebot3_gazebo' build argument 'cmake_clean_first' from command line to 'False'
[0.825s] Level 5:colcon.colcon_core.verb:set package 'turtlebot3_gazebo' build argument 'cmake_force_configure' from command line to 'False'
[0.825s] Level 5:colcon.colcon_core.verb:set package 'turtlebot3_gazebo' build argument 'ament_cmake_args' from command line to 'None'
[0.825s] Level 5:colcon.colcon_core.verb:set package 'turtlebot3_gazebo' build argument 'catkin_cmake_args' from command line to 'None'
[0.825s] Level 5:colcon.colcon_core.verb:set package 'turtlebot3_gazebo' build argument 'catkin_skip_building_tests' from command line to 'False'
[0.826s] DEBUG:colcon.colcon_core.verb:Building package 'turtlebot3_gazebo' with the following arguments: {'ament_cmake_args': None, 'build_base': '/home/anthony/Desktop/Assignment8/build/turtlebot3_gazebo', 'catkin_cmake_args': None, 'catkin_skip_building_tests': False, 'cmake_args': None, 'cmake_clean_cache': False, 'cmake_clean_first': False, 'cmake_force_configure': False, 'cmake_target': None, 'cmake_target_skip_unavailable': False, 'install_base': '/home/anthony/Desktop/Assignment8/install/turtlebot3_gazebo', 'merge_install': False, 'path': '/home/anthony/Desktop/Assignment8/src/turtlebot3_simulations/turtlebot3_gazebo', 'symlink_install': True, 'test_result_base': None}
[0.826s] Level 5:colcon.colcon_core.verb:set package 'turtlebot3_interfaces' build argument 'cmake_args' from command line to 'None'
[0.826s] Level 5:colcon.colcon_core.verb:set package 'turtlebot3_interfaces' build argument 'cmake_target' from command line to 'None'
[0.826s] Level 5:colcon.colcon_core.verb:set package 'turtlebot3_interfaces' build argument 'cmake_target_skip_unavailable' from command line to 'False'
[0.826s] Level 5:colcon.colcon_core.verb:set package 'turtlebot3_interfaces' build argument 'cmake_clean_cache' from command line to 'False'
[0.826s] Level 5:colcon.colcon_core.verb:set package 'turtlebot3_interfaces' build argument 'cmake_clean_first' from command line to 'False'
[0.826s] Level 5:colcon.colcon_core.verb:set package 'turtlebot3_interfaces' build argument 'cmake_force_configure' from command line to 'False'
[0.826s] Level 5:colcon.colcon_core.verb:set package 'turtlebot3_interfaces' build argument 'ament_cmake_args' from command line to 'None'
[0.826s] Level 5:colcon.colcon_core.verb:set package 'turtlebot3_interfaces' build argument 'catkin_cmake_args' from command line to 'None'
[0.826s] Level 5:colcon.colcon_core.verb:set package 'turtlebot3_interfaces' build argument 'catkin_skip_building_tests' from command line to 'False'
[0.826s] DEBUG:colcon.colcon_core.verb:Building package 'turtlebot3_interfaces' with the following arguments: {'ament_cmake_args': None, 'build_base': '/home/anthony/Desktop/Assignment8/build/turtlebot3_interfaces', 'catkin_cmake_args': None, 'catkin_skip_building_tests': False, 'cmake_args': None, 'cmake_clean_cache': False, 'cmake_clean_first': False, 'cmake_force_configure': False, 'cmake_target': None, 'cmake_target_skip_unavailable': False, 'install_base': '/home/anthony/Desktop/Assignment8/install/turtlebot3_interfaces', 'merge_install': False, 'path': '/home/anthony/Desktop/Assignment8/src/turtlebot3_interfaces', 'symlink_install': True, 'test_result_base': None}
[0.826s] Level 5:colcon.colcon_core.verb:set package 'turtlebot3_simulations' build argument 'cmake_args' from command line to 'None'
[0.826s] Level 5:colcon.colcon_core.verb:set package 'turtlebot3_simulations' build argument 'cmake_target' from command line to 'None'
[0.826s] Level 5:colcon.colcon_core.verb:set package 'turtlebot3_simulations' build argument 'cmake_target_skip_unavailable' from command line to 'False'
[0.826s] Level 5:colcon.colcon_core.verb:set package 'turtlebot3_simulations' build argument 'cmake_clean_cache' from command line to 'False'
[0.826s] Level 5:colcon.colcon_core.verb:set package 'turtlebot3_simulations' build argument 'cmake_clean_first' from command line to 'False'
[0.826s] Level 5:colcon.colcon_core.verb:set package 'turtlebot3_simulations' build argument 'cmake_force_configure' from command line to 'False'
[0.826s] Level 5:colcon.colcon_core.verb:set package 'turtlebot3_simulations' build argument 'ament_cmake_args' from command line to 'None'
[0.827s] Level 5:colcon.colcon_core.verb:set package 'turtlebot3_simulations' build argument 'catkin_cmake_args' from command line to 'None'
[0.827s] Level 5:colcon.colcon_core.verb:set package 'turtlebot3_simulations' build argument 'catkin_skip_building_tests' from command line to 'False'
[0.827s] DEBUG:colcon.colcon_core.verb:Building package 'turtlebot3_simulations' with the following arguments: {'ament_cmake_args': None, 'build_base': '/home/anthony/Desktop/Assignment8/build/turtlebot3_simulations', 'catkin_cmake_args': None, 'catkin_skip_building_tests': False, 'cmake_args': None, 'cmake_clean_cache': False, 'cmake_clean_first': False, 'cmake_force_configure': False, 'cmake_target': None, 'cmake_target_skip_unavailable': False, 'install_base': '/home/anthony/Desktop/Assignment8/install/turtlebot3_simulations', 'merge_install': False, 'path': '/home/anthony/Desktop/Assignment8/src/turtlebot3_simulations/turtlebot3_simulations', 'symlink_install': True, 'test_result_base': None}
[0.827s] Level 5:colcon.colcon_core.verb:set package 'turtlebot3_navigation' build argument 'cmake_args' from command line to 'None'
[0.827s] Level 5:colcon.colcon_core.verb:set package 'turtlebot3_navigation' build argument 'cmake_target' from command line to 'None'
[0.827s] Level 5:colcon.colcon_core.verb:set package 'turtlebot3_navigation' build argument 'cmake_target_skip_unavailable' from command line to 'False'
[0.827s] Level 5:colcon.colcon_core.verb:set package 'turtlebot3_navigation' build argument 'cmake_clean_cache' from command line to 'False'
[0.827s] Level 5:colcon.colcon_core.verb:set package 'turtlebot3_navigation' build argument 'cmake_clean_first' from command line to 'False'
[0.827s] Level 5:colcon.colcon_core.verb:set package 'turtlebot3_navigation' build argument 'cmake_force_configure' from command line to 'False'
[0.827s] Level 5:colcon.colcon_core.verb:set package 'turtlebot3_navigation' build argument 'ament_cmake_args' from command line to 'None'
[0.827s] Level 5:colcon.colcon_core.verb:set package 'turtlebot3_navigation' build argument 'catkin_cmake_args' from command line to 'None'
[0.827s] Level 5:colcon.colcon_core.verb:set package 'turtlebot3_navigation' build argument 'catkin_skip_building_tests' from command line to 'False'
[0.827s] DEBUG:colcon.colcon_core.verb:Building package 'turtlebot3_navigation' with the following arguments: {'ament_cmake_args': None, 'build_base': '/home/anthony/Desktop/Assignment8/build/turtlebot3_navigation', 'catkin_cmake_args': None, 'catkin_skip_building_tests': False, 'cmake_args': None, 'cmake_clean_cache': False, 'cmake_clean_first': False, 'cmake_force_configure': False, 'cmake_target': None, 'cmake_target_skip_unavailable': False, 'install_base': '/home/anthony/Desktop/Assignment8/install/turtlebot3_navigation', 'merge_install': False, 'path': '/home/anthony/Desktop/Assignment8/src/turtlebot3_navigation', 'symlink_install': True, 'test_result_base': None}
[0.827s] INFO:colcon.colcon_core.executor:Executing jobs using 'parallel' executor
[0.828s] DEBUG:colcon.colcon_parallel_executor.executor.parallel:run_until_complete
[0.829s] INFO:colcon.colcon_ros.task.ament_cmake.build:Building ROS package in '/home/anthony/Desktop/Assignment8/src/turtlebot3_simulations/turtlebot3_fake_node' with build type 'ament_cmake'
[0.829s] INFO:colcon.colcon_cmake.task.cmake.build:Building CMake package in '/home/anthony/Desktop/Assignment8/src/turtlebot3_simulations/turtlebot3_fake_node'
[0.838s] INFO:colcon.colcon_core.plugin_system:Skipping extension 'colcon_core.shell.bat': Not used on non-Windows systems
[0.838s] INFO:colcon.colcon_core.shell:Skip shell extension 'powershell' for command environment: Not usable outside of PowerShell
[0.839s] DEBUG:colcon.colcon_core.shell:Skip shell extension 'dsv' for command environment
[0.843s] INFO:colcon.colcon_ros.task.ament_cmake.build:Building ROS package in '/home/anthony/Desktop/Assignment8/src/turtlebot3_simulations/turtlebot3_gazebo' with build type 'ament_cmake'
[0.843s] INFO:colcon.colcon_cmake.task.cmake.build:Building CMake package in '/home/anthony/Desktop/Assignment8/src/turtlebot3_simulations/turtlebot3_gazebo'
[0.844s] INFO:colcon.colcon_core.shell:Skip shell extension 'powershell' for command environment: Not usable outside of PowerShell
[0.844s] DEBUG:colcon.colcon_core.shell:Skip shell extension 'dsv' for command environment
[0.850s] INFO:colcon.colcon_ros.task.ament_cmake.build:Building ROS package in '/home/anthony/Desktop/Assignment8/src/turtlebot3_interfaces' with build type 'ament_cmake'
[0.850s] INFO:colcon.colcon_cmake.task.cmake.build:Building CMake package in '/home/anthony/Desktop/Assignment8/src/turtlebot3_interfaces'
[0.850s] INFO:colcon.colcon_core.shell:Skip shell extension 'powershell' for command environment: Not usable outside of PowerShell
[0.850s] DEBUG:colcon.colcon_core.shell:Skip shell extension 'dsv' for command environment
[0.879s] DEBUG:colcon.colcon_core.event_handler.log_command:Invoking command in '/home/anthony/Desktop/Assignment8/build/turtlebot3_fake_node': CMAKE_PREFIX_PATH=${CMAKE_PREFIX_PATH}:/home/anthony/Desktop/Assignment8/install/turtlebot3_navigation /usr/bin/cmake --build /home/anthony/Desktop/Assignment8/build/turtlebot3_fake_node -- -j3 -l3
[0.891s] DEBUG:colcon.colcon_core.event_handler.log_command:Invoking command in '/home/anthony/Desktop/Assignment8/build/turtlebot3_gazebo': CMAKE_PREFIX_PATH=${CMAKE_PREFIX_PATH}:/home/anthony/Desktop/Assignment8/install/turtlebot3_navigation /usr/bin/cmake --build /home/anthony/Desktop/Assignment8/build/turtlebot3_gazebo -- -j3 -l3
[0.906s] DEBUG:colcon.colcon_core.event_handler.log_command:Invoking command in '/home/anthony/Desktop/Assignment8/build/turtlebot3_interfaces': CMAKE_PREFIX_PATH=${CMAKE_PREFIX_PATH}:/home/anthony/Desktop/Assignment8/install/turtlebot3_navigation /usr/bin/cmake --build /home/anthony/Desktop/Assignment8/build/turtlebot3_interfaces -- -j3 -l3
[1.266s] DEBUG:colcon.colcon_core.event_handler.log_command:Invoked command in '/home/anthony/Desktop/Assignment8/build/turtlebot3_fake_node' returned '0': CMAKE_PREFIX_PATH=${CMAKE_PREFIX_PATH}:/home/anthony/Desktop/Assignment8/install/turtlebot3_navigation /usr/bin/cmake --build /home/anthony/Desktop/Assignment8/build/turtlebot3_fake_node -- -j3 -l3
[1.336s] DEBUG:colcon.colcon_core.event_handler.log_command:Invoked command in '/home/anthony/Desktop/Assignment8/build/turtlebot3_gazebo' returned '0': CMAKE_PREFIX_PATH=${CMAKE_PREFIX_PATH}:/home/anthony/Desktop/Assignment8/install/turtlebot3_navigation /usr/bin/cmake --build /home/anthony/Desktop/Assignment8/build/turtlebot3_gazebo -- -j3 -l3
[1.399s] DEBUG:colcon.colcon_core.event_handler.log_command:Invoking command in '/home/anthony/Desktop/Assignment8/build/turtlebot3_fake_node': CMAKE_PREFIX_PATH=${CMAKE_PREFIX_PATH}:/home/anthony/Desktop/Assignment8/install/turtlebot3_navigation /usr/bin/cmake --install /home/anthony/Desktop/Assignment8/build/turtlebot3_fake_node
[1.470s] Level 1:colcon.colcon_core.environment:create_environment_scripts_only(turtlebot3_fake_node)
[1.471s] DEBUG:colcon.colcon_core.event_handler.log_command:Invoked command in '/home/anthony/Desktop/Assignment8/build/turtlebot3_fake_node' returned '0': CMAKE_PREFIX_PATH=${CMAKE_PREFIX_PATH}:/home/anthony/Desktop/Assignment8/install/turtlebot3_navigation /usr/bin/cmake --install /home/anthony/Desktop/Assignment8/build/turtlebot3_fake_node
[1.604s] Level 1:colcon.colcon_core.environment:checking '/home/anthony/Desktop/Assignment8/install/turtlebot3_fake_node' for CMake module files
[1.604s] Level 1:colcon.colcon_core.environment:checking '/home/anthony/Desktop/Assignment8/install/turtlebot3_fake_node' for CMake config files
[1.608s] Level 1:colcon.colcon_core.shell:create_environment_hook('turtlebot3_fake_node', 'cmake_prefix_path')
[1.608s] INFO:colcon.colcon_core.shell:Creating environment hook '/home/anthony/Desktop/Assignment8/install/turtlebot3_fake_node/share/turtlebot3_fake_node/hook/cmake_prefix_path.ps1'
[1.611s] INFO:colcon.colcon_core.shell:Creating environment descriptor '/home/anthony/Desktop/Assignment8/install/turtlebot3_fake_node/share/turtlebot3_fake_node/hook/cmake_prefix_path.dsv'
[1.612s] INFO:colcon.colcon_core.shell:Creating environment hook '/home/anthony/Desktop/Assignment8/install/turtlebot3_fake_node/share/turtlebot3_fake_node/hook/cmake_prefix_path.sh'
[1.614s] Level 1:colcon.colcon_core.environment:checking '/home/anthony/Desktop/Assignment8/install/turtlebot3_fake_node/lib'
[1.616s] Level 1:colcon.colcon_core.environment:checking '/home/anthony/Desktop/Assignment8/install/turtlebot3_fake_node/bin'
[1.616s] Level 1:colcon.colcon_core.environment:checking '/home/anthony/Desktop/Assignment8/install/turtlebot3_fake_node/lib/pkgconfig/turtlebot3_fake_node.pc'
[1.617s] Level 1:colcon.colcon_core.environment:checking '/home/anthony/Desktop/Assignment8/install/turtlebot3_fake_node/lib/python3.10/site-packages'
[1.617s] Level 1:colcon.colcon_core.environment:checking '/home/anthony/Desktop/Assignment8/install/turtlebot3_fake_node/bin'
[1.618s] INFO:colcon.colcon_core.shell:Creating package script '/home/anthony/Desktop/Assignment8/install/turtlebot3_fake_node/share/turtlebot3_fake_node/package.ps1'
[1.620s] INFO:colcon.colcon_core.shell:Creating package descriptor '/home/anthony/Desktop/Assignment8/install/turtlebot3_fake_node/share/turtlebot3_fake_node/package.dsv'
[1.621s] INFO:colcon.colcon_core.shell:Creating package script '/home/anthony/Desktop/Assignment8/install/turtlebot3_fake_node/share/turtlebot3_fake_node/package.sh'
[1.623s] INFO:colcon.colcon_core.shell:Creating package script '/home/anthony/Desktop/Assignment8/install/turtlebot3_fake_node/share/turtlebot3_fake_node/package.bash'
[1.624s] INFO:colcon.colcon_core.shell:Creating package script '/home/anthony/Desktop/Assignment8/install/turtlebot3_fake_node/share/turtlebot3_fake_node/package.zsh'
[1.625s] Level 1:colcon.colcon_core.environment:create_file_with_runtime_dependencies(/home/anthony/Desktop/Assignment8/install/turtlebot3_fake_node/share/colcon-core/packages/turtlebot3_fake_node)
[1.633s] DEBUG:colcon.colcon_core.event_handler.log_command:Invoking command in '/home/anthony/Desktop/Assignment8/build/turtlebot3_gazebo': CMAKE_PREFIX_PATH=${CMAKE_PREFIX_PATH}:/home/anthony/Desktop/Assignment8/install/turtlebot3_navigation /usr/bin/cmake --install /home/anthony/Desktop/Assignment8/build/turtlebot3_gazebo
[1.697s] Level 1:colcon.colcon_core.environment:create_environment_scripts_only(turtlebot3_gazebo)
[1.698s] Level 1:colcon.colcon_core.environment:checking '/home/anthony/Desktop/Assignment8/install/turtlebot3_gazebo' for CMake module files
[1.699s] Level 1:colcon.colcon_core.environment:checking '/home/anthony/Desktop/Assignment8/install/turtlebot3_gazebo' for CMake config files
[1.699s] DEBUG:colcon.colcon_core.event_handler.log_command:Invoked command in '/home/anthony/Desktop/Assignment8/build/turtlebot3_gazebo' returned '0': CMAKE_PREFIX_PATH=${CMAKE_PREFIX_PATH}:/home/anthony/Desktop/Assignment8/install/turtlebot3_navigation /usr/bin/cmake --install /home/anthony/Desktop/Assignment8/build/turtlebot3_gazebo
[1.700s] Level 1:colcon.colcon_core.shell:create_environment_hook('turtlebot3_gazebo', 'cmake_prefix_path')
[1.700s] INFO:colcon.colcon_core.shell:Creating environment hook '/home/anthony/Desktop/Assignment8/install/turtlebot3_gazebo/share/turtlebot3_gazebo/hook/cmake_prefix_path.ps1'
[1.701s] INFO:colcon.colcon_core.shell:Creating environment descriptor '/home/anthony/Desktop/Assignment8/install/turtlebot3_gazebo/share/turtlebot3_gazebo/hook/cmake_prefix_path.dsv'
[1.702s] INFO:colcon.colcon_core.shell:Creating environment hook '/home/anthony/Desktop/Assignment8/install/turtlebot3_gazebo/share/turtlebot3_gazebo/hook/cmake_prefix_path.sh'
[1.703s] Level 1:colcon.colcon_core.environment:checking '/home/anthony/Desktop/Assignment8/install/turtlebot3_gazebo/lib'
[1.703s] Level 1:colcon.colcon_core.environment:checking '/home/anthony/Desktop/Assignment8/install/turtlebot3_gazebo/bin'
[1.703s] Level 1:colcon.colcon_core.environment:checking '/home/anthony/Desktop/Assignment8/install/turtlebot3_gazebo/lib/pkgconfig/turtlebot3_gazebo.pc'
[1.703s] Level 1:colcon.colcon_core.environment:checking '/home/anthony/Desktop/Assignment8/install/turtlebot3_gazebo/lib/python3.10/site-packages'
[1.704s] Level 1:colcon.colcon_core.environment:checking '/home/anthony/Desktop/Assignment8/install/turtlebot3_gazebo/bin'
[1.704s] INFO:colcon.colcon_core.shell:Creating package script '/home/anthony/Desktop/Assignment8/install/turtlebot3_gazebo/share/turtlebot3_gazebo/package.ps1'
[1.705s] INFO:colcon.colcon_core.shell:Creating package descriptor '/home/anthony/Desktop/Assignment8/install/turtlebot3_gazebo/share/turtlebot3_gazebo/package.dsv'
[1.705s] INFO:colcon.colcon_core.shell:Creating package script '/home/anthony/Desktop/Assignment8/install/turtlebot3_gazebo/share/turtlebot3_gazebo/package.sh'
[1.706s] INFO:colcon.colcon_core.shell:Creating package script '/home/anthony/Desktop/Assignment8/install/turtlebot3_gazebo/share/turtlebot3_gazebo/package.bash'
[1.707s] INFO:colcon.colcon_core.shell:Creating package script '/home/anthony/Desktop/Assignment8/install/turtlebot3_gazebo/share/turtlebot3_gazebo/package.zsh'
[1.707s] Level 1:colcon.colcon_core.environment:create_file_with_runtime_dependencies(/home/anthony/Desktop/Assignment8/install/turtlebot3_gazebo/share/colcon-core/packages/turtlebot3_gazebo)
[1.710s] Level 1:colcon.colcon_core.environment:create_environment_scripts_only(turtlebot3_fake_node)
[1.710s] Level 1:colcon.colcon_core.environment:checking '/home/anthony/Desktop/Assignment8/install/turtlebot3_fake_node' for CMake module files
[1.711s] Level 1:colcon.colcon_core.environment:checking '/home/anthony/Desktop/Assignment8/install/turtlebot3_fake_node' for CMake config files
[1.711s] Level 1:colcon.colcon_core.shell:create_environment_hook('turtlebot3_fake_node', 'cmake_prefix_path')
[1.711s] INFO:colcon.colcon_core.shell:Creating environment hook '/home/anthony/Desktop/Assignment8/install/turtlebot3_fake_node/share/turtlebot3_fake_node/hook/cmake_prefix_path.ps1'
[1.712s] INFO:colcon.colcon_core.shell:Creating environment descriptor '/home/anthony/Desktop/Assignment8/install/turtlebot3_fake_node/share/turtlebot3_fake_node/hook/cmake_prefix_path.dsv'
[1.712s] INFO:colcon.colcon_core.shell:Creating environment hook '/home/anthony/Desktop/Assignment8/install/turtlebot3_fake_node/share/turtlebot3_fake_node/hook/cmake_prefix_path.sh'
[1.713s] Level 1:colcon.colcon_core.environment:checking '/home/anthony/Desktop/Assignment8/install/turtlebot3_fake_node/lib'
[1.713s] Level 1:colcon.colcon_core.environment:checking '/home/anthony/Desktop/Assignment8/install/turtlebot3_fake_node/bin'
[1.713s] Level 1:colcon.colcon_core.environment:checking '/home/anthony/Desktop/Assignment8/install/turtlebot3_fake_node/lib/pkgconfig/turtlebot3_fake_node.pc'
[1.713s] Level 1:colcon.colcon_core.environment:checking '/home/anthony/Desktop/Assignment8/install/turtlebot3_fake_node/lib/python3.10/site-packages'
[1.713s] Level 1:colcon.colcon_core.environment:checking '/home/anthony/Desktop/Assignment8/install/turtlebot3_fake_node/bin'
[1.714s] INFO:colcon.colcon_core.shell:Creating package script '/home/anthony/Desktop/Assignment8/install/turtlebot3_fake_node/share/turtlebot3_fake_node/package.ps1'
[1.714s] INFO:colcon.colcon_core.shell:Creating package descriptor '/home/anthony/Desktop/Assignment8/install/turtlebot3_fake_node/share/turtlebot3_fake_node/package.dsv'
[1.715s] INFO:colcon.colcon_core.shell:Creating package script '/home/anthony/Desktop/Assignment8/install/turtlebot3_fake_node/share/turtlebot3_fake_node/package.sh'
[1.715s] INFO:colcon.colcon_core.shell:Creating package script '/home/anthony/Desktop/Assignment8/install/turtlebot3_fake_node/share/turtlebot3_fake_node/package.bash'
[1.716s] INFO:colcon.colcon_core.shell:Creating package script '/home/anthony/Desktop/Assignment8/install/turtlebot3_fake_node/share/turtlebot3_fake_node/package.zsh'
[1.716s] Level 1:colcon.colcon_core.environment:create_file_with_runtime_dependencies(/home/anthony/Desktop/Assignment8/install/turtlebot3_fake_node/share/colcon-core/packages/turtlebot3_fake_node)
[1.771s] Level 1:colcon.colcon_core.environment:create_environment_scripts_only(turtlebot3_gazebo)
[1.772s] Level 1:colcon.colcon_core.environment:checking '/home/anthony/Desktop/Assignment8/install/turtlebot3_gazebo' for CMake module files
[1.773s] Level 1:colcon.colcon_core.environment:checking '/home/anthony/Desktop/Assignment8/install/turtlebot3_gazebo' for CMake config files
[1.774s] Level 1:colcon.colcon_core.shell:create_environment_hook('turtlebot3_gazebo', 'cmake_prefix_path')
[1.775s] INFO:colcon.colcon_core.shell:Creating environment hook '/home/anthony/Desktop/Assignment8/install/turtlebot3_gazebo/share/turtlebot3_gazebo/hook/cmake_prefix_path.ps1'
[1.775s] INFO:colcon.colcon_core.shell:Creating environment descriptor '/home/anthony/Desktop/Assignment8/install/turtlebot3_gazebo/share/turtlebot3_gazebo/hook/cmake_prefix_path.dsv'
[1.777s] INFO:colcon.colcon_core.shell:Creating environment hook '/home/anthony/Desktop/Assignment8/install/turtlebot3_gazebo/share/turtlebot3_gazebo/hook/cmake_prefix_path.sh'
[1.778s] Level 1:colcon.colcon_core.environment:checking '/home/anthony/Desktop/Assignment8/install/turtlebot3_gazebo/lib'
[1.778s] Level 1:colcon.colcon_core.environment:checking '/home/anthony/Desktop/Assignment8/install/turtlebot3_gazebo/bin'
[1.778s] Level 1:colcon.colcon_core.environment:checking '/home/anthony/Desktop/Assignment8/install/turtlebot3_gazebo/lib/pkgconfig/turtlebot3_gazebo.pc'
[1.779s] Level 1:colcon.colcon_core.environment:checking '/home/anthony/Desktop/Assignment8/install/turtlebot3_gazebo/lib/python3.10/site-packages'
[1.779s] Level 1:colcon.colcon_core.environment:checking '/home/anthony/Desktop/Assignment8/install/turtlebot3_gazebo/bin'
[1.780s] INFO:colcon.colcon_core.shell:Creating package script '/home/anthony/Desktop/Assignment8/install/turtlebot3_gazebo/share/turtlebot3_gazebo/package.ps1'
[1.781s] INFO:colcon.colcon_core.shell:Creating package descriptor '/home/anthony/Desktop/Assignment8/install/turtlebot3_gazebo/share/turtlebot3_gazebo/package.dsv'
[1.781s] INFO:colcon.colcon_core.shell:Creating package script '/home/anthony/Desktop/Assignment8/install/turtlebot3_gazebo/share/turtlebot3_gazebo/package.sh'
[1.782s] INFO:colcon.colcon_core.shell:Creating package script '/home/anthony/Desktop/Assignment8/install/turtlebot3_gazebo/share/turtlebot3_gazebo/package.bash'
[1.782s] INFO:colcon.colcon_core.shell:Creating package script '/home/anthony/Desktop/Assignment8/install/turtlebot3_gazebo/share/turtlebot3_gazebo/package.zsh'
[1.783s] Level 1:colcon.colcon_core.environment:create_file_with_runtime_dependencies(/home/anthony/Desktop/Assignment8/install/turtlebot3_gazebo/share/colcon-core/packages/turtlebot3_gazebo)
[1.784s] INFO:colcon.colcon_ros.task.ament_cmake.build:Building ROS package in '/home/anthony/Desktop/Assignment8/src/turtlebot3_simulations/turtlebot3_simulations' with build type 'ament_cmake'
[1.784s] INFO:colcon.colcon_cmake.task.cmake.build:Building CMake package in '/home/anthony/Desktop/Assignment8/src/turtlebot3_simulations/turtlebot3_simulations'
[1.785s] INFO:colcon.colcon_core.shell:Skip shell extension 'powershell' for command environment: Not usable outside of PowerShell
[1.785s] DEBUG:colcon.colcon_core.shell:Skip shell extension 'dsv' for command environment
[1.842s] DEBUG:colcon.colcon_core.event_handler.log_command:Invoking command in '/home/anthony/Desktop/Assignment8/build/turtlebot3_simulations': CMAKE_PREFIX_PATH=/home/anthony/Desktop/Assignment8/install/turtlebot3_gazebo:/home/anthony/Desktop/Assignment8/install/turtlebot3_fake_node:/home/anthony/Desktop/Assignment8/install/turtlebot3_simulations:/home/anthony/Desktop/Assignment8/install/turtlebot3_interfaces:/opt/ros/humble:/home/anthony/Desktop/Assignment8/install/turtlebot3_navigation /usr/bin/cmake --build /home/anthony/Desktop/Assignment8/build/turtlebot3_simulations -- -j3 -l3
[1.931s] DEBUG:colcon.colcon_core.event_handler.log_command:Invoked command in '/home/anthony/Desktop/Assignment8/build/turtlebot3_simulations' returned '0': CMAKE_PREFIX_PATH=/home/anthony/Desktop/Assignment8/install/turtlebot3_gazebo:/home/anthony/Desktop/Assignment8/install/turtlebot3_fake_node:/home/anthony/Desktop/Assignment8/install/turtlebot3_simulations:/home/anthony/Desktop/Assignment8/install/turtlebot3_interfaces:/opt/ros/humble:/home/anthony/Desktop/Assignment8/install/turtlebot3_navigation /usr/bin/cmake --build /home/anthony/Desktop/Assignment8/build/turtlebot3_simulations -- -j3 -l3
[2.030s] DEBUG:colcon.colcon_core.event_handler.log_command:Invoking command in '/home/anthony/Desktop/Assignment8/build/turtlebot3_simulations': CMAKE_PREFIX_PATH=/home/anthony/Desktop/Assignment8/install/turtlebot3_gazebo:/home/anthony/Desktop/Assignment8/install/turtlebot3_fake_node:/home/anthony/Desktop/Assignment8/install/turtlebot3_simulations:/home/anthony/Desktop/Assignment8/install/turtlebot3_interfaces:/opt/ros/humble:/home/anthony/Desktop/Assignment8/install/turtlebot3_navigation /usr/bin/cmake --install /home/anthony/Desktop/Assignment8/build/turtlebot3_simulations
[2.069s] DEBUG:colcon.colcon_core.event_handler.log_command:Invoked command in '/home/anthony/Desktop/Assignment8/build/turtlebot3_interfaces' returned '0': CMAKE_PREFIX_PATH=${CMAKE_PREFIX_PATH}:/home/anthony/Desktop/Assignment8/install/turtlebot3_navigation /usr/bin/cmake --build /home/anthony/Desktop/Assignment8/build/turtlebot3_interfaces -- -j3 -l3
[2.071s] Level 1:colcon.colcon_core.environment:create_environment_scripts_only(turtlebot3_simulations)
[2.071s] Level 1:colcon.colcon_core.environment:checking '/home/anthony/Desktop/Assignment8/install/turtlebot3_simulations' for CMake module files
[2.072s] Level 1:colcon.colcon_core.environment:checking '/home/anthony/Desktop/Assignment8/install/turtlebot3_simulations' for CMake config files
[2.072s] Level 1:colcon.colcon_core.shell:create_environment_hook('turtlebot3_simulations', 'cmake_prefix_path')
[2.072s] INFO:colcon.colcon_core.shell:Creating environment hook '/home/anthony/Desktop/Assignment8/install/turtlebot3_simulations/share/turtlebot3_simulations/hook/cmake_prefix_path.ps1'
[2.073s] INFO:colcon.colcon_core.shell:Creating environment descriptor '/home/anthony/Desktop/Assignment8/install/turtlebot3_simulations/share/turtlebot3_simulations/hook/cmake_prefix_path.dsv'
[2.074s] DEBUG:colcon.colcon_core.event_handler.log_command:Invoked command in '/home/anthony/Desktop/Assignment8/build/turtlebot3_simulations' returned '0': CMAKE_PREFIX_PATH=/home/anthony/Desktop/Assignment8/install/turtlebot3_gazebo:/home/anthony/Desktop/Assignment8/install/turtlebot3_fake_node:/home/anthony/Desktop/Assignment8/install/turtlebot3_simulations:/home/anthony/Desktop/Assignment8/install/turtlebot3_interfaces:/opt/ros/humble:/home/anthony/Desktop/Assignment8/install/turtlebot3_navigation /usr/bin/cmake --install /home/anthony/Desktop/Assignment8/build/turtlebot3_simulations
[2.075s] INFO:colcon.colcon_core.shell:Creating environment hook '/home/anthony/Desktop/Assignment8/install/turtlebot3_simulations/share/turtlebot3_simulations/hook/cmake_prefix_path.sh'
[2.075s] Level 1:colcon.colcon_core.environment:checking '/home/anthony/Desktop/Assignment8/install/turtlebot3_simulations/bin'
[2.075s] Level 1:colcon.colcon_core.environment:checking '/home/anthony/Desktop/Assignment8/install/turtlebot3_simulations/lib/pkgconfig/turtlebot3_simulations.pc'
[2.076s] Level 1:colcon.colcon_core.environment:checking '/home/anthony/Desktop/Assignment8/install/turtlebot3_simulations/lib/python3.10/site-packages'
[2.076s] Level 1:colcon.colcon_core.environment:checking '/home/anthony/Desktop/Assignment8/install/turtlebot3_simulations/bin'
[2.077s] INFO:colcon.colcon_core.shell:Creating package script '/home/anthony/Desktop/Assignment8/install/turtlebot3_simulations/share/turtlebot3_simulations/package.ps1'
[2.078s] INFO:colcon.colcon_core.shell:Creating package descriptor '/home/anthony/Desktop/Assignment8/install/turtlebot3_simulations/share/turtlebot3_simulations/package.dsv'
[2.078s] INFO:colcon.colcon_core.shell:Creating package script '/home/anthony/Desktop/Assignment8/install/turtlebot3_simulations/share/turtlebot3_simulations/package.sh'
[2.079s] INFO:colcon.colcon_core.shell:Creating package script '/home/anthony/Desktop/Assignment8/install/turtlebot3_simulations/share/turtlebot3_simulations/package.bash'
[2.079s] INFO:colcon.colcon_core.shell:Creating package script '/home/anthony/Desktop/Assignment8/install/turtlebot3_simulations/share/turtlebot3_simulations/package.zsh'
[2.080s] Level 1:colcon.colcon_core.environment:create_file_with_runtime_dependencies(/home/anthony/Desktop/Assignment8/install/turtlebot3_simulations/share/colcon-core/packages/turtlebot3_simulations)
[2.115s] Level 1:colcon.colcon_core.environment:create_environment_scripts_only(turtlebot3_simulations)
[2.115s] Level 1:colcon.colcon_core.environment:checking '/home/anthony/Desktop/Assignment8/install/turtlebot3_simulations' for CMake module files
[2.116s] Level 1:colcon.colcon_core.environment:checking '/home/anthony/Desktop/Assignment8/install/turtlebot3_simulations' for CMake config files
[2.116s] Level 1:colcon.colcon_core.shell:create_environment_hook('turtlebot3_simulations', 'cmake_prefix_path')
[2.116s] INFO:colcon.colcon_core.shell:Creating environment hook '/home/anthony/Desktop/Assignment8/install/turtlebot3_simulations/share/turtlebot3_simulations/hook/cmake_prefix_path.ps1'
[2.117s] INFO:colcon.colcon_core.shell:Creating environment descriptor '/home/anthony/Desktop/Assignment8/install/turtlebot3_simulations/share/turtlebot3_simulations/hook/cmake_prefix_path.dsv'
[2.118s] INFO:colcon.colcon_core.shell:Creating environment hook '/home/anthony/Desktop/Assignment8/install/turtlebot3_simulations/share/turtlebot3_simulations/hook/cmake_prefix_path.sh'
[2.119s] Level 1:colcon.colcon_core.environment:checking '/home/anthony/Desktop/Assignment8/install/turtlebot3_simulations/bin'
[2.119s] Level 1:colcon.colcon_core.environment:checking '/home/anthony/Desktop/Assignment8/install/turtlebot3_simulations/lib/pkgconfig/turtlebot3_simulations.pc'
[2.119s] Level 1:colcon.colcon_core.environment:checking '/home/anthony/Desktop/Assignment8/install/turtlebot3_simulations/lib/python3.10/site-packages'
[2.120s] Level 1:colcon.colcon_core.environment:checking '/home/anthony/Desktop/Assignment8/install/turtlebot3_simulations/bin'
[2.120s] INFO:colcon.colcon_core.shell:Creating package script '/home/anthony/Desktop/Assignment8/install/turtlebot3_simulations/share/turtlebot3_simulations/package.ps1'
[2.121s] INFO:colcon.colcon_core.shell:Creating package descriptor '/home/anthony/Desktop/Assignment8/install/turtlebot3_simulations/share/turtlebot3_simulations/package.dsv'
[2.122s] INFO:colcon.colcon_core.shell:Creating package script '/home/anthony/Desktop/Assignment8/install/turtlebot3_simulations/share/turtlebot3_simulations/package.sh'
[2.123s] INFO:colcon.colcon_core.shell:Creating package script '/home/anthony/Desktop/Assignment8/install/turtlebot3_simulations/share/turtlebot3_simulations/package.bash'
[2.123s] INFO:colcon.colcon_core.shell:Creating package script '/home/anthony/Desktop/Assignment8/install/turtlebot3_simulations/share/turtlebot3_simulations/package.zsh'
[2.124s] Level 1:colcon.colcon_core.environment:create_file_with_runtime_dependencies(/home/anthony/Desktop/Assignment8/install/turtlebot3_simulations/share/colcon-core/packages/turtlebot3_simulations)
[2.125s] INFO:colcon.colcon_ros.task.ament_python.build:Building ROS package in '/home/anthony/Desktop/Assignment8/src/turtlebot3_navigation' with build type 'ament_python'
[2.125s] Level 1:colcon.colcon_core.shell:create_environment_hook('turtlebot3_navigation', 'ament_prefix_path')
[2.125s] INFO:colcon.colcon_core.shell:Creating environment hook '/home/anthony/Desktop/Assignment8/install/turtlebot3_navigation/share/turtlebot3_navigation/hook/ament_prefix_path.ps1'
[2.128s] INFO:colcon.colcon_core.shell:Creating environment descriptor '/home/anthony/Desktop/Assignment8/install/turtlebot3_navigation/share/turtlebot3_navigation/hook/ament_prefix_path.dsv'
[2.129s] INFO:colcon.colcon_core.shell:Creating environment hook '/home/anthony/Desktop/Assignment8/install/turtlebot3_navigation/share/turtlebot3_navigation/hook/ament_prefix_path.sh'
[2.131s] INFO:colcon.colcon_core.shell:Skip shell extension 'powershell' for command environment: Not usable outside of PowerShell
[2.131s] DEBUG:colcon.colcon_core.shell:Skip shell extension 'dsv' for command environment
[2.731s] INFO:colcon.colcon_core.task.python.build:Building Python package in '/home/anthony/Desktop/Assignment8/src/turtlebot3_navigation'
[2.731s] INFO:colcon.colcon_core.shell:Skip shell extension 'powershell' for command environment: Not usable outside of PowerShell
[2.732s] DEBUG:colcon.colcon_core.shell:Skip shell extension 'dsv' for command environment
[2.744s] DEBUG:colcon.colcon_core.event_handler.log_command:Invoking command in '/home/anthony/Desktop/Assignment8/build/turtlebot3_interfaces': CMAKE_PREFIX_PATH=${CMAKE_PREFIX_PATH}:/home/anthony/Desktop/Assignment8/install/turtlebot3_navigation /usr/bin/cmake --install /home/anthony/Desktop/Assignment8/build/turtlebot3_interfaces
[2.971s] Level 1:colcon.colcon_core.environment:create_environment_scripts_only(turtlebot3_interfaces)
[2.972s] Level 1:colcon.colcon_core.environment:checking '/home/anthony/Desktop/Assignment8/install/turtlebot3_interfaces' for CMake module files
[2.975s] Level 1:colcon.colcon_core.environment:checking '/home/anthony/Desktop/Assignment8/install/turtlebot3_interfaces' for CMake config files
[2.976s] Level 1:colcon.colcon_core.shell:create_environment_hook('turtlebot3_interfaces', 'cmake_prefix_path')
[2.976s] INFO:colcon.colcon_core.shell:Creating environment hook '/home/anthony/Desktop/Assignment8/install/turtlebot3_interfaces/share/turtlebot3_interfaces/hook/cmake_prefix_path.ps1'
[2.978s] INFO:colcon.colcon_core.shell:Creating environment descriptor '/home/anthony/Desktop/Assignment8/install/turtlebot3_interfaces/share/turtlebot3_interfaces/hook/cmake_prefix_path.dsv'
[2.978s] DEBUG:colcon.colcon_core.event_handler.log_command:Invoked command in '/home/anthony/Desktop/Assignment8/build/turtlebot3_interfaces' returned '0': CMAKE_PREFIX_PATH=${CMAKE_PREFIX_PATH}:/home/anthony/Desktop/Assignment8/install/turtlebot3_navigation /usr/bin/cmake --install /home/anthony/Desktop/Assignment8/build/turtlebot3_interfaces
[2.979s] INFO:colcon.colcon_core.shell:Creating environment hook '/home/anthony/Desktop/Assignment8/install/turtlebot3_interfaces/share/turtlebot3_interfaces/hook/cmake_prefix_path.sh'
[2.981s] Level 1:colcon.colcon_core.environment:checking '/home/anthony/Desktop/Assignment8/install/turtlebot3_interfaces/lib'
[2.981s] Level 1:colcon.colcon_core.shell:create_environment_hook('turtlebot3_interfaces', 'ld_library_path_lib')
[2.982s] INFO:colcon.colcon_core.shell:Creating environment hook '/home/anthony/Desktop/Assignment8/install/turtlebot3_interfaces/share/turtlebot3_interfaces/hook/ld_library_path_lib.ps1'
[2.983s] INFO:colcon.colcon_core.shell:Creating environment descriptor '/home/anthony/Desktop/Assignment8/install/turtlebot3_interfaces/share/turtlebot3_interfaces/hook/ld_library_path_lib.dsv'
[2.984s] INFO:colcon.colcon_core.shell:Creating environment hook '/home/anthony/Desktop/Assignment8/install/turtlebot3_interfaces/share/turtlebot3_interfaces/hook/ld_library_path_lib.sh'
[2.985s] Level 1:colcon.colcon_core.environment:checking '/home/anthony/Desktop/Assignment8/install/turtlebot3_interfaces/bin'
[2.985s] Level 1:colcon.colcon_core.environment:checking '/home/anthony/Desktop/Assignment8/install/turtlebot3_interfaces/lib/pkgconfig/turtlebot3_interfaces.pc'
[2.985s] Level 1:colcon.colcon_core.environment:checking '/home/anthony/Desktop/Assignment8/install/turtlebot3_interfaces/lib/python3.10/site-packages'
[2.986s] Level 1:colcon.colcon_core.environment:checking '/home/anthony/Desktop/Assignment8/install/turtlebot3_interfaces/bin'
[2.987s] INFO:colcon.colcon_core.shell:Creating package script '/home/anthony/Desktop/Assignment8/install/turtlebot3_interfaces/share/turtlebot3_interfaces/package.ps1'
[2.988s] INFO:colcon.colcon_core.shell:Creating package descriptor '/home/anthony/Desktop/Assignment8/install/turtlebot3_interfaces/share/turtlebot3_interfaces/package.dsv'
[2.989s] INFO:colcon.colcon_core.shell:Creating package script '/home/anthony/Desktop/Assignment8/install/turtlebot3_interfaces/share/turtlebot3_interfaces/package.sh'
[2.990s] INFO:colcon.colcon_core.shell:Creating package script '/home/anthony/Desktop/Assignment8/install/turtlebot3_interfaces/share/turtlebot3_interfaces/package.bash'
[2.990s] INFO:colcon.colcon_core.shell:Creating package script '/home/anthony/Desktop/Assignment8/install/turtlebot3_interfaces/share/turtlebot3_interfaces/package.zsh'
[2.991s] Level 1:colcon.colcon_core.environment:create_file_with_runtime_dependencies(/home/anthony/Desktop/Assignment8/install/turtlebot3_interfaces/share/colcon-core/packages/turtlebot3_interfaces)
[3.129s] Level 1:colcon.colcon_core.environment:create_environment_scripts_only(turtlebot3_interfaces)
[3.129s] Level 1:colcon.colcon_core.environment:checking '/home/anthony/Desktop/Assignment8/install/turtlebot3_interfaces' for CMake module files
[3.130s] Level 1:colcon.colcon_core.environment:checking '/home/anthony/Desktop/Assignment8/install/turtlebot3_interfaces' for CMake config files
[3.130s] Level 1:colcon.colcon_core.shell:create_environment_hook('turtlebot3_interfaces', 'cmake_prefix_path')
[3.130s] INFO:colcon.colcon_core.shell:Creating environment hook '/home/anthony/Desktop/Assignment8/install/turtlebot3_interfaces/share/turtlebot3_interfaces/hook/cmake_prefix_path.ps1'
[3.131s] INFO:colcon.colcon_core.shell:Creating environment descriptor '/home/anthony/Desktop/Assignment8/install/turtlebot3_interfaces/share/turtlebot3_interfaces/hook/cmake_prefix_path.dsv'
[3.132s] INFO:colcon.colcon_core.shell:Creating environment hook '/home/anthony/Desktop/Assignment8/install/turtlebot3_interfaces/share/turtlebot3_interfaces/hook/cmake_prefix_path.sh'
[3.132s] Level 1:colcon.colcon_core.environment:checking '/home/anthony/Desktop/Assignment8/install/turtlebot3_interfaces/lib'
[3.133s] Level 1:colcon.colcon_core.shell:create_environment_hook('turtlebot3_interfaces', 'ld_library_path_lib')
[3.133s] INFO:colcon.colcon_core.shell:Creating environment hook '/home/anthony/Desktop/Assignment8/install/turtlebot3_interfaces/share/turtlebot3_interfaces/hook/ld_library_path_lib.ps1'
[3.134s] INFO:colcon.colcon_core.shell:Creating environment descriptor '/home/anthony/Desktop/Assignment8/install/turtlebot3_interfaces/share/turtlebot3_interfaces/hook/ld_library_path_lib.dsv'
[3.134s] INFO:colcon.colcon_core.shell:Creating environment hook '/home/anthony/Desktop/Assignment8/install/turtlebot3_interfaces/share/turtlebot3_interfaces/hook/ld_library_path_lib.sh'
[3.134s] Level 1:colcon.colcon_core.environment:checking '/home/anthony/Desktop/Assignment8/install/turtlebot3_interfaces/bin'
[3.134s] Level 1:colcon.colcon_core.environment:checking '/home/anthony/Desktop/Assignment8/install/turtlebot3_interfaces/lib/pkgconfig/turtlebot3_interfaces.pc'
[3.135s] Level 1:colcon.colcon_core.environment:checking '/home/anthony/Desktop/Assignment8/install/turtlebot3_interfaces/lib/python3.10/site-packages'
[3.135s] Level 1:colcon.colcon_core.environment:checking '/home/anthony/Desktop/Assignment8/install/turtlebot3_interfaces/bin'
[3.135s] INFO:colcon.colcon_core.shell:Creating package script '/home/anthony/Desktop/Assignment8/install/turtlebot3_interfaces/share/turtlebot3_interfaces/package.ps1'
[3.136s] INFO:colcon.colcon_core.shell:Creating package descriptor '/home/anthony/Desktop/Assignment8/install/turtlebot3_interfaces/share/turtlebot3_interfaces/package.dsv'
[3.136s] INFO:colcon.colcon_core.shell:Creating package script '/home/anthony/Desktop/Assignment8/install/turtlebot3_interfaces/share/turtlebot3_interfaces/package.sh'
[3.136s] INFO:colcon.colcon_core.shell:Creating package script '/home/anthony/Desktop/Assignment8/install/turtlebot3_interfaces/share/turtlebot3_interfaces/package.bash'
[3.137s] INFO:colcon.colcon_core.shell:Creating package script '/home/anthony/Desktop/Assignment8/install/turtlebot3_interfaces/share/turtlebot3_interfaces/package.zsh'
[3.137s] Level 1:colcon.colcon_core.environment:create_file_with_runtime_dependencies(/home/anthony/Desktop/Assignment8/install/turtlebot3_interfaces/share/colcon-core/packages/turtlebot3_interfaces)
[3.331s] DEBUG:colcon.colcon_core.event_handler.log_command:Invoking command in '/home/anthony/Desktop/Assignment8/build/turtlebot3_navigation': CMAKE_PREFIX_PATH=/home/anthony/Desktop/Assignment8/install/turtlebot3_simulations:/home/anthony/Desktop/Assignment8/install/turtlebot3_gazebo:/home/anthony/Desktop/Assignment8/install/turtlebot3_fake_node:/home/anthony/Desktop/Assignment8/install/turtlebot3_interfaces:/opt/ros/humble PYTHONPATH=/home/anthony/Desktop/Assignment8/build/turtlebot3_navigation/prefix_override:/usr/lib/python3/dist-packages/colcon_core/task/python/colcon_distutils_commands:/home/anthony/Desktop/Assignment8/install/turtlebot3_navigation/lib/python3.10/site-packages:${PYTHONPATH} /usr/bin/python3 -W ignore:setup.py install is deprecated setup.py develop --editable --build-directory /home/anthony/Desktop/Assignment8/build/turtlebot3_navigation/build --no-deps symlink_data
[4.056s] Level 1:colcon.colcon_core.shell:create_environment_hook('turtlebot3_navigation', 'pythonpath_develop')
[4.057s] INFO:colcon.colcon_core.shell:Creating environment hook '/home/anthony/Desktop/Assignment8/build/turtlebot3_navigation/share/turtlebot3_navigation/hook/pythonpath_develop.ps1'
[4.057s] DEBUG:colcon.colcon_core.event_handler.log_command:Invoked command in '/home/anthony/Desktop/Assignment8/build/turtlebot3_navigation' returned '0': CMAKE_PREFIX_PATH=/home/anthony/Desktop/Assignment8/install/turtlebot3_simulations:/home/anthony/Desktop/Assignment8/install/turtlebot3_gazebo:/home/anthony/Desktop/Assignment8/install/turtlebot3_fake_node:/home/anthony/Desktop/Assignment8/install/turtlebot3_interfaces:/opt/ros/humble PYTHONPATH=/home/anthony/Desktop/Assignment8/build/turtlebot3_navigation/prefix_override:/usr/lib/python3/dist-packages/colcon_core/task/python/colcon_distutils_commands:/home/anthony/Desktop/Assignment8/install/turtlebot3_navigation/lib/python3.10/site-packages:${PYTHONPATH} /usr/bin/python3 -W ignore:setup.py install is deprecated setup.py develop --editable --build-directory /home/anthony/Desktop/Assignment8/build/turtlebot3_navigation/build --no-deps symlink_data
[4.059s] INFO:colcon.colcon_core.shell:Creating environment descriptor '/home/anthony/Desktop/Assignment8/build/turtlebot3_navigation/share/turtlebot3_navigation/hook/pythonpath_develop.dsv'
[4.060s] INFO:colcon.colcon_core.shell:Creating environment hook '/home/anthony/Desktop/Assignment8/build/turtlebot3_navigation/share/turtlebot3_navigation/hook/pythonpath_develop.sh'
[4.062s] Level 1:colcon.colcon_core.environment:checking '/home/anthony/Desktop/Assignment8/install/turtlebot3_navigation' for CMake module files
[4.063s] Level 1:colcon.colcon_core.environment:checking '/home/anthony/Desktop/Assignment8/install/turtlebot3_navigation' for CMake config files
[4.064s] Level 1:colcon.colcon_core.environment:checking '/home/anthony/Desktop/Assignment8/install/turtlebot3_navigation/lib'
[4.065s] Level 1:colcon.colcon_core.environment:checking '/home/anthony/Desktop/Assignment8/install/turtlebot3_navigation/bin'
[4.065s] Level 1:colcon.colcon_core.environment:checking '/home/anthony/Desktop/Assignment8/install/turtlebot3_navigation/lib/pkgconfig/turtlebot3_navigation.pc'
[4.065s] Level 1:colcon.colcon_core.environment:checking '/home/anthony/Desktop/Assignment8/install/turtlebot3_navigation/lib/python3.10/site-packages'
[4.065s] Level 1:colcon.colcon_core.shell:create_environment_hook('turtlebot3_navigation', 'pythonpath')
[4.066s] INFO:colcon.colcon_core.shell:Creating environment hook '/home/anthony/Desktop/Assignment8/install/turtlebot3_navigation/share/turtlebot3_navigation/hook/pythonpath.ps1'
[4.067s] INFO:colcon.colcon_core.shell:Creating environment descriptor '/home/anthony/Desktop/Assignment8/install/turtlebot3_navigation/share/turtlebot3_navigation/hook/pythonpath.dsv'
[4.068s] INFO:colcon.colcon_core.shell:Creating environment hook '/home/anthony/Desktop/Assignment8/install/turtlebot3_navigation/share/turtlebot3_navigation/hook/pythonpath.sh'
[4.070s] Level 1:colcon.colcon_core.environment:checking '/home/anthony/Desktop/Assignment8/install/turtlebot3_navigation/bin'
[4.070s] Level 1:colcon.colcon_core.environment:create_environment_scripts_only(turtlebot3_navigation)
[4.071s] INFO:colcon.colcon_core.shell:Creating package script '/home/anthony/Desktop/Assignment8/install/turtlebot3_navigation/share/turtlebot3_navigation/package.ps1'
[4.074s] INFO:colcon.colcon_core.shell:Creating package descriptor '/home/anthony/Desktop/Assignment8/install/turtlebot3_navigation/share/turtlebot3_navigation/package.dsv'
[4.076s] INFO:colcon.colcon_core.shell:Creating package script '/home/anthony/Desktop/Assignment8/install/turtlebot3_navigation/share/turtlebot3_navigation/package.sh'
[4.077s] INFO:colcon.colcon_core.shell:Creating package script '/home/anthony/Desktop/Assignment8/install/turtlebot3_navigation/share/turtlebot3_navigation/package.bash'
[4.078s] INFO:colcon.colcon_core.shell:Creating package script '/home/anthony/Desktop/Assignment8/install/turtlebot3_navigation/share/turtlebot3_navigation/package.zsh'
[4.079s] Level 1:colcon.colcon_core.environment:create_file_with_runtime_dependencies(/home/anthony/Desktop/Assignment8/install/turtlebot3_navigation/share/colcon-core/packages/turtlebot3_navigation)
[4.080s] DEBUG:colcon.colcon_parallel_executor.executor.parallel:closing loop
[4.081s] DEBUG:colcon.colcon_parallel_executor.executor.parallel:loop closed
[4.082s] DEBUG:colcon.colcon_parallel_executor.executor.parallel:run_until_complete finished with '0'
[4.082s] DEBUG:colcon.colcon_core.event_reactor:joining thread
[4.101s] INFO:colcon.colcon_core.plugin_system:Skipping extension 'colcon_notification.desktop_notification.terminal_notifier': Not used on non-Darwin systems
[4.102s] INFO:colcon.colcon_core.plugin_system:Skipping extension 'colcon_notification.desktop_notification.win32': Not used on non-Windows systems
[4.102s] INFO:colcon.colcon_notification.desktop_notification:Sending desktop notification using 'notify2'
[4.123s] DEBUG:colcon.colcon_core.event_reactor:joined thread
[4.124s] INFO:colcon.colcon_core.shell:Creating prefix script '/home/anthony/Desktop/Assignment8/install/local_setup.ps1'
[4.125s] INFO:colcon.colcon_core.shell:Creating prefix util module '/home/anthony/Desktop/Assignment8/install/_local_setup_util_ps1.py'
[4.128s] INFO:colcon.colcon_core.shell:Creating prefix chain script '/home/anthony/Desktop/Assignment8/install/setup.ps1'
[4.129s] INFO:colcon.colcon_core.shell:Creating prefix script '/home/anthony/Desktop/Assignment8/install/local_setup.sh'
[4.130s] INFO:colcon.colcon_core.shell:Creating prefix util module '/home/anthony/Desktop/Assignment8/install/_local_setup_util_sh.py'
[4.131s] INFO:colcon.colcon_core.shell:Creating prefix chain script '/home/anthony/Desktop/Assignment8/install/setup.sh'
[4.133s] INFO:colcon.colcon_core.shell:Creating prefix script '/home/anthony/Desktop/Assignment8/install/local_setup.bash'
[4.134s] INFO:colcon.colcon_core.shell:Creating prefix chain script '/home/anthony/Desktop/Assignment8/install/setup.bash'
[4.135s] INFO:colcon.colcon_core.shell:Creating prefix script '/home/anthony/Desktop/Assignment8/install/local_setup.zsh'
[4.136s] INFO:colcon.colcon_core.shell:Creating prefix chain script '/home/anthony/Desktop/Assignment8/install/setup.zsh'
