[0.089s] Invoking command in '/home/anthony/Desktop/Assignment8/build/turtlebot3_simulations': AMENT_PREFIX_PATH=/home/anthony/Desktop/Assignment8/install/turtlebot3_gazebo:/home/anthony/Desktop/Assignment8/install/turtlebot3_fake_node:${AMENT_PREFIX_PATH} CMAKE_PREFIX_PATH=/home/anthony/Desktop/Assignment8/install/turtlebot3_gazebo:/home/anthony/Desktop/Assignment8/install/turtlebot3_fake_node:/opt/ros/humble /usr/bin/cmake --build /home/anthony/Desktop/Assignment8/build/turtlebot3_simulations -- -j3 -l3
[0.276s] Invoked command in '/home/anthony/Desktop/Assignment8/build/turtlebot3_simulations' returned '0': AMENT_PREFIX_PATH=/home/anthony/Desktop/Assignment8/install/turtlebot3_gazebo:/home/anthony/Desktop/Assignment8/install/turtlebot3_fake_node:${AMENT_PREFIX_PATH} CMAKE_PREFIX_PATH=/home/anthony/Desktop/Assignment8/install/turtlebot3_gazebo:/home/anthony/Desktop/Assignment8/install/turtlebot3_fake_node:/opt/ros/humble /usr/bin/cmake --build /home/anthony/Desktop/Assignment8/build/turtlebot3_simulations -- -j3 -l3
[0.393s] Invoking command in '/home/anthony/Desktop/Assignment8/build/turtlebot3_simulations': AMENT_PREFIX_PATH=/home/anthony/Desktop/Assignment8/install/turtlebot3_gazebo:/home/anthony/Desktop/Assignment8/install/turtlebot3_fake_node:${AMENT_PREFIX_PATH} CMAKE_PREFIX_PATH=/home/anthony/Desktop/Assignment8/install/turtlebot3_gazebo:/home/anthony/Desktop/Assignment8/install/turtlebot3_fake_node:/opt/ros/humble /usr/bin/cmake --install /home/anthony/Desktop/Assignment8/build/turtlebot3_simulations
[0.434s] -- Install configuration: ""
[0.437s] -- Execute custom install script
[0.439s] -- Up-to-date symlink: /home/anthony/Desktop/Assignment8/install/turtlebot3_simulations/share/ament_index/resource_index/package_run_dependencies/turtlebot3_simulations
[0.441s] -- Up-to-date symlink: /home/anthony/Desktop/Assignment8/install/turtlebot3_simulations/share/ament_index/resource_index/parent_prefix_path/turtlebot3_simulations
[0.443s] -- Up-to-date symlink: /home/anthony/Desktop/Assignment8/install/turtlebot3_simulations/share/turtlebot3_simulations/environment/ament_prefix_path.sh
[0.444s] -- Up-to-date symlink: /home/anthony/Desktop/Assignment8/install/turtlebot3_simulations/share/turtlebot3_simulations/environment/ament_prefix_path.dsv
[0.446s] -- Up-to-date symlink: /home/anthony/Desktop/Assignment8/install/turtlebot3_simulations/share/turtlebot3_simulations/environment/path.sh
[0.448s] -- Up-to-date symlink: /home/anthony/Desktop/Assignment8/install/turtlebot3_simulations/share/turtlebot3_simulations/environment/path.dsv
[0.449s] -- Up-to-date symlink: /home/anthony/Desktop/Assignment8/install/turtlebot3_simulations/share/turtlebot3_simulations/local_setup.bash
[0.451s] -- Up-to-date symlink: /home/anthony/Desktop/Assignment8/install/turtlebot3_simulations/share/turtlebot3_simulations/local_setup.sh
[0.452s] -- Up-to-date symlink: /home/anthony/Desktop/Assignment8/install/turtlebot3_simulations/share/turtlebot3_simulations/local_setup.zsh
[0.453s] -- Up-to-date symlink: /home/anthony/Desktop/Assignment8/install/turtlebot3_simulations/share/turtlebot3_simulations/local_setup.dsv
[0.455s] -- Symlinking: /home/anthony/Desktop/Assignment8/install/turtlebot3_simulations/share/turtlebot3_simulations/package.dsv
[0.509s] -- Up-to-date symlink: /home/anthony/Desktop/Assignment8/install/turtlebot3_simulations/share/ament_index/resource_index/packages/turtlebot3_simulations
[0.515s] -- Up-to-date symlink: /home/anthony/Desktop/Assignment8/install/turtlebot3_simulations/share/turtlebot3_simulations/cmake/turtlebot3_simulationsConfig.cmake
[0.515s] -- Up-to-date symlink: /home/anthony/Desktop/Assignment8/install/turtlebot3_simulations/share/turtlebot3_simulations/cmake/turtlebot3_simulationsConfig-version.cmake
[0.515s] -- Up-to-date symlink: /home/anthony/Desktop/Assignment8/install/turtlebot3_simulations/share/turtlebot3_simulations/package.xml
[0.532s] Invoked command in '/home/anthony/Desktop/Assignment8/build/turtlebot3_simulations' returned '0': AMENT_PREFIX_PATH=/home/anthony/Desktop/Assignment8/install/turtlebot3_gazebo:/home/anthony/Desktop/Assignment8/install/turtlebot3_fake_node:${AMENT_PREFIX_PATH} CMAKE_PREFIX_PATH=/home/anthony/Desktop/Assignment8/install/turtlebot3_gazebo:/home/anthony/Desktop/Assignment8/install/turtlebot3_fake_node:/opt/ros/humble /usr/bin/cmake --install /home/anthony/Desktop/Assignment8/build/turtlebot3_simulations
