[0.055s] Invoking command in '/home/anthony/Desktop/Assignment8/build/turtlebot3_interfaces': CMAKE_PREFIX_PATH=${CMAKE_PREFIX_PATH}:/home/anthony/Desktop/Assignment8/install/turtlebot3_navigation /usr/bin/cmake --build /home/anthony/Desktop/Assignment8/build/turtlebot3_interfaces -- -j3 -l3
[0.290s] [  2%] Built target turtlebot3_interfaces__cpp
[0.364s] [  2%] Built target ament_cmake_python_symlink_turtlebot3_interfaces
[0.370s] [ 12%] Built target turtlebot3_interfaces__rosidl_generator_c
[0.416s] [ 23%] Built target turtlebot3_interfaces__rosidl_typesupport_cpp
[0.450s] [ 33%] Built target turtlebot3_interfaces__rosidl_typesupport_fastrtps_cpp
[0.452s] [ 43%] Built target turtlebot3_interfaces__rosidl_typesupport_introspection_cpp
[0.528s] [ 53%] Built target turtlebot3_interfaces__rosidl_typesupport_introspection_c
[0.543s] [ 64%] Built target turtlebot3_interfaces__rosidl_typesupport_fastrtps_c
[0.593s] [ 74%] Built target turtlebot3_interfaces__rosidl_typesupport_c
[0.761s] [ 74%] Built target turtlebot3_interfaces
[0.982s] [ 76%] Built target turtlebot3_interfaces__py
[1.015s] running egg_info
[1.016s] writing turtlebot3_interfaces.egg-info/PKG-INFO
[1.017s] writing dependency_links to turtlebot3_interfaces.egg-info/dependency_links.txt
[1.017s] writing top-level names to turtlebot3_interfaces.egg-info/top_level.txt
[1.022s] reading manifest file 'turtlebot3_interfaces.egg-info/SOURCES.txt'
[1.023s] writing manifest file 'turtlebot3_interfaces.egg-info/SOURCES.txt'
[1.055s] [ 84%] Built target turtlebot3_interfaces__rosidl_generator_py
[1.067s] [ 84%] Built target ament_cmake_python_build_turtlebot3_interfaces_egg
[1.150s] [ 89%] Built target turtlebot3_interfaces__rosidl_typesupport_fastrtps_c__pyext
[1.162s] [ 94%] Built target turtlebot3_interfaces__rosidl_typesupport_c__pyext
[1.180s] [100%] Built target turtlebot3_interfaces__rosidl_typesupport_introspection_c__pyext
[1.218s] Invoked command in '/home/anthony/Desktop/Assignment8/build/turtlebot3_interfaces' returned '0': CMAKE_PREFIX_PATH=${CMAKE_PREFIX_PATH}:/home/anthony/Desktop/Assignment8/install/turtlebot3_navigation /usr/bin/cmake --build /home/anthony/Desktop/Assignment8/build/turtlebot3_interfaces -- -j3 -l3
[1.892s] Invoking command in '/home/anthony/Desktop/Assignment8/build/turtlebot3_interfaces': CMAKE_PREFIX_PATH=${CMAKE_PREFIX_PATH}:/home/anthony/Desktop/Assignment8/install/turtlebot3_navigation /usr/bin/cmake --install /home/anthony/Desktop/Assignment8/build/turtlebot3_interfaces
[1.905s] -- Install configuration: ""
[1.906s] -- Execute custom install script
[1.907s] -- Up-to-date symlink: /home/anthony/Desktop/Assignment8/install/turtlebot3_interfaces/share/ament_index/resource_index/rosidl_interfaces/turtlebot3_interfaces
[1.909s] -- Up-to-date symlink: /home/anthony/Desktop/Assignment8/install/turtlebot3_interfaces/include/turtlebot3_interfaces/turtlebot3_interfaces/action/detail/measure_lap_time__functions.h
[1.910s] -- Up-to-date symlink: /home/anthony/Desktop/Assignment8/install/turtlebot3_interfaces/include/turtlebot3_interfaces/turtlebot3_interfaces/action/detail/measure_lap_time__struct.h
[1.911s] -- Up-to-date symlink: /home/anthony/Desktop/Assignment8/install/turtlebot3_interfaces/include/turtlebot3_interfaces/turtlebot3_interfaces/action/detail/measure_lap_time__type_support.h
[1.911s] -- Up-to-date symlink: /home/anthony/Desktop/Assignment8/install/turtlebot3_interfaces/include/turtlebot3_interfaces/turtlebot3_interfaces/action/measure_lap_time.h
[1.911s] -- Up-to-date symlink: /home/anthony/Desktop/Assignment8/install/turtlebot3_interfaces/include/turtlebot3_interfaces/turtlebot3_interfaces/msg/rosidl_generator_c__visibility_control.h
[1.911s] -- Up-to-date symlink: /home/anthony/Desktop/Assignment8/install/turtlebot3_interfaces/include/turtlebot3_interfaces/turtlebot3_interfaces/srv/detail/find_closest_wall__functions.h
[1.912s] -- Up-to-date symlink: /home/anthony/Desktop/Assignment8/install/turtlebot3_interfaces/include/turtlebot3_interfaces/turtlebot3_interfaces/srv/detail/find_closest_wall__struct.h
[1.912s] -- Up-to-date symlink: /home/anthony/Desktop/Assignment8/install/turtlebot3_interfaces/include/turtlebot3_interfaces/turtlebot3_interfaces/srv/detail/find_closest_wall__type_support.h
[1.912s] -- Up-to-date symlink: /home/anthony/Desktop/Assignment8/install/turtlebot3_interfaces/include/turtlebot3_interfaces/turtlebot3_interfaces/srv/find_closest_wall.h
[1.913s] -- Up-to-date symlink: /home/anthony/Desktop/Assignment8/install/turtlebot3_interfaces/share/turtlebot3_interfaces/environment/library_path.sh
[1.913s] -- Up-to-date symlink: /home/anthony/Desktop/Assignment8/install/turtlebot3_interfaces/share/turtlebot3_interfaces/environment/library_path.dsv
[1.913s] -- Up-to-date symlink: /home/anthony/Desktop/Assignment8/install/turtlebot3_interfaces/include/turtlebot3_interfaces/turtlebot3_interfaces/action/detail/measure_lap_time__rosidl_typesupport_fastrtps_c.h
[1.913s] -- Up-to-date symlink: /home/anthony/Desktop/Assignment8/install/turtlebot3_interfaces/include/turtlebot3_interfaces/turtlebot3_interfaces/msg/rosidl_typesupport_fastrtps_c__visibility_control.h
[1.914s] -- Up-to-date symlink: /home/anthony/Desktop/Assignment8/install/turtlebot3_interfaces/include/turtlebot3_interfaces/turtlebot3_interfaces/srv/detail/find_closest_wall__rosidl_typesupport_fastrtps_c.h
[1.914s] -- Up-to-date symlink: /home/anthony/Desktop/Assignment8/install/turtlebot3_interfaces/include/turtlebot3_interfaces/turtlebot3_interfaces/action/detail/measure_lap_time__rosidl_typesupport_introspection_c.h
[1.915s] -- Up-to-date symlink: /home/anthony/Desktop/Assignment8/install/turtlebot3_interfaces/include/turtlebot3_interfaces/turtlebot3_interfaces/msg/rosidl_typesupport_introspection_c__visibility_control.h
[1.916s] -- Up-to-date symlink: /home/anthony/Desktop/Assignment8/install/turtlebot3_interfaces/include/turtlebot3_interfaces/turtlebot3_interfaces/srv/detail/find_closest_wall__rosidl_typesupport_introspection_c.h
[1.916s] -- Up-to-date symlink: /home/anthony/Desktop/Assignment8/install/turtlebot3_interfaces/include/turtlebot3_interfaces/turtlebot3_interfaces/action/detail/measure_lap_time__builder.hpp
[1.917s] -- Up-to-date symlink: /home/anthony/Desktop/Assignment8/install/turtlebot3_interfaces/include/turtlebot3_interfaces/turtlebot3_interfaces/action/detail/measure_lap_time__struct.hpp
[1.917s] -- Up-to-date symlink: /home/anthony/Desktop/Assignment8/install/turtlebot3_interfaces/include/turtlebot3_interfaces/turtlebot3_interfaces/action/detail/measure_lap_time__traits.hpp
[1.918s] -- Up-to-date symlink: /home/anthony/Desktop/Assignment8/install/turtlebot3_interfaces/include/turtlebot3_interfaces/turtlebot3_interfaces/action/measure_lap_time.hpp
[1.918s] -- Up-to-date symlink: /home/anthony/Desktop/Assignment8/install/turtlebot3_interfaces/include/turtlebot3_interfaces/turtlebot3_interfaces/srv/detail/find_closest_wall__builder.hpp
[1.919s] -- Up-to-date symlink: /home/anthony/Desktop/Assignment8/install/turtlebot3_interfaces/include/turtlebot3_interfaces/turtlebot3_interfaces/srv/detail/find_closest_wall__struct.hpp
[1.920s] -- Up-to-date symlink: /home/anthony/Desktop/Assignment8/install/turtlebot3_interfaces/include/turtlebot3_interfaces/turtlebot3_interfaces/srv/detail/find_closest_wall__traits.hpp
[1.920s] -- Up-to-date symlink: /home/anthony/Desktop/Assignment8/install/turtlebot3_interfaces/include/turtlebot3_interfaces/turtlebot3_interfaces/srv/find_closest_wall.hpp
[1.921s] -- Up-to-date symlink: /home/anthony/Desktop/Assignment8/install/turtlebot3_interfaces/include/turtlebot3_interfaces/turtlebot3_interfaces/action/detail/measure_lap_time__rosidl_typesupport_fastrtps_cpp.hpp
[1.921s] -- Up-to-date symlink: /home/anthony/Desktop/Assignment8/install/turtlebot3_interfaces/include/turtlebot3_interfaces/turtlebot3_interfaces/msg/rosidl_typesupport_fastrtps_cpp__visibility_control.h
[1.922s] -- Up-to-date symlink: /home/anthony/Desktop/Assignment8/install/turtlebot3_interfaces/include/turtlebot3_interfaces/turtlebot3_interfaces/srv/detail/find_closest_wall__rosidl_typesupport_fastrtps_cpp.hpp
[1.922s] -- Up-to-date symlink: /home/anthony/Desktop/Assignment8/install/turtlebot3_interfaces/include/turtlebot3_interfaces/turtlebot3_interfaces/action/detail/measure_lap_time__rosidl_typesupport_introspection_cpp.hpp
[1.923s] -- Up-to-date symlink: /home/anthony/Desktop/Assignment8/install/turtlebot3_interfaces/include/turtlebot3_interfaces/turtlebot3_interfaces/srv/detail/find_closest_wall__rosidl_typesupport_introspection_cpp.hpp
[1.924s] -- Up-to-date symlink: /home/anthony/Desktop/Assignment8/install/turtlebot3_interfaces/share/turtlebot3_interfaces/environment/pythonpath.sh
[1.924s] -- Up-to-date symlink: /home/anthony/Desktop/Assignment8/install/turtlebot3_interfaces/share/turtlebot3_interfaces/environment/pythonpath.dsv
[1.925s] -- Up-to-date symlink: /home/anthony/Desktop/Assignment8/install/turtlebot3_interfaces/local/lib/python3.10/dist-packages/turtlebot3_interfaces-0.0.0-py3.10.egg-info/PKG-INFO
[1.925s] -- Up-to-date symlink: /home/anthony/Desktop/Assignment8/install/turtlebot3_interfaces/local/lib/python3.10/dist-packages/turtlebot3_interfaces-0.0.0-py3.10.egg-info/SOURCES.txt
[1.925s] -- Up-to-date symlink: /home/anthony/Desktop/Assignment8/install/turtlebot3_interfaces/local/lib/python3.10/dist-packages/turtlebot3_interfaces-0.0.0-py3.10.egg-info/dependency_links.txt
[1.926s] -- Up-to-date symlink: /home/anthony/Desktop/Assignment8/install/turtlebot3_interfaces/local/lib/python3.10/dist-packages/turtlebot3_interfaces-0.0.0-py3.10.egg-info/top_level.txt
[1.926s] -- Up-to-date symlink: /home/anthony/Desktop/Assignment8/install/turtlebot3_interfaces/local/lib/python3.10/dist-packages/turtlebot3_interfaces/__init__.py
[1.926s] -- Up-to-date symlink: /home/anthony/Desktop/Assignment8/install/turtlebot3_interfaces/local/lib/python3.10/dist-packages/turtlebot3_interfaces/_turtlebot3_interfaces_s.ep.rosidl_typesupport_c.c
[1.927s] -- Up-to-date symlink: /home/anthony/Desktop/Assignment8/install/turtlebot3_interfaces/local/lib/python3.10/dist-packages/turtlebot3_interfaces/_turtlebot3_interfaces_s.ep.rosidl_typesupport_fastrtps_c.c
[1.928s] -- Up-to-date symlink: /home/anthony/Desktop/Assignment8/install/turtlebot3_interfaces/local/lib/python3.10/dist-packages/turtlebot3_interfaces/_turtlebot3_interfaces_s.ep.rosidl_typesupport_introspection_c.c
[1.928s] -- Up-to-date symlink: /home/anthony/Desktop/Assignment8/install/turtlebot3_interfaces/local/lib/python3.10/dist-packages/turtlebot3_interfaces/action/__init__.py
[1.929s] -- Up-to-date symlink: /home/anthony/Desktop/Assignment8/install/turtlebot3_interfaces/local/lib/python3.10/dist-packages/turtlebot3_interfaces/action/_measure_lap_time.py
[1.929s] -- Up-to-date symlink: /home/anthony/Desktop/Assignment8/install/turtlebot3_interfaces/local/lib/python3.10/dist-packages/turtlebot3_interfaces/action/_measure_lap_time_s.c
[1.931s] -- Up-to-date symlink: /home/anthony/Desktop/Assignment8/install/turtlebot3_interfaces/local/lib/python3.10/dist-packages/turtlebot3_interfaces/libturtlebot3_interfaces__rosidl_generator_py.so
[1.931s] -- Up-to-date symlink: /home/anthony/Desktop/Assignment8/install/turtlebot3_interfaces/local/lib/python3.10/dist-packages/turtlebot3_interfaces/srv/__init__.py
[1.931s] -- Up-to-date symlink: /home/anthony/Desktop/Assignment8/install/turtlebot3_interfaces/local/lib/python3.10/dist-packages/turtlebot3_interfaces/srv/_find_closest_wall.py
[1.932s] -- Up-to-date symlink: /home/anthony/Desktop/Assignment8/install/turtlebot3_interfaces/local/lib/python3.10/dist-packages/turtlebot3_interfaces/srv/_find_closest_wall_s.c
[1.932s] -- Up-to-date symlink: /home/anthony/Desktop/Assignment8/install/turtlebot3_interfaces/local/lib/python3.10/dist-packages/turtlebot3_interfaces/turtlebot3_interfaces_s__rosidl_typesupport_c.cpython-310-x86_64-linux-gnu.so
[1.932s] -- Up-to-date symlink: /home/anthony/Desktop/Assignment8/install/turtlebot3_interfaces/local/lib/python3.10/dist-packages/turtlebot3_interfaces/turtlebot3_interfaces_s__rosidl_typesupport_fastrtps_c.cpython-310-x86_64-linux-gnu.so
[1.933s] -- Up-to-date symlink: /home/anthony/Desktop/Assignment8/install/turtlebot3_interfaces/local/lib/python3.10/dist-packages/turtlebot3_interfaces/turtlebot3_interfaces_s__rosidl_typesupport_introspection_c.cpython-310-x86_64-linux-gnu.so
[1.934s] -- Up-to-date symlink: /home/anthony/Desktop/Assignment8/install/turtlebot3_interfaces/local/lib/python3.10/dist-packages/turtlebot3_interfaces/turtlebot3_interfaces_s__rosidl_typesupport_fastrtps_c.cpython-310-x86_64-linux-gnu.so
[1.934s] -- Up-to-date symlink: /home/anthony/Desktop/Assignment8/install/turtlebot3_interfaces/local/lib/python3.10/dist-packages/turtlebot3_interfaces/turtlebot3_interfaces_s__rosidl_typesupport_introspection_c.cpython-310-x86_64-linux-gnu.so
[1.935s] -- Up-to-date symlink: /home/anthony/Desktop/Assignment8/install/turtlebot3_interfaces/local/lib/python3.10/dist-packages/turtlebot3_interfaces/turtlebot3_interfaces_s__rosidl_typesupport_c.cpython-310-x86_64-linux-gnu.so
[1.936s] -- Up-to-date symlink: /home/anthony/Desktop/Assignment8/install/turtlebot3_interfaces/share/turtlebot3_interfaces/action/MeasureLapTime.idl
[1.938s] -- Up-to-date symlink: /home/anthony/Desktop/Assignment8/install/turtlebot3_interfaces/share/turtlebot3_interfaces/srv/FindClosestWall.idl
[1.939s] -- Up-to-date symlink: /home/anthony/Desktop/Assignment8/install/turtlebot3_interfaces/share/turtlebot3_interfaces/action/MeasureLapTime.action
[1.939s] -- Up-to-date symlink: /home/anthony/Desktop/Assignment8/install/turtlebot3_interfaces/share/turtlebot3_interfaces/srv/FindClosestWall.srv
[1.941s] -- Up-to-date symlink: /home/anthony/Desktop/Assignment8/install/turtlebot3_interfaces/share/turtlebot3_interfaces/srv/FindClosestWall_Request.msg
[1.941s] -- Up-to-date symlink: /home/anthony/Desktop/Assignment8/install/turtlebot3_interfaces/share/turtlebot3_interfaces/srv/FindClosestWall_Response.msg
[1.942s] -- Up-to-date symlink: /home/anthony/Desktop/Assignment8/install/turtlebot3_interfaces/share/ament_index/resource_index/package_run_dependencies/turtlebot3_interfaces
[1.942s] -- Up-to-date symlink: /home/anthony/Desktop/Assignment8/install/turtlebot3_interfaces/share/ament_index/resource_index/parent_prefix_path/turtlebot3_interfaces
[1.943s] -- Up-to-date symlink: /home/anthony/Desktop/Assignment8/install/turtlebot3_interfaces/share/turtlebot3_interfaces/environment/ament_prefix_path.sh
[1.943s] -- Up-to-date symlink: /home/anthony/Desktop/Assignment8/install/turtlebot3_interfaces/share/turtlebot3_interfaces/environment/ament_prefix_path.dsv
[1.944s] -- Up-to-date symlink: /home/anthony/Desktop/Assignment8/install/turtlebot3_interfaces/share/turtlebot3_interfaces/environment/path.sh
[1.945s] -- Up-to-date symlink: /home/anthony/Desktop/Assignment8/install/turtlebot3_interfaces/share/turtlebot3_interfaces/environment/path.dsv
[1.945s] -- Up-to-date symlink: /home/anthony/Desktop/Assignment8/install/turtlebot3_interfaces/share/turtlebot3_interfaces/local_setup.bash
[1.946s] -- Up-to-date symlink: /home/anthony/Desktop/Assignment8/install/turtlebot3_interfaces/share/turtlebot3_interfaces/local_setup.sh
[1.947s] -- Up-to-date symlink: /home/anthony/Desktop/Assignment8/install/turtlebot3_interfaces/share/turtlebot3_interfaces/local_setup.zsh
[1.947s] -- Up-to-date symlink: /home/anthony/Desktop/Assignment8/install/turtlebot3_interfaces/share/turtlebot3_interfaces/local_setup.dsv
[1.947s] -- Symlinking: /home/anthony/Desktop/Assignment8/install/turtlebot3_interfaces/share/turtlebot3_interfaces/package.dsv
[1.960s] -- Up-to-date symlink: /home/anthony/Desktop/Assignment8/install/turtlebot3_interfaces/share/ament_index/resource_index/packages/turtlebot3_interfaces
[1.961s] -- Up-to-date symlink: /home/anthony/Desktop/Assignment8/install/turtlebot3_interfaces/share/turtlebot3_interfaces/cmake/rosidl_cmake-extras.cmake
[1.962s] -- Up-to-date symlink: /home/anthony/Desktop/Assignment8/install/turtlebot3_interfaces/share/turtlebot3_interfaces/cmake/ament_cmake_export_dependencies-extras.cmake
[1.962s] -- Up-to-date symlink: /home/anthony/Desktop/Assignment8/install/turtlebot3_interfaces/share/turtlebot3_interfaces/cmake/ament_cmake_export_include_directories-extras.cmake
[1.963s] -- Up-to-date symlink: /home/anthony/Desktop/Assignment8/install/turtlebot3_interfaces/share/turtlebot3_interfaces/cmake/ament_cmake_export_libraries-extras.cmake
[1.964s] -- Up-to-date symlink: /home/anthony/Desktop/Assignment8/install/turtlebot3_interfaces/share/turtlebot3_interfaces/cmake/ament_cmake_export_targets-extras.cmake
[1.965s] -- Up-to-date symlink: /home/anthony/Desktop/Assignment8/install/turtlebot3_interfaces/share/turtlebot3_interfaces/cmake/rosidl_cmake_export_typesupport_targets-extras.cmake
[1.966s] -- Up-to-date symlink: /home/anthony/Desktop/Assignment8/install/turtlebot3_interfaces/share/turtlebot3_interfaces/cmake/rosidl_cmake_export_typesupport_libraries-extras.cmake
[1.966s] -- Up-to-date symlink: /home/anthony/Desktop/Assignment8/install/turtlebot3_interfaces/share/turtlebot3_interfaces/cmake/turtlebot3_interfacesConfig.cmake
[1.967s] -- Up-to-date symlink: /home/anthony/Desktop/Assignment8/install/turtlebot3_interfaces/share/turtlebot3_interfaces/cmake/turtlebot3_interfacesConfig-version.cmake
[1.968s] -- Up-to-date symlink: /home/anthony/Desktop/Assignment8/install/turtlebot3_interfaces/share/turtlebot3_interfaces/package.xml
[1.968s] -- Up-to-date: /home/anthony/Desktop/Assignment8/install/turtlebot3_interfaces/lib/libturtlebot3_interfaces__rosidl_generator_c.so
[1.968s] -- Up-to-date: /home/anthony/Desktop/Assignment8/install/turtlebot3_interfaces/lib/libturtlebot3_interfaces__rosidl_typesupport_fastrtps_c.so
[1.969s] -- Up-to-date: /home/anthony/Desktop/Assignment8/install/turtlebot3_interfaces/lib/libturtlebot3_interfaces__rosidl_typesupport_introspection_c.so
[1.970s] -- Up-to-date: /home/anthony/Desktop/Assignment8/install/turtlebot3_interfaces/lib/libturtlebot3_interfaces__rosidl_typesupport_c.so
[1.972s] -- Up-to-date: /home/anthony/Desktop/Assignment8/install/turtlebot3_interfaces/lib/libturtlebot3_interfaces__rosidl_typesupport_fastrtps_cpp.so
[1.974s] -- Up-to-date: /home/anthony/Desktop/Assignment8/install/turtlebot3_interfaces/lib/libturtlebot3_interfaces__rosidl_typesupport_introspection_cpp.so
[1.976s] -- Up-to-date: /home/anthony/Desktop/Assignment8/install/turtlebot3_interfaces/lib/libturtlebot3_interfaces__rosidl_typesupport_cpp.so
[2.098s] Listing '/home/anthony/Desktop/Assignment8/install/turtlebot3_interfaces/local/lib/python3.10/dist-packages/turtlebot3_interfaces'...
[2.099s] Listing '/home/anthony/Desktop/Assignment8/install/turtlebot3_interfaces/local/lib/python3.10/dist-packages/turtlebot3_interfaces/action'...
[2.099s] Listing '/home/anthony/Desktop/Assignment8/install/turtlebot3_interfaces/local/lib/python3.10/dist-packages/turtlebot3_interfaces/srv'...
[2.099s] -- Up-to-date: /home/anthony/Desktop/Assignment8/install/turtlebot3_interfaces/lib/libturtlebot3_interfaces__rosidl_generator_py.so
[2.102s] -- Up-to-date: /home/anthony/Desktop/Assignment8/install/turtlebot3_interfaces/share/turtlebot3_interfaces/cmake/export_turtlebot3_interfaces__rosidl_generator_cExport.cmake
[2.103s] -- Up-to-date: /home/anthony/Desktop/Assignment8/install/turtlebot3_interfaces/share/turtlebot3_interfaces/cmake/export_turtlebot3_interfaces__rosidl_generator_cExport-noconfig.cmake
[2.104s] -- Up-to-date: /home/anthony/Desktop/Assignment8/install/turtlebot3_interfaces/share/turtlebot3_interfaces/cmake/export_turtlebot3_interfaces__rosidl_typesupport_fastrtps_cExport.cmake
[2.105s] -- Up-to-date: /home/anthony/Desktop/Assignment8/install/turtlebot3_interfaces/share/turtlebot3_interfaces/cmake/export_turtlebot3_interfaces__rosidl_typesupport_fastrtps_cExport-noconfig.cmake
[2.106s] -- Up-to-date: /home/anthony/Desktop/Assignment8/install/turtlebot3_interfaces/share/turtlebot3_interfaces/cmake/turtlebot3_interfaces__rosidl_typesupport_introspection_cExport.cmake
[2.107s] -- Up-to-date: /home/anthony/Desktop/Assignment8/install/turtlebot3_interfaces/share/turtlebot3_interfaces/cmake/turtlebot3_interfaces__rosidl_typesupport_introspection_cExport-noconfig.cmake
[2.109s] -- Up-to-date: /home/anthony/Desktop/Assignment8/install/turtlebot3_interfaces/share/turtlebot3_interfaces/cmake/turtlebot3_interfaces__rosidl_typesupport_cExport.cmake
[2.109s] -- Up-to-date: /home/anthony/Desktop/Assignment8/install/turtlebot3_interfaces/share/turtlebot3_interfaces/cmake/turtlebot3_interfaces__rosidl_typesupport_cExport-noconfig.cmake
[2.110s] -- Up-to-date: /home/anthony/Desktop/Assignment8/install/turtlebot3_interfaces/share/turtlebot3_interfaces/cmake/export_turtlebot3_interfaces__rosidl_generator_cppExport.cmake
[2.110s] -- Up-to-date: /home/anthony/Desktop/Assignment8/install/turtlebot3_interfaces/share/turtlebot3_interfaces/cmake/export_turtlebot3_interfaces__rosidl_typesupport_fastrtps_cppExport.cmake
[2.111s] -- Up-to-date: /home/anthony/Desktop/Assignment8/install/turtlebot3_interfaces/share/turtlebot3_interfaces/cmake/export_turtlebot3_interfaces__rosidl_typesupport_fastrtps_cppExport-noconfig.cmake
[2.112s] -- Up-to-date: /home/anthony/Desktop/Assignment8/install/turtlebot3_interfaces/share/turtlebot3_interfaces/cmake/turtlebot3_interfaces__rosidl_typesupport_introspection_cppExport.cmake
[2.113s] -- Up-to-date: /home/anthony/Desktop/Assignment8/install/turtlebot3_interfaces/share/turtlebot3_interfaces/cmake/turtlebot3_interfaces__rosidl_typesupport_introspection_cppExport-noconfig.cmake
[2.113s] -- Up-to-date: /home/anthony/Desktop/Assignment8/install/turtlebot3_interfaces/share/turtlebot3_interfaces/cmake/turtlebot3_interfaces__rosidl_typesupport_cppExport.cmake
[2.114s] -- Up-to-date: /home/anthony/Desktop/Assignment8/install/turtlebot3_interfaces/share/turtlebot3_interfaces/cmake/turtlebot3_interfaces__rosidl_typesupport_cppExport-noconfig.cmake
[2.115s] -- Up-to-date: /home/anthony/Desktop/Assignment8/install/turtlebot3_interfaces/share/turtlebot3_interfaces/cmake/export_turtlebot3_interfaces__rosidl_generator_pyExport.cmake
[2.115s] -- Up-to-date: /home/anthony/Desktop/Assignment8/install/turtlebot3_interfaces/share/turtlebot3_interfaces/cmake/export_turtlebot3_interfaces__rosidl_generator_pyExport-noconfig.cmake
[2.127s] Invoked command in '/home/anthony/Desktop/Assignment8/build/turtlebot3_interfaces' returned '0': CMAKE_PREFIX_PATH=${CMAKE_PREFIX_PATH}:/home/anthony/Desktop/Assignment8/install/turtlebot3_navigation /usr/bin/cmake --install /home/anthony/Desktop/Assignment8/build/turtlebot3_interfaces
