running develop
/usr/lib/python3/dist-packages/setuptools/command/easy_install.py:158: EasyInstallDeprecationWarning: easy_install command is deprecated. Use build and pip and other standards-based tools.
  warnings.warn(
Removing /home/anthony/Desktop/Assignment8/install/turtlebot3_navigation/lib/python3.10/site-packages/turtlebot3-navigation.egg-link (link to .)
running egg_info
writing ../../build/turtlebot3_navigation/turtlebot3_navigation.egg-info/PKG-INFO
writing dependency_links to ../../build/turtlebot3_navigation/turtlebot3_navigation.egg-info/dependency_links.txt
writing entry points to ../../build/turtlebot3_navigation/turtlebot3_navigation.egg-info/entry_points.txt
writing requirements to ../../build/turtlebot3_navigation/turtlebot3_navigation.egg-info/requires.txt
writing top-level names to ../../build/turtlebot3_navigation/turtlebot3_navigation.egg-info/top_level.txt
reading manifest file '../../build/turtlebot3_navigation/turtlebot3_navigation.egg-info/SOURCES.txt'
writing manifest file '../../build/turtlebot3_navigation/turtlebot3_navigation.egg-info/SOURCES.txt'
running build
running build_py
creating /home/anthony/Desktop/Assignment8/build/turtlebot3_navigation/build
creating /home/anthony/Desktop/Assignment8/build/turtlebot3_navigation/build/lib
creating /home/anthony/Desktop/Assignment8/build/turtlebot3_navigation/build/lib/turtlebot3_navigation
copying turtlebot3_navigation/robot_driver.py -> /home/anthony/Desktop/Assignment8/build/turtlebot3_navigation/build/lib/turtlebot3_navigation
copying turtlebot3_navigation/wall_finder_server.py -> /home/anthony/Desktop/Assignment8/build/turtlebot3_navigation/build/lib/turtlebot3_navigation
copying turtlebot3_navigation/__init__.py -> /home/anthony/Desktop/Assignment8/build/turtlebot3_navigation/build/lib/turtlebot3_navigation
running install
running install_lib
creating /home/anthony/Desktop/Assignment8/install/turtlebot3_navigation/lib/python3.10/site-packages/turtlebot3_navigation
copying /home/anthony/Desktop/Assignment8/build/turtlebot3_navigation/build/lib/turtlebot3_navigation/robot_driver.py -> /home/anthony/Desktop/Assignment8/install/turtlebot3_navigation/lib/python3.10/site-packages/turtlebot3_navigation
copying /home/anthony/Desktop/Assignment8/build/turtlebot3_navigation/build/lib/turtlebot3_navigation/wall_finder_server.py -> /home/anthony/Desktop/Assignment8/install/turtlebot3_navigation/lib/python3.10/site-packages/turtlebot3_navigation
copying /home/anthony/Desktop/Assignment8/build/turtlebot3_navigation/build/lib/turtlebot3_navigation/__init__.py -> /home/anthony/Desktop/Assignment8/install/turtlebot3_navigation/lib/python3.10/site-packages/turtlebot3_navigation
byte-compiling /home/anthony/Desktop/Assignment8/install/turtlebot3_navigation/lib/python3.10/site-packages/turtlebot3_navigation/robot_driver.py to robot_driver.cpython-310.pyc
byte-compiling /home/anthony/Desktop/Assignment8/install/turtlebot3_navigation/lib/python3.10/site-packages/turtlebot3_navigation/wall_finder_server.py to wall_finder_server.cpython-310.pyc
byte-compiling /home/anthony/Desktop/Assignment8/install/turtlebot3_navigation/lib/python3.10/site-packages/turtlebot3_navigation/__init__.py to __init__.cpython-310.pyc
running install_data
copying resource/turtlebot3_navigation -> /home/anthony/Desktop/Assignment8/install/turtlebot3_navigation/share/ament_index/resource_index/packages
copying package.xml -> /home/anthony/Desktop/Assignment8/install/turtlebot3_navigation/share/turtlebot3_navigation
running install_egg_info
Copying ../../build/turtlebot3_navigation/turtlebot3_navigation.egg-info to /home/anthony/Desktop/Assignment8/install/turtlebot3_navigation/lib/python3.10/site-packages/turtlebot3_navigation-0.0.0-py3.10.egg-info
running install_scripts
Installing robot_driver script to /home/anthony/Desktop/Assignment8/install/turtlebot3_navigation/lib/turtlebot3_navigation
Installing wall_finder_server script to /home/anthony/Desktop/Assignment8/install/turtlebot3_navigation/lib/turtlebot3_navigation
writing list of installed files to '/home/anthony/Desktop/Assignment8/build/turtlebot3_navigation/install.log'
