[0.037s] Invoking command in '/home/anthony/Desktop/Assignment8/build/turtlebot3_fake_node': CMAKE_PREFIX_PATH=${CMAKE_PREFIX_PATH}:/home/anthony/Desktop/Assignment8/install/turtlebot3_navigation /usr/bin/cmake --build /home/anthony/Desktop/Assignment8/build/turtlebot3_fake_node -- -j3 -l3
[0.276s] [100%] Built target turtlebot3_fake_node
[0.300s] Invoked command in '/home/anthony/Desktop/Assignment8/build/turtlebot3_fake_node' returned '0': CMAKE_PREFIX_PATH=${CMAKE_PREFIX_PATH}:/home/anthony/Desktop/Assignment8/install/turtlebot3_navigation /usr/bin/cmake --build /home/anthony/Desktop/Assignment8/build/turtlebot3_fake_node -- -j3 -l3
[0.415s] Invoking command in '/home/anthony/Desktop/Assignment8/build/turtlebot3_fake_node': CMAKE_PREFIX_PATH=${CMAKE_PREFIX_PATH}:/home/anthony/Desktop/Assignment8/install/turtlebot3_navigation /usr/bin/cmake --install /home/anthony/Desktop/Assignment8/build/turtlebot3_fake_node
[0.430s] -- Install configuration: ""
[0.431s] -- Execute custom install script
[0.437s] -- Up-to-date symlink: /home/anthony/Desktop/Assignment8/install/turtlebot3_fake_node/lib/turtlebot3_fake_node/turtlebot3_fake_node
[0.443s] -- Up-to-date symlink: /home/anthony/Desktop/Assignment8/install/turtlebot3_fake_node/share/turtlebot3_fake_node/launch/rviz2.launch.py
[0.443s] -- Up-to-date symlink: /home/anthony/Desktop/Assignment8/install/turtlebot3_fake_node/share/turtlebot3_fake_node/launch/turtlebot3_fake_node.launch.py
[0.444s] -- Up-to-date symlink: /home/anthony/Desktop/Assignment8/install/turtlebot3_fake_node/share/turtlebot3_fake_node/param/burger.yaml
[0.445s] -- Up-to-date symlink: /home/anthony/Desktop/Assignment8/install/turtlebot3_fake_node/share/turtlebot3_fake_node/param/waffle.yaml
[0.446s] -- Up-to-date symlink: /home/anthony/Desktop/Assignment8/install/turtlebot3_fake_node/share/turtlebot3_fake_node/param/waffle_pi.yaml
[0.448s] -- Up-to-date symlink: /home/anthony/Desktop/Assignment8/install/turtlebot3_fake_node/include//turtlebot3_fake_node/turtlebot3_fake_node.hpp
[0.448s] -- Up-to-date symlink: /home/anthony/Desktop/Assignment8/install/turtlebot3_fake_node/share/ament_index/resource_index/package_run_dependencies/turtlebot3_fake_node
[0.448s] -- Up-to-date symlink: /home/anthony/Desktop/Assignment8/install/turtlebot3_fake_node/share/ament_index/resource_index/parent_prefix_path/turtlebot3_fake_node
[0.449s] -- Up-to-date symlink: /home/anthony/Desktop/Assignment8/install/turtlebot3_fake_node/share/turtlebot3_fake_node/environment/ament_prefix_path.sh
[0.449s] -- Up-to-date symlink: /home/anthony/Desktop/Assignment8/install/turtlebot3_fake_node/share/turtlebot3_fake_node/environment/ament_prefix_path.dsv
[0.450s] -- Up-to-date symlink: /home/anthony/Desktop/Assignment8/install/turtlebot3_fake_node/share/turtlebot3_fake_node/environment/path.sh
[0.450s] -- Up-to-date symlink: /home/anthony/Desktop/Assignment8/install/turtlebot3_fake_node/share/turtlebot3_fake_node/environment/path.dsv
[0.450s] -- Up-to-date symlink: /home/anthony/Desktop/Assignment8/install/turtlebot3_fake_node/share/turtlebot3_fake_node/local_setup.bash
[0.451s] -- Up-to-date symlink: /home/anthony/Desktop/Assignment8/install/turtlebot3_fake_node/share/turtlebot3_fake_node/local_setup.sh
[0.454s] -- Up-to-date symlink: /home/anthony/Desktop/Assignment8/install/turtlebot3_fake_node/share/turtlebot3_fake_node/local_setup.zsh
[0.454s] -- Up-to-date symlink: /home/anthony/Desktop/Assignment8/install/turtlebot3_fake_node/share/turtlebot3_fake_node/local_setup.dsv
[0.454s] -- Symlinking: /home/anthony/Desktop/Assignment8/install/turtlebot3_fake_node/share/turtlebot3_fake_node/package.dsv
[0.466s] -- Up-to-date symlink: /home/anthony/Desktop/Assignment8/install/turtlebot3_fake_node/share/ament_index/resource_index/packages/turtlebot3_fake_node
[0.467s] -- Up-to-date symlink: /home/anthony/Desktop/Assignment8/install/turtlebot3_fake_node/share/turtlebot3_fake_node/cmake/ament_cmake_export_include_directories-extras.cmake
[0.468s] -- Up-to-date symlink: /home/anthony/Desktop/Assignment8/install/turtlebot3_fake_node/share/turtlebot3_fake_node/cmake/ament_cmake_export_dependencies-extras.cmake
[0.468s] -- Up-to-date symlink: /home/anthony/Desktop/Assignment8/install/turtlebot3_fake_node/share/turtlebot3_fake_node/cmake/turtlebot3_fake_nodeConfig.cmake
[0.470s] -- Up-to-date symlink: /home/anthony/Desktop/Assignment8/install/turtlebot3_fake_node/share/turtlebot3_fake_node/cmake/turtlebot3_fake_nodeConfig-version.cmake
[0.470s] -- Up-to-date symlink: /home/anthony/Desktop/Assignment8/install/turtlebot3_fake_node/share/turtlebot3_fake_node/package.xml
[0.472s] Invoked command in '/home/anthony/Desktop/Assignment8/build/turtlebot3_fake_node' returned '0': CMAKE_PREFIX_PATH=${CMAKE_PREFIX_PATH}:/home/anthony/Desktop/Assignment8/install/turtlebot3_navigation /usr/bin/cmake --install /home/anthony/Desktop/Assignment8/build/turtlebot3_fake_node
