[0.231s] DEBUG:colcon:Command line arguments: ['/usr/bin/colcon', 'build', '--symlink-install']
[0.231s] DEBUG:colcon:Parsed command line arguments: Namespace(log_base=None, log_level=None, verb_name='build', build_base='build', install_base='install', merge_install=False, symlink_install=True, test_result_base=None, continue_on_error=False, executor='parallel', parallel_workers=3, event_handlers=None, ignore_user_meta=False, metas=['./colcon.meta'], base_paths=['.'], packages_ignore=None, packages_ignore_regex=None, paths=None, packages_up_to=None, packages_up_to_regex=None, packages_above=None, packages_above_and_dependencies=None, packages_above_depth=None, packages_select_by_dep=None, packages_skip_by_dep=None, packages_skip_up_to=None, packages_select_build_failed=False, packages_skip_build_finished=False, packages_select_test_failures=False, packages_skip_test_passed=False, packages_select=None, packages_skip=None, packages_select_regex=None, packages_skip_regex=None, packages_start=None, packages_end=None, allow_overriding=[], cmake_args=None, cmake_target=None, cmake_target_skip_unavailable=False, cmake_clean_cache=False, cmake_clean_first=False, cmake_force_configure=False, ament_cmake_args=None, catkin_cmake_args=None, catkin_skip_building_tests=False, verb_parser=<colcon_defaults.argument_parser.defaults.DefaultArgumentsDecorator object at 0x7da94e5442e0>, verb_extension=<colcon_core.verb.build.BuildVerb object at 0x7da94e507d90>, main=<bound method BuildVerb.main of <colcon_core.verb.build.BuildVerb object at 0x7da94e507d90>>)
[0.731s] Level 1:colcon.colcon_core.package_discovery:discover_packages(colcon_meta) check parameters
[0.732s] Level 1:colcon.colcon_core.package_discovery:discover_packages(recursive) check parameters
[0.732s] Level 1:colcon.colcon_core.package_discovery:discover_packages(ignore) check parameters
[0.732s] Level 1:colcon.colcon_core.package_discovery:discover_packages(path) check parameters
[0.732s] Level 1:colcon.colcon_core.package_discovery:discover_packages(colcon_meta) discover
[0.732s] Level 1:colcon.colcon_core.package_discovery:discover_packages(recursive) discover
[0.732s] INFO:colcon.colcon_core.package_discovery:Crawling recursively for packages in '/home/anthony/Desktop/Assignment8'
[0.733s] Level 1:colcon.colcon_core.package_identification:_identify(.) by extensions ['ignore', 'ignore_ament_install']
[0.733s] Level 1:colcon.colcon_core.package_identification:_identify(.) by extension 'ignore'
[0.733s] Level 1:colcon.colcon_core.package_identification:_identify(.) by extension 'ignore_ament_install'
[0.733s] Level 1:colcon.colcon_core.package_identification:_identify(.) by extensions ['colcon_pkg']
[0.733s] Level 1:colcon.colcon_core.package_identification:_identify(.) by extension 'colcon_pkg'
[0.734s] Level 1:colcon.colcon_core.package_identification:_identify(.) by extensions ['colcon_meta']
[0.734s] Level 1:colcon.colcon_core.package_identification:_identify(.) by extension 'colcon_meta'
[0.734s] Level 1:colcon.colcon_core.package_identification:_identify(.) by extensions ['ros']
[0.734s] Level 1:colcon.colcon_core.package_identification:_identify(.) by extension 'ros'
[0.775s] Level 1:colcon.colcon_core.package_identification:_identify(.) by extensions ['cmake', 'python']
[0.775s] Level 1:colcon.colcon_core.package_identification:_identify(.) by extension 'cmake'
[0.775s] Level 1:colcon.colcon_core.package_identification:_identify(.) by extension 'python'
[0.775s] Level 1:colcon.colcon_core.package_identification:_identify(.) by extensions ['python_setup_py']
[0.776s] Level 1:colcon.colcon_core.package_identification:_identify(.) by extension 'python_setup_py'
[0.776s] Level 1:colcon.colcon_core.package_identification:_identify(build) by extensions ['ignore', 'ignore_ament_install']
[0.776s] Level 1:colcon.colcon_core.package_identification:_identify(build) by extension 'ignore'
[0.776s] Level 1:colcon.colcon_core.package_identification:_identify(build) ignored
[0.777s] Level 1:colcon.colcon_core.package_identification:_identify(install) by extensions ['ignore', 'ignore_ament_install']
[0.777s] Level 1:colcon.colcon_core.package_identification:_identify(install) by extension 'ignore'
[0.778s] Level 1:colcon.colcon_core.package_identification:_identify(install) ignored
[0.778s] Level 1:colcon.colcon_core.package_identification:_identify(log) by extensions ['ignore', 'ignore_ament_install']
[0.778s] Level 1:colcon.colcon_core.package_identification:_identify(log) by extension 'ignore'
[0.778s] Level 1:colcon.colcon_core.package_identification:_identify(log) ignored
[0.779s] Level 1:colcon.colcon_core.package_identification:_identify(src) by extensions ['ignore', 'ignore_ament_install']
[0.779s] Level 1:colcon.colcon_core.package_identification:_identify(src) by extension 'ignore'
[0.779s] Level 1:colcon.colcon_core.package_identification:_identify(src) by extension 'ignore_ament_install'
[0.779s] Level 1:colcon.colcon_core.package_identification:_identify(src) by extensions ['colcon_pkg']
[0.779s] Level 1:colcon.colcon_core.package_identification:_identify(src) by extension 'colcon_pkg'
[0.779s] Level 1:colcon.colcon_core.package_identification:_identify(src) by extensions ['colcon_meta']
[0.779s] Level 1:colcon.colcon_core.package_identification:_identify(src) by extension 'colcon_meta'
[0.780s] Level 1:colcon.colcon_core.package_identification:_identify(src) by extensions ['ros']
[0.780s] Level 1:colcon.colcon_core.package_identification:_identify(src) by extension 'ros'
[0.780s] Level 1:colcon.colcon_core.package_identification:_identify(src) by extensions ['cmake', 'python']
[0.780s] Level 1:colcon.colcon_core.package_identification:_identify(src) by extension 'cmake'
[0.780s] Level 1:colcon.colcon_core.package_identification:_identify(src) by extension 'python'
[0.780s] Level 1:colcon.colcon_core.package_identification:_identify(src) by extensions ['python_setup_py']
[0.780s] Level 1:colcon.colcon_core.package_identification:_identify(src) by extension 'python_setup_py'
[0.780s] Level 1:colcon.colcon_core.package_identification:_identify(src/turtlebot3_interfaces) by extensions ['ignore', 'ignore_ament_install']
[0.781s] Level 1:colcon.colcon_core.package_identification:_identify(src/turtlebot3_interfaces) by extension 'ignore'
[0.781s] Level 1:colcon.colcon_core.package_identification:_identify(src/turtlebot3_interfaces) by extension 'ignore_ament_install'
[0.781s] Level 1:colcon.colcon_core.package_identification:_identify(src/turtlebot3_interfaces) by extensions ['colcon_pkg']
[0.782s] Level 1:colcon.colcon_core.package_identification:_identify(src/turtlebot3_interfaces) by extension 'colcon_pkg'
[0.782s] Level 1:colcon.colcon_core.package_identification:_identify(src/turtlebot3_interfaces) by extensions ['colcon_meta']
[0.782s] Level 1:colcon.colcon_core.package_identification:_identify(src/turtlebot3_interfaces) by extension 'colcon_meta'
[0.782s] Level 1:colcon.colcon_core.package_identification:_identify(src/turtlebot3_interfaces) by extensions ['ros']
[0.782s] Level 1:colcon.colcon_core.package_identification:_identify(src/turtlebot3_interfaces) by extension 'ros'
[0.794s] DEBUG:colcon.colcon_core.package_identification:Package 'src/turtlebot3_interfaces' with type 'ros.ament_cmake' and name 'turtlebot3_interfaces'
[0.795s] Level 1:colcon.colcon_core.package_identification:_identify(src/turtlebot3_navigation) by extensions ['ignore', 'ignore_ament_install']
[0.795s] Level 1:colcon.colcon_core.package_identification:_identify(src/turtlebot3_navigation) by extension 'ignore'
[0.795s] Level 1:colcon.colcon_core.package_identification:_identify(src/turtlebot3_navigation) by extension 'ignore_ament_install'
[0.795s] Level 1:colcon.colcon_core.package_identification:_identify(src/turtlebot3_navigation) by extensions ['colcon_pkg']
[0.796s] Level 1:colcon.colcon_core.package_identification:_identify(src/turtlebot3_navigation) by extension 'colcon_pkg'
[0.796s] Level 1:colcon.colcon_core.package_identification:_identify(src/turtlebot3_navigation) by extensions ['colcon_meta']
[0.796s] Level 1:colcon.colcon_core.package_identification:_identify(src/turtlebot3_navigation) by extension 'colcon_meta'
[0.796s] Level 1:colcon.colcon_core.package_identification:_identify(src/turtlebot3_navigation) by extensions ['ros']
[0.796s] Level 1:colcon.colcon_core.package_identification:_identify(src/turtlebot3_navigation) by extension 'ros'
[0.801s] DEBUG:colcon.colcon_core.package_identification:Package 'src/turtlebot3_navigation' with type 'ros.ament_python' and name 'turtlebot3_navigation'
[0.802s] Level 1:colcon.colcon_core.package_identification:_identify(src/turtlebot3_simulations) by extensions ['ignore', 'ignore_ament_install']
[0.802s] Level 1:colcon.colcon_core.package_identification:_identify(src/turtlebot3_simulations) by extension 'ignore'
[0.802s] Level 1:colcon.colcon_core.package_identification:_identify(src/turtlebot3_simulations) by extension 'ignore_ament_install'
[0.802s] Level 1:colcon.colcon_core.package_identification:_identify(src/turtlebot3_simulations) by extensions ['colcon_pkg']
[0.802s] Level 1:colcon.colcon_core.package_identification:_identify(src/turtlebot3_simulations) by extension 'colcon_pkg'
[0.803s] Level 1:colcon.colcon_core.package_identification:_identify(src/turtlebot3_simulations) by extensions ['colcon_meta']
[0.803s] Level 1:colcon.colcon_core.package_identification:_identify(src/turtlebot3_simulations) by extension 'colcon_meta'
[0.803s] Level 1:colcon.colcon_core.package_identification:_identify(src/turtlebot3_simulations) by extensions ['ros']
[0.803s] Level 1:colcon.colcon_core.package_identification:_identify(src/turtlebot3_simulations) by extension 'ros'
[0.803s] Level 1:colcon.colcon_core.package_identification:_identify(src/turtlebot3_simulations) by extensions ['cmake', 'python']
[0.803s] Level 1:colcon.colcon_core.package_identification:_identify(src/turtlebot3_simulations) by extension 'cmake'
[0.803s] Level 1:colcon.colcon_core.package_identification:_identify(src/turtlebot3_simulations) by extension 'python'
[0.804s] Level 1:colcon.colcon_core.package_identification:_identify(src/turtlebot3_simulations) by extensions ['python_setup_py']
[0.804s] Level 1:colcon.colcon_core.package_identification:_identify(src/turtlebot3_simulations) by extension 'python_setup_py'
[0.805s] Level 1:colcon.colcon_core.package_identification:_identify(src/turtlebot3_simulations/turtlebot3_fake_node) by extensions ['ignore', 'ignore_ament_install']
[0.805s] Level 1:colcon.colcon_core.package_identification:_identify(src/turtlebot3_simulations/turtlebot3_fake_node) by extension 'ignore'
[0.805s] Level 1:colcon.colcon_core.package_identification:_identify(src/turtlebot3_simulations/turtlebot3_fake_node) by extension 'ignore_ament_install'
[0.805s] Level 1:colcon.colcon_core.package_identification:_identify(src/turtlebot3_simulations/turtlebot3_fake_node) by extensions ['colcon_pkg']
[0.805s] Level 1:colcon.colcon_core.package_identification:_identify(src/turtlebot3_simulations/turtlebot3_fake_node) by extension 'colcon_pkg'
[0.806s] Level 1:colcon.colcon_core.package_identification:_identify(src/turtlebot3_simulations/turtlebot3_fake_node) by extensions ['colcon_meta']
[0.806s] Level 1:colcon.colcon_core.package_identification:_identify(src/turtlebot3_simulations/turtlebot3_fake_node) by extension 'colcon_meta'
[0.806s] Level 1:colcon.colcon_core.package_identification:_identify(src/turtlebot3_simulations/turtlebot3_fake_node) by extensions ['ros']
[0.806s] Level 1:colcon.colcon_core.package_identification:_identify(src/turtlebot3_simulations/turtlebot3_fake_node) by extension 'ros'
[0.810s] DEBUG:colcon.colcon_core.package_identification:Package 'src/turtlebot3_simulations/turtlebot3_fake_node' with type 'ros.ament_cmake' and name 'turtlebot3_fake_node'
[0.811s] Level 1:colcon.colcon_core.package_identification:_identify(src/turtlebot3_simulations/turtlebot3_gazebo) by extensions ['ignore', 'ignore_ament_install']
[0.812s] Level 1:colcon.colcon_core.package_identification:_identify(src/turtlebot3_simulations/turtlebot3_gazebo) by extension 'ignore'
[0.812s] Level 1:colcon.colcon_core.package_identification:_identify(src/turtlebot3_simulations/turtlebot3_gazebo) by extension 'ignore_ament_install'
[0.812s] Level 1:colcon.colcon_core.package_identification:_identify(src/turtlebot3_simulations/turtlebot3_gazebo) by extensions ['colcon_pkg']
[0.812s] Level 1:colcon.colcon_core.package_identification:_identify(src/turtlebot3_simulations/turtlebot3_gazebo) by extension 'colcon_pkg'
[0.812s] Level 1:colcon.colcon_core.package_identification:_identify(src/turtlebot3_simulations/turtlebot3_gazebo) by extensions ['colcon_meta']
[0.813s] Level 1:colcon.colcon_core.package_identification:_identify(src/turtlebot3_simulations/turtlebot3_gazebo) by extension 'colcon_meta'
[0.813s] Level 1:colcon.colcon_core.package_identification:_identify(src/turtlebot3_simulations/turtlebot3_gazebo) by extensions ['ros']
[0.813s] Level 1:colcon.colcon_core.package_identification:_identify(src/turtlebot3_simulations/turtlebot3_gazebo) by extension 'ros'
[0.817s] DEBUG:colcon.colcon_core.package_identification:Package 'src/turtlebot3_simulations/turtlebot3_gazebo' with type 'ros.ament_cmake' and name 'turtlebot3_gazebo'
[0.818s] Level 1:colcon.colcon_core.package_identification:_identify(src/turtlebot3_simulations/turtlebot3_simulations) by extensions ['ignore', 'ignore_ament_install']
[0.818s] Level 1:colcon.colcon_core.package_identification:_identify(src/turtlebot3_simulations/turtlebot3_simulations) by extension 'ignore'
[0.818s] Level 1:colcon.colcon_core.package_identification:_identify(src/turtlebot3_simulations/turtlebot3_simulations) by extension 'ignore_ament_install'
[0.819s] Level 1:colcon.colcon_core.package_identification:_identify(src/turtlebot3_simulations/turtlebot3_simulations) by extensions ['colcon_pkg']
[0.819s] Level 1:colcon.colcon_core.package_identification:_identify(src/turtlebot3_simulations/turtlebot3_simulations) by extension 'colcon_pkg'
[0.819s] Level 1:colcon.colcon_core.package_identification:_identify(src/turtlebot3_simulations/turtlebot3_simulations) by extensions ['colcon_meta']
[0.819s] Level 1:colcon.colcon_core.package_identification:_identify(src/turtlebot3_simulations/turtlebot3_simulations) by extension 'colcon_meta'
[0.819s] Level 1:colcon.colcon_core.package_identification:_identify(src/turtlebot3_simulations/turtlebot3_simulations) by extensions ['ros']
[0.819s] Level 1:colcon.colcon_core.package_identification:_identify(src/turtlebot3_simulations/turtlebot3_simulations) by extension 'ros'
[0.822s] DEBUG:colcon.colcon_core.package_identification:Package 'src/turtlebot3_simulations/turtlebot3_simulations' with type 'ros.ament_cmake' and name 'turtlebot3_simulations'
[0.823s] Level 1:colcon.colcon_core.package_discovery:discover_packages(recursive) using defaults
[0.823s] Level 1:colcon.colcon_core.package_discovery:discover_packages(ignore) discover
[0.823s] Level 1:colcon.colcon_core.package_discovery:discover_packages(ignore) using defaults
[0.823s] Level 1:colcon.colcon_core.package_discovery:discover_packages(path) discover
[0.823s] Level 1:colcon.colcon_core.package_discovery:discover_packages(path) using defaults
[0.900s] Level 1:colcon.colcon_core.package_discovery:discover_packages(prefix_path) check parameters
[0.900s] Level 1:colcon.colcon_core.package_discovery:discover_packages(prefix_path) discover
[0.909s] DEBUG:colcon.colcon_installed_package_information.package_discovery:Found 5 installed packages in /home/anthony/Desktop/Assignment8/install
[0.913s] DEBUG:colcon.colcon_installed_package_information.package_discovery:Found 349 installed packages in /opt/ros/humble
[0.931s] Level 1:colcon.colcon_core.package_discovery:discover_packages(prefix_path) using defaults
[1.006s] Level 5:colcon.colcon_core.verb:set package 'turtlebot3_fake_node' build argument 'cmake_args' from command line to 'None'
[1.007s] Level 5:colcon.colcon_core.verb:set package 'turtlebot3_fake_node' build argument 'cmake_target' from command line to 'None'
[1.007s] Level 5:colcon.colcon_core.verb:set package 'turtlebot3_fake_node' build argument 'cmake_target_skip_unavailable' from command line to 'False'
[1.007s] Level 5:colcon.colcon_core.verb:set package 'turtlebot3_fake_node' build argument 'cmake_clean_cache' from command line to 'False'
[1.007s] Level 5:colcon.colcon_core.verb:set package 'turtlebot3_fake_node' build argument 'cmake_clean_first' from command line to 'False'
[1.007s] Level 5:colcon.colcon_core.verb:set package 'turtlebot3_fake_node' build argument 'cmake_force_configure' from command line to 'False'
[1.007s] Level 5:colcon.colcon_core.verb:set package 'turtlebot3_fake_node' build argument 'ament_cmake_args' from command line to 'None'
[1.007s] Level 5:colcon.colcon_core.verb:set package 'turtlebot3_fake_node' build argument 'catkin_cmake_args' from command line to 'None'
[1.007s] Level 5:colcon.colcon_core.verb:set package 'turtlebot3_fake_node' build argument 'catkin_skip_building_tests' from command line to 'False'
[1.007s] DEBUG:colcon.colcon_core.verb:Building package 'turtlebot3_fake_node' with the following arguments: {'ament_cmake_args': None, 'build_base': '/home/anthony/Desktop/Assignment8/build/turtlebot3_fake_node', 'catkin_cmake_args': None, 'catkin_skip_building_tests': False, 'cmake_args': None, 'cmake_clean_cache': False, 'cmake_clean_first': False, 'cmake_force_configure': False, 'cmake_target': None, 'cmake_target_skip_unavailable': False, 'install_base': '/home/anthony/Desktop/Assignment8/install/turtlebot3_fake_node', 'merge_install': False, 'path': '/home/anthony/Desktop/Assignment8/src/turtlebot3_simulations/turtlebot3_fake_node', 'symlink_install': True, 'test_result_base': None}
[1.007s] Level 5:colcon.colcon_core.verb:set package 'turtlebot3_gazebo' build argument 'cmake_args' from command line to 'None'
[1.007s] Level 5:colcon.colcon_core.verb:set package 'turtlebot3_gazebo' build argument 'cmake_target' from command line to 'None'
[1.007s] Level 5:colcon.colcon_core.verb:set package 'turtlebot3_gazebo' build argument 'cmake_target_skip_unavailable' from command line to 'False'
[1.007s] Level 5:colcon.colcon_core.verb:set package 'turtlebot3_gazebo' build argument 'cmake_clean_cache' from command line to 'False'
[1.007s] Level 5:colcon.colcon_core.verb:set package 'turtlebot3_gazebo' build argument 'cmake_clean_first' from command line to 'False'
[1.007s] Level 5:colcon.colcon_core.verb:set package 'turtlebot3_gazebo' build argument 'cmake_force_configure' from command line to 'False'
[1.007s] Level 5:colcon.colcon_core.verb:set package 'turtlebot3_gazebo' build argument 'ament_cmake_args' from command line to 'None'
[1.007s] Level 5:colcon.colcon_core.verb:set package 'turtlebot3_gazebo' build argument 'catkin_cmake_args' from command line to 'None'
[1.007s] Level 5:colcon.colcon_core.verb:set package 'turtlebot3_gazebo' build argument 'catkin_skip_building_tests' from command line to 'False'
[1.007s] DEBUG:colcon.colcon_core.verb:Building package 'turtlebot3_gazebo' with the following arguments: {'ament_cmake_args': None, 'build_base': '/home/anthony/Desktop/Assignment8/build/turtlebot3_gazebo', 'catkin_cmake_args': None, 'catkin_skip_building_tests': False, 'cmake_args': None, 'cmake_clean_cache': False, 'cmake_clean_first': False, 'cmake_force_configure': False, 'cmake_target': None, 'cmake_target_skip_unavailable': False, 'install_base': '/home/anthony/Desktop/Assignment8/install/turtlebot3_gazebo', 'merge_install': False, 'path': '/home/anthony/Desktop/Assignment8/src/turtlebot3_simulations/turtlebot3_gazebo', 'symlink_install': True, 'test_result_base': None}
[1.008s] Level 5:colcon.colcon_core.verb:set package 'turtlebot3_interfaces' build argument 'cmake_args' from command line to 'None'
[1.008s] Level 5:colcon.colcon_core.verb:set package 'turtlebot3_interfaces' build argument 'cmake_target' from command line to 'None'
[1.008s] Level 5:colcon.colcon_core.verb:set package 'turtlebot3_interfaces' build argument 'cmake_target_skip_unavailable' from command line to 'False'
[1.008s] Level 5:colcon.colcon_core.verb:set package 'turtlebot3_interfaces' build argument 'cmake_clean_cache' from command line to 'False'
[1.008s] Level 5:colcon.colcon_core.verb:set package 'turtlebot3_interfaces' build argument 'cmake_clean_first' from command line to 'False'
[1.008s] Level 5:colcon.colcon_core.verb:set package 'turtlebot3_interfaces' build argument 'cmake_force_configure' from command line to 'False'
[1.008s] Level 5:colcon.colcon_core.verb:set package 'turtlebot3_interfaces' build argument 'ament_cmake_args' from command line to 'None'
[1.008s] Level 5:colcon.colcon_core.verb:set package 'turtlebot3_interfaces' build argument 'catkin_cmake_args' from command line to 'None'
[1.008s] Level 5:colcon.colcon_core.verb:set package 'turtlebot3_interfaces' build argument 'catkin_skip_building_tests' from command line to 'False'
[1.008s] DEBUG:colcon.colcon_core.verb:Building package 'turtlebot3_interfaces' with the following arguments: {'ament_cmake_args': None, 'build_base': '/home/anthony/Desktop/Assignment8/build/turtlebot3_interfaces', 'catkin_cmake_args': None, 'catkin_skip_building_tests': False, 'cmake_args': None, 'cmake_clean_cache': False, 'cmake_clean_first': False, 'cmake_force_configure': False, 'cmake_target': None, 'cmake_target_skip_unavailable': False, 'install_base': '/home/anthony/Desktop/Assignment8/install/turtlebot3_interfaces', 'merge_install': False, 'path': '/home/anthony/Desktop/Assignment8/src/turtlebot3_interfaces', 'symlink_install': True, 'test_result_base': None}
[1.008s] Level 5:colcon.colcon_core.verb:set package 'turtlebot3_simulations' build argument 'cmake_args' from command line to 'None'
[1.008s] Level 5:colcon.colcon_core.verb:set package 'turtlebot3_simulations' build argument 'cmake_target' from command line to 'None'
[1.008s] Level 5:colcon.colcon_core.verb:set package 'turtlebot3_simulations' build argument 'cmake_target_skip_unavailable' from command line to 'False'
[1.008s] Level 5:colcon.colcon_core.verb:set package 'turtlebot3_simulations' build argument 'cmake_clean_cache' from command line to 'False'
[1.008s] Level 5:colcon.colcon_core.verb:set package 'turtlebot3_simulations' build argument 'cmake_clean_first' from command line to 'False'
[1.008s] Level 5:colcon.colcon_core.verb:set package 'turtlebot3_simulations' build argument 'cmake_force_configure' from command line to 'False'
[1.008s] Level 5:colcon.colcon_core.verb:set package 'turtlebot3_simulations' build argument 'ament_cmake_args' from command line to 'None'
[1.008s] Level 5:colcon.colcon_core.verb:set package 'turtlebot3_simulations' build argument 'catkin_cmake_args' from command line to 'None'
[1.008s] Level 5:colcon.colcon_core.verb:set package 'turtlebot3_simulations' build argument 'catkin_skip_building_tests' from command line to 'False'
[1.008s] DEBUG:colcon.colcon_core.verb:Building package 'turtlebot3_simulations' with the following arguments: {'ament_cmake_args': None, 'build_base': '/home/anthony/Desktop/Assignment8/build/turtlebot3_simulations', 'catkin_cmake_args': None, 'catkin_skip_building_tests': False, 'cmake_args': None, 'cmake_clean_cache': False, 'cmake_clean_first': False, 'cmake_force_configure': False, 'cmake_target': None, 'cmake_target_skip_unavailable': False, 'install_base': '/home/anthony/Desktop/Assignment8/install/turtlebot3_simulations', 'merge_install': False, 'path': '/home/anthony/Desktop/Assignment8/src/turtlebot3_simulations/turtlebot3_simulations', 'symlink_install': True, 'test_result_base': None}
[1.009s] Level 5:colcon.colcon_core.verb:set package 'turtlebot3_navigation' build argument 'cmake_args' from command line to 'None'
[1.009s] Level 5:colcon.colcon_core.verb:set package 'turtlebot3_navigation' build argument 'cmake_target' from command line to 'None'
[1.009s] Level 5:colcon.colcon_core.verb:set package 'turtlebot3_navigation' build argument 'cmake_target_skip_unavailable' from command line to 'False'
[1.009s] Level 5:colcon.colcon_core.verb:set package 'turtlebot3_navigation' build argument 'cmake_clean_cache' from command line to 'False'
[1.009s] Level 5:colcon.colcon_core.verb:set package 'turtlebot3_navigation' build argument 'cmake_clean_first' from command line to 'False'
[1.009s] Level 5:colcon.colcon_core.verb:set package 'turtlebot3_navigation' build argument 'cmake_force_configure' from command line to 'False'
[1.009s] Level 5:colcon.colcon_core.verb:set package 'turtlebot3_navigation' build argument 'ament_cmake_args' from command line to 'None'
[1.009s] Level 5:colcon.colcon_core.verb:set package 'turtlebot3_navigation' build argument 'catkin_cmake_args' from command line to 'None'
[1.009s] Level 5:colcon.colcon_core.verb:set package 'turtlebot3_navigation' build argument 'catkin_skip_building_tests' from command line to 'False'
[1.009s] DEBUG:colcon.colcon_core.verb:Building package 'turtlebot3_navigation' with the following arguments: {'ament_cmake_args': None, 'build_base': '/home/anthony/Desktop/Assignment8/build/turtlebot3_navigation', 'catkin_cmake_args': None, 'catkin_skip_building_tests': False, 'cmake_args': None, 'cmake_clean_cache': False, 'cmake_clean_first': False, 'cmake_force_configure': False, 'cmake_target': None, 'cmake_target_skip_unavailable': False, 'install_base': '/home/anthony/Desktop/Assignment8/install/turtlebot3_navigation', 'merge_install': False, 'path': '/home/anthony/Desktop/Assignment8/src/turtlebot3_navigation', 'symlink_install': True, 'test_result_base': None}
[1.009s] INFO:colcon.colcon_core.executor:Executing jobs using 'parallel' executor
[1.010s] DEBUG:colcon.colcon_parallel_executor.executor.parallel:run_until_complete
[1.010s] INFO:colcon.colcon_ros.task.ament_cmake.build:Building ROS package in '/home/anthony/Desktop/Assignment8/src/turtlebot3_simulations/turtlebot3_fake_node' with build type 'ament_cmake'
[1.011s] INFO:colcon.colcon_cmake.task.cmake.build:Building CMake package in '/home/anthony/Desktop/Assignment8/src/turtlebot3_simulations/turtlebot3_fake_node'
[1.020s] INFO:colcon.colcon_core.plugin_system:Skipping extension 'colcon_core.shell.bat': Not used on non-Windows systems
[1.020s] INFO:colcon.colcon_core.shell:Skip shell extension 'powershell' for command environment: Not usable outside of PowerShell
[1.020s] DEBUG:colcon.colcon_core.shell:Skip shell extension 'dsv' for command environment
[1.025s] INFO:colcon.colcon_ros.task.ament_cmake.build:Building ROS package in '/home/anthony/Desktop/Assignment8/src/turtlebot3_simulations/turtlebot3_gazebo' with build type 'ament_cmake'
[1.025s] INFO:colcon.colcon_cmake.task.cmake.build:Building CMake package in '/home/anthony/Desktop/Assignment8/src/turtlebot3_simulations/turtlebot3_gazebo'
[1.026s] INFO:colcon.colcon_core.shell:Skip shell extension 'powershell' for command environment: Not usable outside of PowerShell
[1.026s] DEBUG:colcon.colcon_core.shell:Skip shell extension 'dsv' for command environment
[1.038s] INFO:colcon.colcon_ros.task.ament_cmake.build:Building ROS package in '/home/anthony/Desktop/Assignment8/src/turtlebot3_interfaces' with build type 'ament_cmake'
[1.038s] INFO:colcon.colcon_cmake.task.cmake.build:Building CMake package in '/home/anthony/Desktop/Assignment8/src/turtlebot3_interfaces'
[1.039s] INFO:colcon.colcon_core.shell:Skip shell extension 'powershell' for command environment: Not usable outside of PowerShell
[1.039s] DEBUG:colcon.colcon_core.shell:Skip shell extension 'dsv' for command environment
[1.061s] DEBUG:colcon.colcon_core.event_handler.log_command:Invoking command in '/home/anthony/Desktop/Assignment8/build/turtlebot3_fake_node': CMAKE_PREFIX_PATH=${CMAKE_PREFIX_PATH}:/home/anthony/Desktop/Assignment8/install/turtlebot3_navigation /usr/bin/cmake --build /home/anthony/Desktop/Assignment8/build/turtlebot3_fake_node -- -j3 -l3
[1.072s] DEBUG:colcon.colcon_core.event_handler.log_command:Invoking command in '/home/anthony/Desktop/Assignment8/build/turtlebot3_gazebo': CMAKE_PREFIX_PATH=${CMAKE_PREFIX_PATH}:/home/anthony/Desktop/Assignment8/install/turtlebot3_navigation /usr/bin/cmake --build /home/anthony/Desktop/Assignment8/build/turtlebot3_gazebo -- -j3 -l3
[1.106s] DEBUG:colcon.colcon_core.event_handler.log_command:Invoking command in '/home/anthony/Desktop/Assignment8/build/turtlebot3_interfaces': CMAKE_PREFIX_PATH=${CMAKE_PREFIX_PATH}:/home/anthony/Desktop/Assignment8/install/turtlebot3_navigation /usr/bin/cmake --build /home/anthony/Desktop/Assignment8/build/turtlebot3_interfaces -- -j3 -l3
[1.295s] DEBUG:colcon.colcon_core.event_handler.log_command:Invoked command in '/home/anthony/Desktop/Assignment8/build/turtlebot3_fake_node' returned '0': CMAKE_PREFIX_PATH=${CMAKE_PREFIX_PATH}:/home/anthony/Desktop/Assignment8/install/turtlebot3_navigation /usr/bin/cmake --build /home/anthony/Desktop/Assignment8/build/turtlebot3_fake_node -- -j3 -l3
[1.362s] DEBUG:colcon.colcon_core.event_handler.log_command:Invoking command in '/home/anthony/Desktop/Assignment8/build/turtlebot3_fake_node': CMAKE_PREFIX_PATH=${CMAKE_PREFIX_PATH}:/home/anthony/Desktop/Assignment8/install/turtlebot3_navigation /usr/bin/cmake --install /home/anthony/Desktop/Assignment8/build/turtlebot3_fake_node
[1.409s] Level 1:colcon.colcon_core.environment:create_environment_scripts_only(turtlebot3_fake_node)
[1.410s] DEBUG:colcon.colcon_core.event_handler.log_command:Invoked command in '/home/anthony/Desktop/Assignment8/build/turtlebot3_fake_node' returned '0': CMAKE_PREFIX_PATH=${CMAKE_PREFIX_PATH}:/home/anthony/Desktop/Assignment8/install/turtlebot3_navigation /usr/bin/cmake --install /home/anthony/Desktop/Assignment8/build/turtlebot3_fake_node
[1.419s] Level 1:colcon.colcon_core.environment:checking '/home/anthony/Desktop/Assignment8/install/turtlebot3_fake_node' for CMake module files
[1.420s] Level 1:colcon.colcon_core.environment:checking '/home/anthony/Desktop/Assignment8/install/turtlebot3_fake_node' for CMake config files
[1.421s] Level 1:colcon.colcon_core.shell:create_environment_hook('turtlebot3_fake_node', 'cmake_prefix_path')
[1.421s] INFO:colcon.colcon_core.shell:Creating environment hook '/home/anthony/Desktop/Assignment8/install/turtlebot3_fake_node/share/turtlebot3_fake_node/hook/cmake_prefix_path.ps1'
[1.423s] INFO:colcon.colcon_core.shell:Creating environment descriptor '/home/anthony/Desktop/Assignment8/install/turtlebot3_fake_node/share/turtlebot3_fake_node/hook/cmake_prefix_path.dsv'
[1.424s] INFO:colcon.colcon_core.shell:Creating environment hook '/home/anthony/Desktop/Assignment8/install/turtlebot3_fake_node/share/turtlebot3_fake_node/hook/cmake_prefix_path.sh'
[1.425s] Level 1:colcon.colcon_core.environment:checking '/home/anthony/Desktop/Assignment8/install/turtlebot3_fake_node/lib'
[1.425s] Level 1:colcon.colcon_core.environment:checking '/home/anthony/Desktop/Assignment8/install/turtlebot3_fake_node/bin'
[1.426s] Level 1:colcon.colcon_core.environment:checking '/home/anthony/Desktop/Assignment8/install/turtlebot3_fake_node/lib/pkgconfig/turtlebot3_fake_node.pc'
[1.426s] Level 1:colcon.colcon_core.environment:checking '/home/anthony/Desktop/Assignment8/install/turtlebot3_fake_node/lib/python3.10/site-packages'
[1.426s] Level 1:colcon.colcon_core.environment:checking '/home/anthony/Desktop/Assignment8/install/turtlebot3_fake_node/bin'
[1.426s] INFO:colcon.colcon_core.shell:Creating package script '/home/anthony/Desktop/Assignment8/install/turtlebot3_fake_node/share/turtlebot3_fake_node/package.ps1'
[1.428s] INFO:colcon.colcon_core.shell:Creating package descriptor '/home/anthony/Desktop/Assignment8/install/turtlebot3_fake_node/share/turtlebot3_fake_node/package.dsv'
[1.429s] INFO:colcon.colcon_core.shell:Creating package script '/home/anthony/Desktop/Assignment8/install/turtlebot3_fake_node/share/turtlebot3_fake_node/package.sh'
[1.430s] INFO:colcon.colcon_core.shell:Creating package script '/home/anthony/Desktop/Assignment8/install/turtlebot3_fake_node/share/turtlebot3_fake_node/package.bash'
[1.431s] INFO:colcon.colcon_core.shell:Creating package script '/home/anthony/Desktop/Assignment8/install/turtlebot3_fake_node/share/turtlebot3_fake_node/package.zsh'
[1.432s] Level 1:colcon.colcon_core.environment:create_file_with_runtime_dependencies(/home/anthony/Desktop/Assignment8/install/turtlebot3_fake_node/share/colcon-core/packages/turtlebot3_fake_node)
[1.472s] Level 1:colcon.colcon_core.environment:create_environment_scripts_only(turtlebot3_fake_node)
[1.472s] Level 1:colcon.colcon_core.environment:checking '/home/anthony/Desktop/Assignment8/install/turtlebot3_fake_node' for CMake module files
[1.473s] Level 1:colcon.colcon_core.environment:checking '/home/anthony/Desktop/Assignment8/install/turtlebot3_fake_node' for CMake config files
[1.474s] Level 1:colcon.colcon_core.shell:create_environment_hook('turtlebot3_fake_node', 'cmake_prefix_path')
[1.474s] INFO:colcon.colcon_core.shell:Creating environment hook '/home/anthony/Desktop/Assignment8/install/turtlebot3_fake_node/share/turtlebot3_fake_node/hook/cmake_prefix_path.ps1'
[1.475s] INFO:colcon.colcon_core.shell:Creating environment descriptor '/home/anthony/Desktop/Assignment8/install/turtlebot3_fake_node/share/turtlebot3_fake_node/hook/cmake_prefix_path.dsv'
[1.475s] INFO:colcon.colcon_core.shell:Creating environment hook '/home/anthony/Desktop/Assignment8/install/turtlebot3_fake_node/share/turtlebot3_fake_node/hook/cmake_prefix_path.sh'
[1.476s] Level 1:colcon.colcon_core.environment:checking '/home/anthony/Desktop/Assignment8/install/turtlebot3_fake_node/lib'
[1.476s] Level 1:colcon.colcon_core.environment:checking '/home/anthony/Desktop/Assignment8/install/turtlebot3_fake_node/bin'
[1.476s] Level 1:colcon.colcon_core.environment:checking '/home/anthony/Desktop/Assignment8/install/turtlebot3_fake_node/lib/pkgconfig/turtlebot3_fake_node.pc'
[1.476s] Level 1:colcon.colcon_core.environment:checking '/home/anthony/Desktop/Assignment8/install/turtlebot3_fake_node/lib/python3.10/site-packages'
[1.477s] Level 1:colcon.colcon_core.environment:checking '/home/anthony/Desktop/Assignment8/install/turtlebot3_fake_node/bin'
[1.478s] INFO:colcon.colcon_core.shell:Creating package script '/home/anthony/Desktop/Assignment8/install/turtlebot3_fake_node/share/turtlebot3_fake_node/package.ps1'
[1.479s] INFO:colcon.colcon_core.shell:Creating package descriptor '/home/anthony/Desktop/Assignment8/install/turtlebot3_fake_node/share/turtlebot3_fake_node/package.dsv'
[1.480s] INFO:colcon.colcon_core.shell:Creating package script '/home/anthony/Desktop/Assignment8/install/turtlebot3_fake_node/share/turtlebot3_fake_node/package.sh'
[1.481s] INFO:colcon.colcon_core.shell:Creating package script '/home/anthony/Desktop/Assignment8/install/turtlebot3_fake_node/share/turtlebot3_fake_node/package.bash'
[1.482s] INFO:colcon.colcon_core.shell:Creating package script '/home/anthony/Desktop/Assignment8/install/turtlebot3_fake_node/share/turtlebot3_fake_node/package.zsh'
[1.483s] Level 1:colcon.colcon_core.environment:create_file_with_runtime_dependencies(/home/anthony/Desktop/Assignment8/install/turtlebot3_fake_node/share/colcon-core/packages/turtlebot3_fake_node)
[1.623s] DEBUG:colcon.colcon_core.event_handler.log_command:Invoked command in '/home/anthony/Desktop/Assignment8/build/turtlebot3_gazebo' returned '0': CMAKE_PREFIX_PATH=${CMAKE_PREFIX_PATH}:/home/anthony/Desktop/Assignment8/install/turtlebot3_navigation /usr/bin/cmake --build /home/anthony/Desktop/Assignment8/build/turtlebot3_gazebo -- -j3 -l3
[1.680s] DEBUG:colcon.colcon_core.event_handler.log_command:Invoking command in '/home/anthony/Desktop/Assignment8/build/turtlebot3_gazebo': CMAKE_PREFIX_PATH=${CMAKE_PREFIX_PATH}:/home/anthony/Desktop/Assignment8/install/turtlebot3_navigation /usr/bin/cmake --install /home/anthony/Desktop/Assignment8/build/turtlebot3_gazebo
[1.758s] Level 1:colcon.colcon_core.environment:create_environment_scripts_only(turtlebot3_gazebo)
[1.759s] Level 1:colcon.colcon_core.environment:checking '/home/anthony/Desktop/Assignment8/install/turtlebot3_gazebo' for CMake module files
[1.760s] DEBUG:colcon.colcon_core.event_handler.log_command:Invoked command in '/home/anthony/Desktop/Assignment8/build/turtlebot3_gazebo' returned '0': CMAKE_PREFIX_PATH=${CMAKE_PREFIX_PATH}:/home/anthony/Desktop/Assignment8/install/turtlebot3_navigation /usr/bin/cmake --install /home/anthony/Desktop/Assignment8/build/turtlebot3_gazebo
[1.762s] Level 1:colcon.colcon_core.environment:checking '/home/anthony/Desktop/Assignment8/install/turtlebot3_gazebo' for CMake config files
[1.765s] Level 1:colcon.colcon_core.shell:create_environment_hook('turtlebot3_gazebo', 'cmake_prefix_path')
[1.766s] INFO:colcon.colcon_core.shell:Creating environment hook '/home/anthony/Desktop/Assignment8/install/turtlebot3_gazebo/share/turtlebot3_gazebo/hook/cmake_prefix_path.ps1'
[1.767s] INFO:colcon.colcon_core.shell:Creating environment descriptor '/home/anthony/Desktop/Assignment8/install/turtlebot3_gazebo/share/turtlebot3_gazebo/hook/cmake_prefix_path.dsv'
[1.767s] INFO:colcon.colcon_core.shell:Creating environment hook '/home/anthony/Desktop/Assignment8/install/turtlebot3_gazebo/share/turtlebot3_gazebo/hook/cmake_prefix_path.sh'
[1.768s] Level 1:colcon.colcon_core.environment:checking '/home/anthony/Desktop/Assignment8/install/turtlebot3_gazebo/lib'
[1.769s] Level 1:colcon.colcon_core.environment:checking '/home/anthony/Desktop/Assignment8/install/turtlebot3_gazebo/bin'
[1.769s] Level 1:colcon.colcon_core.environment:checking '/home/anthony/Desktop/Assignment8/install/turtlebot3_gazebo/lib/pkgconfig/turtlebot3_gazebo.pc'
[1.769s] Level 1:colcon.colcon_core.environment:checking '/home/anthony/Desktop/Assignment8/install/turtlebot3_gazebo/lib/python3.10/site-packages'
[1.770s] Level 1:colcon.colcon_core.environment:checking '/home/anthony/Desktop/Assignment8/install/turtlebot3_gazebo/bin'
[1.770s] INFO:colcon.colcon_core.shell:Creating package script '/home/anthony/Desktop/Assignment8/install/turtlebot3_gazebo/share/turtlebot3_gazebo/package.ps1'
[1.771s] INFO:colcon.colcon_core.shell:Creating package descriptor '/home/anthony/Desktop/Assignment8/install/turtlebot3_gazebo/share/turtlebot3_gazebo/package.dsv'
[1.771s] INFO:colcon.colcon_core.shell:Creating package script '/home/anthony/Desktop/Assignment8/install/turtlebot3_gazebo/share/turtlebot3_gazebo/package.sh'
[1.772s] INFO:colcon.colcon_core.shell:Creating package script '/home/anthony/Desktop/Assignment8/install/turtlebot3_gazebo/share/turtlebot3_gazebo/package.bash'
[1.772s] INFO:colcon.colcon_core.shell:Creating package script '/home/anthony/Desktop/Assignment8/install/turtlebot3_gazebo/share/turtlebot3_gazebo/package.zsh'
[1.772s] Level 1:colcon.colcon_core.environment:create_file_with_runtime_dependencies(/home/anthony/Desktop/Assignment8/install/turtlebot3_gazebo/share/colcon-core/packages/turtlebot3_gazebo)
[1.832s] Level 1:colcon.colcon_core.environment:create_environment_scripts_only(turtlebot3_gazebo)
[1.832s] Level 1:colcon.colcon_core.environment:checking '/home/anthony/Desktop/Assignment8/install/turtlebot3_gazebo' for CMake module files
[1.835s] Level 1:colcon.colcon_core.environment:checking '/home/anthony/Desktop/Assignment8/install/turtlebot3_gazebo' for CMake config files
[1.836s] Level 1:colcon.colcon_core.shell:create_environment_hook('turtlebot3_gazebo', 'cmake_prefix_path')
[1.836s] INFO:colcon.colcon_core.shell:Creating environment hook '/home/anthony/Desktop/Assignment8/install/turtlebot3_gazebo/share/turtlebot3_gazebo/hook/cmake_prefix_path.ps1'
[1.837s] INFO:colcon.colcon_core.shell:Creating environment descriptor '/home/anthony/Desktop/Assignment8/install/turtlebot3_gazebo/share/turtlebot3_gazebo/hook/cmake_prefix_path.dsv'
[1.839s] INFO:colcon.colcon_core.shell:Creating environment hook '/home/anthony/Desktop/Assignment8/install/turtlebot3_gazebo/share/turtlebot3_gazebo/hook/cmake_prefix_path.sh'
[1.845s] Level 1:colcon.colcon_core.environment:checking '/home/anthony/Desktop/Assignment8/install/turtlebot3_gazebo/lib'
[1.845s] Level 1:colcon.colcon_core.environment:checking '/home/anthony/Desktop/Assignment8/install/turtlebot3_gazebo/bin'
[1.845s] Level 1:colcon.colcon_core.environment:checking '/home/anthony/Desktop/Assignment8/install/turtlebot3_gazebo/lib/pkgconfig/turtlebot3_gazebo.pc'
[1.845s] Level 1:colcon.colcon_core.environment:checking '/home/anthony/Desktop/Assignment8/install/turtlebot3_gazebo/lib/python3.10/site-packages'
[1.852s] Level 1:colcon.colcon_core.environment:checking '/home/anthony/Desktop/Assignment8/install/turtlebot3_gazebo/bin'
[1.853s] INFO:colcon.colcon_core.shell:Creating package script '/home/anthony/Desktop/Assignment8/install/turtlebot3_gazebo/share/turtlebot3_gazebo/package.ps1'
[1.854s] INFO:colcon.colcon_core.shell:Creating package descriptor '/home/anthony/Desktop/Assignment8/install/turtlebot3_gazebo/share/turtlebot3_gazebo/package.dsv'
[1.855s] INFO:colcon.colcon_core.shell:Creating package script '/home/anthony/Desktop/Assignment8/install/turtlebot3_gazebo/share/turtlebot3_gazebo/package.sh'
[1.855s] INFO:colcon.colcon_core.shell:Creating package script '/home/anthony/Desktop/Assignment8/install/turtlebot3_gazebo/share/turtlebot3_gazebo/package.bash'
[1.856s] INFO:colcon.colcon_core.shell:Creating package script '/home/anthony/Desktop/Assignment8/install/turtlebot3_gazebo/share/turtlebot3_gazebo/package.zsh'
[1.857s] Level 1:colcon.colcon_core.environment:create_file_with_runtime_dependencies(/home/anthony/Desktop/Assignment8/install/turtlebot3_gazebo/share/colcon-core/packages/turtlebot3_gazebo)
[1.857s] INFO:colcon.colcon_ros.task.ament_cmake.build:Building ROS package in '/home/anthony/Desktop/Assignment8/src/turtlebot3_simulations/turtlebot3_simulations' with build type 'ament_cmake'
[1.859s] INFO:colcon.colcon_cmake.task.cmake.build:Building CMake package in '/home/anthony/Desktop/Assignment8/src/turtlebot3_simulations/turtlebot3_simulations'
[1.860s] INFO:colcon.colcon_core.shell:Skip shell extension 'powershell' for command environment: Not usable outside of PowerShell
[1.860s] DEBUG:colcon.colcon_core.shell:Skip shell extension 'dsv' for command environment
[1.899s] DEBUG:colcon.colcon_core.event_handler.log_command:Invoking command in '/home/anthony/Desktop/Assignment8/build/turtlebot3_simulations': CMAKE_PREFIX_PATH=/home/anthony/Desktop/Assignment8/install/turtlebot3_gazebo:/home/anthony/Desktop/Assignment8/install/turtlebot3_fake_node:/home/anthony/Desktop/Assignment8/install/turtlebot3_simulations:/home/anthony/Desktop/Assignment8/install/turtlebot3_interfaces:/opt/ros/humble:/home/anthony/Desktop/Assignment8/install/turtlebot3_navigation /usr/bin/cmake --build /home/anthony/Desktop/Assignment8/build/turtlebot3_simulations -- -j3 -l3
[2.022s] DEBUG:colcon.colcon_core.event_handler.log_command:Invoked command in '/home/anthony/Desktop/Assignment8/build/turtlebot3_simulations' returned '0': CMAKE_PREFIX_PATH=/home/anthony/Desktop/Assignment8/install/turtlebot3_gazebo:/home/anthony/Desktop/Assignment8/install/turtlebot3_fake_node:/home/anthony/Desktop/Assignment8/install/turtlebot3_simulations:/home/anthony/Desktop/Assignment8/install/turtlebot3_interfaces:/opt/ros/humble:/home/anthony/Desktop/Assignment8/install/turtlebot3_navigation /usr/bin/cmake --build /home/anthony/Desktop/Assignment8/build/turtlebot3_simulations -- -j3 -l3
[2.073s] DEBUG:colcon.colcon_core.event_handler.log_command:Invoking command in '/home/anthony/Desktop/Assignment8/build/turtlebot3_simulations': CMAKE_PREFIX_PATH=/home/anthony/Desktop/Assignment8/install/turtlebot3_gazebo:/home/anthony/Desktop/Assignment8/install/turtlebot3_fake_node:/home/anthony/Desktop/Assignment8/install/turtlebot3_simulations:/home/anthony/Desktop/Assignment8/install/turtlebot3_interfaces:/opt/ros/humble:/home/anthony/Desktop/Assignment8/install/turtlebot3_navigation /usr/bin/cmake --install /home/anthony/Desktop/Assignment8/build/turtlebot3_simulations
[2.126s] Level 1:colcon.colcon_core.environment:create_environment_scripts_only(turtlebot3_simulations)
[2.127s] Level 1:colcon.colcon_core.environment:checking '/home/anthony/Desktop/Assignment8/install/turtlebot3_simulations' for CMake module files
[2.128s] DEBUG:colcon.colcon_core.event_handler.log_command:Invoked command in '/home/anthony/Desktop/Assignment8/build/turtlebot3_simulations' returned '0': CMAKE_PREFIX_PATH=/home/anthony/Desktop/Assignment8/install/turtlebot3_gazebo:/home/anthony/Desktop/Assignment8/install/turtlebot3_fake_node:/home/anthony/Desktop/Assignment8/install/turtlebot3_simulations:/home/anthony/Desktop/Assignment8/install/turtlebot3_interfaces:/opt/ros/humble:/home/anthony/Desktop/Assignment8/install/turtlebot3_navigation /usr/bin/cmake --install /home/anthony/Desktop/Assignment8/build/turtlebot3_simulations
[2.129s] Level 1:colcon.colcon_core.environment:checking '/home/anthony/Desktop/Assignment8/install/turtlebot3_simulations' for CMake config files
[2.130s] Level 1:colcon.colcon_core.shell:create_environment_hook('turtlebot3_simulations', 'cmake_prefix_path')
[2.131s] INFO:colcon.colcon_core.shell:Creating environment hook '/home/anthony/Desktop/Assignment8/install/turtlebot3_simulations/share/turtlebot3_simulations/hook/cmake_prefix_path.ps1'
[2.132s] INFO:colcon.colcon_core.shell:Creating environment descriptor '/home/anthony/Desktop/Assignment8/install/turtlebot3_simulations/share/turtlebot3_simulations/hook/cmake_prefix_path.dsv'
[2.133s] INFO:colcon.colcon_core.shell:Creating environment hook '/home/anthony/Desktop/Assignment8/install/turtlebot3_simulations/share/turtlebot3_simulations/hook/cmake_prefix_path.sh'
[2.135s] Level 1:colcon.colcon_core.environment:checking '/home/anthony/Desktop/Assignment8/install/turtlebot3_simulations/bin'
[2.135s] Level 1:colcon.colcon_core.environment:checking '/home/anthony/Desktop/Assignment8/install/turtlebot3_simulations/lib/pkgconfig/turtlebot3_simulations.pc'
[2.136s] Level 1:colcon.colcon_core.environment:checking '/home/anthony/Desktop/Assignment8/install/turtlebot3_simulations/lib/python3.10/site-packages'
[2.136s] Level 1:colcon.colcon_core.environment:checking '/home/anthony/Desktop/Assignment8/install/turtlebot3_simulations/bin'
[2.137s] INFO:colcon.colcon_core.shell:Creating package script '/home/anthony/Desktop/Assignment8/install/turtlebot3_simulations/share/turtlebot3_simulations/package.ps1'
[2.138s] INFO:colcon.colcon_core.shell:Creating package descriptor '/home/anthony/Desktop/Assignment8/install/turtlebot3_simulations/share/turtlebot3_simulations/package.dsv'
[2.138s] INFO:colcon.colcon_core.shell:Creating package script '/home/anthony/Desktop/Assignment8/install/turtlebot3_simulations/share/turtlebot3_simulations/package.sh'
[2.139s] INFO:colcon.colcon_core.shell:Creating package script '/home/anthony/Desktop/Assignment8/install/turtlebot3_simulations/share/turtlebot3_simulations/package.bash'
[2.140s] INFO:colcon.colcon_core.shell:Creating package script '/home/anthony/Desktop/Assignment8/install/turtlebot3_simulations/share/turtlebot3_simulations/package.zsh'
[2.141s] Level 1:colcon.colcon_core.environment:create_file_with_runtime_dependencies(/home/anthony/Desktop/Assignment8/install/turtlebot3_simulations/share/colcon-core/packages/turtlebot3_simulations)
[2.214s] Level 1:colcon.colcon_core.environment:create_environment_scripts_only(turtlebot3_simulations)
[2.215s] Level 1:colcon.colcon_core.environment:checking '/home/anthony/Desktop/Assignment8/install/turtlebot3_simulations' for CMake module files
[2.215s] Level 1:colcon.colcon_core.environment:checking '/home/anthony/Desktop/Assignment8/install/turtlebot3_simulations' for CMake config files
[2.215s] Level 1:colcon.colcon_core.shell:create_environment_hook('turtlebot3_simulations', 'cmake_prefix_path')
[2.215s] INFO:colcon.colcon_core.shell:Creating environment hook '/home/anthony/Desktop/Assignment8/install/turtlebot3_simulations/share/turtlebot3_simulations/hook/cmake_prefix_path.ps1'
[2.216s] INFO:colcon.colcon_core.shell:Creating environment descriptor '/home/anthony/Desktop/Assignment8/install/turtlebot3_simulations/share/turtlebot3_simulations/hook/cmake_prefix_path.dsv'
[2.217s] INFO:colcon.colcon_core.shell:Creating environment hook '/home/anthony/Desktop/Assignment8/install/turtlebot3_simulations/share/turtlebot3_simulations/hook/cmake_prefix_path.sh'
[2.218s] Level 1:colcon.colcon_core.environment:checking '/home/anthony/Desktop/Assignment8/install/turtlebot3_simulations/bin'
[2.218s] Level 1:colcon.colcon_core.environment:checking '/home/anthony/Desktop/Assignment8/install/turtlebot3_simulations/lib/pkgconfig/turtlebot3_simulations.pc'
[2.218s] Level 1:colcon.colcon_core.environment:checking '/home/anthony/Desktop/Assignment8/install/turtlebot3_simulations/lib/python3.10/site-packages'
[2.219s] Level 1:colcon.colcon_core.environment:checking '/home/anthony/Desktop/Assignment8/install/turtlebot3_simulations/bin'
[2.220s] INFO:colcon.colcon_core.shell:Creating package script '/home/anthony/Desktop/Assignment8/install/turtlebot3_simulations/share/turtlebot3_simulations/package.ps1'
[2.221s] INFO:colcon.colcon_core.shell:Creating package descriptor '/home/anthony/Desktop/Assignment8/install/turtlebot3_simulations/share/turtlebot3_simulations/package.dsv'
[2.222s] INFO:colcon.colcon_core.shell:Creating package script '/home/anthony/Desktop/Assignment8/install/turtlebot3_simulations/share/turtlebot3_simulations/package.sh'
[2.222s] INFO:colcon.colcon_core.shell:Creating package script '/home/anthony/Desktop/Assignment8/install/turtlebot3_simulations/share/turtlebot3_simulations/package.bash'
[2.223s] INFO:colcon.colcon_core.shell:Creating package script '/home/anthony/Desktop/Assignment8/install/turtlebot3_simulations/share/turtlebot3_simulations/package.zsh'
[2.224s] Level 1:colcon.colcon_core.environment:create_file_with_runtime_dependencies(/home/anthony/Desktop/Assignment8/install/turtlebot3_simulations/share/colcon-core/packages/turtlebot3_simulations)
[2.226s] INFO:colcon.colcon_ros.task.ament_python.build:Building ROS package in '/home/anthony/Desktop/Assignment8/src/turtlebot3_navigation' with build type 'ament_python'
[2.226s] Level 1:colcon.colcon_core.shell:create_environment_hook('turtlebot3_navigation', 'ament_prefix_path')
[2.227s] INFO:colcon.colcon_core.shell:Creating environment hook '/home/anthony/Desktop/Assignment8/install/turtlebot3_navigation/share/turtlebot3_navigation/hook/ament_prefix_path.ps1'
[2.229s] INFO:colcon.colcon_core.shell:Creating environment descriptor '/home/anthony/Desktop/Assignment8/install/turtlebot3_navigation/share/turtlebot3_navigation/hook/ament_prefix_path.dsv'
[2.230s] INFO:colcon.colcon_core.shell:Creating environment hook '/home/anthony/Desktop/Assignment8/install/turtlebot3_navigation/share/turtlebot3_navigation/hook/ament_prefix_path.sh'
[2.232s] INFO:colcon.colcon_core.shell:Skip shell extension 'powershell' for command environment: Not usable outside of PowerShell
[2.232s] DEBUG:colcon.colcon_core.shell:Skip shell extension 'dsv' for command environment
[2.811s] INFO:colcon.colcon_core.task.python.build:Building Python package in '/home/anthony/Desktop/Assignment8/src/turtlebot3_navigation'
[2.812s] INFO:colcon.colcon_core.shell:Skip shell extension 'powershell' for command environment: Not usable outside of PowerShell
[2.813s] DEBUG:colcon.colcon_core.shell:Skip shell extension 'dsv' for command environment
[2.822s] DEBUG:colcon.colcon_core.event_handler.log_command:Invoked command in '/home/anthony/Desktop/Assignment8/build/turtlebot3_interfaces' returned '0': CMAKE_PREFIX_PATH=${CMAKE_PREFIX_PATH}:/home/anthony/Desktop/Assignment8/install/turtlebot3_navigation /usr/bin/cmake --build /home/anthony/Desktop/Assignment8/build/turtlebot3_interfaces -- -j3 -l3
[3.033s] DEBUG:colcon.colcon_core.event_handler.log_command:Invoking command in '/home/anthony/Desktop/Assignment8/build/turtlebot3_interfaces': CMAKE_PREFIX_PATH=${CMAKE_PREFIX_PATH}:/home/anthony/Desktop/Assignment8/install/turtlebot3_navigation /usr/bin/cmake --install /home/anthony/Desktop/Assignment8/build/turtlebot3_interfaces
[3.282s] Level 1:colcon.colcon_core.environment:create_environment_scripts_only(turtlebot3_interfaces)
[3.283s] Level 1:colcon.colcon_core.environment:checking '/home/anthony/Desktop/Assignment8/install/turtlebot3_interfaces' for CMake module files
[3.284s] DEBUG:colcon.colcon_core.event_handler.log_command:Invoked command in '/home/anthony/Desktop/Assignment8/build/turtlebot3_interfaces' returned '0': CMAKE_PREFIX_PATH=${CMAKE_PREFIX_PATH}:/home/anthony/Desktop/Assignment8/install/turtlebot3_navigation /usr/bin/cmake --install /home/anthony/Desktop/Assignment8/build/turtlebot3_interfaces
[3.285s] Level 1:colcon.colcon_core.environment:checking '/home/anthony/Desktop/Assignment8/install/turtlebot3_interfaces' for CMake config files
[3.286s] Level 1:colcon.colcon_core.shell:create_environment_hook('turtlebot3_interfaces', 'cmake_prefix_path')
[3.287s] INFO:colcon.colcon_core.shell:Creating environment hook '/home/anthony/Desktop/Assignment8/install/turtlebot3_interfaces/share/turtlebot3_interfaces/hook/cmake_prefix_path.ps1'
[3.287s] INFO:colcon.colcon_core.shell:Creating environment descriptor '/home/anthony/Desktop/Assignment8/install/turtlebot3_interfaces/share/turtlebot3_interfaces/hook/cmake_prefix_path.dsv'
[3.287s] INFO:colcon.colcon_core.shell:Creating environment hook '/home/anthony/Desktop/Assignment8/install/turtlebot3_interfaces/share/turtlebot3_interfaces/hook/cmake_prefix_path.sh'
[3.288s] Level 1:colcon.colcon_core.environment:checking '/home/anthony/Desktop/Assignment8/install/turtlebot3_interfaces/lib'
[3.288s] Level 1:colcon.colcon_core.shell:create_environment_hook('turtlebot3_interfaces', 'ld_library_path_lib')
[3.288s] INFO:colcon.colcon_core.shell:Creating environment hook '/home/anthony/Desktop/Assignment8/install/turtlebot3_interfaces/share/turtlebot3_interfaces/hook/ld_library_path_lib.ps1'
[3.289s] INFO:colcon.colcon_core.shell:Creating environment descriptor '/home/anthony/Desktop/Assignment8/install/turtlebot3_interfaces/share/turtlebot3_interfaces/hook/ld_library_path_lib.dsv'
[3.289s] INFO:colcon.colcon_core.shell:Creating environment hook '/home/anthony/Desktop/Assignment8/install/turtlebot3_interfaces/share/turtlebot3_interfaces/hook/ld_library_path_lib.sh'
[3.290s] Level 1:colcon.colcon_core.environment:checking '/home/anthony/Desktop/Assignment8/install/turtlebot3_interfaces/bin'
[3.290s] Level 1:colcon.colcon_core.environment:checking '/home/anthony/Desktop/Assignment8/install/turtlebot3_interfaces/lib/pkgconfig/turtlebot3_interfaces.pc'
[3.290s] Level 1:colcon.colcon_core.environment:checking '/home/anthony/Desktop/Assignment8/install/turtlebot3_interfaces/lib/python3.10/site-packages'
[3.290s] Level 1:colcon.colcon_core.environment:checking '/home/anthony/Desktop/Assignment8/install/turtlebot3_interfaces/bin'
[3.291s] INFO:colcon.colcon_core.shell:Creating package script '/home/anthony/Desktop/Assignment8/install/turtlebot3_interfaces/share/turtlebot3_interfaces/package.ps1'
[3.291s] INFO:colcon.colcon_core.shell:Creating package descriptor '/home/anthony/Desktop/Assignment8/install/turtlebot3_interfaces/share/turtlebot3_interfaces/package.dsv'
[3.292s] INFO:colcon.colcon_core.shell:Creating package script '/home/anthony/Desktop/Assignment8/install/turtlebot3_interfaces/share/turtlebot3_interfaces/package.sh'
[3.293s] INFO:colcon.colcon_core.shell:Creating package script '/home/anthony/Desktop/Assignment8/install/turtlebot3_interfaces/share/turtlebot3_interfaces/package.bash'
[3.294s] INFO:colcon.colcon_core.shell:Creating package script '/home/anthony/Desktop/Assignment8/install/turtlebot3_interfaces/share/turtlebot3_interfaces/package.zsh'
[3.294s] Level 1:colcon.colcon_core.environment:create_file_with_runtime_dependencies(/home/anthony/Desktop/Assignment8/install/turtlebot3_interfaces/share/colcon-core/packages/turtlebot3_interfaces)
[3.498s] Level 1:colcon.colcon_core.environment:create_environment_scripts_only(turtlebot3_interfaces)
[3.498s] Level 1:colcon.colcon_core.environment:checking '/home/anthony/Desktop/Assignment8/install/turtlebot3_interfaces' for CMake module files
[3.499s] Level 1:colcon.colcon_core.environment:checking '/home/anthony/Desktop/Assignment8/install/turtlebot3_interfaces' for CMake config files
[3.500s] Level 1:colcon.colcon_core.shell:create_environment_hook('turtlebot3_interfaces', 'cmake_prefix_path')
[3.500s] INFO:colcon.colcon_core.shell:Creating environment hook '/home/anthony/Desktop/Assignment8/install/turtlebot3_interfaces/share/turtlebot3_interfaces/hook/cmake_prefix_path.ps1'
[3.501s] INFO:colcon.colcon_core.shell:Creating environment descriptor '/home/anthony/Desktop/Assignment8/install/turtlebot3_interfaces/share/turtlebot3_interfaces/hook/cmake_prefix_path.dsv'
[3.502s] INFO:colcon.colcon_core.shell:Creating environment hook '/home/anthony/Desktop/Assignment8/install/turtlebot3_interfaces/share/turtlebot3_interfaces/hook/cmake_prefix_path.sh'
[3.503s] Level 1:colcon.colcon_core.environment:checking '/home/anthony/Desktop/Assignment8/install/turtlebot3_interfaces/lib'
[3.503s] Level 1:colcon.colcon_core.shell:create_environment_hook('turtlebot3_interfaces', 'ld_library_path_lib')
[3.504s] INFO:colcon.colcon_core.shell:Creating environment hook '/home/anthony/Desktop/Assignment8/install/turtlebot3_interfaces/share/turtlebot3_interfaces/hook/ld_library_path_lib.ps1'
[3.505s] INFO:colcon.colcon_core.shell:Creating environment descriptor '/home/anthony/Desktop/Assignment8/install/turtlebot3_interfaces/share/turtlebot3_interfaces/hook/ld_library_path_lib.dsv'
[3.507s] INFO:colcon.colcon_core.shell:Creating environment hook '/home/anthony/Desktop/Assignment8/install/turtlebot3_interfaces/share/turtlebot3_interfaces/hook/ld_library_path_lib.sh'
[3.508s] Level 1:colcon.colcon_core.environment:checking '/home/anthony/Desktop/Assignment8/install/turtlebot3_interfaces/bin'
[3.508s] Level 1:colcon.colcon_core.environment:checking '/home/anthony/Desktop/Assignment8/install/turtlebot3_interfaces/lib/pkgconfig/turtlebot3_interfaces.pc'
[3.509s] Level 1:colcon.colcon_core.environment:checking '/home/anthony/Desktop/Assignment8/install/turtlebot3_interfaces/lib/python3.10/site-packages'
[3.510s] Level 1:colcon.colcon_core.environment:checking '/home/anthony/Desktop/Assignment8/install/turtlebot3_interfaces/bin'
[3.510s] INFO:colcon.colcon_core.shell:Creating package script '/home/anthony/Desktop/Assignment8/install/turtlebot3_interfaces/share/turtlebot3_interfaces/package.ps1'
[3.511s] INFO:colcon.colcon_core.shell:Creating package descriptor '/home/anthony/Desktop/Assignment8/install/turtlebot3_interfaces/share/turtlebot3_interfaces/package.dsv'
[3.512s] INFO:colcon.colcon_core.shell:Creating package script '/home/anthony/Desktop/Assignment8/install/turtlebot3_interfaces/share/turtlebot3_interfaces/package.sh'
[3.513s] INFO:colcon.colcon_core.shell:Creating package script '/home/anthony/Desktop/Assignment8/install/turtlebot3_interfaces/share/turtlebot3_interfaces/package.bash'
[3.515s] INFO:colcon.colcon_core.shell:Creating package script '/home/anthony/Desktop/Assignment8/install/turtlebot3_interfaces/share/turtlebot3_interfaces/package.zsh'
[3.518s] Level 1:colcon.colcon_core.environment:create_file_with_runtime_dependencies(/home/anthony/Desktop/Assignment8/install/turtlebot3_interfaces/share/colcon-core/packages/turtlebot3_interfaces)
[3.697s] DEBUG:colcon.colcon_core.event_handler.log_command:Invoking command in '/home/anthony/Desktop/Assignment8/build/turtlebot3_navigation': CMAKE_PREFIX_PATH=/home/anthony/Desktop/Assignment8/install/turtlebot3_simulations:/home/anthony/Desktop/Assignment8/install/turtlebot3_gazebo:/home/anthony/Desktop/Assignment8/install/turtlebot3_fake_node:/home/anthony/Desktop/Assignment8/install/turtlebot3_interfaces:/opt/ros/humble PYTHONPATH=/home/anthony/Desktop/Assignment8/build/turtlebot3_navigation/prefix_override:/usr/lib/python3/dist-packages/colcon_core/task/python/colcon_distutils_commands:/home/anthony/Desktop/Assignment8/install/turtlebot3_navigation/lib/python3.10/site-packages:${PYTHONPATH} /usr/bin/python3 -W ignore:setup.py install is deprecated setup.py develop --editable --build-directory /home/anthony/Desktop/Assignment8/build/turtlebot3_navigation/build --no-deps symlink_data
[4.406s] Level 1:colcon.colcon_core.shell:create_environment_hook('turtlebot3_navigation', 'pythonpath_develop')
[4.407s] INFO:colcon.colcon_core.shell:Creating environment hook '/home/anthony/Desktop/Assignment8/build/turtlebot3_navigation/share/turtlebot3_navigation/hook/pythonpath_develop.ps1'
[4.407s] INFO:colcon.colcon_core.shell:Creating environment descriptor '/home/anthony/Desktop/Assignment8/build/turtlebot3_navigation/share/turtlebot3_navigation/hook/pythonpath_develop.dsv'
[4.408s] DEBUG:colcon.colcon_core.event_handler.log_command:Invoked command in '/home/anthony/Desktop/Assignment8/build/turtlebot3_navigation' returned '0': CMAKE_PREFIX_PATH=/home/anthony/Desktop/Assignment8/install/turtlebot3_simulations:/home/anthony/Desktop/Assignment8/install/turtlebot3_gazebo:/home/anthony/Desktop/Assignment8/install/turtlebot3_fake_node:/home/anthony/Desktop/Assignment8/install/turtlebot3_interfaces:/opt/ros/humble PYTHONPATH=/home/anthony/Desktop/Assignment8/build/turtlebot3_navigation/prefix_override:/usr/lib/python3/dist-packages/colcon_core/task/python/colcon_distutils_commands:/home/anthony/Desktop/Assignment8/install/turtlebot3_navigation/lib/python3.10/site-packages:${PYTHONPATH} /usr/bin/python3 -W ignore:setup.py install is deprecated setup.py develop --editable --build-directory /home/anthony/Desktop/Assignment8/build/turtlebot3_navigation/build --no-deps symlink_data
[4.408s] INFO:colcon.colcon_core.shell:Creating environment hook '/home/anthony/Desktop/Assignment8/build/turtlebot3_navigation/share/turtlebot3_navigation/hook/pythonpath_develop.sh'
[4.410s] Level 1:colcon.colcon_core.environment:checking '/home/anthony/Desktop/Assignment8/install/turtlebot3_navigation' for CMake module files
[4.410s] Level 1:colcon.colcon_core.environment:checking '/home/anthony/Desktop/Assignment8/install/turtlebot3_navigation' for CMake config files
[4.412s] Level 1:colcon.colcon_core.environment:checking '/home/anthony/Desktop/Assignment8/install/turtlebot3_navigation/lib'
[4.412s] Level 1:colcon.colcon_core.environment:checking '/home/anthony/Desktop/Assignment8/install/turtlebot3_navigation/bin'
[4.412s] Level 1:colcon.colcon_core.environment:checking '/home/anthony/Desktop/Assignment8/install/turtlebot3_navigation/lib/pkgconfig/turtlebot3_navigation.pc'
[4.412s] Level 1:colcon.colcon_core.environment:checking '/home/anthony/Desktop/Assignment8/install/turtlebot3_navigation/lib/python3.10/site-packages'
[4.412s] Level 1:colcon.colcon_core.shell:create_environment_hook('turtlebot3_navigation', 'pythonpath')
[4.413s] INFO:colcon.colcon_core.shell:Creating environment hook '/home/anthony/Desktop/Assignment8/install/turtlebot3_navigation/share/turtlebot3_navigation/hook/pythonpath.ps1'
[4.413s] INFO:colcon.colcon_core.shell:Creating environment descriptor '/home/anthony/Desktop/Assignment8/install/turtlebot3_navigation/share/turtlebot3_navigation/hook/pythonpath.dsv'
[4.413s] INFO:colcon.colcon_core.shell:Creating environment hook '/home/anthony/Desktop/Assignment8/install/turtlebot3_navigation/share/turtlebot3_navigation/hook/pythonpath.sh'
[4.414s] Level 1:colcon.colcon_core.environment:checking '/home/anthony/Desktop/Assignment8/install/turtlebot3_navigation/bin'
[4.414s] Level 1:colcon.colcon_core.environment:create_environment_scripts_only(turtlebot3_navigation)
[4.414s] INFO:colcon.colcon_core.shell:Creating package script '/home/anthony/Desktop/Assignment8/install/turtlebot3_navigation/share/turtlebot3_navigation/package.ps1'
[4.415s] INFO:colcon.colcon_core.shell:Creating package descriptor '/home/anthony/Desktop/Assignment8/install/turtlebot3_navigation/share/turtlebot3_navigation/package.dsv'
[4.415s] INFO:colcon.colcon_core.shell:Creating package script '/home/anthony/Desktop/Assignment8/install/turtlebot3_navigation/share/turtlebot3_navigation/package.sh'
[4.416s] INFO:colcon.colcon_core.shell:Creating package script '/home/anthony/Desktop/Assignment8/install/turtlebot3_navigation/share/turtlebot3_navigation/package.bash'
[4.416s] INFO:colcon.colcon_core.shell:Creating package script '/home/anthony/Desktop/Assignment8/install/turtlebot3_navigation/share/turtlebot3_navigation/package.zsh'
[4.417s] Level 1:colcon.colcon_core.environment:create_file_with_runtime_dependencies(/home/anthony/Desktop/Assignment8/install/turtlebot3_navigation/share/colcon-core/packages/turtlebot3_navigation)
[4.417s] DEBUG:colcon.colcon_parallel_executor.executor.parallel:closing loop
[4.418s] DEBUG:colcon.colcon_parallel_executor.executor.parallel:loop closed
[4.418s] DEBUG:colcon.colcon_parallel_executor.executor.parallel:run_until_complete finished with '0'
[4.418s] DEBUG:colcon.colcon_core.event_reactor:joining thread
[4.433s] INFO:colcon.colcon_core.plugin_system:Skipping extension 'colcon_notification.desktop_notification.terminal_notifier': Not used on non-Darwin systems
[4.433s] INFO:colcon.colcon_core.plugin_system:Skipping extension 'colcon_notification.desktop_notification.win32': Not used on non-Windows systems
[4.433s] INFO:colcon.colcon_notification.desktop_notification:Sending desktop notification using 'notify2'
[4.480s] DEBUG:colcon.colcon_core.event_reactor:joined thread
[4.481s] INFO:colcon.colcon_core.shell:Creating prefix script '/home/anthony/Desktop/Assignment8/install/local_setup.ps1'
[4.483s] INFO:colcon.colcon_core.shell:Creating prefix util module '/home/anthony/Desktop/Assignment8/install/_local_setup_util_ps1.py'
[4.485s] INFO:colcon.colcon_core.shell:Creating prefix chain script '/home/anthony/Desktop/Assignment8/install/setup.ps1'
[4.487s] INFO:colcon.colcon_core.shell:Creating prefix script '/home/anthony/Desktop/Assignment8/install/local_setup.sh'
[4.488s] INFO:colcon.colcon_core.shell:Creating prefix util module '/home/anthony/Desktop/Assignment8/install/_local_setup_util_sh.py'
[4.489s] INFO:colcon.colcon_core.shell:Creating prefix chain script '/home/anthony/Desktop/Assignment8/install/setup.sh'
[4.494s] INFO:colcon.colcon_core.shell:Creating prefix script '/home/anthony/Desktop/Assignment8/install/local_setup.bash'
[4.495s] INFO:colcon.colcon_core.shell:Creating prefix chain script '/home/anthony/Desktop/Assignment8/install/setup.bash'
[4.497s] INFO:colcon.colcon_core.shell:Creating prefix script '/home/anthony/Desktop/Assignment8/install/local_setup.zsh'
[4.498s] INFO:colcon.colcon_core.shell:Creating prefix chain script '/home/anthony/Desktop/Assignment8/install/setup.zsh'
