[0.019s] Invoking command in '/home/anthony/Desktop/Assignment8/build/turtlebot3_simulations': CMAKE_PREFIX_PATH=/home/anthony/Desktop/Assignment8/install/turtlebot3_gazebo:/home/anthony/Desktop/Assignment8/install/turtlebot3_fake_node:/home/anthony/Desktop/Assignment8/install/turtlebot3_simulations:/home/anthony/Desktop/Assignment8/install/turtlebot3_interfaces:/opt/ros/humble:/home/anthony/Desktop/Assignment8/install/turtlebot3_navigation /usr/bin/cmake --build /home/anthony/Desktop/Assignment8/build/turtlebot3_simulations -- -j3 -l3
[0.102s] Invoked command in '/home/anthony/Desktop/Assignment8/build/turtlebot3_simulations' returned '0': CMAKE_PREFIX_PATH=/home/anthony/Desktop/Assignment8/install/turtlebot3_gazebo:/home/anthony/Desktop/Assignment8/install/turtlebot3_fake_node:/home/anthony/Desktop/Assignment8/install/turtlebot3_simulations:/home/anthony/Desktop/Assignment8/install/turtlebot3_interfaces:/opt/ros/humble:/home/anthony/Desktop/Assignment8/install/turtlebot3_navigation /usr/bin/cmake --build /home/anthony/Desktop/Assignment8/build/turtlebot3_simulations -- -j3 -l3
[0.136s] Invoking command in '/home/anthony/Desktop/Assignment8/build/turtlebot3_simulations': CMAKE_PREFIX_PATH=/home/anthony/Desktop/Assignment8/install/turtlebot3_gazebo:/home/anthony/Desktop/Assignment8/install/turtlebot3_fake_node:/home/anthony/Desktop/Assignment8/install/turtlebot3_simulations:/home/anthony/Desktop/Assignment8/install/turtlebot3_interfaces:/opt/ros/humble:/home/anthony/Desktop/Assignment8/install/turtlebot3_navigation /usr/bin/cmake --install /home/anthony/Desktop/Assignment8/build/turtlebot3_simulations
[0.146s] -- Install configuration: ""
[0.147s] -- Execute custom install script
[0.148s] -- Up-to-date symlink: /home/anthony/Desktop/Assignment8/install/turtlebot3_simulations/share/ament_index/resource_index/package_run_dependencies/turtlebot3_simulations
[0.148s] -- Up-to-date symlink: /home/anthony/Desktop/Assignment8/install/turtlebot3_simulations/share/ament_index/resource_index/parent_prefix_path/turtlebot3_simulations
[0.149s] -- Up-to-date symlink: /home/anthony/Desktop/Assignment8/install/turtlebot3_simulations/share/turtlebot3_simulations/environment/ament_prefix_path.sh
[0.149s] -- Up-to-date symlink: /home/anthony/Desktop/Assignment8/install/turtlebot3_simulations/share/turtlebot3_simulations/environment/ament_prefix_path.dsv
[0.149s] -- Up-to-date symlink: /home/anthony/Desktop/Assignment8/install/turtlebot3_simulations/share/turtlebot3_simulations/environment/path.sh
[0.149s] -- Up-to-date symlink: /home/anthony/Desktop/Assignment8/install/turtlebot3_simulations/share/turtlebot3_simulations/environment/path.dsv
[0.149s] -- Up-to-date symlink: /home/anthony/Desktop/Assignment8/install/turtlebot3_simulations/share/turtlebot3_simulations/local_setup.bash
[0.149s] -- Up-to-date symlink: /home/anthony/Desktop/Assignment8/install/turtlebot3_simulations/share/turtlebot3_simulations/local_setup.sh
[0.149s] -- Up-to-date symlink: /home/anthony/Desktop/Assignment8/install/turtlebot3_simulations/share/turtlebot3_simulations/local_setup.zsh
[0.149s] -- Up-to-date symlink: /home/anthony/Desktop/Assignment8/install/turtlebot3_simulations/share/turtlebot3_simulations/local_setup.dsv
[0.150s] -- Symlinking: /home/anthony/Desktop/Assignment8/install/turtlebot3_simulations/share/turtlebot3_simulations/package.dsv
[0.163s] -- Up-to-date symlink: /home/anthony/Desktop/Assignment8/install/turtlebot3_simulations/share/ament_index/resource_index/packages/turtlebot3_simulations
[0.163s] -- Up-to-date symlink: /home/anthony/Desktop/Assignment8/install/turtlebot3_simulations/share/turtlebot3_simulations/cmake/turtlebot3_simulationsConfig.cmake
[0.163s] -- Up-to-date symlink: /home/anthony/Desktop/Assignment8/install/turtlebot3_simulations/share/turtlebot3_simulations/cmake/turtlebot3_simulationsConfig-version.cmake
[0.163s] -- Up-to-date symlink: /home/anthony/Desktop/Assignment8/install/turtlebot3_simulations/share/turtlebot3_simulations/package.xml
[0.167s] Invoked command in '/home/anthony/Desktop/Assignment8/build/turtlebot3_simulations' returned '0': CMAKE_PREFIX_PATH=/home/anthony/Desktop/Assignment8/install/turtlebot3_gazebo:/home/anthony/Desktop/Assignment8/install/turtlebot3_fake_node:/home/anthony/Desktop/Assignment8/install/turtlebot3_simulations:/home/anthony/Desktop/Assignment8/install/turtlebot3_interfaces:/opt/ros/humble:/home/anthony/Desktop/Assignment8/install/turtlebot3_navigation /usr/bin/cmake --install /home/anthony/Desktop/Assignment8/build/turtlebot3_simulations
