[0.060s] Invoking command in '/home/anthony/Desktop/Assignment8/build/turtlebot3_gazebo': CMAKE_PREFIX_PATH=${CMAKE_PREFIX_PATH}:/home/anthony/Desktop/Assignment8/install/turtlebot3_navigation /usr/bin/cmake --build /home/anthony/Desktop/Assignment8/build/turtlebot3_gazebo -- -j3 -l3
[0.205s] [ 25%] Built target turtlebot3_drive
[0.313s] [ 50%] Built target obstacle2
[0.393s] [ 75%] Built target obstacles
[0.467s] [100%] Built target obstacle1
[0.510s] Invoked command in '/home/anthony/Desktop/Assignment8/build/turtlebot3_gazebo' returned '0': CMAKE_PREFIX_PATH=${CMAKE_PREFIX_PATH}:/home/anthony/Desktop/Assignment8/install/turtlebot3_navigation /usr/bin/cmake --build /home/anthony/Desktop/Assignment8/build/turtlebot3_gazebo -- -j3 -l3
[0.679s] Invoking command in '/home/anthony/Desktop/Assignment8/build/turtlebot3_gazebo': CMAKE_PREFIX_PATH=${CMAKE_PREFIX_PATH}:/home/anthony/Desktop/Assignment8/install/turtlebot3_navigation /usr/bin/cmake --install /home/anthony/Desktop/Assignment8/build/turtlebot3_gazebo
[0.693s] -- Install configuration: ""
[0.693s] -- Execute custom install script
[0.693s] -- Up-to-date symlink: /home/anthony/Desktop/Assignment8/install/turtlebot3_gazebo/lib/turtlebot3_gazebo/turtlebot3_drive
[0.694s] -- Up-to-date symlink: /home/anthony/Desktop/Assignment8/install/turtlebot3_gazebo/share/turtlebot3_gazebo//launch/empty_world.launch.py
[0.695s] -- Up-to-date symlink: /home/anthony/Desktop/Assignment8/install/turtlebot3_gazebo/share/turtlebot3_gazebo//launch/robot_state_publisher.launch.py
[0.695s] -- Up-to-date symlink: /home/anthony/Desktop/Assignment8/install/turtlebot3_gazebo/share/turtlebot3_gazebo//launch/spawn_turtlebot3.launch.py
[0.695s] -- Up-to-date symlink: /home/anthony/Desktop/Assignment8/install/turtlebot3_gazebo/share/turtlebot3_gazebo//launch/turtlebot3_dqn_stage1.launch.py
[0.696s] -- Up-to-date symlink: /home/anthony/Desktop/Assignment8/install/turtlebot3_gazebo/share/turtlebot3_gazebo//launch/turtlebot3_dqn_stage2.launch.py
[0.696s] -- Up-to-date symlink: /home/anthony/Desktop/Assignment8/install/turtlebot3_gazebo/share/turtlebot3_gazebo//launch/turtlebot3_dqn_stage3.launch.py
[0.696s] -- Up-to-date symlink: /home/anthony/Desktop/Assignment8/install/turtlebot3_gazebo/share/turtlebot3_gazebo//launch/turtlebot3_dqn_stage4.launch.py
[0.696s] -- Up-to-date symlink: /home/anthony/Desktop/Assignment8/install/turtlebot3_gazebo/share/turtlebot3_gazebo//launch/turtlebot3_house.launch.py
[0.699s] -- Up-to-date symlink: /home/anthony/Desktop/Assignment8/install/turtlebot3_gazebo/share/turtlebot3_gazebo//launch/turtlebot3_world.launch.py
[0.704s] -- Up-to-date symlink: /home/anthony/Desktop/Assignment8/install/turtlebot3_gazebo/share/turtlebot3_gazebo//models/turtlebot3_burger/model-1_4.sdf
[0.705s] -- Up-to-date symlink: /home/anthony/Desktop/Assignment8/install/turtlebot3_gazebo/share/turtlebot3_gazebo//models/turtlebot3_burger/model.config
[0.706s] -- Up-to-date symlink: /home/anthony/Desktop/Assignment8/install/turtlebot3_gazebo/share/turtlebot3_gazebo//models/turtlebot3_burger/model.sdf
[0.707s] -- Up-to-date symlink: /home/anthony/Desktop/Assignment8/install/turtlebot3_gazebo/share/turtlebot3_gazebo//models/turtlebot3_common/meshes/burger_base.dae
[0.710s] -- Up-to-date symlink: /home/anthony/Desktop/Assignment8/install/turtlebot3_gazebo/share/turtlebot3_gazebo//models/turtlebot3_common/meshes/lds.dae
[0.710s] -- Up-to-date symlink: /home/anthony/Desktop/Assignment8/install/turtlebot3_gazebo/share/turtlebot3_gazebo//models/turtlebot3_common/meshes/r200.dae
[0.712s] -- Up-to-date symlink: /home/anthony/Desktop/Assignment8/install/turtlebot3_gazebo/share/turtlebot3_gazebo//models/turtlebot3_common/meshes/tire.dae
[0.716s] -- Up-to-date symlink: /home/anthony/Desktop/Assignment8/install/turtlebot3_gazebo/share/turtlebot3_gazebo//models/turtlebot3_common/meshes/waffle_base.dae
[0.717s] -- Up-to-date symlink: /home/anthony/Desktop/Assignment8/install/turtlebot3_gazebo/share/turtlebot3_gazebo//models/turtlebot3_common/meshes/waffle_pi_base.dae
[0.717s] -- Up-to-date symlink: /home/anthony/Desktop/Assignment8/install/turtlebot3_gazebo/share/turtlebot3_gazebo//models/turtlebot3_common/model.config
[0.720s] -- Up-to-date symlink: /home/anthony/Desktop/Assignment8/install/turtlebot3_gazebo/share/turtlebot3_gazebo//models/turtlebot3_dqn_world/goal_box/model.config
[0.722s] -- Up-to-date symlink: /home/anthony/Desktop/Assignment8/install/turtlebot3_gazebo/share/turtlebot3_gazebo//models/turtlebot3_dqn_world/goal_box/model.sdf
[0.722s] -- Up-to-date symlink: /home/anthony/Desktop/Assignment8/install/turtlebot3_gazebo/share/turtlebot3_gazebo//models/turtlebot3_dqn_world/inner_walls/model.config
[0.724s] -- Up-to-date symlink: /home/anthony/Desktop/Assignment8/install/turtlebot3_gazebo/share/turtlebot3_gazebo//models/turtlebot3_dqn_world/inner_walls/model.sdf
[0.726s] -- Up-to-date symlink: /home/anthony/Desktop/Assignment8/install/turtlebot3_gazebo/share/turtlebot3_gazebo//models/turtlebot3_dqn_world/model.config
[0.726s] -- Up-to-date symlink: /home/anthony/Desktop/Assignment8/install/turtlebot3_gazebo/share/turtlebot3_gazebo//models/turtlebot3_dqn_world/model.sdf
[0.727s] -- Up-to-date symlink: /home/anthony/Desktop/Assignment8/install/turtlebot3_gazebo/share/turtlebot3_gazebo//models/turtlebot3_dqn_world/obstacle1/model.config
[0.729s] -- Up-to-date symlink: /home/anthony/Desktop/Assignment8/install/turtlebot3_gazebo/share/turtlebot3_gazebo//models/turtlebot3_dqn_world/obstacle1/model.sdf
[0.730s] -- Up-to-date symlink: /home/anthony/Desktop/Assignment8/install/turtlebot3_gazebo/share/turtlebot3_gazebo//models/turtlebot3_dqn_world/obstacle2/model.config
[0.730s] -- Up-to-date symlink: /home/anthony/Desktop/Assignment8/install/turtlebot3_gazebo/share/turtlebot3_gazebo//models/turtlebot3_dqn_world/obstacle2/model.sdf
[0.730s] -- Up-to-date symlink: /home/anthony/Desktop/Assignment8/install/turtlebot3_gazebo/share/turtlebot3_gazebo//models/turtlebot3_dqn_world/obstacle_plugin/CMakeLists.txt
[0.731s] -- Up-to-date symlink: /home/anthony/Desktop/Assignment8/install/turtlebot3_gazebo/share/turtlebot3_gazebo//models/turtlebot3_dqn_world/obstacle_plugin/obstacle1.cc
[0.731s] -- Up-to-date symlink: /home/anthony/Desktop/Assignment8/install/turtlebot3_gazebo/share/turtlebot3_gazebo//models/turtlebot3_dqn_world/obstacle_plugin/obstacle2.cc
[0.733s] -- Up-to-date symlink: /home/anthony/Desktop/Assignment8/install/turtlebot3_gazebo/share/turtlebot3_gazebo//models/turtlebot3_dqn_world/obstacle_plugin/obstacles.cc
[0.733s] -- Up-to-date symlink: /home/anthony/Desktop/Assignment8/install/turtlebot3_gazebo/share/turtlebot3_gazebo//models/turtlebot3_dqn_world/obstacles/model.config
[0.734s] -- Up-to-date symlink: /home/anthony/Desktop/Assignment8/install/turtlebot3_gazebo/share/turtlebot3_gazebo//models/turtlebot3_dqn_world/obstacles/model.sdf
[0.735s] -- Up-to-date symlink: /home/anthony/Desktop/Assignment8/install/turtlebot3_gazebo/share/turtlebot3_gazebo//models/turtlebot3_house/model.config
[0.736s] -- Up-to-date symlink: /home/anthony/Desktop/Assignment8/install/turtlebot3_gazebo/share/turtlebot3_gazebo//models/turtlebot3_house/model.sdf
[0.736s] -- Up-to-date symlink: /home/anthony/Desktop/Assignment8/install/turtlebot3_gazebo/share/turtlebot3_gazebo//models/turtlebot3_waffle/model-1_4.sdf
[0.736s] -- Up-to-date symlink: /home/anthony/Desktop/Assignment8/install/turtlebot3_gazebo/share/turtlebot3_gazebo//models/turtlebot3_waffle/model.config
[0.736s] -- Up-to-date symlink: /home/anthony/Desktop/Assignment8/install/turtlebot3_gazebo/share/turtlebot3_gazebo//models/turtlebot3_waffle/model.sdf
[0.739s] -- Up-to-date symlink: /home/anthony/Desktop/Assignment8/install/turtlebot3_gazebo/share/turtlebot3_gazebo//models/turtlebot3_waffle_pi/model-1_4_.sdf
[0.739s] -- Up-to-date symlink: /home/anthony/Desktop/Assignment8/install/turtlebot3_gazebo/share/turtlebot3_gazebo//models/turtlebot3_waffle_pi/model.config
[0.740s] -- Up-to-date symlink: /home/anthony/Desktop/Assignment8/install/turtlebot3_gazebo/share/turtlebot3_gazebo//models/turtlebot3_waffle_pi/model.sdf
[0.742s] -- Up-to-date symlink: /home/anthony/Desktop/Assignment8/install/turtlebot3_gazebo/share/turtlebot3_gazebo//models/turtlebot3_world/meshes/hexagon.dae
[0.742s] -- Up-to-date symlink: /home/anthony/Desktop/Assignment8/install/turtlebot3_gazebo/share/turtlebot3_gazebo//models/turtlebot3_world/meshes/wall.dae
[0.744s] -- Up-to-date symlink: /home/anthony/Desktop/Assignment8/install/turtlebot3_gazebo/share/turtlebot3_gazebo//models/turtlebot3_world/model-1_4.sdf
[0.745s] -- Up-to-date symlink: /home/anthony/Desktop/Assignment8/install/turtlebot3_gazebo/share/turtlebot3_gazebo//models/turtlebot3_world/model.config
[0.745s] -- Up-to-date symlink: /home/anthony/Desktop/Assignment8/install/turtlebot3_gazebo/share/turtlebot3_gazebo//models/turtlebot3_world/model.sdf
[0.745s] -- Up-to-date symlink: /home/anthony/Desktop/Assignment8/install/turtlebot3_gazebo/share/turtlebot3_gazebo//rviz/tb3_gazebo.rviz
[0.746s] -- Up-to-date symlink: /home/anthony/Desktop/Assignment8/install/turtlebot3_gazebo/share/turtlebot3_gazebo//urdf/common_properties.urdf
[0.746s] -- Up-to-date symlink: /home/anthony/Desktop/Assignment8/install/turtlebot3_gazebo/share/turtlebot3_gazebo//urdf/turtlebot3_burger.urdf
[0.752s] -- Up-to-date symlink: /home/anthony/Desktop/Assignment8/install/turtlebot3_gazebo/share/turtlebot3_gazebo//urdf/turtlebot3_waffle.urdf
[0.756s] -- Up-to-date symlink: /home/anthony/Desktop/Assignment8/install/turtlebot3_gazebo/share/turtlebot3_gazebo//urdf/turtlebot3_waffle_pi.urdf
[0.758s] -- Up-to-date symlink: /home/anthony/Desktop/Assignment8/install/turtlebot3_gazebo/share/turtlebot3_gazebo//worlds/empty_world.world
[0.761s] -- Up-to-date symlink: /home/anthony/Desktop/Assignment8/install/turtlebot3_gazebo/share/turtlebot3_gazebo//worlds/turtlebot3_dqn_stage1.world
[0.766s] -- Up-to-date symlink: /home/anthony/Desktop/Assignment8/install/turtlebot3_gazebo/share/turtlebot3_gazebo//worlds/turtlebot3_dqn_stage2.world
[0.766s] -- Up-to-date symlink: /home/anthony/Desktop/Assignment8/install/turtlebot3_gazebo/share/turtlebot3_gazebo//worlds/turtlebot3_dqn_stage3.world
[0.766s] -- Up-to-date symlink: /home/anthony/Desktop/Assignment8/install/turtlebot3_gazebo/share/turtlebot3_gazebo//worlds/turtlebot3_dqn_stage4.world
[0.766s] -- Up-to-date symlink: /home/anthony/Desktop/Assignment8/install/turtlebot3_gazebo/share/turtlebot3_gazebo//worlds/turtlebot3_house.world
[0.766s] -- Up-to-date symlink: /home/anthony/Desktop/Assignment8/install/turtlebot3_gazebo/share/turtlebot3_gazebo//worlds/turtlebot3_world.world
[0.767s] -- Up-to-date symlink: /home/anthony/Desktop/Assignment8/install/turtlebot3_gazebo/include//turtlebot3_gazebo/turtlebot3_drive.hpp
[0.767s] -- Up-to-date symlink: /home/anthony/Desktop/Assignment8/install/turtlebot3_gazebo/share/ament_index/resource_index/package_run_dependencies/turtlebot3_gazebo
[0.767s] -- Up-to-date symlink: /home/anthony/Desktop/Assignment8/install/turtlebot3_gazebo/share/ament_index/resource_index/parent_prefix_path/turtlebot3_gazebo
[0.767s] -- Up-to-date symlink: /home/anthony/Desktop/Assignment8/install/turtlebot3_gazebo/share/turtlebot3_gazebo/environment/ament_prefix_path.sh
[0.768s] -- Up-to-date symlink: /home/anthony/Desktop/Assignment8/install/turtlebot3_gazebo/share/turtlebot3_gazebo/environment/ament_prefix_path.dsv
[0.768s] -- Up-to-date symlink: /home/anthony/Desktop/Assignment8/install/turtlebot3_gazebo/share/turtlebot3_gazebo/environment/path.sh
[0.768s] -- Up-to-date symlink: /home/anthony/Desktop/Assignment8/install/turtlebot3_gazebo/share/turtlebot3_gazebo/environment/path.dsv
[0.768s] -- Up-to-date symlink: /home/anthony/Desktop/Assignment8/install/turtlebot3_gazebo/share/turtlebot3_gazebo/local_setup.bash
[0.769s] -- Up-to-date symlink: /home/anthony/Desktop/Assignment8/install/turtlebot3_gazebo/share/turtlebot3_gazebo/local_setup.sh
[0.769s] -- Up-to-date symlink: /home/anthony/Desktop/Assignment8/install/turtlebot3_gazebo/share/turtlebot3_gazebo/local_setup.zsh
[0.770s] -- Up-to-date symlink: /home/anthony/Desktop/Assignment8/install/turtlebot3_gazebo/share/turtlebot3_gazebo/local_setup.dsv
[0.771s] -- Symlinking: /home/anthony/Desktop/Assignment8/install/turtlebot3_gazebo/share/turtlebot3_gazebo/package.dsv
[0.772s] -- Up-to-date symlink: /home/anthony/Desktop/Assignment8/install/turtlebot3_gazebo/share/ament_index/resource_index/packages/turtlebot3_gazebo
[0.772s] -- Up-to-date symlink: /home/anthony/Desktop/Assignment8/install/turtlebot3_gazebo/share/turtlebot3_gazebo/cmake/ament_cmake_export_include_directories-extras.cmake
[0.775s] -- Up-to-date symlink: /home/anthony/Desktop/Assignment8/install/turtlebot3_gazebo/share/turtlebot3_gazebo/cmake/ament_cmake_export_dependencies-extras.cmake
[0.778s] -- Up-to-date symlink: /home/anthony/Desktop/Assignment8/install/turtlebot3_gazebo/share/turtlebot3_gazebo/cmake/turtlebot3_gazeboConfig.cmake
[0.778s] -- Up-to-date symlink: /home/anthony/Desktop/Assignment8/install/turtlebot3_gazebo/share/turtlebot3_gazebo/cmake/turtlebot3_gazeboConfig-version.cmake
[0.779s] -- Up-to-date symlink: /home/anthony/Desktop/Assignment8/install/turtlebot3_gazebo/share/turtlebot3_gazebo/package.xml
[0.780s] Invoked command in '/home/anthony/Desktop/Assignment8/build/turtlebot3_gazebo' returned '0': CMAKE_PREFIX_PATH=${CMAKE_PREFIX_PATH}:/home/anthony/Desktop/Assignment8/install/turtlebot3_navigation /usr/bin/cmake --install /home/anthony/Desktop/Assignment8/build/turtlebot3_gazebo
